#
# There is insufficient memory for the Java Runtime Environment to continue.
# Native memory allocation (malloc) failed to allocate 1506576 bytes. Error detail: Chunk::new
# Possible reasons:
#   The system is out of physical RAM or swap space
#   This process is running with CompressedOops enabled, and the Java Heap may be blocking the growth of the native heap
# Possible solutions:
#   Reduce memory load on the system
#   Increase physical memory or swap space
#   Check if swap backing store is full
#   Decrease Java heap size (-Xmx/-Xms)
#   Decrease number of Java threads
#   Decrease Java thread stack sizes (-Xss)
#   Set larger code cache with -XX:ReservedCodeCacheSize=
#   JVM is running with Unscaled Compressed Oops mode in which the Java heap is
#     placed in the first 4GB address space. The Java Heap base address is the
#     maximum limit for the native heap growth. Please use -XX:HeapBaseMinAddress
#     to set the Java Heap base and to place the Java Heap above 4GB virtual address.
# This output file may be truncated or incomplete.
#
#  Out of Memory Error (arena.cpp:168), pid=21456, tid=19752
#
# JRE version: OpenJDK Runtime Environment Temurin-21.0.8+9 (21.0.8+9) (build 21.0.8+9-LTS)
# Java VM: OpenJDK 64-Bit Server VM Temurin-21.0.8+9 (21.0.8+9-LTS, mixed mode, sharing, tiered, compressed oops, compressed class ptrs, parallel gc, windows-amd64)
# No core dump will be written. Minidumps are not enabled by default on client versions of Windows
#

---------------  S U M M A R Y ------------

Command Line: --add-modules=ALL-SYSTEM --add-opens=java.base/java.util=ALL-UNNAMED --add-opens=java.base/java.lang=ALL-UNNAMED --add-opens=java.base/sun.nio.fs=ALL-UNNAMED -Declipse.application=org.eclipse.jdt.ls.core.id1 -Dosgi.bundles.defaultStartLevel=4 -Declipse.product=org.eclipse.jdt.ls.core.product -Djava.import.generatesMetadataFilesAtProjectRoot=false -DDetectVMInstallationsJob.disabled=true -Dfile.encoding=utf8 -XX:+UseParallelGC -XX:GCTimeRatio=4 -XX:AdaptiveSizePolicyWeight=90 -Dsun.zip.disableMemoryMapping=true -Xmx2G -Xms100m -Xlog:disable -javaagent:c:\Users\Dorian\.vscode\extensions\redhat.java-1.47.0-win32-x64\lombok\lombok-1.18.39-4050.jar c:\Users\Dorian\.vscode\extensions\redhat.java-1.47.0-win32-x64\server\plugins\org.eclipse.equinox.launcher_1.7.100.v20251014-1222.jar -configuration c:\Users\Dorian\AppData\Roaming\Code\User\globalStorage\redhat.java\1.47.0\config_ss_win -data c:\Users\Dorian\AppData\Roaming\Code\User\workspaceStorage\2e54c20b31e2f00811d0ee3cb5a815c0\redhat.java\ss_ws --pipe=\\.\pipe\lsp-7fdc64b0f1be9027d9ca493184f2486d-sock

Host: Intel(R) Core(TM) i7-8550U CPU @ 1.80GHz, 8 cores, 7G,  Windows 11 , 64 bit Build 26100 (10.0.26100.7019)
Time: Wed Nov  5 15:26:17 2025 E. Africa Standard Time elapsed time: 13.361930 seconds (0d 0h 0m 13s)

---------------  T H R E A D  ---------------

Current thread (0x000002a37d98d970):  JavaThread "C2 CompilerThread0" daemon [_thread_in_native, id=19752, stack(0x000000ad9c100000,0x000000ad9c200000) (1024K)]


Current CompileTask:
C2:13362 2566       4       java.lang.invoke.MethodType::makeImpl (109 bytes)

Stack: [0x000000ad9c100000,0x000000ad9c200000]
Native frames: (J=compiled Java code, j=interpreted, Vv=VM code, C=native code)
V  [jvm.dll+0x6d2449]
V  [jvm.dll+0x8ae341]
V  [jvm.dll+0x8b08be]
V  [jvm.dll+0x8b0fa3]
V  [jvm.dll+0x280c96]
V  [jvm.dll+0xc581d]
V  [jvm.dll+0xc5d53]
V  [jvm.dll+0x3b9162]
V  [jvm.dll+0x385315]
V  [jvm.dll+0x38477a]
V  [jvm.dll+0x248ed0]
V  [jvm.dll+0x2484af]
V  [jvm.dll+0x1c89ee]
V  [jvm.dll+0x257d4d]
V  [jvm.dll+0x2562ea]
V  [jvm.dll+0x3f2d16]
V  [jvm.dll+0x857e6b]
V  [jvm.dll+0x6d0b0d]
C  [ucrtbase.dll+0x37b0]
C  [KERNEL32.DLL+0x2e8d7]
C  [ntdll.dll+0x8c53c]


---------------  P R O C E S S  ---------------

Threads class SMR info:
_java_thread_list=0x000002a3452cd8b0, length=19, elements={
0x000002a364dd8730, 0x000002a37d980510, 0x000002a37d982340, 0x000002a37d9850f0,
0x000002a37d985fa0, 0x000002a37d988a00, 0x000002a37d98c610, 0x000002a37d98d970,
0x000002a37d9bdf30, 0x000002a37f446b60, 0x000002a37f6adf00, 0x000002a37f82b2c0,
0x000002a37fdeaa60, 0x000002a37f9d9b10, 0x000002a37fa923f0, 0x000002a3450f9600,
0x000002a3452909a0, 0x000002a37fbc9210, 0x000002a3453651b0
}

Java Threads: ( => current thread )
  0x000002a364dd8730 JavaThread "main"                              [_thread_blocked, id=9112, stack(0x000000ad9b700000,0x000000ad9b800000) (1024K)]
  0x000002a37d980510 JavaThread "Reference Handler"          daemon [_thread_blocked, id=4184, stack(0x000000ad9bb00000,0x000000ad9bc00000) (1024K)]
  0x000002a37d982340 JavaThread "Finalizer"                  daemon [_thread_blocked, id=9484, stack(0x000000ad9bc00000,0x000000ad9bd00000) (1024K)]
  0x000002a37d9850f0 JavaThread "Signal Dispatcher"          daemon [_thread_blocked, id=19776, stack(0x000000ad9bd00000,0x000000ad9be00000) (1024K)]
  0x000002a37d985fa0 JavaThread "Attach Listener"            daemon [_thread_blocked, id=18448, stack(0x000000ad9be00000,0x000000ad9bf00000) (1024K)]
  0x000002a37d988a00 JavaThread "Service Thread"             daemon [_thread_blocked, id=14660, stack(0x000000ad9bf00000,0x000000ad9c000000) (1024K)]
  0x000002a37d98c610 JavaThread "Monitor Deflation Thread"   daemon [_thread_blocked, id=11748, stack(0x000000ad9c000000,0x000000ad9c100000) (1024K)]
=>0x000002a37d98d970 JavaThread "C2 CompilerThread0"         daemon [_thread_in_native, id=19752, stack(0x000000ad9c100000,0x000000ad9c200000) (1024K)]
  0x000002a37d9bdf30 JavaThread "C1 CompilerThread0"         daemon [_thread_blocked, id=5392, stack(0x000000ad9c200000,0x000000ad9c300000) (1024K)]
  0x000002a37f446b60 JavaThread "Common-Cleaner"             daemon [_thread_blocked, id=4488, stack(0x000000ad9c300000,0x000000ad9c400000) (1024K)]
  0x000002a37f6adf00 JavaThread "Notification Thread"        daemon [_thread_blocked, id=12584, stack(0x000000ad9c400000,0x000000ad9c500000) (1024K)]
  0x000002a37f82b2c0 JavaThread "Active Thread: Equinox Container: 401701c3-fd9a-4b57-b569-8d82cd4cd109"        [_thread_blocked, id=7588, stack(0x000000ad9cd00000,0x000000ad9ce00000) (1024K)]
  0x000002a37fdeaa60 JavaThread "Framework Event Dispatcher: Equinox Container: 401701c3-fd9a-4b57-b569-8d82cd4cd109" daemon [_thread_blocked, id=5836, stack(0x000000ad9c600000,0x000000ad9c700000) (1024K)]
  0x000002a37f9d9b10 JavaThread "Start Level: Equinox Container: 401701c3-fd9a-4b57-b569-8d82cd4cd109" daemon [_thread_in_vm, id=11732, stack(0x000000ad9ce00000,0x000000ad9cf00000) (1024K)]
  0x000002a37fa923f0 JavaThread "SCR Component Actor"        daemon [_thread_blocked, id=10484, stack(0x000000ad9c500000,0x000000ad9c600000) (1024K)]
  0x000002a3450f9600 JavaThread "Worker-JM"                         [_thread_blocked, id=10832, stack(0x000000ad9d100000,0x000000ad9d200000) (1024K)]
  0x000002a3452909a0 JavaThread "JNA Cleaner"                daemon [_thread_blocked, id=12312, stack(0x000000ad9d000000,0x000000ad9d100000) (1024K)]
  0x000002a37fbc9210 JavaThread "Worker-0"                          [_thread_blocked, id=17376, stack(0x000000ad9d200000,0x000000ad9d300000) (1024K)]
  0x000002a3453651b0 JavaThread "Worker-1"                          [_thread_blocked, id=13600, stack(0x000000ad9d300000,0x000000ad9d400000) (1024K)]
Total: 19

Other Threads:
  0x000002a36728e800 VMThread "VM Thread"                           [id=10408, stack(0x000000ad9ba00000,0x000000ad9bb00000) (1024K)]
  0x000002a37d89ca00 WatcherThread "VM Periodic Task Thread"        [id=18976, stack(0x000000ad9b900000,0x000000ad9ba00000) (1024K)]
  0x000002a3671eafc0 WorkerThread "GC Thread#0"                     [id=14052, stack(0x000000ad9b800000,0x000000ad9b900000) (1024K)]
  0x000002a37fb95500 WorkerThread "GC Thread#1"                     [id=1448, stack(0x000000ad9c700000,0x000000ad9c800000) (1024K)]
  0x000002a37fbdba20 WorkerThread "GC Thread#2"                     [id=16996, stack(0x000000ad9c800000,0x000000ad9c900000) (1024K)]
  0x000002a37f747210 WorkerThread "GC Thread#3"                     [id=3920, stack(0x000000ad9c900000,0x000000ad9ca00000) (1024K)]
  0x000002a37f7475b0 WorkerThread "GC Thread#4"                     [id=7816, stack(0x000000ad9ca00000,0x000000ad9cb00000) (1024K)]
  0x000002a37f8a3d40 WorkerThread "GC Thread#5"                     [id=14076, stack(0x000000ad9cb00000,0x000000ad9cc00000) (1024K)]
  0x000002a37f8a2ec0 WorkerThread "GC Thread#6"                     [id=11456, stack(0x000000ad9cc00000,0x000000ad9cd00000) (1024K)]
  0x000002a37f8a39a0 WorkerThread "GC Thread#7"                     [id=18096, stack(0x000000ad9cf00000,0x000000ad9d000000) (1024K)]
Total: 10

Threads with active compile tasks:
C2 CompilerThread0  13439 2566       4       java.lang.invoke.MethodType::makeImpl (109 bytes)
Total: 1

VM state: not at safepoint (normal execution)

VM Mutex/Monitor currently owned by a thread: None

Heap address: 0x0000000080000000, size: 2048 MB, Compressed Oops mode: 32-bit

CDS archive(s) mapped at: [0x000002a300000000-0x000002a300ba0000-0x000002a300ba0000), size 12189696, SharedBaseAddress: 0x000002a300000000, ArchiveRelocationMode: 1.
Compressed class space mapped at: 0x000002a301000000-0x000002a341000000, reserved size: 1073741824
Narrow klass base: 0x000002a300000000, Narrow klass shift: 0, Narrow klass range: 0x100000000

GC Precious Log:
 CardTable entry size: 512
 CPUs: 8 total, 8 available
 Memory: 7555M
 Large Page Support: Disabled
 NUMA Support: Disabled
 Compressed Oops: Enabled (32-bit)
 Alignments: Space 512K, Generation 512K, Heap 2M
 Heap Min Capacity: 100M
 Heap Initial Capacity: 100M
 Heap Max Capacity: 2G
 Pre-touch: Disabled
 Parallel Workers: 8

Heap:
 PSYoungGen      total 29696K, used 18886K [0x00000000d5580000, 0x00000000d7680000, 0x0000000100000000)
  eden space 25600K, 57% used [0x00000000d5580000,0x00000000d63f5580,0x00000000d6e80000)
  from space 4096K, 99% used [0x00000000d7280000,0x00000000d767c628,0x00000000d7680000)
  to   space 4096K, 0% used [0x00000000d6e80000,0x00000000d6e80000,0x00000000d7280000)
 ParOldGen       total 68608K, used 4592K [0x0000000080000000, 0x0000000084300000, 0x00000000d5580000)
  object space 68608K, 6% used [0x0000000080000000,0x000000008047c220,0x0000000084300000)
 Metaspace       used 17945K, committed 18624K, reserved 1114112K
  class space    used 1849K, committed 2112K, reserved 1048576K

Card table byte_map: [0x000002a366a80000,0x000002a366e90000] _byte_map_base: 0x000002a366680000

Marking Bits: (ParMarkBitMap*) 0x00007ffee10fa340
 Begin Bits: [0x000002a3793c0000, 0x000002a37b3c0000)
 End Bits:   [0x000002a37b3c0000, 0x000002a37d3c0000)

Polling page: 0x000002a364d90000

Metaspace:

Usage:
  Non-class:     15.72 MB used.
      Class:      1.81 MB used.
       Both:     17.53 MB used.

Virtual space:
  Non-class space:       64.00 MB reserved,      16.12 MB ( 25%) committed,  1 nodes.
      Class space:        1.00 GB reserved,       2.06 MB ( <1%) committed,  1 nodes.
             Both:        1.06 GB reserved,      18.19 MB (  2%) committed. 

Chunk freelists:
   Non-Class:  15.44 MB
       Class:  13.76 MB
        Both:  29.20 MB

MaxMetaspaceSize: unlimited
CompressedClassSpaceSize: 1.00 GB
Initial GC threshold: 21.00 MB
Current GC threshold: 21.00 MB
CDS: on
 - commit_granule_bytes: 65536.
 - commit_granule_words: 8192.
 - virtual_space_node_default_size: 8388608.
 - enlarge_chunks_in_place: 1.
 - use_allocation_guard: 0.


Internal statistics:

num_allocs_failed_limit: 0.
num_arena_births: 504.
num_arena_deaths: 0.
num_vsnodes_births: 2.
num_vsnodes_deaths: 0.
num_space_committed: 291.
num_space_uncommitted: 0.
num_chunks_returned_to_freelist: 0.
num_chunks_taken_from_freelist: 1170.
num_chunk_merges: 0.
num_chunk_splits: 738.
num_chunks_enlarged: 474.
num_inconsistent_stats: 0.

CodeHeap 'non-profiled nmethods': size=120000Kb used=1126Kb max_used=1126Kb free=118874Kb
 bounds [0x000002a371e90000, 0x000002a372100000, 0x000002a3793c0000]
CodeHeap 'profiled nmethods': size=120000Kb used=5147Kb max_used=5147Kb free=114852Kb
 bounds [0x000002a36a3c0000, 0x000002a36a8d0000, 0x000002a3718f0000]
CodeHeap 'non-nmethods': size=5760Kb used=1273Kb max_used=1302Kb free=4486Kb
 bounds [0x000002a3718f0000, 0x000002a371b60000, 0x000002a371e90000]
CodeCache: size=245760Kb, used=7546Kb, max_used=7575Kb, free=238212Kb
 total_blobs=3219, nmethods=2671, adapters=454, full_count=0
Compilation: enabled, stopped_count=0, restarted_count=0

Compilation events (20 events):
Event: 12.338 Thread 0x000002a3452e6060 2645       4       java.util.regex.Pattern$BitClass::is (22 bytes)
Event: 12.339 Thread 0x000002a37d9bdf30 2663       3       org.lombokweb.asm.SymbolTable::addConstantFieldref (10 bytes)
Event: 12.339 Thread 0x000002a37d9bdf30 nmethod 2663 0x000002a36a8bf810 code [0x000002a36a8bf9c0, 0x000002a36a8bfb18]
Event: 12.339 Thread 0x000002a37d9bdf30 2664       3       org.lombokweb.asm.MethodWriter::visitVarInsn (302 bytes)
Event: 12.340 Thread 0x000002a3452e6060 nmethod 2645 0x000002a371fa8a90 code [0x000002a371fa8c20, 0x000002a371fa8d10]
Event: 12.341 Thread 0x000002a3452e6060 2644       4       java.util.ArrayList::<init> (12 bytes)
Event: 12.341 Thread 0x000002a37d9bdf30 nmethod 2664 0x000002a36a8bfc10 code [0x000002a36a8bfe80, 0x000002a36a8c0808]
Event: 12.343 Thread 0x000002a3452e6060 nmethod 2644 0x000002a371fa8e10 code [0x000002a371fa8fa0, 0x000002a371fa9048]
Event: 12.345 Thread 0x000002a37d9bdf30 2665       3       java.util.regex.Matcher::match (154 bytes)
Event: 12.346 Thread 0x000002a37d9bdf30 nmethod 2665 0x000002a36a8c0a90 code [0x000002a36a8c0ca0, 0x000002a36a8c1228]
Event: 12.354 Thread 0x000002a37d9bdf30 2666       3       org.lombokweb.asm.Type::hashCode (68 bytes)
Event: 12.355 Thread 0x000002a37d9bdf30 nmethod 2666 0x000002a36a8c1490 code [0x000002a36a8c16a0, 0x000002a36a8c1d90]
Event: 12.355 Thread 0x000002a37d9bdf30 2667       3       org.lombokweb.asm.ClassReader::createDebugLabel (23 bytes)
Event: 12.356 Thread 0x000002a37d9bdf30 nmethod 2667 0x000002a36a8c2090 code [0x000002a36a8c2260, 0x000002a36a8c26d0]
Event: 12.356 Thread 0x000002a37d9bdf30 2668       3       org.lombokweb.asm.MethodVisitor::visitLabel (16 bytes)
Event: 12.356 Thread 0x000002a37d9bdf30 nmethod 2668 0x000002a36a8c2890 code [0x000002a36a8c2a40, 0x000002a36a8c2c48]
Event: 12.356 Thread 0x000002a37d9bdf30 2669       3       org.lombokweb.asm.Label::accept (69 bytes)
Event: 12.357 Thread 0x000002a37d9bdf30 nmethod 2669 0x000002a36a8c2d10 code [0x000002a36a8c2f00, 0x000002a36a8c3438]
Event: 12.725 Thread 0x000002a37d9bdf30 2671       3       java.lang.Thread::onSpinWait (1 bytes)
Event: 12.725 Thread 0x000002a37d9bdf30 nmethod 2671 0x000002a36a8c3610 code [0x000002a36a8c37a0, 0x000002a36a8c3888]

GC Heap History (8 events):
Event: 6.725 GC heap before
{Heap before GC invocations=1 (full 0):
 PSYoungGen      total 29696K, used 25600K [0x00000000d5580000, 0x00000000d7680000, 0x0000000100000000)
  eden space 25600K, 100% used [0x00000000d5580000,0x00000000d6e80000,0x00000000d6e80000)
  from space 4096K, 0% used [0x00000000d7280000,0x00000000d7280000,0x00000000d7680000)
  to   space 4096K, 0% used [0x00000000d6e80000,0x00000000d6e80000,0x00000000d7280000)
 ParOldGen       total 68608K, used 0K [0x0000000080000000, 0x0000000084300000, 0x00000000d5580000)
  object space 68608K, 0% used [0x0000000080000000,0x0000000080000000,0x0000000084300000)
 Metaspace       used 4335K, committed 4544K, reserved 1114112K
  class space    used 473K, committed 576K, reserved 1048576K
}
Event: 6.740 GC heap after
{Heap after GC invocations=1 (full 0):
 PSYoungGen      total 29696K, used 3280K [0x00000000d5580000, 0x00000000d7680000, 0x0000000100000000)
  eden space 25600K, 0% used [0x00000000d5580000,0x00000000d5580000,0x00000000d6e80000)
  from space 4096K, 80% used [0x00000000d6e80000,0x00000000d71b4148,0x00000000d7280000)
  to   space 4096K, 0% used [0x00000000d7280000,0x00000000d7280000,0x00000000d7680000)
 ParOldGen       total 68608K, used 16K [0x0000000080000000, 0x0000000084300000, 0x00000000d5580000)
  object space 68608K, 0% used [0x0000000080000000,0x0000000080004000,0x0000000084300000)
 Metaspace       used 4335K, committed 4544K, reserved 1114112K
  class space    used 473K, committed 576K, reserved 1048576K
}
Event: 7.964 GC heap before
{Heap before GC invocations=2 (full 0):
 PSYoungGen      total 29696K, used 28880K [0x00000000d5580000, 0x00000000d7680000, 0x0000000100000000)
  eden space 25600K, 100% used [0x00000000d5580000,0x00000000d6e80000,0x00000000d6e80000)
  from space 4096K, 80% used [0x00000000d6e80000,0x00000000d71b4148,0x00000000d7280000)
  to   space 4096K, 0% used [0x00000000d7280000,0x00000000d7280000,0x00000000d7680000)
 ParOldGen       total 68608K, used 16K [0x0000000080000000, 0x0000000084300000, 0x00000000d5580000)
  object space 68608K, 0% used [0x0000000080000000,0x0000000080004000,0x0000000084300000)
 Metaspace       used 8182K, committed 8512K, reserved 1114112K
  class space    used 873K, committed 1024K, reserved 1048576K
}
Event: 7.975 GC heap after
{Heap after GC invocations=2 (full 0):
 PSYoungGen      total 29696K, used 4070K [0x00000000d5580000, 0x00000000d7680000, 0x0000000100000000)
  eden space 25600K, 0% used [0x00000000d5580000,0x00000000d5580000,0x00000000d6e80000)
  from space 4096K, 99% used [0x00000000d7280000,0x00000000d7679800,0x00000000d7680000)
  to   space 4096K, 0% used [0x00000000d6e80000,0x00000000d6e80000,0x00000000d7280000)
 ParOldGen       total 68608K, used 897K [0x0000000080000000, 0x0000000084300000, 0x00000000d5580000)
  object space 68608K, 1% used [0x0000000080000000,0x00000000800e0698,0x0000000084300000)
 Metaspace       used 8182K, committed 8512K, reserved 1114112K
  class space    used 873K, committed 1024K, reserved 1048576K
}
Event: 9.460 GC heap before
{Heap before GC invocations=3 (full 0):
 PSYoungGen      total 29696K, used 29670K [0x00000000d5580000, 0x00000000d7680000, 0x0000000100000000)
  eden space 25600K, 100% used [0x00000000d5580000,0x00000000d6e80000,0x00000000d6e80000)
  from space 4096K, 99% used [0x00000000d7280000,0x00000000d7679800,0x00000000d7680000)
  to   space 4096K, 0% used [0x00000000d6e80000,0x00000000d6e80000,0x00000000d7280000)
 ParOldGen       total 68608K, used 897K [0x0000000080000000, 0x0000000084300000, 0x00000000d5580000)
  object space 68608K, 1% used [0x0000000080000000,0x00000000800e0698,0x0000000084300000)
 Metaspace       used 13006K, committed 13504K, reserved 1114112K
  class space    used 1379K, committed 1600K, reserved 1048576K
}
Event: 9.470 GC heap after
{Heap after GC invocations=3 (full 0):
 PSYoungGen      total 29696K, used 4073K [0x00000000d5580000, 0x00000000d7680000, 0x0000000100000000)
  eden space 25600K, 0% used [0x00000000d5580000,0x00000000d5580000,0x00000000d6e80000)
  from space 4096K, 99% used [0x00000000d6e80000,0x00000000d727a578,0x00000000d7280000)
  to   space 4096K, 0% used [0x00000000d7280000,0x00000000d7280000,0x00000000d7680000)
 ParOldGen       total 68608K, used 2664K [0x0000000080000000, 0x0000000084300000, 0x00000000d5580000)
  object space 68608K, 3% used [0x0000000080000000,0x000000008029a1d8,0x0000000084300000)
 Metaspace       used 13006K, committed 13504K, reserved 1114112K
  class space    used 1379K, committed 1600K, reserved 1048576K
}
Event: 12.179 GC heap before
{Heap before GC invocations=4 (full 0):
 PSYoungGen      total 29696K, used 29592K [0x00000000d5580000, 0x00000000d7680000, 0x0000000100000000)
  eden space 25600K, 99% used [0x00000000d5580000,0x00000000d6e6bcc0,0x00000000d6e80000)
  from space 4096K, 99% used [0x00000000d6e80000,0x00000000d727a578,0x00000000d7280000)
  to   space 4096K, 0% used [0x00000000d7280000,0x00000000d7280000,0x00000000d7680000)
 ParOldGen       total 68608K, used 2664K [0x0000000080000000, 0x0000000084300000, 0x00000000d5580000)
  object space 68608K, 3% used [0x0000000080000000,0x000000008029a1d8,0x0000000084300000)
 Metaspace       used 16993K, committed 17600K, reserved 1114112K
  class space    used 1790K, committed 2048K, reserved 1048576K
}
Event: 12.187 GC heap after
{Heap after GC invocations=4 (full 0):
 PSYoungGen      total 29696K, used 4081K [0x00000000d5580000, 0x00000000d7680000, 0x0000000100000000)
  eden space 25600K, 0% used [0x00000000d5580000,0x00000000d5580000,0x00000000d6e80000)
  from space 4096K, 99% used [0x00000000d7280000,0x00000000d767c628,0x00000000d7680000)
  to   space 4096K, 0% used [0x00000000d6e80000,0x00000000d6e80000,0x00000000d7280000)
 ParOldGen       total 68608K, used 4592K [0x0000000080000000, 0x0000000084300000, 0x00000000d5580000)
  object space 68608K, 6% used [0x0000000080000000,0x000000008047c220,0x0000000084300000)
 Metaspace       used 16993K, committed 17600K, reserved 1114112K
  class space    used 1790K, committed 2048K, reserved 1048576K
}

Dll operation events (10 events):
Event: 0.082 Loaded shared library c:\Users\Dorian\.vscode\extensions\redhat.java-1.47.0-win32-x64\jre\21.0.8-win32-x86_64\bin\java.dll
Event: 0.385 Loaded shared library c:\Users\Dorian\.vscode\extensions\redhat.java-1.47.0-win32-x64\jre\21.0.8-win32-x86_64\bin\zip.dll
Event: 0.482 Loaded shared library C:\Users\Dorian\.vscode\extensions\redhat.java-1.47.0-win32-x64\jre\21.0.8-win32-x86_64\bin\instrument.dll
Event: 0.515 Loaded shared library C:\Users\Dorian\.vscode\extensions\redhat.java-1.47.0-win32-x64\jre\21.0.8-win32-x86_64\bin\net.dll
Event: 0.546 Loaded shared library C:\Users\Dorian\.vscode\extensions\redhat.java-1.47.0-win32-x64\jre\21.0.8-win32-x86_64\bin\nio.dll
Event: 0.592 Loaded shared library C:\Users\Dorian\.vscode\extensions\redhat.java-1.47.0-win32-x64\jre\21.0.8-win32-x86_64\bin\zip.dll
Event: 0.716 Loaded shared library C:\Users\Dorian\.vscode\extensions\redhat.java-1.47.0-win32-x64\jre\21.0.8-win32-x86_64\bin\jimage.dll
Event: 1.401 Loaded shared library c:\Users\Dorian\.vscode\extensions\redhat.java-1.47.0-win32-x64\jre\21.0.8-win32-x86_64\bin\verify.dll
Event: 7.917 Loaded shared library C:\Users\Dorian\AppData\Roaming\Code\User\globalStorage\redhat.java\1.47.0\config_ss_win\org.eclipse.equinox.launcher\org.eclipse.equinox.launcher.win32.win32.x86_64_1.2.1400.v20250801-0854\eclipse_11916.dll
Event: 10.721 Loaded shared library C:\Users\Dorian\AppData\Local\Temp\jna-2052793295\jna782775090885885963.dll

Deoptimization events (20 events):
Event: 11.088 Thread 0x000002a37f9d9b10 Uncommon trap: trap_request=0xffffff45 fr.pc=0x000002a371f8a4c4 relative=0x00000000000010c4
Event: 11.088 Thread 0x000002a37f9d9b10 Uncommon trap: reason=unstable_if action=reinterpret pc=0x000002a371f8a4c4 method=jdk.internal.org.objectweb.asm.Frame.execute(IILjdk/internal/org/objectweb/asm/Symbol;Ljdk/internal/org/objectweb/asm/SymbolTable;)V @ 1 c2
Event: 11.088 Thread 0x000002a37f9d9b10 DEOPT PACKING pc=0x000002a371f8a4c4 sp=0x000000ad9cef7b10
Event: 11.088 Thread 0x000002a37f9d9b10 DEOPT UNPACKING pc=0x000002a371943aa2 sp=0x000000ad9cef7a98 mode 2
Event: 11.116 Thread 0x000002a37f9d9b10 Uncommon trap: trap_request=0xffffffde fr.pc=0x000002a371f7d844 relative=0x00000000000003e4
Event: 11.116 Thread 0x000002a37f9d9b10 Uncommon trap: reason=class_check action=maybe_recompile pc=0x000002a371f7d844 method=java.util.regex.Pattern$BmpCharPropertyGreedy.match(Ljava/util/regex/Matcher;ILjava/lang/CharSequence;)Z @ 70 c2
Event: 11.116 Thread 0x000002a37f9d9b10 DEOPT PACKING pc=0x000002a371f7d844 sp=0x000000ad9ceef1e0
Event: 11.116 Thread 0x000002a37f9d9b10 DEOPT UNPACKING pc=0x000002a371943aa2 sp=0x000000ad9ceef188 mode 2
Event: 11.116 Thread 0x000002a37f9d9b10 Uncommon trap: trap_request=0xffffffde fr.pc=0x000002a371f7d844 relative=0x00000000000003e4
Event: 11.116 Thread 0x000002a37f9d9b10 Uncommon trap: reason=class_check action=maybe_recompile pc=0x000002a371f7d844 method=java.util.regex.Pattern$BmpCharPropertyGreedy.match(Ljava/util/regex/Matcher;ILjava/lang/CharSequence;)Z @ 70 c2
Event: 11.116 Thread 0x000002a37f9d9b10 DEOPT PACKING pc=0x000002a371f7d844 sp=0x000000ad9ceef030
Event: 11.116 Thread 0x000002a37f9d9b10 DEOPT UNPACKING pc=0x000002a371943aa2 sp=0x000000ad9ceeefd8 mode 2
Event: 11.116 Thread 0x000002a37f9d9b10 Uncommon trap: trap_request=0xffffffde fr.pc=0x000002a371f7d844 relative=0x00000000000003e4
Event: 11.116 Thread 0x000002a37f9d9b10 Uncommon trap: reason=class_check action=maybe_recompile pc=0x000002a371f7d844 method=java.util.regex.Pattern$BmpCharPropertyGreedy.match(Ljava/util/regex/Matcher;ILjava/lang/CharSequence;)Z @ 70 c2
Event: 11.116 Thread 0x000002a37f9d9b10 DEOPT PACKING pc=0x000002a371f7d844 sp=0x000000ad9ceef1f0
Event: 11.116 Thread 0x000002a37f9d9b10 DEOPT UNPACKING pc=0x000002a371943aa2 sp=0x000000ad9ceef198 mode 2
Event: 11.116 Thread 0x000002a37f9d9b10 Uncommon trap: trap_request=0xffffffde fr.pc=0x000002a371f7d844 relative=0x00000000000003e4
Event: 11.116 Thread 0x000002a37f9d9b10 Uncommon trap: reason=class_check action=maybe_recompile pc=0x000002a371f7d844 method=java.util.regex.Pattern$BmpCharPropertyGreedy.match(Ljava/util/regex/Matcher;ILjava/lang/CharSequence;)Z @ 70 c2
Event: 11.116 Thread 0x000002a37f9d9b10 DEOPT PACKING pc=0x000002a371f7d844 sp=0x000000ad9ceef040
Event: 11.116 Thread 0x000002a37f9d9b10 DEOPT UNPACKING pc=0x000002a371943aa2 sp=0x000000ad9ceeefe8 mode 2

Classes loaded (20 events):
Event: 11.147 Loading class java/io/StringReader
Event: 11.147 Loading class java/io/StringReader done
Event: 12.155 Loading class java/util/zip/GZIPInputStream
Event: 12.156 Loading class java/util/zip/GZIPInputStream done
Event: 12.159 Loading class java/util/zip/GZIPOutputStream
Event: 12.159 Loading class java/util/zip/GZIPOutputStream done
Event: 12.164 Loading class java/net/SocketTimeoutException
Event: 12.164 Loading class java/io/InterruptedIOException
Event: 12.164 Loading class java/io/InterruptedIOException done
Event: 12.164 Loading class java/net/SocketTimeoutException done
Event: 12.164 Loading class java/net/SocketException
Event: 12.164 Loading class java/net/SocketException done
Event: 12.164 Loading class java/net/UnknownHostException
Event: 12.165 Loading class java/net/UnknownHostException done
Event: 12.165 Loading class java/net/ProtocolException
Event: 12.165 Loading class java/net/ProtocolException done
Event: 12.205 Loading class java/lang/ThreadLocal$SuppliedThreadLocal
Event: 12.206 Loading class java/lang/ThreadLocal$SuppliedThreadLocal done
Event: 12.223 Loading class java/io/FileWriter
Event: 12.224 Loading class java/io/FileWriter done

Classes unloaded (0 events):
No events

Classes redefined (0 events):
No events

Internal exceptions (20 events):
Event: 10.789 Thread 0x000002a37f9d9b10 Exception <a 'java/lang/NoSuchMethodError'{0x00000000d63ebea8}: 'void java.lang.invoke.DirectMethodHandle$Holder.invokeSpecial(java.lang.Object, java.lang.Object, java.lang.Object, int)'> (0x00000000d63ebea8) 
thrown [s\src\hotspot\share\interpreter\linkResolver.cpp, line 773]
Event: 10.790 Thread 0x000002a37f9d9b10 Exception <a 'java/lang/NoSuchMethodError'{0x00000000d63ef838}: 'void java.lang.invoke.DelegatingMethodHandle$Holder.reinvoke_L(java.lang.Object, java.lang.Object, int)'> (0x00000000d63ef838) 
thrown [s\src\hotspot\share\interpreter\linkResolver.cpp, line 773]
Event: 10.791 Thread 0x000002a37f9d9b10 Exception <a 'java/lang/NoSuchMethodError'{0x00000000d63f6520}: 'int java.lang.invoke.Invokers$Holder.invokeExact_MT(java.lang.Object, java.lang.Object, java.lang.Object)'> (0x00000000d63f6520) 
thrown [s\src\hotspot\share\interpreter\linkResolver.cpp, line 773]
Event: 10.842 Thread 0x000002a37f9d9b10 Exception <a 'java/lang/NoSuchMethodError'{0x00000000d65023a0}: 'void java.lang.invoke.Invokers$Holder.invokeExact_MT(java.lang.Object, java.lang.Object, int, java.lang.Object)'> (0x00000000d65023a0) 
thrown [s\src\hotspot\share\interpreter\linkResolver.cpp, line 773]
Event: 10.897 Thread 0x000002a37f9d9b10 Exception <a 'java/lang/NoSuchMethodError'{0x00000000d65f0178}: 'java.lang.Object java.lang.invoke.DirectMethodHandle$Holder.invokeSpecial(java.lang.Object, java.lang.Object, java.lang.Object, long, java.lang.Object)'> (0x00000000d65f0178) 
thrown [s\src\hotspot\share\interpreter\linkResolver.cpp, line 773]
Event: 10.898 Thread 0x000002a37f9d9b10 Exception <a 'java/lang/NoSuchMethodError'{0x00000000d65f79c0}: 'java.lang.Object java.lang.invoke.DirectMethodHandle$Holder.newInvokeSpecial(java.lang.Object, java.lang.Object, java.lang.Object, long)'> (0x00000000d65f79c0) 
thrown [s\src\hotspot\share\interpreter\linkResolver.cpp, line 773]
Event: 10.898 Thread 0x000002a37f9d9b10 Exception <a 'java/lang/NoSuchMethodError'{0x00000000d65fbdb0}: 'java.lang.Object java.lang.invoke.DirectMethodHandle$Holder.invokeSpecial(java.lang.Object, java.lang.Object, java.lang.Object, java.lang.Object, long)'> (0x00000000d65fbdb0) 
thrown [s\src\hotspot\share\interpreter\linkResolver.cpp, line 773]
Event: 10.899 Thread 0x000002a37f9d9b10 Exception <a 'java/lang/NoSuchMethodError'{0x00000000d65ff9d0}: 'java.lang.Object java.lang.invoke.Invokers$Holder.linkToTargetMethod(java.lang.Object, java.lang.Object, long, java.lang.Object)'> (0x00000000d65ff9d0) 
thrown [s\src\hotspot\share\interpreter\linkResolver.cpp, line 773]
Event: 10.914 Thread 0x000002a37f9d9b10 Exception <a 'java/lang/NoSuchMethodError'{0x00000000d6671c08}: 'int java.lang.invoke.DirectMethodHandle$Holder.invokeStaticInit(java.lang.Object, java.lang.Object, java.lang.Object)'> (0x00000000d6671c08) 
thrown [s\src\hotspot\share\interpreter\linkResolver.cpp, line 773]
Event: 10.936 Thread 0x000002a37f9d9b10 Exception <a 'java/lang/IncompatibleClassChangeError'{0x00000000d66f45a8}: Found class java.lang.Object, but interface was expected> (0x00000000d66f45a8) 
thrown [s\src\hotspot\share\interpreter\linkResolver.cpp, line 840]
Event: 10.953 Thread 0x000002a37f9d9b10 Exception <a 'java/lang/NoSuchMethodError'{0x00000000d670b770}: 'java.lang.Object java.lang.invoke.DirectMethodHandle$Holder.invokeSpecial(java.lang.Object, java.lang.Object, java.lang.Object, int, java.lang.Object, java.lang.Object)'> (0x00000000d670b770) 
thrown [s\src\hotspot\share\interpreter\linkResolver.cpp, line 773]
Event: 10.954 Thread 0x000002a37f9d9b10 Exception <a 'java/lang/NoSuchMethodError'{0x00000000d6713248}: 'java.lang.Object java.lang.invoke.DirectMethodHandle$Holder.newInvokeSpecial(java.lang.Object, java.lang.Object, java.lang.Object, int, java.lang.Object)'> (0x00000000d6713248) 
thrown [s\src\hotspot\share\interpreter\linkResolver.cpp, line 773]
Event: 10.955 Thread 0x000002a37f9d9b10 Exception <a 'java/lang/NoSuchMethodError'{0x00000000d6717208}: 'java.lang.Object java.lang.invoke.DirectMethodHandle$Holder.invokeSpecial(java.lang.Object, java.lang.Object, java.lang.Object, java.lang.Object, int, java.lang.Object)'> (0x00000000d6717208) 
thrown [s\src\hotspot\share\interpreter\linkResolver.cpp, line 773]
Event: 10.955 Thread 0x000002a37f9d9b10 Exception <a 'java/lang/NoSuchMethodError'{0x00000000d671ad48}: 'java.lang.Object java.lang.invoke.Invokers$Holder.linkToTargetMethod(java.lang.Object, java.lang.Object, int, java.lang.Object, java.lang.Object)'> (0x00000000d671ad48) 
thrown [s\src\hotspot\share\interpreter\linkResolver.cpp, line 773]
Event: 10.956 Thread 0x000002a37fbc9210 Exception <a 'java/lang/NoSuchMethodError'{0x00000000d6658658}: 'java.lang.Object java.lang.invoke.DirectMethodHandle$Holder.invokeSpecial(java.lang.Object, java.lang.Object, int, java.lang.Object, java.lang.Object)'> (0x00000000d6658658) 
thrown [s\src\hotspot\share\interpreter\linkResolver.cpp, line 773]
Event: 10.957 Thread 0x000002a37fbc9210 Exception <a 'java/lang/NoSuchMethodError'{0x00000000d665f390}: 'java.lang.Object java.lang.invoke.DirectMethodHandle$Holder.newInvokeSpecial(java.lang.Object, java.lang.Object, int, java.lang.Object)'> (0x00000000d665f390) 
thrown [s\src\hotspot\share\interpreter\linkResolver.cpp, line 773]
Event: 10.957 Thread 0x000002a37fbc9210 Exception <a 'java/lang/NoSuchMethodError'{0x00000000d6662cb0}: 'java.lang.Object java.lang.invoke.DirectMethodHandle$Holder.invokeSpecial(java.lang.Object, java.lang.Object, java.lang.Object, int, java.lang.Object)'> (0x00000000d6662cb0) 
thrown [s\src\hotspot\share\interpreter\linkResolver.cpp, line 773]
Event: 10.990 Thread 0x000002a37f9d9b10 Exception <a 'java/lang/NoSuchMethodError'{0x00000000d6839150}: 'void java.lang.invoke.DirectMethodHandle$Holder.invokeSpecial(java.lang.Object, java.lang.Object, java.lang.Object, java.lang.Object, java.lang.Object)'> (0x00000000d6839150) 
thrown [s\src\hotspot\share\interpreter\linkResolver.cpp, line 773]
Event: 11.088 Thread 0x000002a37f9d9b10 Exception <a 'java/lang/NoSuchMethodError'{0x00000000d6b224e8}: 'double java.lang.invoke.DirectMethodHandle$Holder.invokeStatic(java.lang.Object, java.lang.Object)'> (0x00000000d6b224e8) 
thrown [s\src\hotspot\share\interpreter\linkResolver.cpp, line 773]
Event: 11.088 Thread 0x000002a37f9d9b10 Exception <a 'java/lang/NoSuchMethodError'{0x00000000d6b25ba8}: 'double java.lang.invoke.DirectMethodHandle$Holder.invokeStaticInit(java.lang.Object, java.lang.Object)'> (0x00000000d6b25ba8) 
thrown [s\src\hotspot\share\interpreter\linkResolver.cpp, line 773]

ZGC Phase Switch (0 events):
No events

VM Operations (20 events):
Event: 9.090 Executing VM operation: HandshakeAllThreads (Deoptimize) done
Event: 9.090 Executing VM operation: Cleanup
Event: 9.091 Executing VM operation: Cleanup done
Event: 9.460 Executing VM operation: ParallelGCFailedAllocation (Allocation Failure)
Event: 9.470 Executing VM operation: ParallelGCFailedAllocation (Allocation Failure) done
Event: 9.648 Executing VM operation: HandshakeAllThreads (Deoptimize)
Event: 9.648 Executing VM operation: HandshakeAllThreads (Deoptimize) done
Event: 9.657 Executing VM operation: HandshakeAllThreads (Deoptimize)
Event: 9.657 Executing VM operation: HandshakeAllThreads (Deoptimize) done
Event: 9.696 Executing VM operation: HandshakeAllThreads (Deoptimize)
Event: 9.697 Executing VM operation: HandshakeAllThreads (Deoptimize) done
Event: 10.161 Executing VM operation: HandshakeAllThreads (Deoptimize)
Event: 10.161 Executing VM operation: HandshakeAllThreads (Deoptimize) done
Event: 10.755 Executing VM operation: HandshakeAllThreads (Deoptimize)
Event: 10.755 Executing VM operation: HandshakeAllThreads (Deoptimize) done
Event: 10.755 Executing VM operation: Cleanup
Event: 10.755 Executing VM operation: Cleanup done
Event: 12.179 Executing VM operation: ParallelGCFailedAllocation (Allocation Failure)
Event: 12.187 Executing VM operation: ParallelGCFailedAllocation (Allocation Failure) done
Event: 13.187 Executing VM operation: Cleanup

Memory protections (0 events):
No events

Nmethod flushes (0 events):
No events

Events (20 events):
Event: 5.976 Thread 0x000002a37d98d970 Thread added: 0x000002a37f77f6b0
Event: 6.765 Thread 0x000002a37f77f6b0 Thread exited: 0x000002a37f77f6b0
Event: 7.035 Thread 0x000002a37d9bdf30 Thread added: 0x000002a37fd10d30
Event: 7.492 Thread 0x000002a364dd8730 Thread added: 0x000002a37f82b2c0
Event: 7.654 Thread 0x000002a37fd10d30 Thread exited: 0x000002a37fd10d30
Event: 7.897 Thread 0x000002a364dd8730 Thread added: 0x000002a37fdeaa60
Event: 7.905 Thread 0x000002a364dd8730 Thread added: 0x000002a37f9d9b10
Event: 8.133 Thread 0x000002a37f6ad440 Thread exited: 0x000002a37f6ad440
Event: 8.431 Thread 0x000002a37f9d9b10 Thread added: 0x000002a37fa923f0
Event: 8.663 Thread 0x000002a37d9bdf30 Thread added: 0x000002a37f663db0
Event: 8.664 Thread 0x000002a37d9bdf30 Thread added: 0x000002a37f664450
Event: 9.026 Thread 0x000002a37f664450 Thread exited: 0x000002a37f664450
Event: 9.168 Thread 0x000002a37f9d9b10 Thread added: 0x000002a3450f9600
Event: 9.524 Thread 0x000002a37f663db0 Thread exited: 0x000002a37f663db0
Event: 9.729 Thread 0x000002a37d9bdf30 Thread added: 0x000002a37fa21dc0
Event: 10.746 Thread 0x000002a37fa21dc0 Thread exited: 0x000002a37fa21dc0
Event: 10.810 Thread 0x000002a37f9d9b10 Thread added: 0x000002a3452909a0
Event: 10.905 Thread 0x000002a37f9d9b10 Thread added: 0x000002a37fbc9210
Event: 10.957 Thread 0x000002a37f9d9b10 Thread added: 0x000002a3453651b0
Event: 11.090 Thread 0x000002a37d9bdf30 Thread added: 0x000002a3452e6060


Dynamic libraries:
0x00007ff65a6b0000 - 0x00007ff65a6be000 	c:\Users\Dorian\.vscode\extensions\redhat.java-1.47.0-win32-x64\jre\21.0.8-win32-x86_64\bin\java.exe
0x00007fff5cf80000 - 0x00007fff5d1e8000 	C:\WINDOWS\SYSTEM32\ntdll.dll
0x00007fff5b000000 - 0x00007fff5b0c9000 	C:\WINDOWS\System32\KERNEL32.DLL
0x00007fff5a920000 - 0x00007fff5ad18000 	C:\WINDOWS\System32\KERNELBASE.dll
0x00007fff5a3d0000 - 0x00007fff5a51b000 	C:\WINDOWS\System32\ucrtbase.dll
0x00007fff4ff70000 - 0x00007fff4ff88000 	c:\Users\Dorian\.vscode\extensions\redhat.java-1.47.0-win32-x64\jre\21.0.8-win32-x86_64\bin\jli.dll
0x00007fff5cc70000 - 0x00007fff5ce37000 	C:\WINDOWS\System32\USER32.dll
0x00007fff5a0d0000 - 0x00007fff5a0f7000 	C:\WINDOWS\System32\win32u.dll
0x00007fff5c200000 - 0x00007fff5c22b000 	C:\WINDOWS\System32\GDI32.dll
0x00007fff5a7f0000 - 0x00007fff5a91c000 	C:\WINDOWS\System32\gdi32full.dll
0x00007fff5a270000 - 0x00007fff5a313000 	C:\WINDOWS\System32\msvcp_win.dll
0x00007fff48910000 - 0x00007fff4892e000 	c:\Users\Dorian\.vscode\extensions\redhat.java-1.47.0-win32-x64\jre\21.0.8-win32-x86_64\bin\VCRUNTIME140.dll
0x00007fff436f0000 - 0x00007fff43984000 	C:\WINDOWS\WinSxS\amd64_microsoft.windows.common-controls_6595b64144ccf1df_6.0.26100.7019_none_3e06ffa0e335b8a8\COMCTL32.dll
0x00007fff5c990000 - 0x00007fff5ca39000 	C:\WINDOWS\System32\msvcrt.dll
0x00007fff5afc0000 - 0x00007fff5aff1000 	C:\WINDOWS\System32\IMM32.DLL
0x00007fff50230000 - 0x00007fff5023c000 	c:\Users\Dorian\.vscode\extensions\redhat.java-1.47.0-win32-x64\jre\21.0.8-win32-x86_64\bin\vcruntime140_1.dll
0x00007fff2f1d0000 - 0x00007fff2f25d000 	c:\Users\Dorian\.vscode\extensions\redhat.java-1.47.0-win32-x64\jre\21.0.8-win32-x86_64\bin\msvcp140.dll
0x00007ffee0440000 - 0x00007ffee11d7000 	c:\Users\Dorian\.vscode\extensions\redhat.java-1.47.0-win32-x64\jre\21.0.8-win32-x86_64\bin\server\jvm.dll
0x00007fff5cb00000 - 0x00007fff5cbb4000 	C:\WINDOWS\System32\ADVAPI32.dll
0x00007fff5ca40000 - 0x00007fff5cae6000 	C:\WINDOWS\System32\sechost.dll
0x00007fff5beb0000 - 0x00007fff5bfc8000 	C:\WINDOWS\System32\RPCRT4.dll
0x00007fff5ad20000 - 0x00007fff5ad94000 	C:\WINDOWS\System32\WS2_32.dll
0x00007fff59f50000 - 0x00007fff59fae000 	C:\WINDOWS\SYSTEM32\POWRPROF.dll
0x00007fff439a0000 - 0x00007fff439d5000 	C:\WINDOWS\SYSTEM32\WINMM.dll
0x00007fff48ba0000 - 0x00007fff48bab000 	C:\WINDOWS\SYSTEM32\VERSION.dll
0x00007fff59f30000 - 0x00007fff59f44000 	C:\WINDOWS\SYSTEM32\UMPDC.dll
0x00007fff58e90000 - 0x00007fff58eab000 	C:\WINDOWS\SYSTEM32\kernel.appcore.dll
0x00007fff501e0000 - 0x00007fff501ea000 	c:\Users\Dorian\.vscode\extensions\redhat.java-1.47.0-win32-x64\jre\21.0.8-win32-x86_64\bin\jimage.dll
0x00007fff57a00000 - 0x00007fff57c42000 	C:\WINDOWS\SYSTEM32\DBGHELP.DLL
0x00007fff5b1c0000 - 0x00007fff5b54b000 	C:\WINDOWS\System32\combase.dll
0x00007fff5bdb0000 - 0x00007fff5be87000 	C:\WINDOWS\System32\OLEAUT32.dll
0x00007fff41f80000 - 0x00007fff41fbc000 	C:\WINDOWS\SYSTEM32\dbgcore.DLL
0x00007fff5a320000 - 0x00007fff5a3c5000 	C:\WINDOWS\System32\bcryptPrimitives.dll
0x00007fff4dd20000 - 0x00007fff4dd2f000 	c:\Users\Dorian\.vscode\extensions\redhat.java-1.47.0-win32-x64\jre\21.0.8-win32-x86_64\bin\instrument.dll
0x00007fff47f70000 - 0x00007fff47f8f000 	c:\Users\Dorian\.vscode\extensions\redhat.java-1.47.0-win32-x64\jre\21.0.8-win32-x86_64\bin\java.dll
0x00007fff5c230000 - 0x00007fff5c981000 	C:\WINDOWS\System32\SHELL32.dll
0x00007fff5a100000 - 0x00007fff5a26b000 	C:\WINDOWS\System32\wintypes.dll
0x00007fff57d30000 - 0x00007fff5858d000 	C:\WINDOWS\SYSTEM32\windows.storage.dll
0x00007fff5ce40000 - 0x00007fff5cf32000 	C:\WINDOWS\System32\SHCORE.dll
0x00007fff5b150000 - 0x00007fff5b1b7000 	C:\WINDOWS\System32\shlwapi.dll
0x00007fff59ff0000 - 0x00007fff5a019000 	C:\WINDOWS\SYSTEM32\profapi.dll
0x00007fff36fb0000 - 0x00007fff36fc8000 	c:\Users\Dorian\.vscode\extensions\redhat.java-1.47.0-win32-x64\jre\21.0.8-win32-x86_64\bin\zip.dll
0x00007fff4b090000 - 0x00007fff4b0a0000 	C:\Users\Dorian\.vscode\extensions\redhat.java-1.47.0-win32-x64\jre\21.0.8-win32-x86_64\bin\net.dll
0x00007fff4de50000 - 0x00007fff4df78000 	C:\WINDOWS\SYSTEM32\WINHTTP.dll
0x00007fff59400000 - 0x00007fff5946b000 	C:\WINDOWS\system32\mswsock.dll
0x00007fff37cb0000 - 0x00007fff37cc6000 	C:\Users\Dorian\.vscode\extensions\redhat.java-1.47.0-win32-x64\jre\21.0.8-win32-x86_64\bin\nio.dll
0x00007fff4acd0000 - 0x00007fff4ace0000 	c:\Users\Dorian\.vscode\extensions\redhat.java-1.47.0-win32-x64\jre\21.0.8-win32-x86_64\bin\verify.dll
0x00007fff36c50000 - 0x00007fff36c94000 	C:\Users\Dorian\AppData\Roaming\Code\User\globalStorage\redhat.java\1.47.0\config_ss_win\org.eclipse.equinox.launcher\org.eclipse.equinox.launcher.win32.win32.x86_64_1.2.1400.v20250801-0854\eclipse_11916.dll
0x00007fff5c060000 - 0x00007fff5c1f7000 	C:\WINDOWS\System32\ole32.dll
0x00007fff596c0000 - 0x00007fff596db000 	C:\WINDOWS\SYSTEM32\CRYPTSP.dll
0x00007fff58df0000 - 0x00007fff58e2a000 	C:\WINDOWS\system32\rsaenh.dll
0x00007fff594b0000 - 0x00007fff594db000 	C:\WINDOWS\SYSTEM32\USERENV.dll
0x00007fff59fc0000 - 0x00007fff59fea000 	C:\WINDOWS\SYSTEM32\bcrypt.dll
0x00007fff596e0000 - 0x00007fff596ec000 	C:\WINDOWS\SYSTEM32\CRYPTBASE.dll
0x00007fff588a0000 - 0x00007fff588d4000 	C:\WINDOWS\SYSTEM32\IPHLPAPI.DLL
0x00007fff5caf0000 - 0x00007fff5cafa000 	C:\WINDOWS\System32\NSI.dll
0x00007fff36af0000 - 0x00007fff36b39000 	C:\Users\Dorian\AppData\Local\Temp\jna-2052793295\jna782775090885885963.dll
0x00007fff5adb0000 - 0x00007fff5adb8000 	C:\WINDOWS\System32\PSAPI.DLL

JVMTI agents:
c:\Users\Dorian\.vscode\extensions\redhat.java-1.47.0-win32-x64\lombok\lombok-1.18.39-4050.jar path:c:\Users\Dorian\.vscode\extensions\redhat.java-1.47.0-win32-x64\jre\21.0.8-win32-x86_64\bin\instrument.dll, loaded, initialized, instrumentlib options:none

dbghelp: loaded successfully - version: 4.0.5 - missing functions: none
symbol engine: initialized successfully - sym options: 0x614 - pdb path: .;c:\Users\Dorian\.vscode\extensions\redhat.java-1.47.0-win32-x64\jre\21.0.8-win32-x86_64\bin;C:\WINDOWS\SYSTEM32;C:\WINDOWS\WinSxS\amd64_microsoft.windows.common-controls_6595b64144ccf1df_6.0.26100.7019_none_3e06ffa0e335b8a8;c:\Users\Dorian\.vscode\extensions\redhat.java-1.47.0-win32-x64\jre\21.0.8-win32-x86_64\bin\server;C:\Users\Dorian\AppData\Roaming\Code\User\globalStorage\redhat.java\1.47.0\config_ss_win\org.eclipse.equinox.launcher\org.eclipse.equinox.launcher.win32.win32.x86_64_1.2.1400.v20250801-0854;C:\Users\Dorian\AppData\Local\Temp\jna-2052793295

VM Arguments:
jvm_args: --add-modules=ALL-SYSTEM --add-opens=java.base/java.util=ALL-UNNAMED --add-opens=java.base/java.lang=ALL-UNNAMED --add-opens=java.base/sun.nio.fs=ALL-UNNAMED -Declipse.application=org.eclipse.jdt.ls.core.id1 -Dosgi.bundles.defaultStartLevel=4 -Declipse.product=org.eclipse.jdt.ls.core.product -Djava.import.generatesMetadataFilesAtProjectRoot=false -DDetectVMInstallationsJob.disabled=true -Dfile.encoding=utf8 -XX:+UseParallelGC -XX:GCTimeRatio=4 -XX:AdaptiveSizePolicyWeight=90 -Dsun.zip.disableMemoryMapping=true -Xmx2G -Xms100m -Xlog:disable -javaagent:c:\Users\Dorian\.vscode\extensions\redhat.java-1.47.0-win32-x64\lombok\lombok-1.18.39-4050.jar 
java_command: c:\Users\Dorian\.vscode\extensions\redhat.java-1.47.0-win32-x64\server\plugins\org.eclipse.equinox.launcher_1.7.100.v20251014-1222.jar -configuration c:\Users\Dorian\AppData\Roaming\Code\User\globalStorage\redhat.java\1.47.0\config_ss_win -data c:\Users\Dorian\AppData\Roaming\Code\User\workspaceStorage\2e54c20b31e2f00811d0ee3cb5a815c0\redhat.java\ss_ws --pipe=\\.\pipe\lsp-7fdc64b0f1be9027d9ca493184f2486d-sock
java_class_path (initial): c:\Users\Dorian\.vscode\extensions\redhat.java-1.47.0-win32-x64\server\plugins\org.eclipse.equinox.launcher_1.7.100.v20251014-1222.jar
Launcher Type: SUN_STANDARD

[Global flags]
    uintx AdaptiveSizePolicyWeight                 = 90                                        {product} {command line}
     intx CICompilerCount                          = 4                                         {product} {ergonomic}
    uintx GCTimeRatio                              = 4                                         {product} {command line}
   size_t InitialHeapSize                          = 104857600                                 {product} {command line}
   size_t MaxHeapSize                              = 2147483648                                {product} {command line}
   size_t MaxNewSize                               = 715653120                                 {product} {ergonomic}
   size_t MinHeapDeltaBytes                        = 524288                                    {product} {ergonomic}
   size_t MinHeapSize                              = 104857600                                 {product} {command line}
   size_t NewSize                                  = 34603008                                  {product} {ergonomic}
    uintx NonNMethodCodeHeapSize                   = 5839372                                {pd product} {ergonomic}
    uintx NonProfiledCodeHeapSize                  = 122909434                              {pd product} {ergonomic}
   size_t OldSize                                  = 70254592                                  {product} {ergonomic}
    uintx ProfiledCodeHeapSize                     = 122909434                              {pd product} {ergonomic}
    uintx ReservedCodeCacheSize                    = 251658240                              {pd product} {ergonomic}
     bool SegmentedCodeCache                       = true                                      {product} {ergonomic}
   size_t SoftMaxHeapSize                          = 2147483648                             {manageable} {ergonomic}
     bool UseCompressedOops                        = true                           {product lp64_product} {ergonomic}
     bool UseLargePagesIndividualAllocation        = false                                  {pd product} {ergonomic}
     bool UseParallelGC                            = true                                      {product} {command line}

Logging:
Log output configuration:
 #0: stdout all=off uptime,level,tags foldmultilines=false
 #1: stderr all=off uptime,level,tags foldmultilines=false

Environment Variables:
JAVA_HOME=C:\Program Files\Java\jdk-1.8
PATH=C:\Program Files (x86)\Common Files\Oracle\Java\java8path;C:\Program Files (x86)\Common Files\Oracle\Java\javapath;C:\WINDOWS\system32;C:\WINDOWS;C:\WINDOWS\System32\Wbem;C:\WINDOWS\System32\WindowsPowerShell\v1.0\;C:\WINDOWS\System32\OpenSSH\;C:\Program Files\Microsoft SQL Server\Client SDK\ODBC\170\Tools\Binn\;C:\Program Files (x86)\Microsoft SQL Server\150\Tools\Binn\;C:\Program Files\Microsoft SQL Server\150\Tools\Binn\;C:\Program Files\Microsoft SQL Server\150\DTS\Binn\;C:\Program Files\Azure Data Studio\bin;C:\Program Files\Microsoft SQL Server\120\Tools\Binn\;C:\Program Files\Microsoft SQL Server\130\Tools\Binn\;C:\Program Files (x86)\QuickTime\QTSystem\;C:\Program Files\Git\cmd;C:\Program Files\dotnet\;C:\Program Files\nodejs\;C:\ProgramData\chocolatey\bin;C:\Users\Dorian\AppData\Local\Microsoft\WindowsApps;C:\Program Files\Azure Data Studio\bin;C:\Program Files\MySQL\MySQL Server 5.7\bin;C:\Program Files\apache-maven-3.9.9\bin;C:\Program Files\Java\jdk-1.8\bin;;D:\IntelliJ IDEA Community Edition 2025.1.1.1\bin;;C:\Users\Dorian\.dotnet\tools;C:\Users\Dorian\AppData\Local\Programs\Microsoft VS Code\bin;C:\Users\Dorian\AppData\Roaming\npm
USERNAME=Dorian
OS=Windows_NT
PROCESSOR_IDENTIFIER=Intel64 Family 6 Model 142 Stepping 10, GenuineIntel
TMP=C:\Users\Dorian\AppData\Local\Temp
TEMP=C:\Users\Dorian\AppData\Local\Temp




Periodic native trim disabled

---------------  S Y S T E M  ---------------

OS:
 Windows 11 , 64 bit Build 26100 (10.0.26100.7019)
OS uptime: 4 days 11:15 hours

CPU: total 8 (initial active 8) (4 cores per cpu, 2 threads per core) family 6 model 142 stepping 10 microcode 0xf6, cx8, cmov, fxsr, ht, mmx, 3dnowpref, sse, sse2, sse3, ssse3, sse4.1, sse4.2, popcnt, lzcnt, tsc, tscinvbit, avx, avx2, aes, erms, clmul, bmi1, bmi2, adx, fma, vzeroupper, clflush, clflushopt, rdtscp, f16c
Processor Information for the first 8 processors :
  Max Mhz: 1992, Current Mhz: 1792, Mhz Limit: 1792

Memory: 4k page, system-wide physical 7555M (912M free)
TotalPageFile size 11651M (AvailPageFile size 95M)
current process WorkingSet (physical memory assigned to process): 129M, peak: 129M
current process commit charge ("private bytes"): 269M, peak: 269M

vm_info: OpenJDK 64-Bit Server VM (21.0.8+9-LTS) for windows-amd64 JRE (21.0.8+9-LTS), built on 2025-07-15T00:00:00Z by "admin" with MS VC++ 17.7 (VS2022)

END.
