#
# There is insufficient memory for the Java Runtime Environment to continue.
# Native memory allocation (malloc) failed to allocate 230400 bytes. Error detail: Chunk::new
# Possible reasons:
#   The system is out of physical RAM or swap space
#   This process is running with CompressedOops enabled, and the Java Heap may be blocking the growth of the native heap
# Possible solutions:
#   Reduce memory load on the system
#   Increase physical memory or swap space
#   Check if swap backing store is full
#   Decrease Java heap size (-Xmx/-Xms)
#   Decrease number of Java threads
#   Decrease Java thread stack sizes (-Xss)
#   Set larger code cache with -XX:ReservedCodeCacheSize=
#   JVM is running with Unscaled Compressed Oops mode in which the Java heap is
#     placed in the first 4GB address space. The Java Heap base address is the
#     maximum limit for the native heap growth. Please use -XX:HeapBaseMinAddress
#     to set the Java Heap base and to place the Java Heap above 4GB virtual address.
# This output file may be truncated or incomplete.
#
#  Out of Memory Error (arena.cpp:168), pid=13460, tid=11412
#
# JRE version: OpenJDK Runtime Environment Temurin-21.0.8+9 (21.0.8+9) (build 21.0.8+9-LTS)
# Java VM: OpenJDK 64-Bit Server VM Temurin-21.0.8+9 (21.0.8+9-LTS, mixed mode, sharing, tiered, compressed oops, compressed class ptrs, parallel gc, windows-amd64)
# No core dump will be written. Minidumps are not enabled by default on client versions of Windows
#

---------------  S U M M A R Y ------------

Command Line: --add-modules=ALL-SYSTEM --add-opens=java.base/java.util=ALL-UNNAMED --add-opens=java.base/java.lang=ALL-UNNAMED --add-opens=java.base/sun.nio.fs=ALL-UNNAMED -Declipse.application=org.eclipse.jdt.ls.core.id1 -Dosgi.bundles.defaultStartLevel=4 -Declipse.product=org.eclipse.jdt.ls.core.product -Djava.import.generatesMetadataFilesAtProjectRoot=false -DDetectVMInstallationsJob.disabled=true -Dfile.encoding=utf8 -XX:+UseParallelGC -XX:GCTimeRatio=4 -XX:AdaptiveSizePolicyWeight=90 -Dsun.zip.disableMemoryMapping=true -Xmx2G -Xms100m -Xlog:disable -javaagent:c:\Users\Dorian\.vscode\extensions\redhat.java-1.47.0-win32-x64\lombok\lombok-1.18.39-4050.jar c:\Users\Dorian\.vscode\extensions\redhat.java-1.47.0-win32-x64\server\plugins\org.eclipse.equinox.launcher_1.7.100.v20251014-1222.jar -configuration c:\Users\Dorian\AppData\Roaming\Code\User\globalStorage\redhat.java\1.47.0\config_ss_win -data c:\Users\Dorian\AppData\Roaming\Code\User\workspaceStorage\2e54c20b31e2f00811d0ee3cb5a815c0\redhat.java\ss_ws --pipe=\\.\pipe\lsp-d638a8930d5ac0841d9b43fac1ad8a79-sock

Host: Intel(R) Core(TM) i7-8550U CPU @ 1.80GHz, 8 cores, 7G,  Windows 11 , 64 bit Build 26100 (10.0.26100.7019)
Time: Wed Nov  5 10:24:31 2025 E. Africa Standard Time elapsed time: 3.152169 seconds (0d 0h 0m 3s)

---------------  T H R E A D  ---------------

Current thread (0x000002488fd984c0):  JavaThread "C2 CompilerThread1" daemon [_thread_in_native, id=11412, stack(0x000000a3fde00000,0x000000a3fdf00000) (1024K)]


Current CompileTask:
C2:3152 1504       4       lombok.patcher.scripts.MethodLevelPatchScript::patch (21 bytes)

Stack: [0x000000a3fde00000,0x000000a3fdf00000]
Native frames: (J=compiled Java code, j=interpreted, Vv=VM code, C=native code)
V  [jvm.dll+0x6d2449]
V  [jvm.dll+0x8ae341]
V  [jvm.dll+0x8b08be]
V  [jvm.dll+0x8b0fa3]
V  [jvm.dll+0x280c96]
V  [jvm.dll+0xc581d]
V  [jvm.dll+0xc5d53]
V  [jvm.dll+0x3b919c]
V  [jvm.dll+0x1e1213]
V  [jvm.dll+0x249022]
V  [jvm.dll+0x2484af]
V  [jvm.dll+0x1c89ee]
V  [jvm.dll+0x257d4d]
V  [jvm.dll+0x2562ea]
V  [jvm.dll+0x3f2d16]
V  [jvm.dll+0x857e6b]
V  [jvm.dll+0x6d0b0d]
C  [ucrtbase.dll+0x37b0]
C  [KERNEL32.DLL+0x2e8d7]
C  [ntdll.dll+0x8c53c]


---------------  P R O C E S S  ---------------

Threads class SMR info:
_java_thread_list=0x000002489483e290, length=14, elements={
0x000002483694bf90, 0x0000024836a0c3b0, 0x0000024836a0dc60, 0x00000248368ca730,
0x00000248368cb730, 0x00000248368cf340, 0x00000248368d5420, 0x00000248368e1470,
0x00000248368e24a0, 0x00000248368d4d90, 0x000002488fd984c0, 0x00000248368d2630,
0x000002488feed0d0, 0x00000248368d5ab0
}

Java Threads: ( => current thread )
  0x000002483694bf90 JavaThread "main"                              [_thread_in_native, id=10504, stack(0x000000a3fd100000,0x000000a3fd200000) (1024K)]
  0x0000024836a0c3b0 JavaThread "Reference Handler"          daemon [_thread_blocked, id=3972, stack(0x000000a3fd500000,0x000000a3fd600000) (1024K)]
  0x0000024836a0dc60 JavaThread "Finalizer"                  daemon [_thread_blocked, id=10520, stack(0x000000a3fd600000,0x000000a3fd700000) (1024K)]
  0x00000248368ca730 JavaThread "Signal Dispatcher"          daemon [_thread_blocked, id=3160, stack(0x000000a3fd700000,0x000000a3fd800000) (1024K)]
  0x00000248368cb730 JavaThread "Attach Listener"            daemon [_thread_blocked, id=20140, stack(0x000000a3fd800000,0x000000a3fd900000) (1024K)]
  0x00000248368cf340 JavaThread "Service Thread"             daemon [_thread_blocked, id=3500, stack(0x000000a3fd900000,0x000000a3fda00000) (1024K)]
  0x00000248368d5420 JavaThread "Monitor Deflation Thread"   daemon [_thread_blocked, id=5344, stack(0x000000a3fda00000,0x000000a3fdb00000) (1024K)]
  0x00000248368e1470 JavaThread "C2 CompilerThread0"         daemon [_thread_blocked, id=16824, stack(0x000000a3fdb00000,0x000000a3fdc00000) (1024K)]
  0x00000248368e24a0 JavaThread "C1 CompilerThread0"         daemon [_thread_blocked, id=3340, stack(0x000000a3fdc00000,0x000000a3fdd00000) (1024K)]
  0x00000248368d4d90 JavaThread "Common-Cleaner"             daemon [_thread_blocked, id=10800, stack(0x000000a3fdd00000,0x000000a3fde00000) (1024K)]
=>0x000002488fd984c0 JavaThread "C2 CompilerThread1"         daemon [_thread_in_native, id=11412, stack(0x000000a3fde00000,0x000000a3fdf00000) (1024K)]
  0x00000248368d2630 JavaThread "Notification Thread"        daemon [_thread_blocked, id=1020, stack(0x000000a3fdf00000,0x000000a3fe000000) (1024K)]
  0x000002488feed0d0 JavaThread "C2 CompilerThread2"         daemon [_thread_blocked, id=6300, stack(0x000000a3fe000000,0x000000a3fe100000) (1024K)]
  0x00000248368d5ab0 JavaThread "Active Thread: Equinox Container: 2ec171fd-eeac-4e6a-aa81-1c69235ddf2c"        [_thread_blocked, id=5424, stack(0x000000a3fe700000,0x000000a3fe800000) (1024K)]
Total: 14

Other Threads:
  0x00000248368c2d60 VMThread "VM Thread"                           [id=7440, stack(0x000000a3fd400000,0x000000a3fd500000) (1024K)]
  0x00000248367dca00 WatcherThread "VM Periodic Task Thread"        [id=20956, stack(0x000000a3fd300000,0x000000a3fd400000) (1024K)]
  0x00000248369697b0 WorkerThread "GC Thread#0"                     [id=19120, stack(0x000000a3fd200000,0x000000a3fd300000) (1024K)]
  0x00000248941d3200 WorkerThread "GC Thread#1"                     [id=13496, stack(0x000000a3fe100000,0x000000a3fe200000) (1024K)]
  0x00000248941d18a0 WorkerThread "GC Thread#2"                     [id=8696, stack(0x000000a3fe200000,0x000000a3fe300000) (1024K)]
  0x00000248941d1c40 WorkerThread "GC Thread#3"                     [id=8268, stack(0x000000a3fe300000,0x000000a3fe400000) (1024K)]
  0x00000248941d1fe0 WorkerThread "GC Thread#4"                     [id=1924, stack(0x000000a3fe400000,0x000000a3fe500000) (1024K)]
  0x00000248941d2380 WorkerThread "GC Thread#5"                     [id=4636, stack(0x000000a3fe500000,0x000000a3fe600000) (1024K)]
  0x00000248941d2720 WorkerThread "GC Thread#6"                     [id=3296, stack(0x000000a3fe600000,0x000000a3fe700000) (1024K)]
Total: 9

Threads with active compile tasks:
C1 CompilerThread0  3179 1613       3       java.lang.invoke.MethodHandleNatives::refKindIsMethod (19 bytes)
C2 CompilerThread1  3179 1504       4       lombok.patcher.scripts.MethodLevelPatchScript::patch (21 bytes)
Total: 2

VM state: not at safepoint (normal execution)

VM Mutex/Monitor currently owned by a thread: None

Heap address: 0x0000000080000000, size: 2048 MB, Compressed Oops mode: 32-bit

CDS archive(s) mapped at: [0x000002484e000000-0x000002484eba0000-0x000002484eba0000), size 12189696, SharedBaseAddress: 0x000002484e000000, ArchiveRelocationMode: 1.
Compressed class space mapped at: 0x000002484f000000-0x000002488f000000, reserved size: 1073741824
Narrow klass base: 0x000002484e000000, Narrow klass shift: 0, Narrow klass range: 0x100000000

GC Precious Log:
 CardTable entry size: 512
 CPUs: 8 total, 8 available
 Memory: 7555M
 Large Page Support: Disabled
 NUMA Support: Disabled
 Compressed Oops: Enabled (32-bit)
 Alignments: Space 512K, Generation 512K, Heap 2M
 Heap Min Capacity: 100M
 Heap Initial Capacity: 100M
 Heap Max Capacity: 2G
 Pre-touch: Disabled
 Parallel Workers: 8

Heap:
 PSYoungGen      total 29696K, used 23741K [0x00000000d5580000, 0x00000000d7680000, 0x0000000100000000)
  eden space 25600K, 79% used [0x00000000d5580000,0x00000000d6975808,0x00000000d6e80000)
  from space 4096K, 80% used [0x00000000d6e80000,0x00000000d71b9e98,0x00000000d7280000)
  to   space 4096K, 0% used [0x00000000d7280000,0x00000000d7280000,0x00000000d7680000)
 ParOldGen       total 68608K, used 16K [0x0000000080000000, 0x0000000084300000, 0x00000000d5580000)
  object space 68608K, 0% used [0x0000000080000000,0x0000000080004000,0x0000000084300000)
 Metaspace       used 7490K, committed 7744K, reserved 1114112K
  class space    used 785K, committed 896K, reserved 1048576K

Card table byte_map: [0x00000248362f0000,0x0000024836700000] _byte_map_base: 0x0000024835ef0000

Marking Bits: (ParMarkBitMap*) 0x00007ffee03ca340
 Begin Bits: [0x0000024848df0000, 0x000002484adf0000)
 End Bits:   [0x000002484adf0000, 0x000002484cdf0000)

Polling page: 0x00000248347f0000

Metaspace:

Usage:
  Non-class:      6.55 MB used.
      Class:    785.48 KB used.
       Both:      7.31 MB used.

Virtual space:
  Non-class space:       64.00 MB reserved,       6.69 MB ( 10%) committed,  1 nodes.
      Class space:        1.00 GB reserved,     896.00 KB ( <1%) committed,  1 nodes.
             Both:        1.06 GB reserved,       7.56 MB ( <1%) committed. 

Chunk freelists:
   Non-Class:  9.10 MB
       Class:  14.95 MB
        Both:  24.05 MB

MaxMetaspaceSize: unlimited
CompressedClassSpaceSize: 1.00 GB
Initial GC threshold: 21.00 MB
Current GC threshold: 21.00 MB
CDS: on
 - commit_granule_bytes: 65536.
 - commit_granule_words: 8192.
 - virtual_space_node_default_size: 8388608.
 - enlarge_chunks_in_place: 1.
 - use_allocation_guard: 0.


Internal statistics:

num_allocs_failed_limit: 0.
num_arena_births: 228.
num_arena_deaths: 0.
num_vsnodes_births: 2.
num_vsnodes_deaths: 0.
num_space_committed: 121.
num_space_uncommitted: 0.
num_chunks_returned_to_freelist: 0.
num_chunks_taken_from_freelist: 403.
num_chunk_merges: 0.
num_chunk_splits: 258.
num_chunks_enlarged: 169.
num_inconsistent_stats: 0.

CodeHeap 'non-profiled nmethods': size=120000Kb used=701Kb max_used=701Kb free=119298Kb
 bounds [0x0000024841610000, 0x0000024841880000, 0x0000024848b40000]
CodeHeap 'profiled nmethods': size=120000Kb used=2788Kb max_used=2788Kb free=117211Kb
 bounds [0x0000024839b40000, 0x0000024839e00000, 0x0000024841070000]
CodeHeap 'non-nmethods': size=5760Kb used=1212Kb max_used=1238Kb free=4547Kb
 bounds [0x0000024841070000, 0x00000248412e0000, 0x0000024841610000]
CodeCache: size=245760Kb, used=4701Kb, max_used=4727Kb, free=241056Kb
 total_blobs=2088, nmethods=1610, adapters=385, full_count=0
Compilation: enabled, stopped_count=0, restarted_count=0

Compilation events (20 events):
Event: 1.114 Thread 0x00000248368e24a0 1586       3       java.lang.ClassLoader::definePackage (85 bytes)
Event: 1.116 Thread 0x00000248368e24a0 nmethod 1586 0x0000024839de6410 code [0x0000024839de66e0, 0x0000024839de7580]
Event: 1.117 Thread 0x00000248368e1470 nmethod 1557 0x00000248416b8610 code [0x00000248416b87e0, 0x00000248416b8b68]
Event: 1.117 Thread 0x00000248368e1470 1583       4       java.lang.AbstractStringBuilder::<init> (39 bytes)
Event: 1.119 Thread 0x00000248368e24a0 1588       3       sun.invoke.util.VerifyAccess::isTypeVisible (47 bytes)
Event: 1.119 Thread 0x00000248368e1470 nmethod 1583 0x00000248416b9110 code [0x00000248416b92a0, 0x00000248416b9478]
Event: 1.119 Thread 0x00000248368e24a0 nmethod 1588 0x0000024839de7a10 code [0x0000024839de7c00, 0x0000024839de7fe8]
Event: 1.125 Thread 0x00000248368e24a0 1589   !   3       java.lang.invoke.MethodHandle::setVarargs (50 bytes)
Event: 1.127 Thread 0x00000248368e24a0 nmethod 1589 0x0000024839de8210 code [0x0000024839de84e0, 0x0000024839de90b0]
Event: 1.127 Thread 0x00000248368e24a0 1590       3       java.lang.invoke.MemberName::isVarargs (23 bytes)
Event: 1.127 Thread 0x00000248368e24a0 nmethod 1590 0x0000024839de9510 code [0x0000024839de96e0, 0x0000024839de9a38]
Event: 1.133 Thread 0x00000248368e24a0 1591       3       sun.security.provider.DigestBase::engineReset (33 bytes)
Event: 1.133 Thread 0x00000248368e24a0 nmethod 1591 0x0000024839de9b90 code [0x0000024839de9d60, 0x0000024839de9ff0]
Event: 1.137 Thread 0x00000248368e1470 1592       4       java.util.HashMap::get (19 bytes)
Event: 1.140 Thread 0x00000248368e24a0 1593   !   3       java.util.jar.JarVerifier::processEntry (437 bytes)
Event: 1.140 Thread 0x000002488feed0d0 nmethod 1503 0x00000248416b9510 code [0x00000248416b97a0, 0x00000248416bab60]
Event: 1.142 Thread 0x000002488feed0d0 1594       4       java.lang.String::<init> (99 bytes)
Event: 1.146 Thread 0x00000248368e24a0 nmethod 1593 0x0000024839dea090 code [0x0000024839dea5a0, 0x0000024839decd48]
Event: 1.146 Thread 0x00000248368e1470 nmethod 1592 0x00000248416bba10 code [0x00000248416bbbe0, 0x00000248416bbf78]
Event: 1.148 Thread 0x00000248368e24a0 1595       3       sun.net.www.protocol.jar.Handler::parseContextSpec (150 bytes)

GC Heap History (2 events):
Event: 0.686 GC heap before
{Heap before GC invocations=1 (full 0):
 PSYoungGen      total 29696K, used 25600K [0x00000000d5580000, 0x00000000d7680000, 0x0000000100000000)
  eden space 25600K, 100% used [0x00000000d5580000,0x00000000d6e80000,0x00000000d6e80000)
  from space 4096K, 0% used [0x00000000d7280000,0x00000000d7280000,0x00000000d7680000)
  to   space 4096K, 0% used [0x00000000d6e80000,0x00000000d6e80000,0x00000000d7280000)
 ParOldGen       total 68608K, used 0K [0x0000000080000000, 0x0000000084300000, 0x00000000d5580000)
  object space 68608K, 0% used [0x0000000080000000,0x0000000080000000,0x0000000084300000)
 Metaspace       used 4335K, committed 4544K, reserved 1114112K
  class space    used 473K, committed 576K, reserved 1048576K
}
Event: 0.691 GC heap after
{Heap after GC invocations=1 (full 0):
 PSYoungGen      total 29696K, used 3303K [0x00000000d5580000, 0x00000000d7680000, 0x0000000100000000)
  eden space 25600K, 0% used [0x00000000d5580000,0x00000000d5580000,0x00000000d6e80000)
  from space 4096K, 80% used [0x00000000d6e80000,0x00000000d71b9e98,0x00000000d7280000)
  to   space 4096K, 0% used [0x00000000d7280000,0x00000000d7280000,0x00000000d7680000)
 ParOldGen       total 68608K, used 16K [0x0000000080000000, 0x0000000084300000, 0x00000000d5580000)
  object space 68608K, 0% used [0x0000000080000000,0x0000000080004000,0x0000000084300000)
 Metaspace       used 4335K, committed 4544K, reserved 1114112K
  class space    used 473K, committed 576K, reserved 1048576K
}

Dll operation events (8 events):
Event: 0.014 Loaded shared library c:\Users\Dorian\.vscode\extensions\redhat.java-1.47.0-win32-x64\jre\21.0.8-win32-x86_64\bin\java.dll
Event: 0.081 Loaded shared library c:\Users\Dorian\.vscode\extensions\redhat.java-1.47.0-win32-x64\jre\21.0.8-win32-x86_64\bin\zip.dll
Event: 0.101 Loaded shared library C:\Users\Dorian\.vscode\extensions\redhat.java-1.47.0-win32-x64\jre\21.0.8-win32-x86_64\bin\instrument.dll
Event: 0.106 Loaded shared library C:\Users\Dorian\.vscode\extensions\redhat.java-1.47.0-win32-x64\jre\21.0.8-win32-x86_64\bin\net.dll
Event: 0.109 Loaded shared library C:\Users\Dorian\.vscode\extensions\redhat.java-1.47.0-win32-x64\jre\21.0.8-win32-x86_64\bin\nio.dll
Event: 0.113 Loaded shared library C:\Users\Dorian\.vscode\extensions\redhat.java-1.47.0-win32-x64\jre\21.0.8-win32-x86_64\bin\zip.dll
Event: 0.131 Loaded shared library C:\Users\Dorian\.vscode\extensions\redhat.java-1.47.0-win32-x64\jre\21.0.8-win32-x86_64\bin\jimage.dll
Event: 0.203 Loaded shared library c:\Users\Dorian\.vscode\extensions\redhat.java-1.47.0-win32-x64\jre\21.0.8-win32-x86_64\bin\verify.dll

Deoptimization events (20 events):
Event: 0.878 Thread 0x000002483694bf90 DEOPT PACKING pc=0x0000024839bd108d sp=0x000000a3fd1f3d30
Event: 0.878 Thread 0x000002483694bf90 DEOPT UNPACKING pc=0x00000248410c4242 sp=0x000000a3fd1f31e0 mode 0
Event: 0.882 Thread 0x000002483694bf90 DEOPT PACKING pc=0x0000024839bd108d sp=0x000000a3fd1f76d0
Event: 0.882 Thread 0x000002483694bf90 DEOPT UNPACKING pc=0x00000248410c4242 sp=0x000000a3fd1f6b80 mode 0
Event: 0.977 Thread 0x000002483694bf90 Uncommon trap: trap_request=0xffffff45 fr.pc=0x000002484168d1d0 relative=0x00000000000000b0
Event: 0.977 Thread 0x000002483694bf90 Uncommon trap: reason=unstable_if action=reinterpret pc=0x000002484168d1d0 method=java.util.concurrent.locks.ReentrantLock$NonfairSync.initialTryLock()Z @ 10 c2
Event: 0.977 Thread 0x000002483694bf90 DEOPT PACKING pc=0x000002484168d1d0 sp=0x000000a3fd1fe770
Event: 0.977 Thread 0x000002483694bf90 DEOPT UNPACKING pc=0x00000248410c3aa2 sp=0x000000a3fd1fe700 mode 2
Event: 0.977 Thread 0x000002483694bf90 Uncommon trap: trap_request=0xffffff45 fr.pc=0x000002484168ad34 relative=0x0000000000000094
Event: 0.977 Thread 0x000002483694bf90 Uncommon trap: reason=unstable_if action=reinterpret pc=0x000002484168ad34 method=java.util.concurrent.locks.ReentrantLock$Sync.tryRelease(I)Z @ 26 c2
Event: 0.977 Thread 0x000002483694bf90 DEOPT PACKING pc=0x000002484168ad34 sp=0x000000a3fd1fe840
Event: 0.977 Thread 0x000002483694bf90 DEOPT UNPACKING pc=0x00000248410c3aa2 sp=0x000000a3fd1fe7c0 mode 2
Event: 1.126 Thread 0x000002483694bf90 Uncommon trap: trap_request=0xffffffde fr.pc=0x0000024841687784 relative=0x0000000000000a84
Event: 1.126 Thread 0x000002483694bf90 Uncommon trap: reason=class_check action=maybe_recompile pc=0x0000024841687784 method=java.util.HashMap.putVal(ILjava/lang/Object;Ljava/lang/Object;ZZ)Ljava/lang/Object; @ 253 c2
Event: 1.126 Thread 0x000002483694bf90 DEOPT PACKING pc=0x0000024841687784 sp=0x000000a3fd1fe130
Event: 1.126 Thread 0x000002483694bf90 DEOPT UNPACKING pc=0x00000248410c3aa2 sp=0x000000a3fd1fe0c0 mode 2
Event: 1.131 Thread 0x000002483694bf90 Uncommon trap: trap_request=0xffffffde fr.pc=0x0000024841687784 relative=0x0000000000000a84
Event: 1.131 Thread 0x000002483694bf90 Uncommon trap: reason=class_check action=maybe_recompile pc=0x0000024841687784 method=java.util.HashMap.putVal(ILjava/lang/Object;Ljava/lang/Object;ZZ)Ljava/lang/Object; @ 253 c2
Event: 1.131 Thread 0x000002483694bf90 DEOPT PACKING pc=0x0000024841687784 sp=0x000000a3fd1fe130
Event: 1.131 Thread 0x000002483694bf90 DEOPT UNPACKING pc=0x00000248410c3aa2 sp=0x000000a3fd1fe0c0 mode 2

Classes loaded (20 events):
Event: 1.004 Loading class java/util/concurrent/Delayed
Event: 1.004 Loading class java/util/concurrent/Delayed done
Event: 1.004 Loading class java/util/concurrent/ScheduledFuture done
Event: 1.005 Loading class java/util/concurrent/RunnableScheduledFuture done
Event: 1.007 Loading class java/util/concurrent/ScheduledThreadPoolExecutor$ScheduledFutureTask
Event: 1.007 Loading class java/util/concurrent/FutureTask
Event: 1.008 Loading class java/util/concurrent/FutureTask done
Event: 1.008 Loading class java/util/concurrent/ScheduledThreadPoolExecutor$ScheduledFutureTask done
Event: 1.008 Loading class java/util/concurrent/FutureTask$WaitNode
Event: 1.009 Loading class java/util/concurrent/FutureTask$WaitNode done
Event: 1.009 Loading class java/util/concurrent/Executors$RunnableAdapter
Event: 1.009 Loading class java/util/concurrent/Executors$RunnableAdapter done
Event: 1.009 Loading class java/util/concurrent/ThreadPoolExecutor$Worker
Event: 1.010 Loading class java/util/concurrent/ThreadPoolExecutor$Worker done
Event: 1.055 Loading class java/util/ArrayList$ListItr
Event: 1.055 Loading class java/util/ArrayList$ListItr done
Event: 1.066 Loading class java/net/ContentHandlerFactory
Event: 1.066 Loading class java/net/ContentHandlerFactory done
Event: 1.130 Loading class java/util/ConcurrentModificationException
Event: 1.130 Loading class java/util/ConcurrentModificationException done

Classes unloaded (0 events):
No events

Classes redefined (0 events):
No events

Internal exceptions (20 events):
Event: 0.514 Thread 0x000002483694bf90 Exception <a 'java/lang/NoSuchMethodError'{0x00000000d65478d0}: 'java.lang.Object java.lang.invoke.Invokers$Holder.invokeExact_MT(java.lang.Object, java.lang.Object, java.lang.Object, java.lang.Object, java.lang.Object, java.lang.Object)'> (0x00000000d65478d0) 
thrown [s\src\hotspot\share\interpreter\linkResolver.cpp, line 773]
Event: 0.517 Thread 0x000002483694bf90 Exception <a 'java/lang/NoSuchMethodError'{0x00000000d655eb28}: 'int java.lang.invoke.DirectMethodHandle$Holder.invokeStatic(java.lang.Object, java.lang.Object, java.lang.Object, java.lang.Object, java.lang.Object)'> (0x00000000d655eb28) 
thrown [s\src\hotspot\share\interpreter\linkResolver.cpp, line 773]
Event: 0.539 Thread 0x000002483694bf90 Exception <a 'java/lang/NoSuchMethodError'{0x00000000d65f2520}: 'java.lang.Object java.lang.invoke.DirectMethodHandle$Holder.invokeInterface(java.lang.Object, java.lang.Object, int)'> (0x00000000d65f2520) 
thrown [s\src\hotspot\share\interpreter\linkResolver.cpp, line 773]
Event: 0.640 Thread 0x000002483694bf90 Exception <a 'java/lang/NoSuchMethodError'{0x00000000d6a5ab58}: 'java.lang.ClassLoader java.lang.ClassLoader.getPlatformClassLoader(java.lang.Class)'> (0x00000000d6a5ab58) 
thrown [s\src\hotspot\share\interpreter\linkResolver.cpp, line 773]
Event: 0.683 Thread 0x000002483694bf90 Exception <a 'java/lang/ClassNotFoundException'{0x00000000d6e790e8}: sun/net/www/protocol/c/Handler> (0x00000000d6e790e8) 
thrown [s\src\hotspot\share\classfile\systemDictionary.cpp, line 312]
Event: 0.683 Thread 0x000002483694bf90 Exception <a 'java/lang/ClassNotFoundException'{0x00000000d6e7a490}: sun/net/www/protocol/c/Handler> (0x00000000d6e7a490) 
thrown [s\src\hotspot\share\classfile\systemDictionary.cpp, line 312]
Event: 0.684 Thread 0x000002483694bf90 Exception <a 'java/lang/ClassNotFoundException'{0x00000000d6e7b678}: sun/net/www/protocol/c/Handler> (0x00000000d6e7b678) 
thrown [s\src\hotspot\share\classfile\systemDictionary.cpp, line 312]
Event: 0.695 Thread 0x000002483694bf90 Exception <a 'java/io/FileNotFoundException'{0x00000000d55a03f8}> (0x00000000d55a03f8) 
thrown [s\src\hotspot\share\prims\jni.cpp, line 520]
Event: 0.716 Thread 0x000002483694bf90 Implicit null exception at 0x000002484167d0c9 to 0x000002484167dbc4
Event: 0.717 Thread 0x000002483694bf90 Implicit null exception at 0x000002484166f31a to 0x000002484166f53c
Event: 0.717 Thread 0x000002483694bf90 Exception <a 'java/lang/NoSuchMethodError'{0x00000000d578f940}: 'void java.lang.invoke.DirectMethodHandle$Holder.invokeStatic(java.lang.Object, java.lang.Object, java.lang.Object, java.lang.Object)'> (0x00000000d578f940) 
thrown [s\src\hotspot\share\interpreter\linkResolver.cpp, line 773]
Event: 0.718 Thread 0x000002483694bf90 Implicit null exception at 0x000002484167351a to 0x000002484167373c
Event: 0.718 Thread 0x000002483694bf90 Implicit null exception at 0x000002484166a0c0 to 0x000002484166a145
Event: 0.781 Thread 0x000002483694bf90 Exception <a 'java/lang/NoSuchMethodError'{0x00000000d5a07618}: 'void java.lang.invoke.DirectMethodHandle$Holder.invokeSpecial(java.lang.Object, java.lang.Object, java.lang.Object)'> (0x00000000d5a07618) 
thrown [s\src\hotspot\share\interpreter\linkResolver.cpp, line 773]
Event: 0.953 Thread 0x000002483694bf90 Exception <a 'java/lang/NoSuchMethodError'{0x00000000d62d08f0}: 'int java.lang.invoke.DirectMethodHandle$Holder.invokeVirtual(java.lang.Object, java.lang.Object)'> (0x00000000d62d08f0) 
thrown [s\src\hotspot\share\interpreter\linkResolver.cpp, line 773]
Event: 0.991 Thread 0x000002483694bf90 Exception <a 'java/lang/NoSuchMethodError'{0x00000000d6454468}: 'int java.lang.invoke.DirectMethodHandle$Holder.invokeStaticInit(java.lang.Object, java.lang.Object, java.lang.Object, java.lang.Object)'> (0x00000000d6454468) 
thrown [s\src\hotspot\share\interpreter\linkResolver.cpp, line 773]
Event: 0.992 Thread 0x000002483694bf90 Exception <a 'java/lang/IncompatibleClassChangeError'{0x00000000d645c8f0}: Found class java.lang.Object, but interface was expected> (0x00000000d645c8f0) 
thrown [s\src\hotspot\share\interpreter\linkResolver.cpp, line 840]
Event: 0.993 Thread 0x000002483694bf90 Exception <a 'java/lang/NoSuchMethodError'{0x00000000d64637e0}: 'void java.lang.invoke.DirectMethodHandle$Holder.invokeStaticInit(java.lang.Object, java.lang.Object)'> (0x00000000d64637e0) 
thrown [s\src\hotspot\share\interpreter\linkResolver.cpp, line 773]
Event: 0.994 Thread 0x000002483694bf90 Exception <a 'java/lang/NoSuchMethodError'{0x00000000d646d520}: 'int java.lang.invoke.DirectMethodHandle$Holder.invokeStaticInit(java.lang.Object, java.lang.Object)'> (0x00000000d646d520) 
thrown [s\src\hotspot\share\interpreter\linkResolver.cpp, line 773]
Event: 1.086 Thread 0x000002483694bf90 Exception <a 'java/lang/NoSuchMethodError'{0x00000000d66dbbe8}: 'java.lang.Object java.lang.invoke.DirectMethodHandle$Holder.newInvokeSpecial(java.lang.Object, int, java.lang.Object)'> (0x00000000d66dbbe8) 
thrown [s\src\hotspot\share\interpreter\linkResolver.cpp, line 773]

ZGC Phase Switch (0 events):
No events

VM Operations (18 events):
Event: 0.144 Executing VM operation: HandshakeAllThreads (Deoptimize)
Event: 0.144 Executing VM operation: HandshakeAllThreads (Deoptimize) done
Event: 0.427 Executing VM operation: HandshakeAllThreads (Deoptimize)
Event: 0.427 Executing VM operation: HandshakeAllThreads (Deoptimize) done
Event: 0.448 Executing VM operation: HandshakeAllThreads (Deoptimize)
Event: 0.448 Executing VM operation: HandshakeAllThreads (Deoptimize) done
Event: 0.665 Executing VM operation: ICBufferFull
Event: 0.665 Executing VM operation: ICBufferFull done
Event: 0.672 Executing VM operation: HandshakeAllThreads (Deoptimize)
Event: 0.672 Executing VM operation: HandshakeAllThreads (Deoptimize) done
Event: 0.686 Executing VM operation: ParallelGCFailedAllocation (Allocation Failure)
Event: 0.691 Executing VM operation: ParallelGCFailedAllocation (Allocation Failure) done
Event: 1.032 Executing VM operation: HandshakeAllThreads (Deoptimize)
Event: 1.032 Executing VM operation: HandshakeAllThreads (Deoptimize) done
Event: 1.057 Executing VM operation: HandshakeAllThreads (Deoptimize)
Event: 1.057 Executing VM operation: HandshakeAllThreads (Deoptimize) done
Event: 2.057 Executing VM operation: Cleanup
Event: 2.057 Executing VM operation: Cleanup done

Memory protections (0 events):
No events

Nmethod flushes (0 events):
No events

Events (14 events):
Event: 0.040 Thread 0x000002483694bf90 Thread added: 0x000002483694bf90
Event: 0.053 Thread 0x000002483694bf90 Thread added: 0x0000024836a0c3b0
Event: 0.053 Thread 0x000002483694bf90 Thread added: 0x0000024836a0dc60
Event: 0.053 Thread 0x000002483694bf90 Thread added: 0x00000248368ca730
Event: 0.053 Thread 0x000002483694bf90 Thread added: 0x00000248368cb730
Event: 0.053 Thread 0x000002483694bf90 Thread added: 0x00000248368cf340
Event: 0.054 Thread 0x000002483694bf90 Thread added: 0x00000248368d5420
Event: 0.054 Thread 0x000002483694bf90 Thread added: 0x00000248368e1470
Event: 0.054 Thread 0x000002483694bf90 Thread added: 0x00000248368e24a0
Event: 0.073 Thread 0x000002483694bf90 Thread added: 0x00000248368d4d90
Event: 0.091 Thread 0x00000248368e24a0 Thread added: 0x000002488fd984c0
Event: 0.298 Thread 0x000002483694bf90 Thread added: 0x00000248368d2630
Event: 0.375 Thread 0x00000248368e1470 Thread added: 0x000002488feed0d0
Event: 1.010 Thread 0x000002483694bf90 Thread added: 0x00000248368d5ab0


Dynamic libraries:
0x00007ff70c9a0000 - 0x00007ff70c9ae000 	c:\Users\Dorian\.vscode\extensions\redhat.java-1.47.0-win32-x64\jre\21.0.8-win32-x86_64\bin\java.exe
0x00007fff5cf80000 - 0x00007fff5d1e8000 	C:\WINDOWS\SYSTEM32\ntdll.dll
0x00007fff5b000000 - 0x00007fff5b0c9000 	C:\WINDOWS\System32\KERNEL32.DLL
0x00007fff5a920000 - 0x00007fff5ad18000 	C:\WINDOWS\System32\KERNELBASE.dll
0x00007fff5a3d0000 - 0x00007fff5a51b000 	C:\WINDOWS\System32\ucrtbase.dll
0x00007fff4ff70000 - 0x00007fff4ff8e000 	c:\Users\Dorian\.vscode\extensions\redhat.java-1.47.0-win32-x64\jre\21.0.8-win32-x86_64\bin\VCRUNTIME140.dll
0x00007fff4af70000 - 0x00007fff4af88000 	c:\Users\Dorian\.vscode\extensions\redhat.java-1.47.0-win32-x64\jre\21.0.8-win32-x86_64\bin\jli.dll
0x00007fff5cc70000 - 0x00007fff5ce37000 	C:\WINDOWS\System32\USER32.dll
0x00007fff5a0d0000 - 0x00007fff5a0f7000 	C:\WINDOWS\System32\win32u.dll
0x00007fff436f0000 - 0x00007fff43984000 	C:\WINDOWS\WinSxS\amd64_microsoft.windows.common-controls_6595b64144ccf1df_6.0.26100.7019_none_3e06ffa0e335b8a8\COMCTL32.dll
0x00007fff5c200000 - 0x00007fff5c22b000 	C:\WINDOWS\System32\GDI32.dll
0x00007fff5c990000 - 0x00007fff5ca39000 	C:\WINDOWS\System32\msvcrt.dll
0x00007fff5a7f0000 - 0x00007fff5a91c000 	C:\WINDOWS\System32\gdi32full.dll
0x00007fff5a270000 - 0x00007fff5a313000 	C:\WINDOWS\System32\msvcp_win.dll
0x00007fff5afc0000 - 0x00007fff5aff1000 	C:\WINDOWS\System32\IMM32.DLL
0x00007fff501e0000 - 0x00007fff501ec000 	c:\Users\Dorian\.vscode\extensions\redhat.java-1.47.0-win32-x64\jre\21.0.8-win32-x86_64\bin\vcruntime140_1.dll
0x00007fff2f470000 - 0x00007fff2f4fd000 	c:\Users\Dorian\.vscode\extensions\redhat.java-1.47.0-win32-x64\jre\21.0.8-win32-x86_64\bin\msvcp140.dll
0x00007ffedf710000 - 0x00007ffee04a7000 	c:\Users\Dorian\.vscode\extensions\redhat.java-1.47.0-win32-x64\jre\21.0.8-win32-x86_64\bin\server\jvm.dll
0x00007fff5cb00000 - 0x00007fff5cbb4000 	C:\WINDOWS\System32\ADVAPI32.dll
0x00007fff5ca40000 - 0x00007fff5cae6000 	C:\WINDOWS\System32\sechost.dll
0x00007fff5beb0000 - 0x00007fff5bfc8000 	C:\WINDOWS\System32\RPCRT4.dll
0x00007fff5ad20000 - 0x00007fff5ad94000 	C:\WINDOWS\System32\WS2_32.dll
0x00007fff59f50000 - 0x00007fff59fae000 	C:\WINDOWS\SYSTEM32\POWRPROF.dll
0x00007fff439a0000 - 0x00007fff439d5000 	C:\WINDOWS\SYSTEM32\WINMM.dll
0x00007fff48ba0000 - 0x00007fff48bab000 	C:\WINDOWS\SYSTEM32\VERSION.dll
0x00007fff59f30000 - 0x00007fff59f44000 	C:\WINDOWS\SYSTEM32\UMPDC.dll
0x00007fff58e90000 - 0x00007fff58eab000 	C:\WINDOWS\SYSTEM32\kernel.appcore.dll
0x00007fff50080000 - 0x00007fff5008a000 	c:\Users\Dorian\.vscode\extensions\redhat.java-1.47.0-win32-x64\jre\21.0.8-win32-x86_64\bin\jimage.dll
0x00007fff57a00000 - 0x00007fff57c42000 	C:\WINDOWS\SYSTEM32\DBGHELP.DLL
0x00007fff5b1c0000 - 0x00007fff5b54b000 	C:\WINDOWS\System32\combase.dll
0x00007fff5bdb0000 - 0x00007fff5be87000 	C:\WINDOWS\System32\OLEAUT32.dll
0x00007fff41f80000 - 0x00007fff41fbc000 	C:\WINDOWS\SYSTEM32\dbgcore.DLL
0x00007fff5a320000 - 0x00007fff5a3c5000 	C:\WINDOWS\System32\bcryptPrimitives.dll
0x00007fff50050000 - 0x00007fff5005f000 	c:\Users\Dorian\.vscode\extensions\redhat.java-1.47.0-win32-x64\jre\21.0.8-win32-x86_64\bin\instrument.dll
0x00007fff4a5c0000 - 0x00007fff4a5df000 	c:\Users\Dorian\.vscode\extensions\redhat.java-1.47.0-win32-x64\jre\21.0.8-win32-x86_64\bin\java.dll
0x00007fff5c230000 - 0x00007fff5c981000 	C:\WINDOWS\System32\SHELL32.dll
0x00007fff5a100000 - 0x00007fff5a26b000 	C:\WINDOWS\System32\wintypes.dll
0x00007fff57d30000 - 0x00007fff5858d000 	C:\WINDOWS\SYSTEM32\windows.storage.dll
0x00007fff5ce40000 - 0x00007fff5cf32000 	C:\WINDOWS\System32\SHCORE.dll
0x00007fff5b150000 - 0x00007fff5b1b7000 	C:\WINDOWS\System32\shlwapi.dll
0x00007fff59ff0000 - 0x00007fff5a019000 	C:\WINDOWS\SYSTEM32\profapi.dll
0x00007fff4ffb0000 - 0x00007fff4ffc8000 	c:\Users\Dorian\.vscode\extensions\redhat.java-1.47.0-win32-x64\jre\21.0.8-win32-x86_64\bin\zip.dll
0x00007fff4dd20000 - 0x00007fff4dd30000 	C:\Users\Dorian\.vscode\extensions\redhat.java-1.47.0-win32-x64\jre\21.0.8-win32-x86_64\bin\net.dll
0x00007fff4de50000 - 0x00007fff4df78000 	C:\WINDOWS\SYSTEM32\WINHTTP.dll
0x00007fff59400000 - 0x00007fff5946b000 	C:\WINDOWS\system32\mswsock.dll
0x00007fff48910000 - 0x00007fff48926000 	C:\Users\Dorian\.vscode\extensions\redhat.java-1.47.0-win32-x64\jre\21.0.8-win32-x86_64\bin\nio.dll
0x00007fff4b090000 - 0x00007fff4b0a0000 	c:\Users\Dorian\.vscode\extensions\redhat.java-1.47.0-win32-x64\jre\21.0.8-win32-x86_64\bin\verify.dll

JVMTI agents:
c:\Users\Dorian\.vscode\extensions\redhat.java-1.47.0-win32-x64\lombok\lombok-1.18.39-4050.jar path:c:\Users\Dorian\.vscode\extensions\redhat.java-1.47.0-win32-x64\jre\21.0.8-win32-x86_64\bin\instrument.dll, loaded, initialized, instrumentlib options:none

dbghelp: loaded successfully - version: 4.0.5 - missing functions: none
symbol engine: initialized successfully - sym options: 0x614 - pdb path: .;c:\Users\Dorian\.vscode\extensions\redhat.java-1.47.0-win32-x64\jre\21.0.8-win32-x86_64\bin;C:\WINDOWS\SYSTEM32;C:\WINDOWS\WinSxS\amd64_microsoft.windows.common-controls_6595b64144ccf1df_6.0.26100.7019_none_3e06ffa0e335b8a8;c:\Users\Dorian\.vscode\extensions\redhat.java-1.47.0-win32-x64\jre\21.0.8-win32-x86_64\bin\server

VM Arguments:
jvm_args: --add-modules=ALL-SYSTEM --add-opens=java.base/java.util=ALL-UNNAMED --add-opens=java.base/java.lang=ALL-UNNAMED --add-opens=java.base/sun.nio.fs=ALL-UNNAMED -Declipse.application=org.eclipse.jdt.ls.core.id1 -Dosgi.bundles.defaultStartLevel=4 -Declipse.product=org.eclipse.jdt.ls.core.product -Djava.import.generatesMetadataFilesAtProjectRoot=false -DDetectVMInstallationsJob.disabled=true -Dfile.encoding=utf8 -XX:+UseParallelGC -XX:GCTimeRatio=4 -XX:AdaptiveSizePolicyWeight=90 -Dsun.zip.disableMemoryMapping=true -Xmx2G -Xms100m -Xlog:disable -javaagent:c:\Users\Dorian\.vscode\extensions\redhat.java-1.47.0-win32-x64\lombok\lombok-1.18.39-4050.jar 
java_command: c:\Users\Dorian\.vscode\extensions\redhat.java-1.47.0-win32-x64\server\plugins\org.eclipse.equinox.launcher_1.7.100.v20251014-1222.jar -configuration c:\Users\Dorian\AppData\Roaming\Code\User\globalStorage\redhat.java\1.47.0\config_ss_win -data c:\Users\Dorian\AppData\Roaming\Code\User\workspaceStorage\2e54c20b31e2f00811d0ee3cb5a815c0\redhat.java\ss_ws --pipe=\\.\pipe\lsp-d638a8930d5ac0841d9b43fac1ad8a79-sock
java_class_path (initial): c:\Users\Dorian\.vscode\extensions\redhat.java-1.47.0-win32-x64\server\plugins\org.eclipse.equinox.launcher_1.7.100.v20251014-1222.jar
Launcher Type: SUN_STANDARD

[Global flags]
    uintx AdaptiveSizePolicyWeight                 = 90                                        {product} {command line}
     intx CICompilerCount                          = 4                                         {product} {ergonomic}
    uintx GCTimeRatio                              = 4                                         {product} {command line}
   size_t InitialHeapSize                          = 104857600                                 {product} {command line}
   size_t MaxHeapSize                              = 2147483648                                {product} {command line}
   size_t MaxNewSize                               = 715653120                                 {product} {ergonomic}
   size_t MinHeapDeltaBytes                        = 524288                                    {product} {ergonomic}
   size_t MinHeapSize                              = 104857600                                 {product} {command line}
   size_t NewSize                                  = 34603008                                  {product} {ergonomic}
    uintx NonNMethodCodeHeapSize                   = 5839372                                {pd product} {ergonomic}
    uintx NonProfiledCodeHeapSize                  = 122909434                              {pd product} {ergonomic}
   size_t OldSize                                  = 70254592                                  {product} {ergonomic}
    uintx ProfiledCodeHeapSize                     = 122909434                              {pd product} {ergonomic}
    uintx ReservedCodeCacheSize                    = 251658240                              {pd product} {ergonomic}
     bool SegmentedCodeCache                       = true                                      {product} {ergonomic}
   size_t SoftMaxHeapSize                          = 2147483648                             {manageable} {ergonomic}
     bool UseCompressedOops                        = true                           {product lp64_product} {ergonomic}
     bool UseLargePagesIndividualAllocation        = false                                  {pd product} {ergonomic}
     bool UseParallelGC                            = true                                      {product} {command line}

Logging:
Log output configuration:
 #0: stdout all=off uptime,level,tags foldmultilines=false
 #1: stderr all=off uptime,level,tags foldmultilines=false

Environment Variables:
JAVA_HOME=C:\Program Files\Java\jdk-1.8
PATH=C:\Program Files (x86)\Common Files\Oracle\Java\java8path;C:\Program Files (x86)\Common Files\Oracle\Java\javapath;C:\WINDOWS\system32;C:\WINDOWS;C:\WINDOWS\System32\Wbem;C:\WINDOWS\System32\WindowsPowerShell\v1.0\;C:\WINDOWS\System32\OpenSSH\;C:\Program Files\Microsoft SQL Server\Client SDK\ODBC\170\Tools\Binn\;C:\Program Files (x86)\Microsoft SQL Server\150\Tools\Binn\;C:\Program Files\Microsoft SQL Server\150\Tools\Binn\;C:\Program Files\Microsoft SQL Server\150\DTS\Binn\;C:\Program Files\Azure Data Studio\bin;C:\Program Files\Microsoft SQL Server\120\Tools\Binn\;C:\Program Files\Microsoft SQL Server\130\Tools\Binn\;C:\Program Files (x86)\QuickTime\QTSystem\;C:\Program Files\Git\cmd;C:\Program Files\dotnet\;C:\Program Files\nodejs\;C:\ProgramData\chocolatey\bin;C:\Users\Dorian\AppData\Local\Microsoft\WindowsApps;C:\Program Files\Azure Data Studio\bin;C:\Program Files\MySQL\MySQL Server 5.7\bin;C:\Program Files\apache-maven-3.9.9\bin;C:\Program Files\Java\jdk-1.8\bin;;D:\IntelliJ IDEA Community Edition 2025.1.1.1\bin;;C:\Users\Dorian\.dotnet\tools;C:\Users\Dorian\AppData\Local\Programs\Microsoft VS Code\bin;C:\Users\Dorian\AppData\Roaming\npm
USERNAME=Dorian
OS=Windows_NT
PROCESSOR_IDENTIFIER=Intel64 Family 6 Model 142 Stepping 10, GenuineIntel
TMP=C:\Users\Dorian\AppData\Local\Temp
TEMP=C:\Users\Dorian\AppData\Local\Temp




Periodic native trim disabled

---------------  S Y S T E M  ---------------

OS:
 Windows 11 , 64 bit Build 26100 (10.0.26100.7019)
OS uptime: 4 days 6:14 hours

CPU: total 8 (initial active 8) (4 cores per cpu, 2 threads per core) family 6 model 142 stepping 10 microcode 0xf6, cx8, cmov, fxsr, ht, mmx, 3dnowpref, sse, sse2, sse3, ssse3, sse4.1, sse4.2, popcnt, lzcnt, tsc, tscinvbit, avx, avx2, aes, erms, clmul, bmi1, bmi2, adx, fma, vzeroupper, clflush, clflushopt, rdtscp, f16c
Processor Information for the first 8 processors :
  Max Mhz: 1992, Current Mhz: 1792, Mhz Limit: 1792

Memory: 4k page, system-wide physical 7555M (1027M free)
TotalPageFile size 11651M (AvailPageFile size 5M)
current process WorkingSet (physical memory assigned to process): 90M, peak: 90M
current process commit charge ("private bytes"): 242M, peak: 242M

vm_info: OpenJDK 64-Bit Server VM (21.0.8+9-LTS) for windows-amd64 JRE (21.0.8+9-LTS), built on 2025-07-15T00:00:00Z by "admin" with MS VC++ 17.7 (VS2022)

END.
