#
# There is insufficient memory for the Java Runtime Environment to continue.
# Native memory allocation (malloc) failed to allocate 49216 bytes. Error detail: Chunk::new
# Possible reasons:
#   The system is out of physical RAM or swap space
#   This process is running with CompressedOops enabled, and the Java Heap may be blocking the growth of the native heap
# Possible solutions:
#   Reduce memory load on the system
#   Increase physical memory or swap space
#   Check if swap backing store is full
#   Decrease Java heap size (-Xmx/-Xms)
#   Decrease number of Java threads
#   Decrease Java thread stack sizes (-Xss)
#   Set larger code cache with -XX:ReservedCodeCacheSize=
#   JVM is running with Unscaled Compressed Oops mode in which the Java heap is
#     placed in the first 4GB address space. The Java Heap base address is the
#     maximum limit for the native heap growth. Please use -XX:HeapBaseMinAddress
#     to set the Java Heap base and to place the Java Heap above 4GB virtual address.
# This output file may be truncated or incomplete.
#
#  Out of Memory Error (arena.cpp:168), pid=4964, tid=13092
#
# JRE version: OpenJDK Runtime Environment Temurin-21.0.8+9 (21.0.8+9) (build 21.0.8+9-LTS)
# Java VM: OpenJDK 64-Bit Server VM Temurin-21.0.8+9 (21.0.8+9-LTS, mixed mode, sharing, tiered, compressed oops, compressed class ptrs, parallel gc, windows-amd64)
# No core dump will be written. Minidumps are not enabled by default on client versions of Windows
#

---------------  S U M M A R Y ------------

Command Line: --add-modules=ALL-SYSTEM --add-opens=java.base/java.util=ALL-UNNAMED --add-opens=java.base/java.lang=ALL-UNNAMED --add-opens=java.base/sun.nio.fs=ALL-UNNAMED -Declipse.application=org.eclipse.jdt.ls.core.id1 -Dosgi.bundles.defaultStartLevel=4 -Declipse.product=org.eclipse.jdt.ls.core.product -Djava.import.generatesMetadataFilesAtProjectRoot=false -DDetectVMInstallationsJob.disabled=true -Dfile.encoding=utf8 -XX:+UseParallelGC -XX:GCTimeRatio=4 -XX:AdaptiveSizePolicyWeight=90 -Dsun.zip.disableMemoryMapping=true -Xmx2G -Xms100m -Xlog:disable -javaagent:c:\Users\Dorian\.vscode\extensions\redhat.java-1.47.0-win32-x64\lombok\lombok-1.18.39-4050.jar -XX:+HeapDumpOnOutOfMemoryError -XX:HeapDumpPath=c:\Users\Dorian\AppData\Roaming\Code\User\workspaceStorage\2e54c20b31e2f00811d0ee3cb5a815c0\redhat.java -Daether.dependencyCollector.impl=bf c:\Users\Dorian\.vscode\extensions\redhat.java-1.47.0-win32-x64\server\plugins\org.eclipse.equinox.launcher_1.7.100.v20251014-1222.jar -configuration c:\Users\Dorian\AppData\Roaming\Code\User\globalStorage\redhat.java\1.47.0\config_win -data c:\Users\Dorian\AppData\Roaming\Code\User\workspaceStorage\2e54c20b31e2f00811d0ee3cb5a815c0\redhat.java\jdt_ws --pipe=\\.\pipe\lsp-e1316141b1f704b68b954dee07190e7e-sock

Host: Intel(R) Core(TM) i7-8550U CPU @ 1.80GHz, 8 cores, 7G,  Windows 11 , 64 bit Build 26100 (10.0.26100.7019)
Time: Wed Nov  5 15:25:57 2025 E. Africa Standard Time elapsed time: 24.026953 seconds (0d 0h 0m 24s)

---------------  T H R E A D  ---------------

Current thread (0x000001936f19f1c0):  JavaThread "C2 CompilerThread0" daemon [_thread_in_native, id=13092, stack(0x0000002b6d200000,0x0000002b6d300000) (1024K)]


Current CompileTask:
C2:24027 6489       4       java.lang.String::regionMatches (150 bytes)

Stack: [0x0000002b6d200000,0x0000002b6d300000]
Native frames: (J=compiled Java code, j=interpreted, Vv=VM code, C=native code)
V  [jvm.dll+0x6d2449]
V  [jvm.dll+0x8ae341]
V  [jvm.dll+0x8b08be]
V  [jvm.dll+0x8b0fa3]
V  [jvm.dll+0x280c96]
V  [jvm.dll+0xc581d]
V  [jvm.dll+0xc5d53]
V  [jvm.dll+0x2f539d]
V  [jvm.dll+0x5fa00a]
V  [jvm.dll+0x252092]
V  [jvm.dll+0x24a85c]
V  [jvm.dll+0x2483a4]
V  [jvm.dll+0x1c89ee]
V  [jvm.dll+0x257d4d]
V  [jvm.dll+0x2562ea]
V  [jvm.dll+0x3f2d16]
V  [jvm.dll+0x857e6b]
V  [jvm.dll+0x6d0b0d]
C  [ucrtbase.dll+0x37b0]
C  [KERNEL32.DLL+0x2e8d7]
C  [ntdll.dll+0x8c53c]


---------------  P R O C E S S  ---------------

Threads class SMR info:
_java_thread_list=0x0000019351e951b0, length=44, elements={
0x000001936ced8ef0, 0x000001936f2d9c70, 0x000001936f2dd0f0, 0x000001936f194bd0,
0x000001936f195820, 0x000001936f198380, 0x000001936f198dd0, 0x000001936f19f1c0,
0x000001936f19dd80, 0x000001936f28b5b0, 0x0000019378765fd0, 0x000001937da869f0,
0x000001937d4c7810, 0x0000019378795ec0, 0x000001937d907d40, 0x000001937dbdb280,
0x000001937e2d3090, 0x000001937d7661e0, 0x000001937d766f00, 0x000001937d768940,
0x000001937d767590, 0x000001937d768fd0, 0x000001937d765b50, 0x000001937d766870,
0x000001937d767c20, 0x0000019350579f90, 0x000001935057a620, 0x0000019350579270,
0x0000019350579900, 0x000001935057acb0, 0x0000019350577ec0, 0x000001935057b340,
0x0000019350578550, 0x0000019350578be0, 0x000001937f281a80, 0x000001937f2806d0,
0x000001937f280d60, 0x000001937f2813f0, 0x000001937f282110, 0x000001937f280040,
0x000001937f2827a0, 0x000001937f282e30, 0x000001937f27f9b0, 0x000001937f2834c0
}

Java Threads: ( => current thread )
  0x000001936ced8ef0 JavaThread "main"                              [_thread_blocked, id=20784, stack(0x0000002b6c800000,0x0000002b6c900000) (1024K)]
  0x000001936f2d9c70 JavaThread "Reference Handler"          daemon [_thread_blocked, id=10504, stack(0x0000002b6cc00000,0x0000002b6cd00000) (1024K)]
  0x000001936f2dd0f0 JavaThread "Finalizer"                  daemon [_thread_blocked, id=11000, stack(0x0000002b6cd00000,0x0000002b6ce00000) (1024K)]
  0x000001936f194bd0 JavaThread "Signal Dispatcher"          daemon [_thread_blocked, id=4180, stack(0x0000002b6ce00000,0x0000002b6cf00000) (1024K)]
  0x000001936f195820 JavaThread "Attach Listener"            daemon [_thread_blocked, id=5728, stack(0x0000002b6cf00000,0x0000002b6d000000) (1024K)]
  0x000001936f198380 JavaThread "Service Thread"             daemon [_thread_blocked, id=9252, stack(0x0000002b6d000000,0x0000002b6d100000) (1024K)]
  0x000001936f198dd0 JavaThread "Monitor Deflation Thread"   daemon [_thread_blocked, id=18336, stack(0x0000002b6d100000,0x0000002b6d200000) (1024K)]
=>0x000001936f19f1c0 JavaThread "C2 CompilerThread0"         daemon [_thread_in_native, id=13092, stack(0x0000002b6d200000,0x0000002b6d300000) (1024K)]
  0x000001936f19dd80 JavaThread "C1 CompilerThread0"         daemon [_thread_blocked, id=8996, stack(0x0000002b6d300000,0x0000002b6d400000) (1024K)]
  0x000001936f28b5b0 JavaThread "Common-Cleaner"             daemon [_thread_blocked, id=11240, stack(0x0000002b6d400000,0x0000002b6d500000) (1024K)]
  0x0000019378765fd0 JavaThread "Notification Thread"        daemon [_thread_blocked, id=12104, stack(0x0000002b6d600000,0x0000002b6d700000) (1024K)]
  0x000001937da869f0 JavaThread "Active Thread: Equinox Container: c7ae1630-4fb0-4854-b591-c468e95fece5"        [_thread_blocked, id=16208, stack(0x0000002b6d700000,0x0000002b6d800000) (1024K)]
  0x000001937d4c7810 JavaThread "Refresh Thread: Equinox Container: c7ae1630-4fb0-4854-b591-c468e95fece5" daemon [_thread_blocked, id=11544, stack(0x0000002b6de00000,0x0000002b6df00000) (1024K)]
  0x0000019378795ec0 JavaThread "Framework Event Dispatcher: Equinox Container: c7ae1630-4fb0-4854-b591-c468e95fece5" daemon [_thread_blocked, id=19828, stack(0x0000002b6e000000,0x0000002b6e100000) (1024K)]
  0x000001937d907d40 JavaThread "Start Level: Equinox Container: c7ae1630-4fb0-4854-b591-c468e95fece5" daemon [_thread_blocked, id=14944, stack(0x0000002b6e100000,0x0000002b6e200000) (1024K)]
  0x000001937dbdb280 JavaThread "Bundle File Closer"         daemon [_thread_blocked, id=16064, stack(0x0000002b6e300000,0x0000002b6e400000) (1024K)]
  0x000001937e2d3090 JavaThread "SCR Component Actor"        daemon [_thread_blocked, id=14844, stack(0x0000002b6d500000,0x0000002b6d600000) (1024K)]
  0x000001937d7661e0 JavaThread "Worker-JM"                         [_thread_blocked, id=13704, stack(0x0000002b6e500000,0x0000002b6e600000) (1024K)]
  0x000001937d766f00 JavaThread "JNA Cleaner"                daemon [_thread_blocked, id=17660, stack(0x0000002b6e200000,0x0000002b6e300000) (1024K)]
  0x000001937d768940 JavaThread "Worker-0"                          [_thread_blocked, id=4360, stack(0x0000002b6e400000,0x0000002b6e500000) (1024K)]
  0x000001937d767590 JavaThread "Worker-1"                          [_thread_blocked, id=14328, stack(0x0000002b6e600000,0x0000002b6e700000) (1024K)]
  0x000001937d768fd0 JavaThread "Worker-2"                          [_thread_blocked, id=8440, stack(0x0000002b6e900000,0x0000002b6ea00000) (1024K)]
  0x000001937d765b50 JavaThread "Java indexing"              daemon [_thread_blocked, id=20548, stack(0x0000002b6ea00000,0x0000002b6eb00000) (1024K)]
  0x000001937d766870 JavaThread "Worker-3"                          [_thread_blocked, id=15308, stack(0x0000002b6ed00000,0x0000002b6ee00000) (1024K)]
  0x000001937d767c20 JavaThread "Worker-4: Initialize workspace"        [_thread_blocked, id=5468, stack(0x0000002b6ee00000,0x0000002b6ef00000) (1024K)]
  0x0000019350579f90 JavaThread "Thread-1"                   daemon [_thread_in_native, id=16260, stack(0x0000002b6ef00000,0x0000002b6f000000) (1024K)]
  0x000001935057a620 JavaThread "Thread-2"                   daemon [_thread_in_native, id=14948, stack(0x0000002b6f000000,0x0000002b6f100000) (1024K)]
  0x0000019350579270 JavaThread "Thread-3"                   daemon [_thread_in_native, id=696, stack(0x0000002b6f100000,0x0000002b6f200000) (1024K)]
  0x0000019350579900 JavaThread "Thread-4"                   daemon [_thread_in_native, id=10636, stack(0x0000002b6f200000,0x0000002b6f300000) (1024K)]
  0x000001935057acb0 JavaThread "Thread-5"                   daemon [_thread_in_native, id=16644, stack(0x0000002b6f300000,0x0000002b6f400000) (1024K)]
  0x0000019350577ec0 JavaThread "Thread-6"                   daemon [_thread_in_native, id=20628, stack(0x0000002b6f400000,0x0000002b6f500000) (1024K)]
  0x000001935057b340 JavaThread "Thread-7"                   daemon [_thread_in_native, id=5596, stack(0x0000002b6f500000,0x0000002b6f600000) (1024K)]
  0x0000019350578550 JavaThread "Thread-8"                   daemon [_thread_in_native, id=8412, stack(0x0000002b6f600000,0x0000002b6f700000) (1024K)]
  0x0000019350578be0 JavaThread "Thread-9"                   daemon [_thread_in_native, id=2572, stack(0x0000002b6f700000,0x0000002b6f800000) (1024K)]
  0x000001937f281a80 JavaThread "pool-2-thread-1"                   [_thread_blocked, id=20192, stack(0x0000002b6f800000,0x0000002b6f900000) (1024K)]
  0x000001937f2806d0 JavaThread "WorkspaceEventsHandler"            [_thread_blocked, id=11920, stack(0x0000002b6f900000,0x0000002b6fa00000) (1024K)]
  0x000001937f280d60 JavaThread "pool-1-thread-1"                   [_thread_in_native, id=12616, stack(0x0000002b6fa00000,0x0000002b6fb00000) (1024K)]
  0x000001937f2813f0 JavaThread "ForkJoinPool.commonPool-worker-1" daemon [_thread_blocked, id=13884, stack(0x0000002b6fb00000,0x0000002b6fc00000) (1024K)]
  0x000001937f282110 JavaThread "ForkJoinPool.commonPool-worker-2" daemon [_thread_blocked, id=14516, stack(0x0000002b6fc00000,0x0000002b6fd00000) (1024K)]
  0x000001937f280040 JavaThread "ForkJoinPool.commonPool-worker-3" daemon [_thread_blocked, id=19940, stack(0x0000002b6fd00000,0x0000002b6fe00000) (1024K)]
  0x000001937f2827a0 JavaThread "ForkJoinPool.commonPool-worker-4" daemon [_thread_blocked, id=16652, stack(0x0000002b6fe00000,0x0000002b6ff00000) (1024K)]
  0x000001937f282e30 JavaThread "ForkJoinPool.commonPool-worker-5" daemon [_thread_blocked, id=15608, stack(0x0000002b6ff00000,0x0000002b70000000) (1024K)]
  0x000001937f27f9b0 JavaThread "ForkJoinPool.commonPool-worker-6" daemon [_thread_blocked, id=3628, stack(0x0000002b70000000,0x0000002b70100000) (1024K)]
  0x000001937f2834c0 JavaThread "ForkJoinPool.commonPool-worker-7" daemon [_thread_blocked, id=15152, stack(0x0000002b70100000,0x0000002b70200000) (1024K)]
Total: 44

Other Threads:
  0x000001936f2bfbc0 VMThread "VM Thread"                           [id=17808, stack(0x0000002b6cb00000,0x0000002b6cc00000) (1024K)]
  0x000001936f0aca00 WatcherThread "VM Periodic Task Thread"        [id=10304, stack(0x0000002b6ca00000,0x0000002b6cb00000) (1024K)]
  0x000001936f23c5a0 WorkerThread "GC Thread#0"                     [id=14400, stack(0x0000002b6c900000,0x0000002b6ca00000) (1024K)]
  0x000001937d6202b0 WorkerThread "GC Thread#1"                     [id=13668, stack(0x0000002b6d800000,0x0000002b6d900000) (1024K)]
  0x000001937d3b7bc0 WorkerThread "GC Thread#2"                     [id=2444, stack(0x0000002b6d900000,0x0000002b6da00000) (1024K)]
  0x000001937d3b7f60 WorkerThread "GC Thread#3"                     [id=20396, stack(0x0000002b6da00000,0x0000002b6db00000) (1024K)]
  0x000001937d3b8300 WorkerThread "GC Thread#4"                     [id=20660, stack(0x0000002b6db00000,0x0000002b6dc00000) (1024K)]
  0x000001937d5a6fe0 WorkerThread "GC Thread#5"                     [id=11412, stack(0x0000002b6dc00000,0x0000002b6dd00000) (1024K)]
  0x000001937d5a7380 WorkerThread "GC Thread#6"                     [id=13336, stack(0x0000002b6dd00000,0x0000002b6de00000) (1024K)]
  0x000001937d9484f0 WorkerThread "GC Thread#7"                     [id=12892, stack(0x0000002b6df00000,0x0000002b6e000000) (1024K)]
Total: 10

Threads with active compile tasks:
C2 CompilerThread0  25093 6489       4       java.lang.String::regionMatches (150 bytes)
Total: 1

VM state: not at safepoint (normal execution)

VM Mutex/Monitor currently owned by a thread: None

Heap address: 0x0000000080000000, size: 2048 MB, Compressed Oops mode: 32-bit

CDS archive(s) mapped at: [0x000001930f000000-0x000001930fba0000-0x000001930fba0000), size 12189696, SharedBaseAddress: 0x000001930f000000, ArchiveRelocationMode: 1.
Compressed class space mapped at: 0x0000019310000000-0x0000019350000000, reserved size: 1073741824
Narrow klass base: 0x000001930f000000, Narrow klass shift: 0, Narrow klass range: 0x100000000

GC Precious Log:
 CardTable entry size: 512
 CPUs: 8 total, 8 available
 Memory: 7555M
 Large Page Support: Disabled
 NUMA Support: Disabled
 Compressed Oops: Enabled (32-bit)
 Alignments: Space 512K, Generation 512K, Heap 2M
 Heap Min Capacity: 100M
 Heap Initial Capacity: 100M
 Heap Max Capacity: 2G
 Pre-touch: Disabled
 Parallel Workers: 8

Heap:
 PSYoungGen      total 18944K, used 4942K [0x00000000d5580000, 0x00000000d6b80000, 0x0000000100000000)
  eden space 17408K, 26% used [0x00000000d5580000,0x00000000d59f3870,0x00000000d6680000)
  from space 1536K, 25% used [0x00000000d6900000,0x00000000d6960000,0x00000000d6a80000)
  to   space 1024K, 0% used [0x00000000d6a80000,0x00000000d6a80000,0x00000000d6b80000)
 ParOldGen       total 68608K, used 31626K [0x0000000080000000, 0x0000000084300000, 0x00000000d5580000)
  object space 68608K, 46% used [0x0000000080000000,0x0000000081ee2900,0x0000000084300000)
 Metaspace       used 50112K, committed 51392K, reserved 1114112K
  class space    used 5526K, committed 6080K, reserved 1048576K

Card table byte_map: [0x000001936ebc0000,0x000001936efd0000] _byte_map_base: 0x000001936e7c0000

Marking Bits: (ParMarkBitMap*) 0x00007ffee10fa340
 Begin Bits: [0x00000193726c0000, 0x00000193746c0000)
 End Bits:   [0x00000193746c0000, 0x00000193766c0000)

Polling page: 0x000001936e910000

Metaspace:

Usage:
  Non-class:     43.54 MB used.
      Class:      5.40 MB used.
       Both:     48.94 MB used.

Virtual space:
  Non-class space:       64.00 MB reserved,      44.25 MB ( 69%) committed,  1 nodes.
      Class space:        1.00 GB reserved,       5.94 MB ( <1%) committed,  1 nodes.
             Both:        1.06 GB reserved,      50.19 MB (  5%) committed. 

Chunk freelists:
   Non-Class:  3.00 MB
       Class:  10.09 MB
        Both:  13.09 MB

MaxMetaspaceSize: unlimited
CompressedClassSpaceSize: 1.00 GB
Initial GC threshold: 21.00 MB
Current GC threshold: 58.38 MB
CDS: on
 - commit_granule_bytes: 65536.
 - commit_granule_words: 8192.
 - virtual_space_node_default_size: 8388608.
 - enlarge_chunks_in_place: 1.
 - use_allocation_guard: 0.


Internal statistics:

num_allocs_failed_limit: 6.
num_arena_births: 986.
num_arena_deaths: 14.
num_vsnodes_births: 2.
num_vsnodes_deaths: 0.
num_space_committed: 803.
num_space_uncommitted: 0.
num_chunks_returned_to_freelist: 20.
num_chunks_taken_from_freelist: 3331.
num_chunk_merges: 12.
num_chunk_splits: 2034.
num_chunks_enlarged: 1122.
num_inconsistent_stats: 0.

CodeHeap 'non-profiled nmethods': size=120000Kb used=3233Kb max_used=3233Kb free=116766Kb
 bounds [0x0000019307ad0000, 0x0000019307e00000, 0x000001930f000000]
CodeHeap 'profiled nmethods': size=120000Kb used=12050Kb max_used=12050Kb free=107949Kb
 bounds [0x0000019300000000, 0x0000019300bd0000, 0x0000019307530000]
CodeHeap 'non-nmethods': size=5760Kb used=1391Kb max_used=1471Kb free=4369Kb
 bounds [0x0000019307530000, 0x00000193077a0000, 0x0000019307ad0000]
CodeCache: size=245760Kb, used=16674Kb, max_used=16754Kb, free=229084Kb
 total_blobs=6596, nmethods=5904, adapters=598, full_count=0
Compilation: enabled, stopped_count=0, restarted_count=0

Compilation events (20 events):
Event: 21.868 Thread 0x000001936f19dd80 nmethod 6479 0x0000019300bb5c90 code [0x0000019300bb5e40, 0x0000019300bb6018]
Event: 21.868 Thread 0x000001936f19dd80 6480       3       java.util.IdentityHashMap$KeySet::iterator (12 bytes)
Event: 21.868 Thread 0x000001936f19dd80 nmethod 6480 0x0000019300bb6110 code [0x0000019300bb62c0, 0x0000019300bb64d0]
Event: 21.868 Thread 0x000001936f19dd80 6481       3       java.util.IdentityHashMap$KeyIterator::<init> (6 bytes)
Event: 21.868 Thread 0x000001936f19dd80 nmethod 6481 0x0000019300bb6610 code [0x0000019300bb67c0, 0x0000019300bb68f8]
Event: 21.938 Thread 0x000001936f19dd80 6482   !   3       lombok.launch.ShadowClassLoader::getOrMakeJarListing (193 bytes)
Event: 21.940 Thread 0x000001936f19dd80 nmethod 6482 0x0000019300bb6990 code [0x0000019300bb6cc0, 0x0000019300bb8088]
Event: 21.948 Thread 0x000001936f19dd80 6483   !   3       lombok.launch.ShadowClassLoader::getResourceFromLocation (243 bytes)
Event: 21.960 Thread 0x000001936f19dd80 nmethod 6483 0x0000019300bb8810 code [0x0000019300bb8ec0, 0x0000019300bbbe30]
Event: 21.962 Thread 0x000001936f19dd80 6484       3       lombok.launch.ShadowClassLoader::toSclResourceName (54 bytes)
Event: 21.963 Thread 0x000001936f19dd80 nmethod 6484 0x0000019300bbd210 code [0x0000019300bbd4a0, 0x0000019300bbdcc8]
Event: 21.979 Thread 0x000001936f19dd80 6485       3       sun.net.www.protocol.file.FileURLConnection::<init> (38 bytes)
Event: 21.980 Thread 0x000001936f19dd80 nmethod 6485 0x0000019300bbe090 code [0x0000019300bbe260, 0x0000019300bbe648]
Event: 21.986 Thread 0x000001936f19f1c0 6486       4       java.lang.ref.ReferenceQueue::poll0 (65 bytes)
Event: 21.989 Thread 0x000001936f19f1c0 nmethod 6486 0x0000019307df8110 code [0x0000019307df82a0, 0x0000019307df83c8]
Event: 22.002 Thread 0x000001936f19dd80 6487       3       jdk.internal.org.objectweb.asm.SymbolTable::hash (12 bytes)
Event: 22.002 Thread 0x000001936f19dd80 nmethod 6487 0x0000019300bbe810 code [0x0000019300bbe9c0, 0x0000019300bbeaf8]
Event: 22.002 Thread 0x000001936f19dd80 6488       3       jdk.internal.org.objectweb.asm.SymbolTable::addUninitializedType (103 bytes)
Event: 22.003 Thread 0x000001936f19dd80 nmethod 6488 0x0000019300bbec10 code [0x0000019300bbee20, 0x0000019300bbf3b0]
Event: 22.020 Thread 0x000001936f19f1c0 6489       4       java.lang.String::regionMatches (150 bytes)

GC Heap History (20 events):
Event: 11.643 GC heap before
{Heap before GC invocations=14 (full 1):
 PSYoungGen      total 23040K, used 15205K [0x00000000d5580000, 0x00000000d7280000, 0x0000000100000000)
  eden space 22016K, 64% used [0x00000000d5580000,0x00000000d63610e8,0x00000000d6b00000)
  from space 1024K, 97% used [0x00000000d7180000,0x00000000d7278638,0x00000000d7280000)
  to   space 3072K, 0% used [0x00000000d6c80000,0x00000000d6c80000,0x00000000d6f80000)
 ParOldGen       total 68608K, used 17292K [0x0000000080000000, 0x0000000084300000, 0x00000000d5580000)
  object space 68608K, 25% used [0x0000000080000000,0x00000000810e30b8,0x0000000084300000)
 Metaspace       used 34773K, committed 35840K, reserved 1114112K
  class space    used 3635K, committed 4160K, reserved 1048576K
}
Event: 11.647 GC heap after
{Heap after GC invocations=14 (full 1):
 PSYoungGen      total 25088K, used 832K [0x00000000d5580000, 0x00000000d7200000, 0x0000000100000000)
  eden space 22016K, 0% used [0x00000000d5580000,0x00000000d5580000,0x00000000d6b00000)
  from space 3072K, 27% used [0x00000000d6c80000,0x00000000d6d50160,0x00000000d6f80000)
  to   space 1536K, 0% used [0x00000000d7080000,0x00000000d7080000,0x00000000d7200000)
 ParOldGen       total 68608K, used 18265K [0x0000000080000000, 0x0000000084300000, 0x00000000d5580000)
  object space 68608K, 26% used [0x0000000080000000,0x00000000811d65a8,0x0000000084300000)
 Metaspace       used 34773K, committed 35840K, reserved 1114112K
  class space    used 3635K, committed 4160K, reserved 1048576K
}
Event: 11.647 GC heap before
{Heap before GC invocations=15 (full 2):
 PSYoungGen      total 25088K, used 832K [0x00000000d5580000, 0x00000000d7200000, 0x0000000100000000)
  eden space 22016K, 0% used [0x00000000d5580000,0x00000000d5580000,0x00000000d6b00000)
  from space 3072K, 27% used [0x00000000d6c80000,0x00000000d6d50160,0x00000000d6f80000)
  to   space 1536K, 0% used [0x00000000d7080000,0x00000000d7080000,0x00000000d7200000)
 ParOldGen       total 68608K, used 18265K [0x0000000080000000, 0x0000000084300000, 0x00000000d5580000)
  object space 68608K, 26% used [0x0000000080000000,0x00000000811d65a8,0x0000000084300000)
 Metaspace       used 34773K, committed 35840K, reserved 1114112K
  class space    used 3635K, committed 4160K, reserved 1048576K
}
Event: 11.716 GC heap after
{Heap after GC invocations=15 (full 2):
 PSYoungGen      total 25088K, used 0K [0x00000000d5580000, 0x00000000d7200000, 0x0000000100000000)
  eden space 22016K, 0% used [0x00000000d5580000,0x00000000d5580000,0x00000000d6b00000)
  from space 3072K, 0% used [0x00000000d6c80000,0x00000000d6c80000,0x00000000d6f80000)
  to   space 1536K, 0% used [0x00000000d7080000,0x00000000d7080000,0x00000000d7200000)
 ParOldGen       total 68608K, used 18133K [0x0000000080000000, 0x0000000084300000, 0x00000000d5580000)
  object space 68608K, 26% used [0x0000000080000000,0x00000000811b5450,0x0000000084300000)
 Metaspace       used 34773K, committed 35840K, reserved 1114112K
  class space    used 3635K, committed 4160K, reserved 1048576K
}
Event: 12.091 GC heap before
{Heap before GC invocations=16 (full 2):
 PSYoungGen      total 25088K, used 22016K [0x00000000d5580000, 0x00000000d7200000, 0x0000000100000000)
  eden space 22016K, 100% used [0x00000000d5580000,0x00000000d6b00000,0x00000000d6b00000)
  from space 3072K, 0% used [0x00000000d6c80000,0x00000000d6c80000,0x00000000d6f80000)
  to   space 1536K, 0% used [0x00000000d7080000,0x00000000d7080000,0x00000000d7200000)
 ParOldGen       total 68608K, used 18133K [0x0000000080000000, 0x0000000084300000, 0x00000000d5580000)
  object space 68608K, 26% used [0x0000000080000000,0x00000000811b5450,0x0000000084300000)
 Metaspace       used 36873K, committed 38016K, reserved 1114112K
  class space    used 3905K, committed 4416K, reserved 1048576K
}
Event: 12.094 GC heap after
{Heap after GC invocations=16 (full 2):
 PSYoungGen      total 23552K, used 1536K [0x00000000d5580000, 0x00000000d7200000, 0x0000000100000000)
  eden space 22016K, 0% used [0x00000000d5580000,0x00000000d5580000,0x00000000d6b00000)
  from space 1536K, 100% used [0x00000000d7080000,0x00000000d7200000,0x00000000d7200000)
  to   space 2560K, 0% used [0x00000000d6d00000,0x00000000d6d00000,0x00000000d6f80000)
 ParOldGen       total 68608K, used 18589K [0x0000000080000000, 0x0000000084300000, 0x00000000d5580000)
  object space 68608K, 27% used [0x0000000080000000,0x0000000081227450,0x0000000084300000)
 Metaspace       used 36873K, committed 38016K, reserved 1114112K
  class space    used 3905K, committed 4416K, reserved 1048576K
}
Event: 12.515 GC heap before
{Heap before GC invocations=17 (full 2):
 PSYoungGen      total 23552K, used 23552K [0x00000000d5580000, 0x00000000d7200000, 0x0000000100000000)
  eden space 22016K, 100% used [0x00000000d5580000,0x00000000d6b00000,0x00000000d6b00000)
  from space 1536K, 100% used [0x00000000d7080000,0x00000000d7200000,0x00000000d7200000)
  to   space 2560K, 0% used [0x00000000d6d00000,0x00000000d6d00000,0x00000000d6f80000)
 ParOldGen       total 68608K, used 18589K [0x0000000080000000, 0x0000000084300000, 0x00000000d5580000)
  object space 68608K, 27% used [0x0000000080000000,0x0000000081227450,0x0000000084300000)
 Metaspace       used 38976K, committed 40192K, reserved 1114112K
  class space    used 4173K, committed 4736K, reserved 1048576K
}
Event: 12.520 GC heap after
{Heap after GC invocations=17 (full 2):
 PSYoungGen      total 24576K, used 1184K [0x00000000d5580000, 0x00000000d7100000, 0x0000000100000000)
  eden space 22016K, 0% used [0x00000000d5580000,0x00000000d5580000,0x00000000d6b00000)
  from space 2560K, 46% used [0x00000000d6d00000,0x00000000d6e28000,0x00000000d6f80000)
  to   space 1536K, 0% used [0x00000000d6f80000,0x00000000d6f80000,0x00000000d7100000)
 ParOldGen       total 68608K, used 19979K [0x0000000080000000, 0x0000000084300000, 0x00000000d5580000)
  object space 68608K, 29% used [0x0000000080000000,0x0000000081382db0,0x0000000084300000)
 Metaspace       used 38976K, committed 40192K, reserved 1114112K
  class space    used 4173K, committed 4736K, reserved 1048576K
}
Event: 13.193 GC heap before
{Heap before GC invocations=18 (full 2):
 PSYoungGen      total 24576K, used 23200K [0x00000000d5580000, 0x00000000d7100000, 0x0000000100000000)
  eden space 22016K, 100% used [0x00000000d5580000,0x00000000d6b00000,0x00000000d6b00000)
  from space 2560K, 46% used [0x00000000d6d00000,0x00000000d6e28000,0x00000000d6f80000)
  to   space 1536K, 0% used [0x00000000d6f80000,0x00000000d6f80000,0x00000000d7100000)
 ParOldGen       total 68608K, used 19979K [0x0000000080000000, 0x0000000084300000, 0x00000000d5580000)
  object space 68608K, 29% used [0x0000000080000000,0x0000000081382db0,0x0000000084300000)
 Metaspace       used 40687K, committed 41856K, reserved 1114112K
  class space    used 4372K, committed 4928K, reserved 1048576K
}
Event: 13.202 GC heap after
{Heap after GC invocations=18 (full 2):
 PSYoungGen      total 18944K, used 1527K [0x00000000d5580000, 0x00000000d7d00000, 0x0000000100000000)
  eden space 17408K, 0% used [0x00000000d5580000,0x00000000d5580000,0x00000000d6680000)
  from space 1536K, 99% used [0x00000000d6f80000,0x00000000d70fde80,0x00000000d7100000)
  to   space 9216K, 0% used [0x00000000d6680000,0x00000000d6680000,0x00000000d6f80000)
 ParOldGen       total 68608K, used 26188K [0x0000000080000000, 0x0000000084300000, 0x00000000d5580000)
  object space 68608K, 38% used [0x0000000080000000,0x00000000819933a0,0x0000000084300000)
 Metaspace       used 40687K, committed 41856K, reserved 1114112K
  class space    used 4372K, committed 4928K, reserved 1048576K
}
Event: 13.799 GC heap before
{Heap before GC invocations=19 (full 2):
 PSYoungGen      total 18944K, used 18935K [0x00000000d5580000, 0x00000000d7d00000, 0x0000000100000000)
  eden space 17408K, 100% used [0x00000000d5580000,0x00000000d6680000,0x00000000d6680000)
  from space 1536K, 99% used [0x00000000d6f80000,0x00000000d70fde80,0x00000000d7100000)
  to   space 9216K, 0% used [0x00000000d6680000,0x00000000d6680000,0x00000000d6f80000)
 ParOldGen       total 68608K, used 26188K [0x0000000080000000, 0x0000000084300000, 0x00000000d5580000)
  object space 68608K, 38% used [0x0000000080000000,0x00000000819933a0,0x0000000084300000)
 Metaspace       used 42774K, committed 43968K, reserved 1114112K
  class space    used 4628K, committed 5184K, reserved 1048576K
}
Event: 13.804 GC heap after
{Heap after GC invocations=19 (full 2):
 PSYoungGen      total 18944K, used 1264K [0x00000000d5580000, 0x00000000d7000000, 0x0000000100000000)
  eden space 17408K, 0% used [0x00000000d5580000,0x00000000d5580000,0x00000000d6680000)
  from space 1536K, 82% used [0x00000000d6680000,0x00000000d67bc010,0x00000000d6800000)
  to   space 4096K, 0% used [0x00000000d6c00000,0x00000000d6c00000,0x00000000d7000000)
 ParOldGen       total 68608K, used 27673K [0x0000000080000000, 0x0000000084300000, 0x00000000d5580000)
  object space 68608K, 40% used [0x0000000080000000,0x0000000081b06648,0x0000000084300000)
 Metaspace       used 42774K, committed 43968K, reserved 1114112K
  class space    used 4628K, committed 5184K, reserved 1048576K
}
Event: 14.998 GC heap before
{Heap before GC invocations=20 (full 2):
 PSYoungGen      total 18944K, used 18672K [0x00000000d5580000, 0x00000000d7000000, 0x0000000100000000)
  eden space 17408K, 100% used [0x00000000d5580000,0x00000000d6680000,0x00000000d6680000)
  from space 1536K, 82% used [0x00000000d6680000,0x00000000d67bc010,0x00000000d6800000)
  to   space 4096K, 0% used [0x00000000d6c00000,0x00000000d6c00000,0x00000000d7000000)
 ParOldGen       total 68608K, used 27673K [0x0000000080000000, 0x0000000084300000, 0x00000000d5580000)
  object space 68608K, 40% used [0x0000000080000000,0x0000000081b06648,0x0000000084300000)
 Metaspace       used 44752K, committed 46080K, reserved 1114112K
  class space    used 4903K, committed 5504K, reserved 1048576K
}
Event: 15.005 GC heap after
{Heap after GC invocations=20 (full 2):
 PSYoungGen      total 18944K, used 1120K [0x00000000d5580000, 0x00000000d6d80000, 0x0000000100000000)
  eden space 17408K, 0% used [0x00000000d5580000,0x00000000d5580000,0x00000000d6680000)
  from space 1536K, 72% used [0x00000000d6c00000,0x00000000d6d18000,0x00000000d6d80000)
  to   space 2048K, 0% used [0x00000000d6980000,0x00000000d6980000,0x00000000d6b80000)
 ParOldGen       total 68608K, used 28789K [0x0000000080000000, 0x0000000084300000, 0x00000000d5580000)
  object space 68608K, 41% used [0x0000000080000000,0x0000000081c1d558,0x0000000084300000)
 Metaspace       used 44752K, committed 46080K, reserved 1114112K
  class space    used 4903K, committed 5504K, reserved 1048576K
}
Event: 16.472 GC heap before
{Heap before GC invocations=21 (full 2):
 PSYoungGen      total 18944K, used 18527K [0x00000000d5580000, 0x00000000d6d80000, 0x0000000100000000)
  eden space 17408K, 99% used [0x00000000d5580000,0x00000000d667ffe8,0x00000000d6680000)
  from space 1536K, 72% used [0x00000000d6c00000,0x00000000d6d18000,0x00000000d6d80000)
  to   space 2048K, 0% used [0x00000000d6980000,0x00000000d6980000,0x00000000d6b80000)
 ParOldGen       total 68608K, used 28789K [0x0000000080000000, 0x0000000084300000, 0x00000000d5580000)
  object space 68608K, 41% used [0x0000000080000000,0x0000000081c1d558,0x0000000084300000)
 Metaspace       used 46930K, committed 48192K, reserved 1114112K
  class space    used 5135K, committed 5696K, reserved 1048576K
}
Event: 16.478 GC heap after
{Heap after GC invocations=21 (full 2):
 PSYoungGen      total 18944K, used 1201K [0x00000000d5580000, 0x00000000d6c80000, 0x0000000100000000)
  eden space 17408K, 0% used [0x00000000d5580000,0x00000000d5580000,0x00000000d6680000)
  from space 1536K, 78% used [0x00000000d6980000,0x00000000d6aac798,0x00000000d6b00000)
  to   space 1536K, 0% used [0x00000000d6b00000,0x00000000d6b00000,0x00000000d6c80000)
 ParOldGen       total 68608K, used 29737K [0x0000000080000000, 0x0000000084300000, 0x00000000d5580000)
  object space 68608K, 43% used [0x0000000080000000,0x0000000081d0a568,0x0000000084300000)
 Metaspace       used 46930K, committed 48192K, reserved 1114112K
  class space    used 5135K, committed 5696K, reserved 1048576K
}
Event: 17.864 GC heap before
{Heap before GC invocations=22 (full 2):
 PSYoungGen      total 18944K, used 18565K [0x00000000d5580000, 0x00000000d6c80000, 0x0000000100000000)
  eden space 17408K, 99% used [0x00000000d5580000,0x00000000d6674f98,0x00000000d6680000)
  from space 1536K, 78% used [0x00000000d6980000,0x00000000d6aac798,0x00000000d6b00000)
  to   space 1536K, 0% used [0x00000000d6b00000,0x00000000d6b00000,0x00000000d6c80000)
 ParOldGen       total 68608K, used 29737K [0x0000000080000000, 0x0000000084300000, 0x00000000d5580000)
  object space 68608K, 43% used [0x0000000080000000,0x0000000081d0a568,0x0000000084300000)
 Metaspace       used 49209K, committed 50496K, reserved 1114112K
  class space    used 5409K, committed 5952K, reserved 1048576K
}
Event: 17.870 GC heap after
{Heap after GC invocations=22 (full 2):
 PSYoungGen      total 18432K, used 999K [0x00000000d5580000, 0x00000000d6c00000, 0x0000000100000000)
  eden space 17408K, 0% used [0x00000000d5580000,0x00000000d5580000,0x00000000d6680000)
  from space 1024K, 97% used [0x00000000d6b00000,0x00000000d6bf9c80,0x00000000d6c00000)
  to   space 1536K, 0% used [0x00000000d6900000,0x00000000d6900000,0x00000000d6a80000)
 ParOldGen       total 68608K, used 30755K [0x0000000080000000, 0x0000000084300000, 0x00000000d5580000)
  object space 68608K, 44% used [0x0000000080000000,0x0000000081e08e00,0x0000000084300000)
 Metaspace       used 49209K, committed 50496K, reserved 1114112K
  class space    used 5409K, committed 5952K, reserved 1048576K
}
Event: 21.951 GC heap before
{Heap before GC invocations=23 (full 2):
 PSYoungGen      total 18432K, used 18380K [0x00000000d5580000, 0x00000000d6c00000, 0x0000000100000000)
  eden space 17408K, 99% used [0x00000000d5580000,0x00000000d66793e0,0x00000000d6680000)
  from space 1024K, 97% used [0x00000000d6b00000,0x00000000d6bf9c80,0x00000000d6c00000)
  to   space 1536K, 0% used [0x00000000d6900000,0x00000000d6900000,0x00000000d6a80000)
 ParOldGen       total 68608K, used 30755K [0x0000000080000000, 0x0000000084300000, 0x00000000d5580000)
  object space 68608K, 44% used [0x0000000080000000,0x0000000081e08e00,0x0000000084300000)
 Metaspace       used 49969K, committed 51328K, reserved 1114112K
  class space    used 5501K, committed 6080K, reserved 1048576K
}
Event: 21.954 GC heap after
{Heap after GC invocations=23 (full 2):
 PSYoungGen      total 18944K, used 384K [0x00000000d5580000, 0x00000000d6b80000, 0x0000000100000000)
  eden space 17408K, 0% used [0x00000000d5580000,0x00000000d5580000,0x00000000d6680000)
  from space 1536K, 25% used [0x00000000d6900000,0x00000000d6960000,0x00000000d6a80000)
  to   space 1024K, 0% used [0x00000000d6a80000,0x00000000d6a80000,0x00000000d6b80000)
 ParOldGen       total 68608K, used 31626K [0x0000000080000000, 0x0000000084300000, 0x00000000d5580000)
  object space 68608K, 46% used [0x0000000080000000,0x0000000081ee2900,0x0000000084300000)
 Metaspace       used 49969K, committed 51328K, reserved 1114112K
  class space    used 5501K, committed 6080K, reserved 1048576K
}

Dll operation events (10 events):
Event: 0.029 Loaded shared library c:\Users\Dorian\.vscode\extensions\redhat.java-1.47.0-win32-x64\jre\21.0.8-win32-x86_64\bin\java.dll
Event: 0.307 Loaded shared library c:\Users\Dorian\.vscode\extensions\redhat.java-1.47.0-win32-x64\jre\21.0.8-win32-x86_64\bin\zip.dll
Event: 0.392 Loaded shared library C:\Users\Dorian\.vscode\extensions\redhat.java-1.47.0-win32-x64\jre\21.0.8-win32-x86_64\bin\instrument.dll
Event: 0.404 Loaded shared library C:\Users\Dorian\.vscode\extensions\redhat.java-1.47.0-win32-x64\jre\21.0.8-win32-x86_64\bin\net.dll
Event: 0.410 Loaded shared library C:\Users\Dorian\.vscode\extensions\redhat.java-1.47.0-win32-x64\jre\21.0.8-win32-x86_64\bin\nio.dll
Event: 0.420 Loaded shared library C:\Users\Dorian\.vscode\extensions\redhat.java-1.47.0-win32-x64\jre\21.0.8-win32-x86_64\bin\zip.dll
Event: 0.488 Loaded shared library C:\Users\Dorian\.vscode\extensions\redhat.java-1.47.0-win32-x64\jre\21.0.8-win32-x86_64\bin\jimage.dll
Event: 0.750 Loaded shared library c:\Users\Dorian\.vscode\extensions\redhat.java-1.47.0-win32-x64\jre\21.0.8-win32-x86_64\bin\verify.dll
Event: 3.904 Loaded shared library C:\Users\Dorian\AppData\Roaming\Code\User\globalStorage\redhat.java\1.47.0\config_win\org.eclipse.equinox.launcher\org.eclipse.equinox.launcher.win32.win32.x86_64_1.2.1400.v20250801-0854\eclipse_11916.dll
Event: 7.430 Loaded shared library C:\Users\Dorian\AppData\Local\Temp\jna-2052793295\jna6860121376562342667.dll

Deoptimization events (20 events):
Event: 17.078 Thread 0x000001937f280d60 DEOPT PACKING pc=0x000001930003dba6 sp=0x0000002b6fafd6b0
Event: 17.078 Thread 0x000001937f280d60 DEOPT UNPACKING pc=0x0000019307584242 sp=0x0000002b6fafcba0 mode 0
Event: 17.079 Thread 0x000001937f280d60 DEOPT PACKING pc=0x000001930003dba6 sp=0x0000002b6fafd6b0
Event: 17.079 Thread 0x000001937f280d60 DEOPT UNPACKING pc=0x0000019307584242 sp=0x0000002b6fafcba0 mode 0
Event: 17.080 Thread 0x000001937f280d60 DEOPT PACKING pc=0x000001930003dba6 sp=0x0000002b6fafd6b0
Event: 17.080 Thread 0x000001937f280d60 DEOPT UNPACKING pc=0x0000019307584242 sp=0x0000002b6fafcba0 mode 0
Event: 17.082 Thread 0x000001937f280d60 DEOPT PACKING pc=0x000001930003dba6 sp=0x0000002b6fafd6b0
Event: 17.082 Thread 0x000001937f280d60 DEOPT UNPACKING pc=0x0000019307584242 sp=0x0000002b6fafcba0 mode 0
Event: 17.482 Thread 0x000001937f280d60 DEOPT PACKING pc=0x0000019300543386 sp=0x0000002b6fafd4a0
Event: 17.482 Thread 0x000001937f280d60 DEOPT UNPACKING pc=0x0000019307584242 sp=0x0000002b6fafc988 mode 0
Event: 17.482 Thread 0x000001937f280d60 DEOPT PACKING pc=0x000001930003dba6 sp=0x0000002b6fafd490
Event: 17.483 Thread 0x000001937f280d60 DEOPT UNPACKING pc=0x0000019307584242 sp=0x0000002b6fafc980 mode 0
Event: 17.998 Thread 0x000001937f280d60 DEOPT PACKING pc=0x00000193000a22f8 sp=0x0000002b6fafcc10
Event: 17.998 Thread 0x000001937f280d60 DEOPT UNPACKING pc=0x0000019307584242 sp=0x0000002b6fafc0f8 mode 0
Event: 18.248 Thread 0x000001937f280d60 DEOPT PACKING pc=0x000001930084950d sp=0x0000002b6fafc630
Event: 18.248 Thread 0x000001937f280d60 DEOPT UNPACKING pc=0x0000019307584242 sp=0x0000002b6fafbae0 mode 0
Event: 18.327 Thread 0x000001937f280d60 DEOPT PACKING pc=0x000001930084950d sp=0x0000002b6faf8d30
Event: 18.327 Thread 0x000001937f280d60 DEOPT UNPACKING pc=0x0000019307584242 sp=0x0000002b6faf81e0 mode 0
Event: 20.139 Thread 0x000001937f280d60 DEOPT PACKING pc=0x000001930023e27b sp=0x0000002b6fafb4d0
Event: 20.139 Thread 0x000001937f280d60 DEOPT UNPACKING pc=0x0000019307584242 sp=0x0000002b6fafaa08 mode 0

Classes loaded (20 events):
Event: 16.020 Loading class sun/nio/fs/WindowsFileSystem$2
Event: 16.020 Loading class java/nio/file/PathMatcher
Event: 16.020 Loading class java/nio/file/PathMatcher done
Event: 16.020 Loading class sun/nio/fs/WindowsFileSystem$2 done
Event: 16.031 Loading class java/nio/file/FileVisitResult
Event: 16.032 Loading class java/nio/file/FileVisitResult done
Event: 16.261 Loading class java/util/regex/PatternSyntaxException
Event: 16.261 Loading class java/util/regex/PatternSyntaxException done
Event: 16.451 Loading class java/util/Collections$SynchronizedRandomAccessList
Event: 16.452 Loading class java/util/Collections$SynchronizedList
Event: 16.453 Loading class java/util/Collections$SynchronizedList done
Event: 16.453 Loading class java/util/Collections$SynchronizedRandomAccessList done
Event: 16.505 Loading class java/util/concurrent/CompletableFuture$Signaller
Event: 16.506 Loading class java/util/concurrent/CompletableFuture$Signaller done
Event: 16.696 Loading class java/nio/file/InvalidPathException
Event: 16.696 Loading class java/nio/file/InvalidPathException done
Event: 17.757 Loading class java/lang/Runtime$VersionPattern
Event: 17.757 Loading class java/lang/Runtime$VersionPattern done
Event: 20.056 Loading class java/util/Vector$1
Event: 20.057 Loading class java/util/Vector$1 done

Classes unloaded (7 events):
Event: 8.993 Thread 0x000001936f2bfbc0 Unloading class 0x00000193101b1400 'java/lang/invoke/LambdaForm$MH+0x00000193101b1400'
Event: 8.993 Thread 0x000001936f2bfbc0 Unloading class 0x00000193101b1000 'java/lang/invoke/LambdaForm$MH+0x00000193101b1000'
Event: 8.993 Thread 0x000001936f2bfbc0 Unloading class 0x00000193101b0c00 'java/lang/invoke/LambdaForm$MH+0x00000193101b0c00'
Event: 8.993 Thread 0x000001936f2bfbc0 Unloading class 0x00000193101b0800 'java/lang/invoke/LambdaForm$MH+0x00000193101b0800'
Event: 8.993 Thread 0x000001936f2bfbc0 Unloading class 0x00000193101b0400 'java/lang/invoke/LambdaForm$BMH+0x00000193101b0400'
Event: 8.993 Thread 0x000001936f2bfbc0 Unloading class 0x00000193101b0000 'java/lang/invoke/LambdaForm$DMH+0x00000193101b0000'
Event: 8.993 Thread 0x000001936f2bfbc0 Unloading class 0x00000193101aec00 'java/lang/invoke/LambdaForm$DMH+0x00000193101aec00'

Classes redefined (0 events):
No events

Internal exceptions (20 events):
Event: 16.177 Thread 0x000001937d766870 Exception <a 'sun/nio/fs/WindowsException'{0x00000000d632f258}> (0x00000000d632f258) 
thrown [s\src\hotspot\share\prims\jni.cpp, line 520]
Event: 16.177 Thread 0x000001937d766870 Exception <a 'sun/nio/fs/WindowsException'{0x00000000d632f8d8}> (0x00000000d632f8d8) 
thrown [s\src\hotspot\share\prims\jni.cpp, line 520]
Event: 16.177 Thread 0x000001937d766870 Exception <a 'sun/nio/fs/WindowsException'{0x00000000d63301c8}> (0x00000000d63301c8) 
thrown [s\src\hotspot\share\prims\jni.cpp, line 520]
Event: 16.180 Thread 0x000001937d766870 Exception <a 'sun/nio/fs/WindowsException'{0x00000000d6333b48}> (0x00000000d6333b48) 
thrown [s\src\hotspot\share\prims\jni.cpp, line 520]
Event: 16.180 Thread 0x000001937d766870 Exception <a 'sun/nio/fs/WindowsException'{0x00000000d63341c8}> (0x00000000d63341c8) 
thrown [s\src\hotspot\share\prims\jni.cpp, line 520]
Event: 16.181 Thread 0x000001937d766870 Exception <a 'sun/nio/fs/WindowsException'{0x00000000d6334848}> (0x00000000d6334848) 
thrown [s\src\hotspot\share\prims\jni.cpp, line 520]
Event: 16.181 Thread 0x000001937d766870 Exception <a 'sun/nio/fs/WindowsException'{0x00000000d6334ee0}> (0x00000000d6334ee0) 
thrown [s\src\hotspot\share\prims\jni.cpp, line 520]
Event: 16.182 Thread 0x000001937d766870 Exception <a 'sun/nio/fs/WindowsException'{0x00000000d6338b18}> (0x00000000d6338b18) 
thrown [s\src\hotspot\share\prims\jni.cpp, line 520]
Event: 16.183 Thread 0x000001937d766870 Exception <a 'sun/nio/fs/WindowsException'{0x00000000d6339178}> (0x00000000d6339178) 
thrown [s\src\hotspot\share\prims\jni.cpp, line 520]
Event: 16.183 Thread 0x000001937d766870 Exception <a 'sun/nio/fs/WindowsException'{0x00000000d6339a30}> (0x00000000d6339a30) 
thrown [s\src\hotspot\share\prims\jni.cpp, line 520]
Event: 16.183 Thread 0x000001937d766870 Exception <a 'sun/nio/fs/WindowsException'{0x00000000d633a0b0}> (0x00000000d633a0b0) 
thrown [s\src\hotspot\share\prims\jni.cpp, line 520]
Event: 16.185 Thread 0x000001937d766870 Exception <a 'sun/nio/fs/WindowsException'{0x00000000d633d9a8}> (0x00000000d633d9a8) 
thrown [s\src\hotspot\share\prims\jni.cpp, line 520]
Event: 16.185 Thread 0x000001937d766870 Exception <a 'sun/nio/fs/WindowsException'{0x00000000d633e038}> (0x00000000d633e038) 
thrown [s\src\hotspot\share\prims\jni.cpp, line 520]
Event: 16.185 Thread 0x000001937d766870 Exception <a 'sun/nio/fs/WindowsException'{0x00000000d633e6c8}> (0x00000000d633e6c8) 
thrown [s\src\hotspot\share\prims\jni.cpp, line 520]
Event: 16.185 Thread 0x000001937d766870 Exception <a 'sun/nio/fs/WindowsException'{0x00000000d633ed78}> (0x00000000d633ed78) 
thrown [s\src\hotspot\share\prims\jni.cpp, line 520]
Event: 16.187 Thread 0x000001937d766870 Exception <a 'sun/nio/fs/WindowsException'{0x00000000d63429f0}> (0x00000000d63429f0) 
thrown [s\src\hotspot\share\prims\jni.cpp, line 520]
Event: 16.188 Thread 0x000001937d766870 Exception <a 'sun/nio/fs/WindowsException'{0x00000000d63433a8}> (0x00000000d63433a8) 
thrown [s\src\hotspot\share\prims\jni.cpp, line 520]
Event: 16.188 Thread 0x000001937d766870 Exception <a 'sun/nio/fs/WindowsException'{0x00000000d6343a98}> (0x00000000d6343a98) 
thrown [s\src\hotspot\share\prims\jni.cpp, line 520]
Event: 16.188 Thread 0x000001937d766870 Exception <a 'sun/nio/fs/WindowsException'{0x00000000d63441a8}> (0x00000000d63441a8) 
thrown [s\src\hotspot\share\prims\jni.cpp, line 520]
Event: 16.367 Thread 0x000001937f280d60 Exception <a 'java/lang/IncompatibleClassChangeError'{0x00000000d5a59ea0}: Found class java.lang.Object, but interface was expected> (0x00000000d5a59ea0) 
thrown [s\src\hotspot\share\interpreter\linkResolver.cpp, line 840]

ZGC Phase Switch (0 events):
No events

VM Operations (20 events):
Event: 16.253 Executing VM operation: HandshakeAllThreads (Deoptimize)
Event: 16.253 Executing VM operation: HandshakeAllThreads (Deoptimize) done
Event: 16.253 Executing VM operation: Cleanup
Event: 16.253 Executing VM operation: Cleanup done
Event: 16.439 Executing VM operation: HandshakeAllThreads (Deoptimize)
Event: 16.439 Executing VM operation: HandshakeAllThreads (Deoptimize) done
Event: 16.441 Executing VM operation: HandshakeAllThreads (Deoptimize)
Event: 16.442 Executing VM operation: HandshakeAllThreads (Deoptimize) done
Event: 16.472 Executing VM operation: ParallelGCFailedAllocation (Allocation Failure)
Event: 16.478 Executing VM operation: ParallelGCFailedAllocation (Allocation Failure) done
Event: 17.478 Executing VM operation: Cleanup
Event: 17.480 Executing VM operation: Cleanup done
Event: 17.864 Executing VM operation: ParallelGCFailedAllocation (Allocation Failure)
Event: 17.870 Executing VM operation: ParallelGCFailedAllocation (Allocation Failure) done
Event: 19.870 Executing VM operation: Cleanup
Event: 19.880 Executing VM operation: Cleanup done
Event: 20.880 Executing VM operation: Cleanup
Event: 21.864 Executing VM operation: Cleanup done
Event: 21.951 Executing VM operation: ParallelGCFailedAllocation (Allocation Failure)
Event: 21.955 Executing VM operation: ParallelGCFailedAllocation (Allocation Failure) done

Memory protections (0 events):
No events

Nmethod flushes (20 events):
Event: 11.681 Thread 0x000001936f2bfbc0 flushing  nmethod 0x000001930061b610
Event: 11.681 Thread 0x000001936f2bfbc0 flushing  nmethod 0x000001930061bf10
Event: 11.681 Thread 0x000001936f2bfbc0 flushing  nmethod 0x000001930061d110
Event: 11.681 Thread 0x000001936f2bfbc0 flushing  nmethod 0x000001930061de90
Event: 11.681 Thread 0x000001936f2bfbc0 flushing  nmethod 0x0000019300620b10
Event: 11.681 Thread 0x000001936f2bfbc0 flushing  nmethod 0x0000019300621910
Event: 11.681 Thread 0x000001936f2bfbc0 flushing  nmethod 0x0000019300622610
Event: 11.681 Thread 0x000001936f2bfbc0 flushing  nmethod 0x0000019300623290
Event: 11.681 Thread 0x000001936f2bfbc0 flushing  nmethod 0x0000019300623c10
Event: 11.681 Thread 0x000001936f2bfbc0 flushing  nmethod 0x0000019300624c10
Event: 11.681 Thread 0x000001936f2bfbc0 flushing  nmethod 0x0000019300673990
Event: 11.681 Thread 0x000001936f2bfbc0 flushing  nmethod 0x0000019300673c90
Event: 11.681 Thread 0x000001936f2bfbc0 flushing  nmethod 0x00000193006bc910
Event: 11.681 Thread 0x000001936f2bfbc0 flushing  nmethod 0x00000193006c2810
Event: 11.681 Thread 0x000001936f2bfbc0 flushing  nmethod 0x00000193006e1690
Event: 11.681 Thread 0x000001936f2bfbc0 flushing  nmethod 0x00000193006f4890
Event: 11.681 Thread 0x000001936f2bfbc0 flushing  nmethod 0x00000193006f5210
Event: 11.681 Thread 0x000001936f2bfbc0 flushing  nmethod 0x0000019300732990
Event: 11.681 Thread 0x000001936f2bfbc0 flushing  nmethod 0x0000019300732e10
Event: 11.681 Thread 0x000001936f2bfbc0 flushing  nmethod 0x0000019300737a10

Events (20 events):
Event: 11.739 Thread 0x000001936ced8ef0 Thread added: 0x0000019350579900
Event: 11.739 Thread 0x000001936ced8ef0 Thread added: 0x000001935057acb0
Event: 11.740 Thread 0x000001936ced8ef0 Thread added: 0x0000019350577ec0
Event: 11.740 Thread 0x000001936ced8ef0 Thread added: 0x000001935057b340
Event: 11.741 Thread 0x000001936ced8ef0 Thread added: 0x0000019350578550
Event: 11.741 Thread 0x000001936ced8ef0 Thread added: 0x0000019350578be0
Event: 11.811 Thread 0x000001936ced8ef0 Thread added: 0x000001937f281a80
Event: 12.416 Thread 0x000001936ced8ef0 Thread added: 0x000001937f2806d0
Event: 12.416 Thread 0x000001936ced8ef0 Thread added: 0x000001937f280d60
Event: 12.892 Thread 0x000001937d768940 Thread added: 0x000001937f2813f0
Event: 12.894 Thread 0x000001937f2813f0 Thread added: 0x000001937f282110
Event: 12.898 Thread 0x000001937f282110 Thread added: 0x000001937f280040
Event: 12.899 Thread 0x000001937f280040 Thread added: 0x000001937f2827a0
Event: 12.901 Thread 0x000001937f2827a0 Thread added: 0x000001937f282e30
Event: 12.915 Thread 0x000001937f282e30 Thread added: 0x000001937f27f9b0
Event: 12.933 Thread 0x000001937f27f9b0 Thread added: 0x000001937f2834c0
Event: 17.459 Thread 0x000001937d7260d0 Thread exited: 0x000001937d7260d0
Event: 17.459 Thread 0x000001937e50e910 Thread exited: 0x000001937e50e910
Event: 17.873 Thread 0x000001936f19dd80 Thread added: 0x000001935195e740
Event: 18.684 Thread 0x000001935195e740 Thread exited: 0x000001935195e740


Dynamic libraries:
0x00007ff65a6b0000 - 0x00007ff65a6be000 	c:\Users\Dorian\.vscode\extensions\redhat.java-1.47.0-win32-x64\jre\21.0.8-win32-x86_64\bin\java.exe
0x00007fff5cf80000 - 0x00007fff5d1e8000 	C:\WINDOWS\SYSTEM32\ntdll.dll
0x00007fff5b000000 - 0x00007fff5b0c9000 	C:\WINDOWS\System32\KERNEL32.DLL
0x00007fff5a920000 - 0x00007fff5ad18000 	C:\WINDOWS\System32\KERNELBASE.dll
0x00007fff5a3d0000 - 0x00007fff5a51b000 	C:\WINDOWS\System32\ucrtbase.dll
0x00007fff48910000 - 0x00007fff48928000 	c:\Users\Dorian\.vscode\extensions\redhat.java-1.47.0-win32-x64\jre\21.0.8-win32-x86_64\bin\jli.dll
0x00007fff47f70000 - 0x00007fff47f8e000 	c:\Users\Dorian\.vscode\extensions\redhat.java-1.47.0-win32-x64\jre\21.0.8-win32-x86_64\bin\VCRUNTIME140.dll
0x00007fff5cc70000 - 0x00007fff5ce37000 	C:\WINDOWS\System32\USER32.dll
0x00007fff5a0d0000 - 0x00007fff5a0f7000 	C:\WINDOWS\System32\win32u.dll
0x00007fff436f0000 - 0x00007fff43984000 	C:\WINDOWS\WinSxS\amd64_microsoft.windows.common-controls_6595b64144ccf1df_6.0.26100.7019_none_3e06ffa0e335b8a8\COMCTL32.dll
0x00007fff5c990000 - 0x00007fff5ca39000 	C:\WINDOWS\System32\msvcrt.dll
0x00007fff5c200000 - 0x00007fff5c22b000 	C:\WINDOWS\System32\GDI32.dll
0x00007fff5a7f0000 - 0x00007fff5a91c000 	C:\WINDOWS\System32\gdi32full.dll
0x00007fff5a270000 - 0x00007fff5a313000 	C:\WINDOWS\System32\msvcp_win.dll
0x00007fff5afc0000 - 0x00007fff5aff1000 	C:\WINDOWS\System32\IMM32.DLL
0x00007fff501e0000 - 0x00007fff501ec000 	c:\Users\Dorian\.vscode\extensions\redhat.java-1.47.0-win32-x64\jre\21.0.8-win32-x86_64\bin\vcruntime140_1.dll
0x00007fff2f1d0000 - 0x00007fff2f25d000 	c:\Users\Dorian\.vscode\extensions\redhat.java-1.47.0-win32-x64\jre\21.0.8-win32-x86_64\bin\msvcp140.dll
0x00007ffee0440000 - 0x00007ffee11d7000 	c:\Users\Dorian\.vscode\extensions\redhat.java-1.47.0-win32-x64\jre\21.0.8-win32-x86_64\bin\server\jvm.dll
0x00007fff5cb00000 - 0x00007fff5cbb4000 	C:\WINDOWS\System32\ADVAPI32.dll
0x00007fff5ca40000 - 0x00007fff5cae6000 	C:\WINDOWS\System32\sechost.dll
0x00007fff5beb0000 - 0x00007fff5bfc8000 	C:\WINDOWS\System32\RPCRT4.dll
0x00007fff5ad20000 - 0x00007fff5ad94000 	C:\WINDOWS\System32\WS2_32.dll
0x00007fff59f50000 - 0x00007fff59fae000 	C:\WINDOWS\SYSTEM32\POWRPROF.dll
0x00007fff439a0000 - 0x00007fff439d5000 	C:\WINDOWS\SYSTEM32\WINMM.dll
0x00007fff48ba0000 - 0x00007fff48bab000 	C:\WINDOWS\SYSTEM32\VERSION.dll
0x00007fff59f30000 - 0x00007fff59f44000 	C:\WINDOWS\SYSTEM32\UMPDC.dll
0x00007fff58e90000 - 0x00007fff58eab000 	C:\WINDOWS\SYSTEM32\kernel.appcore.dll
0x00007fff4dd20000 - 0x00007fff4dd2a000 	c:\Users\Dorian\.vscode\extensions\redhat.java-1.47.0-win32-x64\jre\21.0.8-win32-x86_64\bin\jimage.dll
0x00007fff57a00000 - 0x00007fff57c42000 	C:\WINDOWS\SYSTEM32\DBGHELP.DLL
0x00007fff5b1c0000 - 0x00007fff5b54b000 	C:\WINDOWS\System32\combase.dll
0x00007fff5bdb0000 - 0x00007fff5be87000 	C:\WINDOWS\System32\OLEAUT32.dll
0x00007fff41f80000 - 0x00007fff41fbc000 	C:\WINDOWS\SYSTEM32\dbgcore.DLL
0x00007fff5a320000 - 0x00007fff5a3c5000 	C:\WINDOWS\System32\bcryptPrimitives.dll
0x00007fff4b090000 - 0x00007fff4b09f000 	c:\Users\Dorian\.vscode\extensions\redhat.java-1.47.0-win32-x64\jre\21.0.8-win32-x86_64\bin\instrument.dll
0x00007fff37cb0000 - 0x00007fff37ccf000 	c:\Users\Dorian\.vscode\extensions\redhat.java-1.47.0-win32-x64\jre\21.0.8-win32-x86_64\bin\java.dll
0x00007fff5c230000 - 0x00007fff5c981000 	C:\WINDOWS\System32\SHELL32.dll
0x00007fff5a100000 - 0x00007fff5a26b000 	C:\WINDOWS\System32\wintypes.dll
0x00007fff57d30000 - 0x00007fff5858d000 	C:\WINDOWS\SYSTEM32\windows.storage.dll
0x00007fff5ce40000 - 0x00007fff5cf32000 	C:\WINDOWS\System32\SHCORE.dll
0x00007fff5b150000 - 0x00007fff5b1b7000 	C:\WINDOWS\System32\shlwapi.dll
0x00007fff59ff0000 - 0x00007fff5a019000 	C:\WINDOWS\SYSTEM32\profapi.dll
0x00007fff36fb0000 - 0x00007fff36fc8000 	c:\Users\Dorian\.vscode\extensions\redhat.java-1.47.0-win32-x64\jre\21.0.8-win32-x86_64\bin\zip.dll
0x00007fff4acd0000 - 0x00007fff4ace0000 	C:\Users\Dorian\.vscode\extensions\redhat.java-1.47.0-win32-x64\jre\21.0.8-win32-x86_64\bin\net.dll
0x00007fff4de50000 - 0x00007fff4df78000 	C:\WINDOWS\SYSTEM32\WINHTTP.dll
0x00007fff59400000 - 0x00007fff5946b000 	C:\WINDOWS\system32\mswsock.dll
0x00007fff36c40000 - 0x00007fff36c56000 	C:\Users\Dorian\.vscode\extensions\redhat.java-1.47.0-win32-x64\jre\21.0.8-win32-x86_64\bin\nio.dll
0x00007fff4a000000 - 0x00007fff4a010000 	c:\Users\Dorian\.vscode\extensions\redhat.java-1.47.0-win32-x64\jre\21.0.8-win32-x86_64\bin\verify.dll
0x00007fff32d90000 - 0x00007fff32dd4000 	C:\Users\Dorian\AppData\Roaming\Code\User\globalStorage\redhat.java\1.47.0\config_win\org.eclipse.equinox.launcher\org.eclipse.equinox.launcher.win32.win32.x86_64_1.2.1400.v20250801-0854\eclipse_11916.dll
0x00007fff5c060000 - 0x00007fff5c1f7000 	C:\WINDOWS\System32\ole32.dll
0x00007fff596c0000 - 0x00007fff596db000 	C:\WINDOWS\SYSTEM32\CRYPTSP.dll
0x00007fff58df0000 - 0x00007fff58e2a000 	C:\WINDOWS\system32\rsaenh.dll
0x00007fff594b0000 - 0x00007fff594db000 	C:\WINDOWS\SYSTEM32\USERENV.dll
0x00007fff59fc0000 - 0x00007fff59fea000 	C:\WINDOWS\SYSTEM32\bcrypt.dll
0x00007fff596e0000 - 0x00007fff596ec000 	C:\WINDOWS\SYSTEM32\CRYPTBASE.dll
0x00007fff588a0000 - 0x00007fff588d4000 	C:\WINDOWS\SYSTEM32\IPHLPAPI.DLL
0x00007fff5caf0000 - 0x00007fff5cafa000 	C:\WINDOWS\System32\NSI.dll
0x00007fff2f3a0000 - 0x00007fff2f3e9000 	C:\Users\Dorian\AppData\Local\Temp\jna-2052793295\jna6860121376562342667.dll
0x00007fff5adb0000 - 0x00007fff5adb8000 	C:\WINDOWS\System32\PSAPI.DLL
0x00007fff4e080000 - 0x00007fff4e09e000 	C:\WINDOWS\SYSTEM32\dhcpcsvc6.DLL
0x00007fff4ab80000 - 0x00007fff4aba3000 	C:\WINDOWS\SYSTEM32\dhcpcsvc.DLL

JVMTI agents:
c:\Users\Dorian\.vscode\extensions\redhat.java-1.47.0-win32-x64\lombok\lombok-1.18.39-4050.jar path:c:\Users\Dorian\.vscode\extensions\redhat.java-1.47.0-win32-x64\jre\21.0.8-win32-x86_64\bin\instrument.dll, loaded, initialized, instrumentlib options:none

dbghelp: loaded successfully - version: 4.0.5 - missing functions: none
symbol engine: initialized successfully - sym options: 0x614 - pdb path: .;c:\Users\Dorian\.vscode\extensions\redhat.java-1.47.0-win32-x64\jre\21.0.8-win32-x86_64\bin;C:\WINDOWS\SYSTEM32;C:\WINDOWS\WinSxS\amd64_microsoft.windows.common-controls_6595b64144ccf1df_6.0.26100.7019_none_3e06ffa0e335b8a8;c:\Users\Dorian\.vscode\extensions\redhat.java-1.47.0-win32-x64\jre\21.0.8-win32-x86_64\bin\server;C:\Users\Dorian\AppData\Roaming\Code\User\globalStorage\redhat.java\1.47.0\config_win\org.eclipse.equinox.launcher\org.eclipse.equinox.launcher.win32.win32.x86_64_1.2.1400.v20250801-0854;C:\Users\Dorian\AppData\Local\Temp\jna-2052793295

VM Arguments:
jvm_args: --add-modules=ALL-SYSTEM --add-opens=java.base/java.util=ALL-UNNAMED --add-opens=java.base/java.lang=ALL-UNNAMED --add-opens=java.base/sun.nio.fs=ALL-UNNAMED -Declipse.application=org.eclipse.jdt.ls.core.id1 -Dosgi.bundles.defaultStartLevel=4 -Declipse.product=org.eclipse.jdt.ls.core.product -Djava.import.generatesMetadataFilesAtProjectRoot=false -DDetectVMInstallationsJob.disabled=true -Dfile.encoding=utf8 -XX:+UseParallelGC -XX:GCTimeRatio=4 -XX:AdaptiveSizePolicyWeight=90 -Dsun.zip.disableMemoryMapping=true -Xmx2G -Xms100m -Xlog:disable -javaagent:c:\Users\Dorian\.vscode\extensions\redhat.java-1.47.0-win32-x64\lombok\lombok-1.18.39-4050.jar -XX:+HeapDumpOnOutOfMemoryError -XX:HeapDumpPath=c:\Users\Dorian\AppData\Roaming\Code\User\workspaceStorage\2e54c20b31e2f00811d0ee3cb5a815c0\redhat.java -Daether.dependencyCollector.impl=bf 
java_command: c:\Users\Dorian\.vscode\extensions\redhat.java-1.47.0-win32-x64\server\plugins\org.eclipse.equinox.launcher_1.7.100.v20251014-1222.jar -configuration c:\Users\Dorian\AppData\Roaming\Code\User\globalStorage\redhat.java\1.47.0\config_win -data c:\Users\Dorian\AppData\Roaming\Code\User\workspaceStorage\2e54c20b31e2f00811d0ee3cb5a815c0\redhat.java\jdt_ws --pipe=\\.\pipe\lsp-e1316141b1f704b68b954dee07190e7e-sock
java_class_path (initial): c:\Users\Dorian\.vscode\extensions\redhat.java-1.47.0-win32-x64\server\plugins\org.eclipse.equinox.launcher_1.7.100.v20251014-1222.jar
Launcher Type: SUN_STANDARD

[Global flags]
    uintx AdaptiveSizePolicyWeight                 = 90                                        {product} {command line}
     intx CICompilerCount                          = 4                                         {product} {ergonomic}
    uintx GCTimeRatio                              = 4                                         {product} {command line}
     bool HeapDumpOnOutOfMemoryError               = true                                   {manageable} {command line}
    ccstr HeapDumpPath                             = c:\Users\Dorian\AppData\Roaming\Code\User\workspaceStorage\2e54c20b31e2f00811d0ee3cb5a815c0\redhat.java         {manageable} {command line}
   size_t InitialHeapSize                          = 104857600                                 {product} {command line}
   size_t MaxHeapSize                              = 2147483648                                {product} {command line}
   size_t MaxNewSize                               = 715653120                                 {product} {ergonomic}
   size_t MinHeapDeltaBytes                        = 524288                                    {product} {ergonomic}
   size_t MinHeapSize                              = 104857600                                 {product} {command line}
   size_t NewSize                                  = 34603008                                  {product} {ergonomic}
    uintx NonNMethodCodeHeapSize                   = 5839372                                {pd product} {ergonomic}
    uintx NonProfiledCodeHeapSize                  = 122909434                              {pd product} {ergonomic}
   size_t OldSize                                  = 70254592                                  {product} {ergonomic}
    uintx ProfiledCodeHeapSize                     = 122909434                              {pd product} {ergonomic}
    uintx ReservedCodeCacheSize                    = 251658240                              {pd product} {ergonomic}
     bool SegmentedCodeCache                       = true                                      {product} {ergonomic}
   size_t SoftMaxHeapSize                          = 2147483648                             {manageable} {ergonomic}
     bool UseCompressedOops                        = true                           {product lp64_product} {ergonomic}
     bool UseLargePagesIndividualAllocation        = false                                  {pd product} {ergonomic}
     bool UseParallelGC                            = true                                      {product} {command line}

Logging:
Log output configuration:
 #0: stdout all=off uptime,level,tags foldmultilines=false
 #1: stderr all=off uptime,level,tags foldmultilines=false

Environment Variables:
JAVA_HOME=C:\Program Files\Java\jdk-1.8
PATH=C:\Program Files (x86)\Common Files\Oracle\Java\java8path;C:\Program Files (x86)\Common Files\Oracle\Java\javapath;C:\WINDOWS\system32;C:\WINDOWS;C:\WINDOWS\System32\Wbem;C:\WINDOWS\System32\WindowsPowerShell\v1.0\;C:\WINDOWS\System32\OpenSSH\;C:\Program Files\Microsoft SQL Server\Client SDK\ODBC\170\Tools\Binn\;C:\Program Files (x86)\Microsoft SQL Server\150\Tools\Binn\;C:\Program Files\Microsoft SQL Server\150\Tools\Binn\;C:\Program Files\Microsoft SQL Server\150\DTS\Binn\;C:\Program Files\Azure Data Studio\bin;C:\Program Files\Microsoft SQL Server\120\Tools\Binn\;C:\Program Files\Microsoft SQL Server\130\Tools\Binn\;C:\Program Files (x86)\QuickTime\QTSystem\;C:\Program Files\Git\cmd;C:\Program Files\dotnet\;C:\Program Files\nodejs\;C:\ProgramData\chocolatey\bin;C:\Users\Dorian\AppData\Local\Microsoft\WindowsApps;C:\Program Files\Azure Data Studio\bin;C:\Program Files\MySQL\MySQL Server 5.7\bin;C:\Program Files\apache-maven-3.9.9\bin;C:\Program Files\Java\jdk-1.8\bin;;D:\IntelliJ IDEA Community Edition 2025.1.1.1\bin;;C:\Users\Dorian\.dotnet\tools;C:\Users\Dorian\AppData\Local\Programs\Microsoft VS Code\bin;C:\Users\Dorian\AppData\Roaming\npm
USERNAME=Dorian
OS=Windows_NT
PROCESSOR_IDENTIFIER=Intel64 Family 6 Model 142 Stepping 10, GenuineIntel
TMP=C:\Users\Dorian\AppData\Local\Temp
TEMP=C:\Users\Dorian\AppData\Local\Temp




Periodic native trim disabled

---------------  S Y S T E M  ---------------

OS:
 Windows 11 , 64 bit Build 26100 (10.0.26100.7019)
OS uptime: 4 days 11:15 hours

CPU: total 8 (initial active 8) (4 cores per cpu, 2 threads per core) family 6 model 142 stepping 10 microcode 0xf6, cx8, cmov, fxsr, ht, mmx, 3dnowpref, sse, sse2, sse3, ssse3, sse4.1, sse4.2, popcnt, lzcnt, tsc, tscinvbit, avx, avx2, aes, erms, clmul, bmi1, bmi2, adx, fma, vzeroupper, clflush, clflushopt, rdtscp, f16c
Processor Information for the first 8 processors :
  Max Mhz: 1992, Current Mhz: 1792, Mhz Limit: 1792

Memory: 4k page, system-wide physical 7555M (843M free)
TotalPageFile size 11651M (AvailPageFile size 0M)
current process WorkingSet (physical memory assigned to process): 197M, peak: 239M
current process commit charge ("private bytes"): 308M, peak: 350M

vm_info: OpenJDK 64-Bit Server VM (21.0.8+9-LTS) for windows-amd64 JRE (21.0.8+9-LTS), built on 2025-07-15T00:00:00Z by "admin" with MS VC++ 17.7 (VS2022)

END.
