#
# There is insufficient memory for the Java Runtime Environment to continue.
# Native memory allocation (malloc) failed to allocate 1785856 bytes for Chunk::new
# Possible reasons:
#   The system is out of physical RAM or swap space
#   The process is running with CompressedOops enabled, and the Java Heap may be blocking the growth of the native heap
# Possible solutions:
#   Reduce memory load on the system
#   Increase physical memory or swap space
#   Check if swap backing store is full
#   Decrease Java heap size (-Xmx/-Xms)
#   Decrease number of Java threads
#   Decrease Java thread stack sizes (-Xss)
#   Set larger code cache with -XX:ReservedCodeCacheSize=
#   JVM is running with Unscaled Compressed Oops mode in which the Java heap is
#     placed in the first 4GB address space. The Java Heap base address is the
#     maximum limit for the native heap growth. Please use -XX:HeapBaseMinAddress
#     to set the Java Heap base and to place the Java Heap above 4GB virtual address.
# This output file may be truncated or incomplete.
#
#  Out of Memory Error (allocation.cpp:389), pid=8720, tid=0x0000000000001404
#
# JRE version: Java(TM) SE Runtime Environment (8.0_431) (build 1.8.0_431-b10)
# Java VM: Java HotSpot(TM) 64-Bit Server VM (25.431-b10 mixed mode windows-amd64 compressed oops)
# Failed to write core dump. Minidumps are not enabled by default on client versions of Windows
#

---------------  T H R E A D  ---------------

Current thread (0x0000016b8017d800):  JavaThread "C2 CompilerThread0" daemon [_thread_in_native, id=5124, stack(0x0000006550f00000,0x0000006551000000)]

Stack: [0x0000006550f00000,0x0000006551000000]
Native frames: (J=compiled Java code, j=interpreted, Vv=VM code, C=native code)
V  [jvm.dll+0x34ba89]
V  [jvm.dll+0x288e12]
V  [jvm.dll+0x2899e0]
V  [jvm.dll+0x27dc65]
V  [jvm.dll+0xd9d8c]
V  [jvm.dll+0xda71c]
V  [jvm.dll+0x4952bc]
V  [jvm.dll+0x458855]
V  [jvm.dll+0x461b0f]
V  [jvm.dll+0x460f02]
V  [jvm.dll+0x44abac]
V  [jvm.dll+0xaf385]
V  [jvm.dll+0xada9f]
V  [jvm.dll+0x24e539]
V  [jvm.dll+0x2a595c]
C  [ucrtbase.dll+0x37b0]
C  [KERNEL32.DLL+0x2e8d7]
C  [ntdll.dll+0x3c34c]


Current CompileTask:
C2:   5078 1942   !   4       java.net.URLClassLoader$1::run (81 bytes)


---------------  P R O C E S S  ---------------

Java Threads: ( => current thread )
  0x0000016b801fd800 JavaThread "Service Thread" daemon [_thread_blocked, id=18976, stack(0x0000006551300000,0x0000006551400000)]
  0x0000016b801f2000 JavaThread "C1 CompilerThread3" daemon [_thread_in_native, id=12504, stack(0x0000006551200000,0x0000006551300000)]
  0x0000016b801d9000 JavaThread "C2 CompilerThread2" daemon [_thread_in_native, id=21536, stack(0x0000006551100000,0x0000006551200000)]
  0x0000016b801d0000 JavaThread "C2 CompilerThread1" daemon [_thread_blocked, id=6244, stack(0x0000006551000000,0x0000006551100000)]
=>0x0000016b8017d800 JavaThread "C2 CompilerThread0" daemon [_thread_in_native, id=5124, stack(0x0000006550f00000,0x0000006551000000)]
  0x0000016b8017c000 JavaThread "Attach Listener" daemon [_thread_blocked, id=11648, stack(0x0000006550e00000,0x0000006550f00000)]
  0x0000016b8017a800 JavaThread "Signal Dispatcher" daemon [_thread_blocked, id=3248, stack(0x0000006550d00000,0x0000006550e00000)]
  0x0000016b80152000 JavaThread "Finalizer" daemon [_thread_blocked, id=2904, stack(0x0000006550c00000,0x0000006550d00000)]
  0x0000016b8014a000 JavaThread "Reference Handler" daemon [_thread_blocked, id=15232, stack(0x0000006550b00000,0x0000006550c00000)]
  0x0000016be977c000 JavaThread "main" [_thread_in_native, id=8900, stack(0x0000006550100000,0x0000006550200000)]

Other Threads:
  0x0000016b80125800 VMThread [stack: 0x0000006550a00000,0x0000006550b00000] [id=17492]
  0x0000016b8159f000 WatcherThread [stack: 0x0000006551400000,0x0000006551500000] [id=12224]

VM state:not at safepoint (normal execution)

VM Mutex/Monitor currently owned by a thread: None

heap address: 0x0000000089e00000, size: 1890 MB, Compressed Oops mode: 32-bit
Narrow klass base: 0x0000000000000000, Narrow klass shift: 3
Compressed class space size: 1073741824 Address: 0x0000000100000000

Heap:
 PSYoungGen      total 35840K, used 21754K [0x00000000d8a00000, 0x00000000db200000, 0x0000000100000000)
  eden space 30720K, 54% used [0x00000000d8a00000,0x00000000d9a46878,0x00000000da800000)
  from space 5120K, 99% used [0x00000000da800000,0x00000000dacf8088,0x00000000dad00000)
  to   space 5120K, 0% used [0x00000000dad00000,0x00000000dad00000,0x00000000db200000)
 ParOldGen       total 81920K, used 5393K [0x0000000089e00000, 0x000000008ee00000, 0x00000000d8a00000)
  object space 81920K, 6% used [0x0000000089e00000,0x000000008a344470,0x000000008ee00000)
 Metaspace       used 19148K, capacity 19714K, committed 19840K, reserved 1067008K
  class space    used 2424K, capacity 2585K, committed 2688K, reserved 1048576K

Card table byte_map: [0x0000016bfa650000,0x0000016bfaa10000] byte_map_base: 0x0000016bfa201000

Marking Bits: (ParMarkBitMap*) 0x00007ff8618d0200
 Begin Bits: [0x0000016bfac90000, 0x0000016bfca18000)
 End Bits:   [0x0000016bfca18000, 0x0000016bfe7a0000)

Polling page: 0x0000016be99c0000

CodeCache: size=245760Kb used=7432Kb max_used=7432Kb free=238327Kb
 bounds [0x0000016beb290000, 0x0000016beb9e0000, 0x0000016bfa290000]
 total_blobs=2665 nmethods=2274 adapters=302
 compilation: enabled

Compilation events (10 events):
Event: 4.709 Thread 0x0000016b801f2000 2259       3       java.lang.ClassValue$Entry::isPromise (14 bytes)
Event: 4.709 Thread 0x0000016b801f2000 nmethod 2259 0x0000016beb9b88d0 code [0x0000016beb9b8a20, 0x0000016beb9b8bd8]
Event: 4.712 Thread 0x0000016b801f2000 2260       3       org.fusesource.jansi.io.AnsiOutputStream::write (898 bytes)
Event: 4.724 Thread 0x0000016b801f2000 nmethod 2260 0x0000016beb9b8c50 code [0x0000016beb9b93c0, 0x0000016beb9be320]
Event: 4.724 Thread 0x0000016b801f2000 2261       3       org.fusesource.jansi.io.FastBufferedOutputStream::write (35 bytes)
Event: 4.725 Thread 0x0000016b801f2000 nmethod 2261 0x0000016beb9c1310 code [0x0000016beb9c1480, 0x0000016beb9c17d0]
Event: 4.727 Thread 0x0000016b801f2000 2263       3       java.util.Collections$UnmodifiableMap$UnmodifiableEntrySet$1::hasNext (10 bytes)
Event: 4.728 Thread 0x0000016b801f2000 nmethod 2263 0x0000016beb9c1950 code [0x0000016beb9c1ac0, 0x0000016beb9c1cf0]
Event: 4.728 Thread 0x0000016b801f2000 2264       3       java.util.Collections$UnmodifiableMap$UnmodifiableEntrySet$1::next (5 bytes)
Event: 4.728 Thread 0x0000016b801f2000 nmethod 2264 0x0000016beb9c1d90 code [0x0000016beb9c1f40, 0x0000016beb9c2560]

GC Heap History (6 events):
Event: 1.988 GC heap before
{Heap before GC invocations=1 (full 0):
 PSYoungGen      total 35840K, used 30720K [0x00000000d8a00000, 0x00000000db200000, 0x0000000100000000)
  eden space 30720K, 100% used [0x00000000d8a00000,0x00000000da800000,0x00000000da800000)
  from space 5120K, 0% used [0x00000000dad00000,0x00000000dad00000,0x00000000db200000)
  to   space 5120K, 0% used [0x00000000da800000,0x00000000da800000,0x00000000dad00000)
 ParOldGen       total 81920K, used 0K [0x0000000089e00000, 0x000000008ee00000, 0x00000000d8a00000)
  object space 81920K, 0% used [0x0000000089e00000,0x0000000089e00000,0x000000008ee00000)
 Metaspace       used 10173K, capacity 10414K, committed 10624K, reserved 1058816K
  class space    used 1260K, capacity 1369K, committed 1408K, reserved 1048576K
Event: 2.000 GC heap after
Heap after GC invocations=1 (full 0):
 PSYoungGen      total 35840K, used 5107K [0x00000000d8a00000, 0x00000000db200000, 0x0000000100000000)
  eden space 30720K, 0% used [0x00000000d8a00000,0x00000000d8a00000,0x00000000da800000)
  from space 5120K, 99% used [0x00000000da800000,0x00000000dacfcef0,0x00000000dad00000)
  to   space 5120K, 0% used [0x00000000dad00000,0x00000000dad00000,0x00000000db200000)
 ParOldGen       total 81920K, used 756K [0x0000000089e00000, 0x000000008ee00000, 0x00000000d8a00000)
  object space 81920K, 0% used [0x0000000089e00000,0x0000000089ebd2f8,0x000000008ee00000)
 Metaspace       used 10173K, capacity 10414K, committed 10624K, reserved 1058816K
  class space    used 1260K, capacity 1369K, committed 1408K, reserved 1048576K
}
Event: 2.745 GC heap before
{Heap before GC invocations=2 (full 0):
 PSYoungGen      total 35840K, used 35827K [0x00000000d8a00000, 0x00000000db200000, 0x0000000100000000)
  eden space 30720K, 100% used [0x00000000d8a00000,0x00000000da800000,0x00000000da800000)
  from space 5120K, 99% used [0x00000000da800000,0x00000000dacfcef0,0x00000000dad00000)
  to   space 5120K, 0% used [0x00000000dad00000,0x00000000dad00000,0x00000000db200000)
 ParOldGen       total 81920K, used 756K [0x0000000089e00000, 0x000000008ee00000, 0x00000000d8a00000)
  object space 81920K, 0% used [0x0000000089e00000,0x0000000089ebd2f8,0x000000008ee00000)
 Metaspace       used 12466K, capacity 12774K, committed 13056K, reserved 1060864K
  class space    used 1541K, capacity 1672K, committed 1792K, reserved 1048576K
Event: 2.756 GC heap after
Heap after GC invocations=2 (full 0):
 PSYoungGen      total 35840K, used 5105K [0x00000000d8a00000, 0x00000000db200000, 0x0000000100000000)
  eden space 30720K, 0% used [0x00000000d8a00000,0x00000000d8a00000,0x00000000da800000)
  from space 5120K, 99% used [0x00000000dad00000,0x00000000db1fc788,0x00000000db200000)
  to   space 5120K, 0% used [0x00000000da800000,0x00000000da800000,0x00000000dad00000)
 ParOldGen       total 81920K, used 2538K [0x0000000089e00000, 0x000000008ee00000, 0x00000000d8a00000)
  object space 81920K, 3% used [0x0000000089e00000,0x000000008a07ab50,0x000000008ee00000)
 Metaspace       used 12466K, capacity 12774K, committed 13056K, reserved 1060864K
  class space    used 1541K, capacity 1672K, committed 1792K, reserved 1048576K
}
Event: 3.848 GC heap before
{Heap before GC invocations=3 (full 0):
 PSYoungGen      total 35840K, used 35825K [0x00000000d8a00000, 0x00000000db200000, 0x0000000100000000)
  eden space 30720K, 100% used [0x00000000d8a00000,0x00000000da800000,0x00000000da800000)
  from space 5120K, 99% used [0x00000000dad00000,0x00000000db1fc788,0x00000000db200000)
  to   space 5120K, 0% used [0x00000000da800000,0x00000000da800000,0x00000000dad00000)
 ParOldGen       total 81920K, used 2538K [0x0000000089e00000, 0x000000008ee00000, 0x00000000d8a00000)
  object space 81920K, 3% used [0x0000000089e00000,0x000000008a07ab50,0x000000008ee00000)
 Metaspace       used 16346K, capacity 16708K, committed 16896K, reserved 1064960K
  class space    used 2070K, capacity 2242K, committed 2304K, reserved 1048576K
Event: 3.860 GC heap after
Heap after GC invocations=3 (full 0):
 PSYoungGen      total 35840K, used 5088K [0x00000000d8a00000, 0x00000000db200000, 0x0000000100000000)
  eden space 30720K, 0% used [0x00000000d8a00000,0x00000000d8a00000,0x00000000da800000)
  from space 5120K, 99% used [0x00000000da800000,0x00000000dacf8088,0x00000000dad00000)
  to   space 5120K, 0% used [0x00000000dad00000,0x00000000dad00000,0x00000000db200000)
 ParOldGen       total 81920K, used 5393K [0x0000000089e00000, 0x000000008ee00000, 0x00000000d8a00000)
  object space 81920K, 6% used [0x0000000089e00000,0x000000008a344470,0x000000008ee00000)
 Metaspace       used 16346K, capacity 16708K, committed 16896K, reserved 1064960K
  class space    used 2070K, capacity 2242K, committed 2304K, reserved 1048576K
}

Deoptimization events (10 events):
Event: 3.284 Thread 0x0000016be977c000 Uncommon trap: reason=array_check action=maybe_recompile pc=0x0000016beb7a6b4c method=java.util.stream.Nodes$FixedNodeBuilder.accept(Ljava/lang/Object;)V @ 28
Event: 3.284 Thread 0x0000016be977c000 Uncommon trap: reason=array_check action=maybe_recompile pc=0x0000016beb7a6b4c method=java.util.stream.Nodes$FixedNodeBuilder.accept(Ljava/lang/Object;)V @ 28
Event: 3.497 Thread 0x0000016be977c000 Uncommon trap: reason=unstable_if action=reinterpret pc=0x0000016beb635ea0 method=java.lang.ClassLoader.checkName(Ljava/lang/String;)Z @ 1
Event: 4.270 Thread 0x0000016be977c000 Uncommon trap: reason=unstable_if action=reinterpret pc=0x0000016beb9345a4 method=org.eclipse.sisu.inject.InjectorBindings.isAssignableFrom(Lcom/google/inject/TypeLiteral;Lcom/google/inject/Binding;)Z @ 15
Event: 4.302 Thread 0x0000016be977c000 Uncommon trap: reason=unstable_if action=reinterpret pc=0x0000016beb5e9848 method=sun.nio.cs.StreamDecoder.implRead([CII)I @ 36
Event: 4.302 Thread 0x0000016be977c000 Uncommon trap: reason=unloaded action=reinterpret pc=0x0000016beb4cc1d4 method=org.codehaus.plexus.util.xml.pull.MXParser.more()C @ 22
Event: 4.617 Thread 0x0000016be977c000 Uncommon trap: reason=unstable_if action=reinterpret pc=0x0000016beb428b64 method=java.lang.String.replace(CC)Ljava/lang/String; @ 2
Event: 4.641 Thread 0x0000016be977c000 Uncommon trap: reason=bimorphic action=maybe_recompile pc=0x0000016beb6adc50 method=java.util.HashMap.putVal(ILjava/lang/Object;Ljava/lang/Object;ZZ)Ljava/lang/Object; @ 203
Event: 4.651 Thread 0x0000016be977c000 Uncommon trap: reason=bimorphic action=maybe_recompile pc=0x0000016beb6adc50 method=java.util.HashMap.putVal(ILjava/lang/Object;Ljava/lang/Object;ZZ)Ljava/lang/Object; @ 203
Event: 4.731 Thread 0x0000016be977c000 Uncommon trap: reason=unstable_if action=reinterpret pc=0x0000016beb4584c8 method=java.lang.String.startsWith(Ljava/lang/String;I)Z @ 25

Classes redefined (0 events):
No events

Internal exceptions (10 events):
Event: 1.064 Thread 0x0000016be977c000 Exception <a 'java/lang/NullPointerException'> (0x00000000d9348478) thrown at [C:\jenkins\workspace\8-2-build-windows-x64-cygwin-sans-NAS\jdk8u431\1359\hotspot\src\share\vm\interpreter\linkResolver.cpp, line 1185]
Event: 1.139 Thread 0x0000016be977c000 Exception <a 'java/lang/NoSuchMethodError': java.lang.Object.lambda$identity$2(Ljava/lang/Object;)Ljava/lang/Object;> (0x00000000d948cf50) thrown at [C:\jenkins\workspace\8-2-build-windows-x64-cygwin-sans-NAS\jdk8u431\1359\hotspot\src\share\vm\interpreter
Event: 1.151 Thread 0x0000016be977c000 Exception <a 'java/lang/NoSuchMethodError': java.lang.Object.lambda$andThen$1(Ljava/util/function/Function;Ljava/lang/Object;)Ljava/lang/Object;> (0x00000000d94b04e8) thrown at [C:\jenkins\workspace\8-2-build-windows-x64-cygwin-sans-NAS\jdk8u431\1359\hots
Event: 1.677 Thread 0x0000016be977c000 Exception <a 'java/lang/NoSuchMethodError': java.lang.Object.lambda$comparing$77a9974f$1(Ljava/util/function/Function;Ljava/lang/Object;Ljava/lang/Object;)I> (0x00000000da043d00) thrown at [C:\jenkins\workspace\8-2-build-windows-x64-cygwin-sans-NAS\jdk8u4
Event: 1.682 Thread 0x0000016be977c000 Exception <a 'java/lang/NoSuchMethodError': java.lang.Object.lambda$comparing$ea9a8b3a$1(Ljava/util/Comparator;Ljava/util/function/Function;Ljava/lang/Object;Ljava/lang/Object;)I> (0x00000000da0596d8) thrown at [C:\jenkins\workspace\8-2-build-windows-x64-
Event: 1.684 Thread 0x0000016be977c000 Exception <a 'java/lang/NoSuchMethodError': java.lang.Object.lambda$thenComparing$36697e65$1(Ljava/util/Comparator;Ljava/lang/Object;Ljava/lang/Object;)I> (0x00000000da061538) thrown at [C:\jenkins\workspace\8-2-build-windows-x64-cygwin-sans-NAS\jdk8u431\
Event: 1.894 Thread 0x0000016be977c000 Exception <a 'java/lang/NoClassDefFoundError': javax/enterprise/inject/Typed> (0x00000000da4da2e8) thrown at [C:\jenkins\workspace\8-2-build-windows-x64-cygwin-sans-NAS\jdk8u431\1359\hotspot\src\share\vm\classfile\systemDictionary.cpp, line 202]
Event: 3.497 Thread 0x0000016be977c000 Implicit null exception at 0x0000016beb635ccc to 0x0000016beb635e91
Event: 3.974 Thread 0x0000016be977c000 Exception <a 'java/lang/NoClassDefFoundError': com/google/inject/servlet/ServletModuleTargetVisitor> (0x00000000d8d49e58) thrown at [C:\jenkins\workspace\8-2-build-windows-x64-cygwin-sans-NAS\jdk8u431\1359\hotspot\src\share\vm\classfile\systemDictionary.c
Event: 3.975 Thread 0x0000016be977c000 Exception <a 'java/lang/NoClassDefFoundError'> (0x00000000d8d49e58) thrown at [C:\jenkins\workspace\8-2-build-windows-x64-cygwin-sans-NAS\jdk8u431\1359\hotspot\src\share\vm\prims\jvm.cpp, line 1517]

Events (10 events):
Event: 4.716 loading class org/apache/maven/plugin/PluginDescriptorCache$PluginDescriptorSupplier done
Event: 4.717 loading class org/eclipse/aether/artifact/DefaultArtifact
Event: 4.717 loading class org/eclipse/aether/artifact/DefaultArtifact done
Event: 4.724 loading class org/eclipse/aether/artifact/AbstractArtifact
Event: 4.724 loading class org/eclipse/aether/artifact/AbstractArtifact done
Event: 4.729 loading class org/apache/maven/repository/internal/DefaultVersionResolver$Key
Event: 4.729 loading class org/apache/maven/repository/internal/DefaultVersionResolver$Key done
Event: 4.731 Thread 0x0000016be977c000 Uncommon trap: trap_request=0xffffff65 fr.pc=0x0000016beb4584c8
Event: 4.731 Thread 0x0000016be977c000 DEOPT PACKING pc=0x0000016beb4584c8 sp=0x00000065501fd6b0
Event: 5.006 Thread 0x0000016be977c000 DEOPT UNPACKING pc=0x0000016beb2d58c3 sp=0x00000065501fd628 mode 2


Dynamic libraries:
0x00007ff6e7eb0000 - 0x00007ff6e7eff000 	C:\Program Files\Java\jdk-1.8\bin\javaw.exe
0x00007ff8fe360000 - 0x00007ff8fe5c5000 	C:\WINDOWS\SYSTEM32\ntdll.dll
0x00007ff8fc100000 - 0x00007ff8fc1c9000 	C:\WINDOWS\System32\KERNEL32.DLL
0x00007ff8fbb90000 - 0x00007ff8fbf78000 	C:\WINDOWS\System32\KERNELBASE.dll
0x00007ff8fd5a0000 - 0x00007ff8fd653000 	C:\WINDOWS\System32\ADVAPI32.dll
0x00007ff8fdda0000 - 0x00007ff8fde49000 	C:\WINDOWS\System32\msvcrt.dll
0x00007ff8fd660000 - 0x00007ff8fd706000 	C:\WINDOWS\System32\sechost.dll
0x00007ff8fe020000 - 0x00007ff8fe135000 	C:\WINDOWS\System32\RPCRT4.dll
0x00007ff8fd710000 - 0x00007ff8fd8da000 	C:\WINDOWS\System32\USER32.dll
0x00007ff8fb6d0000 - 0x00007ff8fb6f7000 	C:\WINDOWS\System32\win32u.dll
0x00007ff8fdbb0000 - 0x00007ff8fdbdb000 	C:\WINDOWS\System32\GDI32.dll
0x00007ff8fb8e0000 - 0x00007ff8fba17000 	C:\WINDOWS\System32\gdi32full.dll
0x00007ff8fba20000 - 0x00007ff8fbac3000 	C:\WINDOWS\System32\msvcp_win.dll
0x00007ff8fb700000 - 0x00007ff8fb84b000 	C:\WINDOWS\System32\ucrtbase.dll
0x00007ff8fa640000 - 0x00007ff8fa8da000 	C:\WINDOWS\WinSxS\amd64_microsoft.windows.common-controls_6595b64144ccf1df_6.0.26100.4202_none_3e0698d4e335f517\COMCTL32.dll
0x00007ff8fdbe0000 - 0x00007ff8fdc10000 	C:\WINDOWS\System32\IMM32.DLL
0x00007ff8e20b0000 - 0x00007ff8e20cb000 	C:\Program Files\Java\jdk-1.8\jre\bin\vcruntime140.dll
0x00007ff8e6960000 - 0x00007ff8e696c000 	C:\Program Files\Java\jdk-1.8\jre\bin\vcruntime140_1.dll
0x00007ff8cc9f0000 - 0x00007ff8cca7e000 	C:\Program Files\Java\jdk-1.8\jre\bin\msvcp140.dll
0x00007ff8610a0000 - 0x00007ff86194a000 	C:\Program Files\Java\jdk-1.8\jre\bin\server\jvm.dll
0x00007ff8fc720000 - 0x00007ff8fc728000 	C:\WINDOWS\System32\PSAPI.DLL
0x00007ff8e0d60000 - 0x00007ff8e0d6a000 	C:\WINDOWS\SYSTEM32\WSOCK32.dll
0x00007ff8fc730000 - 0x00007ff8fc7a4000 	C:\WINDOWS\System32\WS2_32.dll
0x00007ff8e66c0000 - 0x00007ff8e66f5000 	C:\WINDOWS\SYSTEM32\WINMM.dll
0x00007ff8e88e0000 - 0x00007ff8e88eb000 	C:\WINDOWS\SYSTEM32\VERSION.dll
0x00007ff8f9be0000 - 0x00007ff8f9bfb000 	C:\WINDOWS\SYSTEM32\kernel.appcore.dll
0x00007ff8e68f0000 - 0x00007ff8e6900000 	C:\Program Files\Java\jdk-1.8\jre\bin\verify.dll
0x00007ff8e2060000 - 0x00007ff8e208b000 	C:\Program Files\Java\jdk-1.8\jre\bin\java.dll
0x00007ff8e2040000 - 0x00007ff8e2058000 	C:\Program Files\Java\jdk-1.8\jre\bin\zip.dll
0x00007ff8fce50000 - 0x00007ff8fd592000 	C:\WINDOWS\System32\SHELL32.dll
0x00007ff8fbf80000 - 0x00007ff8fc0f4000 	C:\WINDOWS\System32\wintypes.dll
0x00007ff8fc390000 - 0x00007ff8fc715000 	C:\WINDOWS\System32\combase.dll
0x00007ff8f86f0000 - 0x00007ff8f8f48000 	C:\WINDOWS\SYSTEM32\windows.storage.dll
0x00007ff8fde50000 - 0x00007ff8fdf41000 	C:\WINDOWS\System32\SHCORE.dll
0x00007ff8fdac0000 - 0x00007ff8fdb2a000 	C:\WINDOWS\System32\shlwapi.dll
0x00007ff8fb3c0000 - 0x00007ff8fb3ef000 	C:\WINDOWS\SYSTEM32\profapi.dll
0x00007ff8e2020000 - 0x00007ff8e203c000 	C:\Program Files\Java\jdk-1.8\jre\bin\net.dll
0x00007ff8fa0f0000 - 0x00007ff8fa15a000 	C:\WINDOWS\system32\mswsock.dll
0x00007ff8e1f40000 - 0x00007ff8e1f53000 	C:\Program Files\Java\jdk-1.8\jre\bin\nio.dll
0x00007ff8e0ab0000 - 0x00007ff8e0ad4000 	C:\Users\Dorian\AppData\Local\Temp\jansi-2.4.1-ca7b6c79cc652c2-jansi.dll
0x00007ff8fada0000 - 0x00007ff8fafe1000 	C:\WINDOWS\SYSTEM32\dbghelp.dll
0x00007ff8fdcb0000 - 0x00007ff8fdd91000 	C:\WINDOWS\System32\OLEAUT32.dll
0x00007ff8fb4b0000 - 0x00007ff8fb549000 	C:\WINDOWS\System32\bcryptPrimitives.dll

VM Arguments:
jvm_args: -Dmaven.home=EMBEDDED -Dclassworlds.conf=C:\Users\Dorian\eclipse-workspace\.metadata\.plugins\org.eclipse.m2e.launching\launches\m2conf18378386682027515347.tmp -Dmaven.multiModuleProjectDirectory=C:\Users\Dorian\eclipse-workspace\ATLdeliveryNote -Dm2e.build.project.data.socket.port=52170 -Dfile.encoding=UTF-8 -Dstdout.encoding=UTF-8 -Dstderr.encoding=UTF-8 
java_command: org.codehaus.plexus.classworlds.launcher.Launcher -B -Dstyle.color=always clean
java_class_path (initial): C:\Users\Dorian\.p2\pool\plugins\org.eclipse.m2e.maven.runtime_3.9.900.20240824-1409\jars\plexus-classworlds-2.8.0.jar
Launcher Type: SUN_STANDARD

Environment Variables:
JAVA_HOME=C:\Program Files\Java\jdk-1.8
PATH=C:/Users/Dorian/.p2/pool/plugins/org.eclipse.justj.openjdk.hotspot.jre.full.win32.x86_64_23.0.2.v20250131-0604/jre/bin/server;C:/Users/Dorian/.p2/pool/plugins/org.eclipse.justj.openjdk.hotspot.jre.full.win32.x86_64_23.0.2.v20250131-0604/jre/bin;C:\Program Files (x86)\Common Files\Oracle\Java\java8path;C:\Program Files (x86)\Common Files\Oracle\Java\javapath;C:\WINDOWS\system32;C:\WINDOWS;C:\WINDOWS\System32\Wbem;C:\WINDOWS\System32\WindowsPowerShell\v1.0\;C:\WINDOWS\System32\OpenSSH\;C:\Program Files\Microsoft SQL Server\Client SDK\ODBC\170\Tools\Binn\;C:\Program Files (x86)\Microsoft SQL Server\150\Tools\Binn\;C:\Program Files\Microsoft SQL Server\150\Tools\Binn\;C:\Program Files\Microsoft SQL Server\150\DTS\Binn\;C:\Program Files\Azure Data Studio\bin;C:\Program Files\Microsoft SQL Server\120\Tools\Binn\;C:\Program Files\Microsoft SQL Server\130\Tools\Binn\;C:\Program Files (x86)\QuickTime\QTSystem\;C:\Program Files\Git\cmd;C:\Users\Dorian\AppData\Local\Microsoft\WindowsApps;C:\Users\Dorian\AppData\Local\Programs\Microsoft VS Code\bin;C:\Program Files\Azure Data Studio\bin;C:\Program Files\MySQL\MySQL Server 5.7\bin;C:\Program Files\apache-maven-3.9.9\bin;C:\Program Files\Java\jdk-1.8\bin;;D:\IntelliJ IDEA Community Edition 2025.1.1.1\bin;;C:\Users\Dorian\Desktop;
USERNAME=Dorian
OS=Windows_NT
PROCESSOR_IDENTIFIER=Intel64 Family 6 Model 142 Stepping 10, GenuineIntel



---------------  S Y S T E M  ---------------

OS: Windows 11 , 64 bit Build 26100 (10.0.26100.4202)

CPU:total 8 (initial active 8) (4 cores per cpu, 2 threads per core) family 6 model 142 stepping 10, cmov, cx8, fxsr, mmx, sse, sse2, sse3, ssse3, sse4.1, sse4.2, popcnt, avx, avx2, aes, clmul, erms, 3dnowpref, lzcnt, ht, tsc, tscinvbit, bmi1, bmi2, adx

Memory: 4k page, physical 7736536k(934704k free), swap 11930840k(19668k free)

vm_info: Java HotSpot(TM) 64-Bit Server VM (25.431-b10) for windows-amd64 JRE (1.8.0_431-b10), built on Sep 30 2024 08:11:54 by "java_re" with MS VC++ 17.6 (VS2022)

time: Thu Jun 26 12:49:47 2025
timezone: E. Africa Standard Time
elapsed time: 5.092370 seconds (0d 0h 0m 5s)

