#
# There is insufficient memory for the Java Runtime Environment to continue.
# Native memory allocation (malloc) failed to allocate 1076816 bytes. Error detail: Chunk::new
# Possible reasons:
#   The system is out of physical RAM or swap space
#   This process is running with CompressedOops enabled, and the Java Heap may be blocking the growth of the native heap
# Possible solutions:
#   Reduce memory load on the system
#   Increase physical memory or swap space
#   Check if swap backing store is full
#   Decrease Java heap size (-Xmx/-Xms)
#   Decrease number of Java threads
#   Decrease Java thread stack sizes (-Xss)
#   Set larger code cache with -XX:ReservedCodeCacheSize=
#   JVM is running with Unscaled Compressed Oops mode in which the Java heap is
#     placed in the first 4GB address space. The Java Heap base address is the
#     maximum limit for the native heap growth. Please use -XX:HeapBaseMinAddress
#     to set the Java Heap base and to place the Java Heap above 4GB virtual address.
# This output file may be truncated or incomplete.
#
#  Out of Memory Error (arena.cpp:168), pid=7128, tid=5336
#
# JRE version: OpenJDK Runtime Environment Temurin-21.0.8+9 (21.0.8+9) (build 21.0.8+9-LTS)
# Java VM: OpenJDK 64-Bit Server VM Temurin-21.0.8+9 (21.0.8+9-LTS, mixed mode, sharing, tiered, compressed oops, compressed class ptrs, parallel gc, windows-amd64)
# No core dump will be written. Minidumps are not enabled by default on client versions of Windows
#

---------------  S U M M A R Y ------------

Command Line: --add-modules=ALL-SYSTEM --add-opens=java.base/java.util=ALL-UNNAMED --add-opens=java.base/java.lang=ALL-UNNAMED --add-opens=java.base/sun.nio.fs=ALL-UNNAMED -Declipse.application=org.eclipse.jdt.ls.core.id1 -Dosgi.bundles.defaultStartLevel=4 -Declipse.product=org.eclipse.jdt.ls.core.product -Djava.import.generatesMetadataFilesAtProjectRoot=false -DDetectVMInstallationsJob.disabled=true -Dfile.encoding=utf8 -XX:+UseParallelGC -XX:GCTimeRatio=4 -XX:AdaptiveSizePolicyWeight=90 -Dsun.zip.disableMemoryMapping=true -Xmx2G -Xms100m -Xlog:disable -javaagent:c:\Users\Dorian\.vscode\extensions\redhat.java-1.47.0-win32-x64\lombok\lombok-1.18.39-4050.jar -XX:+HeapDumpOnOutOfMemoryError -XX:HeapDumpPath=c:\Users\Dorian\AppData\Roaming\Code\User\workspaceStorage\2e54c20b31e2f00811d0ee3cb5a815c0\redhat.java -Daether.dependencyCollector.impl=bf c:\Users\Dorian\.vscode\extensions\redhat.java-1.47.0-win32-x64\server\plugins\org.eclipse.equinox.launcher_1.7.100.v20251014-1222.jar -configuration c:\Users\Dorian\AppData\Roaming\Code\User\globalStorage\redhat.java\1.47.0\config_win -data c:\Users\Dorian\AppData\Roaming\Code\User\workspaceStorage\2e54c20b31e2f00811d0ee3cb5a815c0\redhat.java\jdt_ws --pipe=\\.\pipe\lsp-9adfced374441e63632498b423eeff7b-sock

Host: Intel(R) Core(TM) i7-8550U CPU @ 1.80GHz, 8 cores, 7G,  Windows 11 , 64 bit Build 26100 (10.0.26100.7019)
Time: Wed Nov  5 15:28:13 2025 E. Africa Standard Time elapsed time: 26.926074 seconds (0d 0h 0m 26s)

---------------  T H R E A D  ---------------

Current thread (0x00000144a16bf550):  JavaThread "C2 CompilerThread0" daemon [_thread_in_native, id=5336, stack(0x0000000823300000,0x0000000823400000) (1024K)]


Current CompileTask:
C2:26926 7060       4       java.lang.invoke.MethodType::makeImpl (109 bytes)

Stack: [0x0000000823300000,0x0000000823400000]
Native frames: (J=compiled Java code, j=interpreted, Vv=VM code, C=native code)
V  [jvm.dll+0x6d2449]
V  [jvm.dll+0x8ae341]
V  [jvm.dll+0x8b08be]
V  [jvm.dll+0x8b0fa3]
V  [jvm.dll+0x280c96]
V  [jvm.dll+0xc581d]
V  [jvm.dll+0xc5d53]
V  [jvm.dll+0x3b9162]
V  [jvm.dll+0x1e1213]
V  [jvm.dll+0x249022]
V  [jvm.dll+0x2484af]
V  [jvm.dll+0x1c89ee]
V  [jvm.dll+0x257d4d]
V  [jvm.dll+0x2562ea]
V  [jvm.dll+0x3f2d16]
V  [jvm.dll+0x857e6b]
V  [jvm.dll+0x6d0b0d]
C  [ucrtbase.dll+0x37b0]
C  [KERNEL32.DLL+0x2e8d7]
C  [ntdll.dll+0x8c53c]


---------------  P R O C E S S  ---------------

Threads class SMR info:
_java_thread_list=0x0000014483847a60, length=47, elements={
0x00000144a173c040, 0x00000144a17fb9a0, 0x00000144a16b41c0, 0x00000144a16b6980,
0x00000144a16b75d0, 0x00000144a16b8220, 0x00000144a16bc5e0, 0x00000144a16bf550,
0x00000144fa9bb3d0, 0x00000144a17aebc0, 0x00000144fababad0, 0x00000144ff497990,
0x000001448006ef50, 0x00000144ff75ee10, 0x00000144ff761480, 0x0000014480670e50,
0x00000144802a2890, 0x00000144804944f0, 0x0000014480494b80, 0x00000144804958a0,
0x0000014480493e60, 0x0000014480495210, 0x0000014480495f30, 0x00000144804965c0,
0x0000014480493140, 0x00000144ff677920, 0x00000144ff677fb0, 0x00000144ff678cd0,
0x00000144ff676c00, 0x00000144ff678640, 0x00000144ff675850, 0x00000144ff675ee0,
0x00000144ff676570, 0x0000014482c25c70, 0x0000014482c248c0, 0x0000014482c24230,
0x0000014482c227f0, 0x0000014482c24f50, 0x0000014482c22e80, 0x0000014482c23510,
0x0000014482c23ba0, 0x0000014482c255e0, 0x00000144821fa6d0, 0x00000144821fad60,
0x00000144812c3d50, 0x00000144812c4af0, 0x00000144821fb3f0
}

Java Threads: ( => current thread )
  0x00000144a173c040 JavaThread "main"                              [_thread_blocked, id=4952, stack(0x0000000822900000,0x0000000822a00000) (1024K)]
  0x00000144a17fb9a0 JavaThread "Reference Handler"          daemon [_thread_blocked, id=17180, stack(0x0000000822d00000,0x0000000822e00000) (1024K)]
  0x00000144a16b41c0 JavaThread "Finalizer"                  daemon [_thread_blocked, id=9868, stack(0x0000000822e00000,0x0000000822f00000) (1024K)]
  0x00000144a16b6980 JavaThread "Signal Dispatcher"          daemon [_thread_blocked, id=11108, stack(0x0000000822f00000,0x0000000823000000) (1024K)]
  0x00000144a16b75d0 JavaThread "Attach Listener"            daemon [_thread_blocked, id=5188, stack(0x0000000823000000,0x0000000823100000) (1024K)]
  0x00000144a16b8220 JavaThread "Service Thread"             daemon [_thread_blocked, id=14320, stack(0x0000000823100000,0x0000000823200000) (1024K)]
  0x00000144a16bc5e0 JavaThread "Monitor Deflation Thread"   daemon [_thread_blocked, id=13696, stack(0x0000000823200000,0x0000000823300000) (1024K)]
=>0x00000144a16bf550 JavaThread "C2 CompilerThread0"         daemon [_thread_in_native, id=5336, stack(0x0000000823300000,0x0000000823400000) (1024K)]
  0x00000144fa9bb3d0 JavaThread "C1 CompilerThread0"         daemon [_thread_blocked, id=4976, stack(0x0000000823400000,0x0000000823500000) (1024K)]
  0x00000144a17aebc0 JavaThread "Common-Cleaner"             daemon [_thread_blocked, id=17468, stack(0x0000000823500000,0x0000000823600000) (1024K)]
  0x00000144fababad0 JavaThread "Notification Thread"        daemon [_thread_blocked, id=16284, stack(0x0000000823700000,0x0000000823800000) (1024K)]
  0x00000144ff497990 JavaThread "Active Thread: Equinox Container: a87ea11c-cd6a-4402-abb1-ddd8bac1ddd2"        [_thread_blocked, id=11168, stack(0x0000000823f00000,0x0000000824000000) (1024K)]
  0x000001448006ef50 JavaThread "Refresh Thread: Equinox Container: a87ea11c-cd6a-4402-abb1-ddd8bac1ddd2" daemon [_thread_blocked, id=16044, stack(0x0000000824000000,0x0000000824100000) (1024K)]
  0x00000144ff75ee10 JavaThread "Framework Event Dispatcher: Equinox Container: a87ea11c-cd6a-4402-abb1-ddd8bac1ddd2" daemon [_thread_blocked, id=9152, stack(0x0000000824200000,0x0000000824300000) (1024K)]
  0x00000144ff761480 JavaThread "Start Level: Equinox Container: a87ea11c-cd6a-4402-abb1-ddd8bac1ddd2" daemon [_thread_blocked, id=10708, stack(0x0000000823800000,0x0000000823900000) (1024K)]
  0x0000014480670e50 JavaThread "Bundle File Closer"         daemon [_thread_blocked, id=11644, stack(0x0000000824400000,0x0000000824500000) (1024K)]
  0x00000144802a2890 JavaThread "SCR Component Actor"        daemon [_thread_blocked, id=3496, stack(0x0000000824300000,0x0000000824400000) (1024K)]
  0x00000144804944f0 JavaThread "Worker-JM"                         [_thread_blocked, id=4472, stack(0x0000000823600000,0x0000000823700000) (1024K)]
  0x0000014480494b80 JavaThread "JNA Cleaner"                daemon [_thread_blocked, id=15824, stack(0x0000000824500000,0x0000000824600000) (1024K)]
  0x00000144804958a0 JavaThread "Worker-0"                          [_thread_blocked, id=16540, stack(0x0000000824600000,0x0000000824700000) (1024K)]
  0x0000014480493e60 JavaThread "Worker-1: Publish Diagnostics"        [_thread_in_Java, id=4228, stack(0x0000000824700000,0x0000000824800000) (1024K)]
  0x0000014480495210 JavaThread "Worker-2"                          [_thread_blocked, id=15012, stack(0x0000000824a00000,0x0000000824b00000) (1024K)]
  0x0000014480495f30 JavaThread "Java indexing"              daemon [_thread_blocked, id=3944, stack(0x0000000824b00000,0x0000000824c00000) (1024K)]
  0x00000144804965c0 JavaThread "Worker-3: Update project ATLdeliveryNote"        [_thread_blocked, id=15428, stack(0x0000000824e00000,0x0000000824f00000) (1024K)]
  0x0000014480493140 JavaThread "Worker-4: Initialize workspace"        [_thread_in_Java, id=15044, stack(0x0000000824f00000,0x0000000825000000) (1024K)]
  0x00000144ff677920 JavaThread "Thread-1"                   daemon [_thread_in_native, id=15768, stack(0x0000000825000000,0x0000000825100000) (1024K)]
  0x00000144ff677fb0 JavaThread "Thread-2"                   daemon [_thread_in_native, id=6480, stack(0x0000000825100000,0x0000000825200000) (1024K)]
  0x00000144ff678cd0 JavaThread "Thread-3"                   daemon [_thread_in_native, id=6068, stack(0x0000000825200000,0x0000000825300000) (1024K)]
  0x00000144ff676c00 JavaThread "Thread-4"                   daemon [_thread_in_native, id=17872, stack(0x0000000825300000,0x0000000825400000) (1024K)]
  0x00000144ff678640 JavaThread "Thread-5"                   daemon [_thread_in_native, id=13396, stack(0x0000000825400000,0x0000000825500000) (1024K)]
  0x00000144ff675850 JavaThread "Thread-6"                   daemon [_thread_in_native, id=16308, stack(0x0000000825500000,0x0000000825600000) (1024K)]
  0x00000144ff675ee0 JavaThread "Thread-7"                   daemon [_thread_in_native, id=16712, stack(0x0000000825600000,0x0000000825700000) (1024K)]
  0x00000144ff676570 JavaThread "Thread-8"                   daemon [_thread_in_native, id=3688, stack(0x0000000825700000,0x0000000825800000) (1024K)]
  0x0000014482c25c70 JavaThread "Thread-9"                   daemon [_thread_in_native, id=14448, stack(0x0000000825800000,0x0000000825900000) (1024K)]
  0x0000014482c248c0 JavaThread "pool-2-thread-1"                   [_thread_blocked, id=6304, stack(0x0000000825900000,0x0000000825a00000) (1024K)]
  0x0000014482c24230 JavaThread "WorkspaceEventsHandler"            [_thread_blocked, id=7184, stack(0x0000000825a00000,0x0000000825b00000) (1024K)]
  0x0000014482c227f0 JavaThread "pool-1-thread-1"                   [_thread_blocked, id=15840, stack(0x0000000825b00000,0x0000000825c00000) (1024K)]
  0x0000014482c24f50 JavaThread "ForkJoinPool.commonPool-worker-1" daemon [_thread_in_Java, id=19176, stack(0x0000000825c00000,0x0000000825d00000) (1024K)]
  0x0000014482c22e80 JavaThread "ForkJoinPool.commonPool-worker-2" daemon [_thread_blocked, id=7092, stack(0x0000000825d00000,0x0000000825e00000) (1024K)]
  0x0000014482c23510 JavaThread "ForkJoinPool.commonPool-worker-3" daemon [_thread_blocked, id=10196, stack(0x0000000825e00000,0x0000000825f00000) (1024K)]
  0x0000014482c23ba0 JavaThread "ForkJoinPool.commonPool-worker-4" daemon [_thread_blocked, id=10488, stack(0x0000000825f00000,0x0000000826000000) (1024K)]
  0x0000014482c255e0 JavaThread "ForkJoinPool.commonPool-worker-5" daemon [_thread_in_Java, id=21368, stack(0x0000000826000000,0x0000000826100000) (1024K)]
  0x00000144821fa6d0 JavaThread "ForkJoinPool.commonPool-worker-6" daemon [_thread_blocked, id=7952, stack(0x0000000826100000,0x0000000826200000) (1024K)]
  0x00000144821fad60 JavaThread "ForkJoinPool.commonPool-worker-7" daemon [_thread_blocked, id=4040, stack(0x0000000826200000,0x0000000826300000) (1024K)]
  0x00000144812c3d50 JavaThread "C2 CompilerThread1"         daemon [_thread_in_native, id=16260, stack(0x0000000824800000,0x0000000824900000) (1024K)]
  0x00000144812c4af0 JavaThread "C2 CompilerThread2"         daemon [_thread_in_native, id=3440, stack(0x0000000824900000,0x0000000824a00000) (1024K)]
  0x00000144821fb3f0 JavaThread "Thread-10"                  daemon [_thread_in_Java, id=16816, stack(0x0000000826300000,0x0000000826400000) (1024K)]
Total: 47

Other Threads:
  0x00000144a16b2ca0 VMThread "VM Thread"                           [id=12512, stack(0x0000000822c00000,0x0000000822d00000) (1024K)]
  0x00000144a15cca00 WatcherThread "VM Periodic Task Thread"        [id=19372, stack(0x0000000822b00000,0x0000000822c00000) (1024K)]
  0x00000144a175b5d0 WorkerThread "GC Thread#0"                     [id=11112, stack(0x0000000822a00000,0x0000000822b00000) (1024K)]
  0x00000144ff7d5e60 WorkerThread "GC Thread#1"                     [id=4208, stack(0x0000000823900000,0x0000000823a00000) (1024K)]
  0x00000144ff7d6200 WorkerThread "GC Thread#2"                     [id=14488, stack(0x0000000823a00000,0x0000000823b00000) (1024K)]
  0x00000144ff4648b0 WorkerThread "GC Thread#3"                     [id=20852, stack(0x0000000823b00000,0x0000000823c00000) (1024K)]
  0x00000144ff2cee30 WorkerThread "GC Thread#4"                     [id=12060, stack(0x0000000823c00000,0x0000000823d00000) (1024K)]
  0x00000144ff2cf1d0 WorkerThread "GC Thread#5"                     [id=8472, stack(0x0000000823d00000,0x0000000823e00000) (1024K)]
  0x00000144ff744410 WorkerThread "GC Thread#6"                     [id=15564, stack(0x0000000823e00000,0x0000000823f00000) (1024K)]
  0x00000144ff5b8f40 WorkerThread "GC Thread#7"                     [id=1536, stack(0x0000000824100000,0x0000000824200000) (1024K)]
Total: 10

Threads with active compile tasks:
C2 CompilerThread0  27016 7060       4       java.lang.invoke.MethodType::makeImpl (109 bytes)
C2 CompilerThread1  27016 7330   !   4       java.util.zip.InflaterInputStream::read (129 bytes)
C2 CompilerThread2  27017 7131       4       java.lang.invoke.DirectMethodHandle::make (21 bytes)
Total: 3

VM state: not at safepoint (normal execution)

VM Mutex/Monitor currently owned by a thread: None

Heap address: 0x0000000080000000, size: 2048 MB, Compressed Oops mode: 32-bit

CDS archive(s) mapped at: [0x00000144b8000000-0x00000144b8ba0000-0x00000144b8ba0000), size 12189696, SharedBaseAddress: 0x00000144b8000000, ArchiveRelocationMode: 1.
Compressed class space mapped at: 0x00000144b9000000-0x00000144f9000000, reserved size: 1073741824
Narrow klass base: 0x00000144b8000000, Narrow klass shift: 0, Narrow klass range: 0x100000000

GC Precious Log:
 CardTable entry size: 512
 CPUs: 8 total, 8 available
 Memory: 7555M
 Large Page Support: Disabled
 NUMA Support: Disabled
 Compressed Oops: Enabled (32-bit)
 Alignments: Space 512K, Generation 512K, Heap 2M
 Heap Min Capacity: 100M
 Heap Initial Capacity: 100M
 Heap Max Capacity: 2G
 Pre-touch: Disabled
 Parallel Workers: 8

Heap:
 PSYoungGen      total 20480K, used 16657K [0x00000000d5580000, 0x00000000d7600000, 0x0000000100000000)
  eden space 14848K, 74% used [0x00000000d5580000,0x00000000d604d038,0x00000000d6400000)
  from space 5632K, 99% used [0x00000000d6400000,0x00000000d697ffd0,0x00000000d6980000)
  to   space 9216K, 0% used [0x00000000d6d00000,0x00000000d6d00000,0x00000000d7600000)
 ParOldGen       total 68608K, used 41258K [0x0000000080000000, 0x0000000084300000, 0x00000000d5580000)
  object space 68608K, 60% used [0x0000000080000000,0x000000008284aa00,0x0000000084300000)
 Metaspace       used 56825K, committed 58176K, reserved 1114112K
  class space    used 6136K, committed 6720K, reserved 1048576K

Card table byte_map: [0x00000144a10e0000,0x00000144a14f0000] _byte_map_base: 0x00000144a0ce0000

Marking Bits: (ParMarkBitMap*) 0x00007ffee166a340
 Begin Bits: [0x00000144b3be0000, 0x00000144b5be0000)
 End Bits:   [0x00000144b5be0000, 0x00000144b7be0000)

Polling page: 0x00000144a0e90000

Metaspace:

Usage:
  Non-class:     49.50 MB used.
      Class:      5.99 MB used.
       Both:     55.49 MB used.

Virtual space:
  Non-class space:       64.00 MB reserved,      50.25 MB ( 79%) committed,  1 nodes.
      Class space:        1.00 GB reserved,       6.56 MB ( <1%) committed,  1 nodes.
             Both:        1.06 GB reserved,      56.81 MB (  5%) committed. 

Chunk freelists:
   Non-Class:  13.50 MB
       Class:  9.39 MB
        Both:  22.89 MB

MaxMetaspaceSize: unlimited
CompressedClassSpaceSize: 1.00 GB
Initial GC threshold: 21.00 MB
Current GC threshold: 58.38 MB
CDS: on
 - commit_granule_bytes: 65536.
 - commit_granule_words: 8192.
 - virtual_space_node_default_size: 8388608.
 - enlarge_chunks_in_place: 1.
 - use_allocation_guard: 0.


Internal statistics:

num_allocs_failed_limit: 6.
num_arena_births: 1068.
num_arena_deaths: 14.
num_vsnodes_births: 2.
num_vsnodes_deaths: 0.
num_space_committed: 909.
num_space_uncommitted: 0.
num_chunks_returned_to_freelist: 20.
num_chunks_taken_from_freelist: 3749.
num_chunk_merges: 12.
num_chunk_splits: 2287.
num_chunks_enlarged: 1237.
num_inconsistent_stats: 0.

CodeHeap 'non-profiled nmethods': size=120000Kb used=3946Kb max_used=3946Kb free=116053Kb
 bounds [0x00000144ac400000, 0x00000144ac7e0000, 0x00000144b3930000]
CodeHeap 'profiled nmethods': size=120000Kb used=14544Kb max_used=14544Kb free=105455Kb
 bounds [0x00000144a4930000, 0x00000144a5770000, 0x00000144abe60000]
CodeHeap 'non-nmethods': size=5760Kb used=1414Kb max_used=1469Kb free=4345Kb
 bounds [0x00000144abe60000, 0x00000144ac0d0000, 0x00000144ac400000]
CodeCache: size=245760Kb, used=19904Kb, max_used=19959Kb, free=225853Kb
 total_blobs=7452, nmethods=6724, adapters=634, full_count=0
Compilation: enabled, stopped_count=0, restarted_count=0

Compilation events (20 events):
Event: 25.855 Thread 0x00000144fa9bb3d0 nmethod 7284 0x00000144a5754290 code [0x00000144a57544a0, 0x00000144a5754b10]
Event: 25.855 Thread 0x00000144fa9bb3d0 7283       3       org.eclipse.jdt.internal.core.JarPackageFragmentRoot$$Lambda/0x00000144b96895e0::compare (18 bytes)
Event: 25.856 Thread 0x00000144fa9bb3d0 nmethod 7283 0x00000144a5754d10 code [0x00000144a5754ec0, 0x00000144a57551e0]
Event: 25.856 Thread 0x00000144fa9bb3d0 7281       3       java.util.ImmutableCollections$AbstractImmutableList::iterator (13 bytes)
Event: 25.856 Thread 0x00000144fa9bb3d0 nmethod 7281 0x00000144a5755310 code [0x00000144a57554e0, 0x00000144a5755810]
Event: 25.857 Thread 0x00000144fa9bb3d0 7285       3       org.eclipse.jdt.internal.core.util.HashSetOfArray::hashCode (35 bytes)
Event: 25.858 Thread 0x00000144fa9bb3d0 nmethod 7285 0x00000144a5755910 code [0x00000144a5755ae0, 0x00000144a5755e20]
Event: 25.858 Thread 0x00000144fa9bb3d0 7286       3       org.eclipse.jdt.internal.core.util.HashSetOfArray::add (100 bytes)
Event: 25.859 Thread 0x00000144fa9bb3d0 nmethod 7286 0x00000144a5755f90 code [0x00000144a57561a0, 0x00000144a57568d0]
Event: 25.859 Thread 0x00000144fa9bb3d0 7287       3       org.eclipse.jdt.internal.core.util.HashSetOfArray::hashCode (8 bytes)
Event: 25.860 Thread 0x00000144fa9bb3d0 nmethod 7287 0x00000144a5756c10 code [0x00000144a5756dc0, 0x00000144a5756f00]
Event: 25.867 Thread 0x00000144fa9bb3d0 7289       3       java.util.concurrent.ConcurrentHashMap$CollectionView::<init> (10 bytes)
Event: 25.868 Thread 0x00000144fa9bb3d0 nmethod 7289 0x00000144a5757010 code [0x00000144a57571c0, 0x00000144a5757348]
Event: 25.874 Thread 0x00000144fa9bb3d0 7290       3       java.lang.invoke.MethodHandle::viewAsType (33 bytes)
Event: 25.875 Thread 0x00000144fa9bb3d0 nmethod 7290 0x00000144a5757410 code [0x00000144a57575c0, 0x00000144a57577a0]
Event: 25.916 Thread 0x00000144fa9bb3d0 7291       3       org.eclipse.jdt.internal.core.JavaModelStatus::getSeverity (65 bytes)
Event: 25.917 Thread 0x00000144fa9bb3d0 nmethod 7291 0x00000144a5757890 code [0x00000144a5757a60, 0x00000144a5757dd8]
Event: 25.918 Thread 0x00000144fa9bb3d0 7293       3       org.codehaus.plexus.util.xml.pull.MXParser::nextTag (83 bytes)
Event: 25.919 Thread 0x00000144fa9bb3d0 nmethod 7293 0x00000144a5757f90 code [0x00000144a5758200, 0x00000144a5758a68]
Event: 25.925 Thread 0x00000144fa9bb3d0 7294  s    2       org.eclipse.jdt.core.JavaConventions::scannedIdentifier (9 bytes)

GC Heap History (20 events):
Event: 18.133 GC heap before
{Heap before GC invocations=21 (full 2):
 PSYoungGen      total 17920K, used 17909K [0x00000000d5580000, 0x00000000d7e00000, 0x0000000100000000)
  eden space 15872K, 100% used [0x00000000d5580000,0x00000000d6500000,0x00000000d6500000)
  from space 2048K, 99% used [0x00000000d6e80000,0x00000000d707d758,0x00000000d7080000)
  to   space 9728K, 0% used [0x00000000d6500000,0x00000000d6500000,0x00000000d6e80000)
 ParOldGen       total 68608K, used 27549K [0x0000000080000000, 0x0000000084300000, 0x00000000d5580000)
  object space 68608K, 40% used [0x0000000080000000,0x0000000081ae77a0,0x0000000084300000)
 Metaspace       used 46015K, committed 47232K, reserved 1114112K
  class space    used 5053K, committed 5568K, reserved 1048576K
}
Event: 18.144 GC heap after
{Heap after GC invocations=21 (full 2):
 PSYoungGen      total 17408K, used 1145K [0x00000000d5580000, 0x00000000d6f00000, 0x0000000100000000)
  eden space 15872K, 0% used [0x00000000d5580000,0x00000000d5580000,0x00000000d6500000)
  from space 1536K, 74% used [0x00000000d6500000,0x00000000d661e5e0,0x00000000d6680000)
  to   space 4096K, 0% used [0x00000000d6b00000,0x00000000d6b00000,0x00000000d6f00000)
 ParOldGen       total 68608K, used 29552K [0x0000000080000000, 0x0000000084300000, 0x00000000d5580000)
  object space 68608K, 43% used [0x0000000080000000,0x0000000081cdc310,0x0000000084300000)
 Metaspace       used 46015K, committed 47232K, reserved 1114112K
  class space    used 5053K, committed 5568K, reserved 1048576K
}
Event: 19.634 GC heap before
{Heap before GC invocations=22 (full 2):
 PSYoungGen      total 17408K, used 17017K [0x00000000d5580000, 0x00000000d6f00000, 0x0000000100000000)
  eden space 15872K, 100% used [0x00000000d5580000,0x00000000d6500000,0x00000000d6500000)
  from space 1536K, 74% used [0x00000000d6500000,0x00000000d661e5e0,0x00000000d6680000)
  to   space 4096K, 0% used [0x00000000d6b00000,0x00000000d6b00000,0x00000000d6f00000)
 ParOldGen       total 68608K, used 29552K [0x0000000080000000, 0x0000000084300000, 0x00000000d5580000)
  object space 68608K, 43% used [0x0000000080000000,0x0000000081cdc310,0x0000000084300000)
 Metaspace       used 47984K, committed 49216K, reserved 1114112K
  class space    used 5252K, committed 5760K, reserved 1048576K
}
Event: 19.641 GC heap after
{Heap after GC invocations=22 (full 2):
 PSYoungGen      total 16896K, used 856K [0x00000000d5580000, 0x00000000d6c00000, 0x0000000100000000)
  eden space 15872K, 0% used [0x00000000d5580000,0x00000000d5580000,0x00000000d6500000)
  from space 1024K, 83% used [0x00000000d6b00000,0x00000000d6bd61c8,0x00000000d6c00000)
  to   space 1536K, 0% used [0x00000000d6900000,0x00000000d6900000,0x00000000d6a80000)
 ParOldGen       total 68608K, used 30499K [0x0000000080000000, 0x0000000084300000, 0x00000000d5580000)
  object space 68608K, 44% used [0x0000000080000000,0x0000000081dc8fa0,0x0000000084300000)
 Metaspace       used 47984K, committed 49216K, reserved 1114112K
  class space    used 5252K, committed 5760K, reserved 1048576K
}
Event: 21.060 GC heap before
{Heap before GC invocations=23 (full 2):
 PSYoungGen      total 16896K, used 16728K [0x00000000d5580000, 0x00000000d6c00000, 0x0000000100000000)
  eden space 15872K, 100% used [0x00000000d5580000,0x00000000d6500000,0x00000000d6500000)
  from space 1024K, 83% used [0x00000000d6b00000,0x00000000d6bd61c8,0x00000000d6c00000)
  to   space 1536K, 0% used [0x00000000d6900000,0x00000000d6900000,0x00000000d6a80000)
 ParOldGen       total 68608K, used 30499K [0x0000000080000000, 0x0000000084300000, 0x00000000d5580000)
  object space 68608K, 44% used [0x0000000080000000,0x0000000081dc8fa0,0x0000000084300000)
 Metaspace       used 49466K, committed 50816K, reserved 1114112K
  class space    used 5454K, committed 6016K, reserved 1048576K
}
Event: 21.063 GC heap after
{Heap after GC invocations=23 (full 2):
 PSYoungGen      total 17408K, used 600K [0x00000000d5580000, 0x00000000d6b80000, 0x0000000100000000)
  eden space 15872K, 0% used [0x00000000d5580000,0x00000000d5580000,0x00000000d6500000)
  from space 1536K, 39% used [0x00000000d6900000,0x00000000d69960b0,0x00000000d6a80000)
  to   space 1024K, 0% used [0x00000000d6a80000,0x00000000d6a80000,0x00000000d6b80000)
 ParOldGen       total 68608K, used 31198K [0x0000000080000000, 0x0000000084300000, 0x00000000d5580000)
  object space 68608K, 45% used [0x0000000080000000,0x0000000081e77b30,0x0000000084300000)
 Metaspace       used 49466K, committed 50816K, reserved 1114112K
  class space    used 5454K, committed 6016K, reserved 1048576K
}
Event: 22.307 GC heap before
{Heap before GC invocations=24 (full 2):
 PSYoungGen      total 17408K, used 16472K [0x00000000d5580000, 0x00000000d6b80000, 0x0000000100000000)
  eden space 15872K, 100% used [0x00000000d5580000,0x00000000d6500000,0x00000000d6500000)
  from space 1536K, 39% used [0x00000000d6900000,0x00000000d69960b0,0x00000000d6a80000)
  to   space 1024K, 0% used [0x00000000d6a80000,0x00000000d6a80000,0x00000000d6b80000)
 ParOldGen       total 68608K, used 31198K [0x0000000080000000, 0x0000000084300000, 0x00000000d5580000)
  object space 68608K, 45% used [0x0000000080000000,0x0000000081e77b30,0x0000000084300000)
 Metaspace       used 50267K, committed 51584K, reserved 1114112K
  class space    used 5537K, committed 6080K, reserved 1048576K
}
Event: 22.310 GC heap after
{Heap after GC invocations=24 (full 2):
 PSYoungGen      total 16384K, used 448K [0x00000000d5580000, 0x00000000d6b00000, 0x0000000100000000)
  eden space 15872K, 0% used [0x00000000d5580000,0x00000000d5580000,0x00000000d6500000)
  from space 512K, 87% used [0x00000000d6a80000,0x00000000d6af0010,0x00000000d6b00000)
  to   space 1024K, 0% used [0x00000000d6900000,0x00000000d6900000,0x00000000d6a00000)
 ParOldGen       total 68608K, used 31622K [0x0000000080000000, 0x0000000084300000, 0x00000000d5580000)
  object space 68608K, 46% used [0x0000000080000000,0x0000000081ee1a58,0x0000000084300000)
 Metaspace       used 50267K, committed 51584K, reserved 1114112K
  class space    used 5537K, committed 6080K, reserved 1048576K
}
Event: 22.870 GC heap before
{Heap before GC invocations=25 (full 2):
 PSYoungGen      total 16384K, used 16320K [0x00000000d5580000, 0x00000000d6b00000, 0x0000000100000000)
  eden space 15872K, 100% used [0x00000000d5580000,0x00000000d6500000,0x00000000d6500000)
  from space 512K, 87% used [0x00000000d6a80000,0x00000000d6af0010,0x00000000d6b00000)
  to   space 1024K, 0% used [0x00000000d6900000,0x00000000d6900000,0x00000000d6a00000)
 ParOldGen       total 68608K, used 31622K [0x0000000080000000, 0x0000000084300000, 0x00000000d5580000)
  object space 68608K, 46% used [0x0000000080000000,0x0000000081ee1a58,0x0000000084300000)
 Metaspace       used 51183K, committed 52544K, reserved 1114112K
  class space    used 5612K, committed 6144K, reserved 1048576K
}
Event: 22.874 GC heap after
{Heap after GC invocations=25 (full 2):
 PSYoungGen      total 16896K, used 1013K [0x00000000d5580000, 0x00000000d6b00000, 0x0000000100000000)
  eden space 15872K, 0% used [0x00000000d5580000,0x00000000d5580000,0x00000000d6500000)
  from space 1024K, 98% used [0x00000000d6900000,0x00000000d69fd610,0x00000000d6a00000)
  to   space 1024K, 0% used [0x00000000d6a00000,0x00000000d6a00000,0x00000000d6b00000)
 ParOldGen       total 68608K, used 32547K [0x0000000080000000, 0x0000000084300000, 0x00000000d5580000)
  object space 68608K, 47% used [0x0000000080000000,0x0000000081fc8e80,0x0000000084300000)
 Metaspace       used 51183K, committed 52544K, reserved 1114112K
  class space    used 5612K, committed 6144K, reserved 1048576K
}
Event: 23.087 GC heap before
{Heap before GC invocations=26 (full 2):
 PSYoungGen      total 16896K, used 16885K [0x00000000d5580000, 0x00000000d6b00000, 0x0000000100000000)
  eden space 15872K, 100% used [0x00000000d5580000,0x00000000d6500000,0x00000000d6500000)
  from space 1024K, 98% used [0x00000000d6900000,0x00000000d69fd610,0x00000000d6a00000)
  to   space 1024K, 0% used [0x00000000d6a00000,0x00000000d6a00000,0x00000000d6b00000)
 ParOldGen       total 68608K, used 32547K [0x0000000080000000, 0x0000000084300000, 0x00000000d5580000)
  object space 68608K, 47% used [0x0000000080000000,0x0000000081fc8e80,0x0000000084300000)
 Metaspace       used 51205K, committed 52544K, reserved 1114112K
  class space    used 5612K, committed 6144K, reserved 1048576K
}
Event: 23.088 GC heap after
{Heap after GC invocations=26 (full 2):
 PSYoungGen      total 16896K, used 694K [0x00000000d5580000, 0x00000000d6b00000, 0x0000000100000000)
  eden space 15872K, 0% used [0x00000000d5580000,0x00000000d5580000,0x00000000d6500000)
  from space 1024K, 67% used [0x00000000d6a00000,0x00000000d6aada60,0x00000000d6b00000)
  to   space 1536K, 0% used [0x00000000d6800000,0x00000000d6800000,0x00000000d6980000)
 ParOldGen       total 68608K, used 33935K [0x0000000080000000, 0x0000000084300000, 0x00000000d5580000)
  object space 68608K, 49% used [0x0000000080000000,0x0000000082123f38,0x0000000084300000)
 Metaspace       used 51205K, committed 52544K, reserved 1114112K
  class space    used 5612K, committed 6144K, reserved 1048576K
}
Event: 23.304 GC heap before
{Heap before GC invocations=27 (full 2):
 PSYoungGen      total 16896K, used 16566K [0x00000000d5580000, 0x00000000d6b00000, 0x0000000100000000)
  eden space 15872K, 100% used [0x00000000d5580000,0x00000000d6500000,0x00000000d6500000)
  from space 1024K, 67% used [0x00000000d6a00000,0x00000000d6aada60,0x00000000d6b00000)
  to   space 1536K, 0% used [0x00000000d6800000,0x00000000d6800000,0x00000000d6980000)
 ParOldGen       total 68608K, used 33935K [0x0000000080000000, 0x0000000084300000, 0x00000000d5580000)
  object space 68608K, 49% used [0x0000000080000000,0x0000000082123f38,0x0000000084300000)
 Metaspace       used 51836K, committed 53184K, reserved 1114112K
  class space    used 5663K, committed 6208K, reserved 1048576K
}
Event: 23.307 GC heap after
{Heap after GC invocations=27 (full 2):
 PSYoungGen      total 17408K, used 255K [0x00000000d5580000, 0x00000000d6a80000, 0x0000000100000000)
  eden space 15872K, 0% used [0x00000000d5580000,0x00000000d5580000,0x00000000d6500000)
  from space 1536K, 16% used [0x00000000d6800000,0x00000000d683ff60,0x00000000d6980000)
  to   space 512K, 0% used [0x00000000d6a00000,0x00000000d6a00000,0x00000000d6a80000)
 ParOldGen       total 68608K, used 33959K [0x0000000080000000, 0x0000000084300000, 0x00000000d5580000)
  object space 68608K, 49% used [0x0000000080000000,0x0000000082129f38,0x0000000084300000)
 Metaspace       used 51836K, committed 53184K, reserved 1114112K
  class space    used 5663K, committed 6208K, reserved 1048576K
}
Event: 24.785 GC heap before
{Heap before GC invocations=28 (full 2):
 PSYoungGen      total 17408K, used 16127K [0x00000000d5580000, 0x00000000d6a80000, 0x0000000100000000)
  eden space 15872K, 100% used [0x00000000d5580000,0x00000000d6500000,0x00000000d6500000)
  from space 1536K, 16% used [0x00000000d6800000,0x00000000d683ff60,0x00000000d6980000)
  to   space 512K, 0% used [0x00000000d6a00000,0x00000000d6a00000,0x00000000d6a80000)
 ParOldGen       total 68608K, used 33959K [0x0000000080000000, 0x0000000084300000, 0x00000000d5580000)
  object space 68608K, 49% used [0x0000000080000000,0x0000000082129f38,0x0000000084300000)
 Metaspace       used 54202K, committed 55488K, reserved 1114112K
  class space    used 5886K, committed 6400K, reserved 1048576K
}
Event: 24.791 GC heap after
{Heap after GC invocations=28 (full 2):
 PSYoungGen      total 16384K, used 480K [0x00000000d5580000, 0x00000000d6a80000, 0x0000000100000000)
  eden space 15872K, 0% used [0x00000000d5580000,0x00000000d5580000,0x00000000d6500000)
  from space 512K, 93% used [0x00000000d6a00000,0x00000000d6a78010,0x00000000d6a80000)
  to   space 1024K, 0% used [0x00000000d6880000,0x00000000d6880000,0x00000000d6980000)
 ParOldGen       total 68608K, used 34119K [0x0000000080000000, 0x0000000084300000, 0x00000000d5580000)
  object space 68608K, 49% used [0x0000000080000000,0x0000000082151f38,0x0000000084300000)
 Metaspace       used 54202K, committed 55488K, reserved 1114112K
  class space    used 5886K, committed 6400K, reserved 1048576K
}
Event: 25.665 GC heap before
{Heap before GC invocations=29 (full 2):
 PSYoungGen      total 16384K, used 16301K [0x00000000d5580000, 0x00000000d6a80000, 0x0000000100000000)
  eden space 15872K, 99% used [0x00000000d5580000,0x00000000d64f3428,0x00000000d6500000)
  from space 512K, 93% used [0x00000000d6a00000,0x00000000d6a78010,0x00000000d6a80000)
  to   space 1024K, 0% used [0x00000000d6880000,0x00000000d6880000,0x00000000d6980000)
 ParOldGen       total 68608K, used 34119K [0x0000000080000000, 0x0000000084300000, 0x00000000d5580000)
  object space 68608K, 49% used [0x0000000080000000,0x0000000082151f38,0x0000000084300000)
 Metaspace       used 55923K, committed 57344K, reserved 1114112K
  class space    used 6034K, committed 6656K, reserved 1048576K
}
Event: 25.671 GC heap after
{Heap after GC invocations=29 (full 2):
 PSYoungGen      total 16896K, used 992K [0x00000000d5580000, 0x00000000d6c00000, 0x0000000100000000)
  eden space 15872K, 0% used [0x00000000d5580000,0x00000000d5580000,0x00000000d6500000)
  from space 1024K, 96% used [0x00000000d6880000,0x00000000d6978020,0x00000000d6980000)
  to   space 2560K, 0% used [0x00000000d6980000,0x00000000d6980000,0x00000000d6c00000)
 ParOldGen       total 68608K, used 36138K [0x0000000080000000, 0x0000000084300000, 0x00000000d5580000)
  object space 68608K, 52% used [0x0000000080000000,0x000000008234a878,0x0000000084300000)
 Metaspace       used 55923K, committed 57344K, reserved 1114112K
  class space    used 6034K, committed 6656K, reserved 1048576K
}
Event: 25.884 GC heap before
{Heap before GC invocations=30 (full 2):
 PSYoungGen      total 16896K, used 16864K [0x00000000d5580000, 0x00000000d6c00000, 0x0000000100000000)
  eden space 15872K, 100% used [0x00000000d5580000,0x00000000d6500000,0x00000000d6500000)
  from space 1024K, 96% used [0x00000000d6880000,0x00000000d6978020,0x00000000d6980000)
  to   space 2560K, 0% used [0x00000000d6980000,0x00000000d6980000,0x00000000d6c00000)
 ParOldGen       total 68608K, used 36138K [0x0000000080000000, 0x0000000084300000, 0x00000000d5580000)
  object space 68608K, 52% used [0x0000000080000000,0x000000008234a878,0x0000000084300000)
 Metaspace       used 56634K, committed 58048K, reserved 1114112K
  class space    used 6104K, committed 6720K, reserved 1048576K
}
Event: 25.890 GC heap after
{Heap after GC invocations=30 (full 2):
 PSYoungGen      total 17408K, used 2555K [0x00000000d5580000, 0x00000000d7000000, 0x0000000100000000)
  eden space 14848K, 0% used [0x00000000d5580000,0x00000000d5580000,0x00000000d6400000)
  from space 2560K, 99% used [0x00000000d6980000,0x00000000d6bfee00,0x00000000d6c00000)
  to   space 5632K, 0% used [0x00000000d6400000,0x00000000d6400000,0x00000000d6980000)
 ParOldGen       total 68608K, used 38590K [0x0000000080000000, 0x0000000084300000, 0x00000000d5580000)
  object space 68608K, 56% used [0x0000000080000000,0x00000000825af8b0,0x0000000084300000)
 Metaspace       used 56634K, committed 58048K, reserved 1114112K
  class space    used 6104K, committed 6720K, reserved 1048576K
}

Dll operation events (11 events):
Event: 0.025 Loaded shared library c:\Users\Dorian\.vscode\extensions\redhat.java-1.47.0-win32-x64\jre\21.0.8-win32-x86_64\bin\java.dll
Event: 0.220 Loaded shared library c:\Users\Dorian\.vscode\extensions\redhat.java-1.47.0-win32-x64\jre\21.0.8-win32-x86_64\bin\zip.dll
Event: 0.284 Loaded shared library C:\Users\Dorian\.vscode\extensions\redhat.java-1.47.0-win32-x64\jre\21.0.8-win32-x86_64\bin\instrument.dll
Event: 0.295 Loaded shared library C:\Users\Dorian\.vscode\extensions\redhat.java-1.47.0-win32-x64\jre\21.0.8-win32-x86_64\bin\net.dll
Event: 0.300 Loaded shared library C:\Users\Dorian\.vscode\extensions\redhat.java-1.47.0-win32-x64\jre\21.0.8-win32-x86_64\bin\nio.dll
Event: 0.310 Loaded shared library C:\Users\Dorian\.vscode\extensions\redhat.java-1.47.0-win32-x64\jre\21.0.8-win32-x86_64\bin\zip.dll
Event: 0.358 Loaded shared library C:\Users\Dorian\.vscode\extensions\redhat.java-1.47.0-win32-x64\jre\21.0.8-win32-x86_64\bin\jimage.dll
Event: 0.530 Loaded shared library c:\Users\Dorian\.vscode\extensions\redhat.java-1.47.0-win32-x64\jre\21.0.8-win32-x86_64\bin\verify.dll
Event: 3.422 Loaded shared library C:\Users\Dorian\AppData\Roaming\Code\User\globalStorage\redhat.java\1.47.0\config_win\org.eclipse.equinox.launcher\org.eclipse.equinox.launcher.win32.win32.x86_64_1.2.1400.v20250801-0854\eclipse_11916.dll
Event: 6.252 Loaded shared library C:\Users\Dorian\AppData\Local\Temp\jna-2052793295\jna11216016167145142601.dll
Event: 25.557 Loaded shared library C:\Users\Dorian\.vscode\extensions\redhat.java-1.47.0-win32-x64\jre\21.0.8-win32-x86_64\bin\sunmscapi.dll

Deoptimization events (20 events):
Event: 25.852 Thread 0x0000014480493e60 DEOPT PACKING pc=0x00000144a571414e sp=0x00000008247fe450
Event: 25.852 Thread 0x0000014480493e60 DEOPT UNPACKING pc=0x00000144abeb4242 sp=0x00000008247fd9d0 mode 0
Event: 25.858 Thread 0x0000014480493e60 DEOPT PACKING pc=0x00000144a571414e sp=0x00000008247fe450
Event: 25.858 Thread 0x0000014480493e60 DEOPT UNPACKING pc=0x00000144abeb4242 sp=0x00000008247fd9d0 mode 0
Event: 25.864 Thread 0x0000014480493e60 DEOPT PACKING pc=0x00000144a571414e sp=0x00000008247fe450
Event: 25.864 Thread 0x0000014480493e60 DEOPT UNPACKING pc=0x00000144abeb4242 sp=0x00000008247fd9d0 mode 0
Event: 25.870 Thread 0x0000014482c255e0 DEOPT PACKING pc=0x00000144a522a3e7 sp=0x00000008260fd8f0
Event: 25.870 Thread 0x0000014482c255e0 DEOPT UNPACKING pc=0x00000144abeb4242 sp=0x00000008260fce60 mode 0
Event: 25.895 Thread 0x0000014482c24f50 DEOPT PACKING pc=0x00000144a571414e sp=0x0000000825cfdb00
Event: 25.895 Thread 0x0000014482c24f50 DEOPT UNPACKING pc=0x00000144abeb4242 sp=0x0000000825cfd080 mode 0
Event: 25.902 Thread 0x0000014480493e60 DEOPT PACKING pc=0x00000144a571414e sp=0x00000008247fe450
Event: 25.902 Thread 0x0000014480493e60 DEOPT UNPACKING pc=0x00000144abeb4242 sp=0x00000008247fd9d0 mode 0
Event: 25.908 Thread 0x0000014480493e60 DEOPT PACKING pc=0x00000144a571414e sp=0x00000008247fe450
Event: 25.908 Thread 0x0000014480493e60 DEOPT UNPACKING pc=0x00000144abeb4242 sp=0x00000008247fd9d0 mode 0
Event: 25.911 Thread 0x0000014480493e60 DEOPT PACKING pc=0x00000144a571414e sp=0x00000008247fe450
Event: 25.911 Thread 0x0000014480493e60 DEOPT UNPACKING pc=0x00000144abeb4242 sp=0x00000008247fd9d0 mode 0
Event: 25.916 Thread 0x0000014480493e60 DEOPT PACKING pc=0x00000144a571414e sp=0x00000008247fe450
Event: 25.916 Thread 0x0000014480493e60 DEOPT UNPACKING pc=0x00000144abeb4242 sp=0x00000008247fd9d0 mode 0
Event: 25.920 Thread 0x0000014480493e60 DEOPT PACKING pc=0x00000144a571414e sp=0x00000008247fe450
Event: 25.920 Thread 0x0000014480493e60 DEOPT UNPACKING pc=0x00000144abeb4242 sp=0x00000008247fd9d0 mode 0

Classes loaded (20 events):
Event: 25.685 Loading class com/sun/crypto/provider/AESCrypt
Event: 25.686 Loading class com/sun/crypto/provider/AESConstants
Event: 25.686 Loading class com/sun/crypto/provider/AESConstants done
Event: 25.686 Loading class com/sun/crypto/provider/SymmetricCipher
Event: 25.686 Loading class com/sun/crypto/provider/SymmetricCipher done
Event: 25.686 Loading class com/sun/crypto/provider/AESCrypt done
Event: 25.688 Loading class com/sun/crypto/provider/ElectronicCodeBook
Event: 25.690 Loading class com/sun/crypto/provider/FeedbackCipher
Event: 25.690 Loading class com/sun/crypto/provider/FeedbackCipher done
Event: 25.690 Loading class com/sun/crypto/provider/ElectronicCodeBook done
Event: 25.690 Loading class com/sun/crypto/provider/PKCS5Padding
Event: 25.691 Loading class com/sun/crypto/provider/Padding
Event: 25.691 Loading class com/sun/crypto/provider/Padding done
Event: 25.691 Loading class com/sun/crypto/provider/PKCS5Padding done
Event: 25.692 Loading class com/sun/crypto/provider/CipherBlockChaining
Event: 25.692 Loading class com/sun/crypto/provider/CipherBlockChaining done
Event: 25.693 Loading class javax/crypto/NullCipher
Event: 25.693 Loading class javax/crypto/NullCipher done
Event: 25.693 Loading class sun/security/util/ArrayUtil
Event: 25.694 Loading class sun/security/util/ArrayUtil done

Classes unloaded (7 events):
Event: 7.804 Thread 0x00000144a16b2ca0 Unloading class 0x00000144b91ad400 'java/lang/invoke/LambdaForm$MH+0x00000144b91ad400'
Event: 7.804 Thread 0x00000144a16b2ca0 Unloading class 0x00000144b91ad000 'java/lang/invoke/LambdaForm$MH+0x00000144b91ad000'
Event: 7.804 Thread 0x00000144a16b2ca0 Unloading class 0x00000144b91acc00 'java/lang/invoke/LambdaForm$MH+0x00000144b91acc00'
Event: 7.804 Thread 0x00000144a16b2ca0 Unloading class 0x00000144b91ac800 'java/lang/invoke/LambdaForm$MH+0x00000144b91ac800'
Event: 7.804 Thread 0x00000144a16b2ca0 Unloading class 0x00000144b91ac400 'java/lang/invoke/LambdaForm$BMH+0x00000144b91ac400'
Event: 7.804 Thread 0x00000144a16b2ca0 Unloading class 0x00000144b91ac000 'java/lang/invoke/LambdaForm$DMH+0x00000144b91ac000'
Event: 7.804 Thread 0x00000144a16b2ca0 Unloading class 0x00000144b91aac00 'java/lang/invoke/LambdaForm$DMH+0x00000144b91aac00'

Classes redefined (0 events):
No events

Internal exceptions (20 events):
Event: 24.814 Thread 0x0000014482c23510 Implicit null exception at 0x00000144ac67d662 to 0x00000144ac67e4bc
Event: 24.925 Thread 0x0000014480493140 Exception <a 'java/io/FileNotFoundException'{0x00000000d5776c18}> (0x00000000d5776c18) 
thrown [s\src\hotspot\share\prims\jni.cpp, line 520]
Event: 24.926 Thread 0x0000014480493140 Exception <a 'java/io/FileNotFoundException'{0x00000000d5777c20}> (0x00000000d5777c20) 
thrown [s\src\hotspot\share\prims\jni.cpp, line 520]
Event: 24.927 Thread 0x0000014480493140 Exception <a 'java/io/FileNotFoundException'{0x00000000d5778980}> (0x00000000d5778980) 
thrown [s\src\hotspot\share\prims\jni.cpp, line 520]
Event: 25.067 Thread 0x0000014482c227f0 Exception <a 'java/lang/IncompatibleClassChangeError'{0x00000000d5684d28}: Found class java.lang.Object, but interface was expected> (0x00000000d5684d28) 
thrown [s\src\hotspot\share\interpreter\linkResolver.cpp, line 840]
Event: 25.093 Thread 0x00000144804958a0 Exception <a 'java/lang/NoSuchMethodError'{0x00000000d58ec290}: 'java.lang.Object java.lang.invoke.DirectMethodHandle$Holder.invokeSpecial(java.lang.Object, java.lang.Object, int, long)'> (0x00000000d58ec290) 
thrown [s\src\hotspot\share\interpreter\linkResolver.cpp, line 773]
Event: 25.345 Thread 0x0000014482c24f50 Exception <a 'java/lang/NoSuchMethodError'{0x00000000d5d7b518}: 'int java.lang.invoke.Invokers$Holder.invokeExact_MT(java.lang.Object, java.lang.Object)'> (0x00000000d5d7b518) 
thrown [s\src\hotspot\share\interpreter\linkResolver.cpp, line 773]
Event: 25.363 Thread 0x0000014482c227f0 Exception <a 'java/lang/IncompatibleClassChangeError'{0x00000000d56a7950}: Found class java.lang.Object, but interface was expected> (0x00000000d56a7950) 
thrown [s\src\hotspot\share\interpreter\linkResolver.cpp, line 840]
Event: 25.415 Thread 0x0000014482c23510 Exception <a 'java/lang/NoSuchMethodError'{0x00000000d5e51470}: 'java.lang.Object java.lang.invoke.DirectMethodHandle$Holder.invokeSpecial(java.lang.Object, java.lang.Object, java.lang.Object, java.lang.Object, int, java.lang.Object, java.lang.Object)'> (0x00000000d5e51470) 
thrown [s\src\hotspot\share\interpreter\linkResolver.cpp, line 773]
Event: 25.482 Thread 0x0000014482c22e80 Exception <a 'java/lang/ArrayIndexOutOfBoundsException'{0x00000000d60f8b70}> (0x00000000d60f8b70) 
thrown [s\src\hotspot\share\runtime\sharedRuntime.cpp, line 625]
Event: 25.645 Thread 0x00000144821fb3f0 Exception <a 'sun/nio/fs/WindowsException'{0x00000000d6424320}> (0x00000000d6424320) 
thrown [s\src\hotspot\share\prims\jni.cpp, line 520]
Event: 25.713 Thread 0x0000014480493140 Exception <a 'sun/nio/fs/WindowsException'{0x00000000d590d830}> (0x00000000d590d830) 
thrown [s\src\hotspot\share\prims\jni.cpp, line 520]
Event: 25.713 Thread 0x0000014480493140 Exception <a 'sun/nio/fs/WindowsException'{0x00000000d590de60}> (0x00000000d590de60) 
thrown [s\src\hotspot\share\prims\jni.cpp, line 520]
Event: 25.716 Thread 0x0000014480493140 Exception <a 'sun/nio/fs/WindowsException'{0x00000000d590eb70}> (0x00000000d590eb70) 
thrown [s\src\hotspot\share\prims\jni.cpp, line 520]
Event: 25.716 Thread 0x0000014480493140 Exception <a 'sun/nio/fs/WindowsException'{0x00000000d590f1a0}> (0x00000000d590f1a0) 
thrown [s\src\hotspot\share\prims\jni.cpp, line 520]
Event: 25.726 Thread 0x0000014480493140 Exception <a 'java/io/FileNotFoundException'{0x00000000d5961fb8}> (0x00000000d5961fb8) 
thrown [s\src\hotspot\share\prims\jni.cpp, line 520]
Event: 25.727 Thread 0x0000014480493140 Exception <a 'java/io/FileNotFoundException'{0x00000000d5962d38}> (0x00000000d5962d38) 
thrown [s\src\hotspot\share\prims\jni.cpp, line 520]
Event: 25.744 Thread 0x0000014480493140 Exception <a 'sun/nio/fs/WindowsException'{0x00000000d5b03020}> (0x00000000d5b03020) 
thrown [s\src\hotspot\share\prims\jni.cpp, line 520]
Event: 25.745 Thread 0x0000014480493140 Exception <a 'sun/nio/fs/WindowsException'{0x00000000d5b03650}> (0x00000000d5b03650) 
thrown [s\src\hotspot\share\prims\jni.cpp, line 520]
Event: 25.772 Thread 0x0000014482c23510 Exception <a 'java/lang/NoSuchMethodError'{0x00000000d5cf08d0}: 'java.lang.Object java.lang.invoke.DirectMethodHandle$Holder.invokeStaticInit(java.lang.Object, java.lang.Object, java.lang.Object)'> (0x00000000d5cf08d0) 
thrown [s\src\hotspot\share\interpreter\linkResolver.cpp, line 773]

ZGC Phase Switch (0 events):
No events

VM Operations (20 events):
Event: 23.307 Executing VM operation: ParallelGCFailedAllocation (Allocation Failure) done
Event: 24.307 Executing VM operation: Cleanup
Event: 24.308 Executing VM operation: Cleanup done
Event: 24.785 Executing VM operation: ParallelGCFailedAllocation (Allocation Failure)
Event: 24.791 Executing VM operation: ParallelGCFailedAllocation (Allocation Failure) done
Event: 24.910 Executing VM operation: HandshakeAllThreads (Deoptimize)
Event: 24.914 Executing VM operation: HandshakeAllThreads (Deoptimize) done
Event: 25.197 Executing VM operation: HandshakeAllThreads (Deoptimize)
Event: 25.217 Executing VM operation: HandshakeAllThreads (Deoptimize) done
Event: 25.533 Executing VM operation: HandshakeAllThreads (Deoptimize)
Event: 25.538 Executing VM operation: HandshakeAllThreads (Deoptimize) done
Event: 25.651 Executing VM operation: HandshakeAllThreads (Deoptimize)
Event: 25.651 Executing VM operation: HandshakeAllThreads (Deoptimize) done
Event: 25.664 Executing VM operation: ParallelGCFailedAllocation (Allocation Failure)
Event: 25.671 Executing VM operation: ParallelGCFailedAllocation (Allocation Failure) done
Event: 25.790 Executing VM operation: HandshakeAllThreads (Deoptimize)
Event: 25.805 Executing VM operation: HandshakeAllThreads (Deoptimize) done
Event: 25.883 Executing VM operation: ParallelGCFailedAllocation (Allocation Failure)
Event: 25.891 Executing VM operation: ParallelGCFailedAllocation (Allocation Failure) done
Event: 26.892 Executing VM operation: Cleanup

Memory protections (0 events):
No events

Nmethod flushes (20 events):
Event: 12.202 Thread 0x00000144a16b2ca0 flushing  nmethod 0x00000144a4f3f110
Event: 12.202 Thread 0x00000144a16b2ca0 flushing  nmethod 0x00000144a4f3f510
Event: 12.202 Thread 0x00000144a16b2ca0 flushing  nmethod 0x00000144a4f3fe10
Event: 12.202 Thread 0x00000144a16b2ca0 flushing  nmethod 0x00000144a4f41010
Event: 12.202 Thread 0x00000144a16b2ca0 flushing  nmethod 0x00000144a4f41d90
Event: 12.202 Thread 0x00000144a16b2ca0 flushing  nmethod 0x00000144a4f42510
Event: 12.202 Thread 0x00000144a16b2ca0 flushing  nmethod 0x00000144a4f43a90
Event: 12.202 Thread 0x00000144a16b2ca0 flushing  nmethod 0x00000144a4f43f90
Event: 12.202 Thread 0x00000144a16b2ca0 flushing  nmethod 0x00000144a4f44890
Event: 12.202 Thread 0x00000144a16b2ca0 flushing  nmethod 0x00000144a4f45c90
Event: 12.202 Thread 0x00000144a16b2ca0 flushing  nmethod 0x00000144a4f47c10
Event: 12.202 Thread 0x00000144a16b2ca0 flushing  nmethod 0x00000144a4f53510
Event: 12.202 Thread 0x00000144a16b2ca0 flushing  nmethod 0x00000144a4f59c90
Event: 12.202 Thread 0x00000144a16b2ca0 flushing  nmethod 0x00000144a4f81c10
Event: 12.202 Thread 0x00000144a16b2ca0 flushing  nmethod 0x00000144a4f83290
Event: 12.202 Thread 0x00000144a16b2ca0 flushing  nmethod 0x00000144a4f8b290
Event: 12.202 Thread 0x00000144a16b2ca0 flushing  nmethod 0x00000144a4fe7890
Event: 12.202 Thread 0x00000144a16b2ca0 flushing  nmethod 0x00000144a5051710
Event: 12.202 Thread 0x00000144a16b2ca0 flushing  nmethod 0x00000144a5060310
Event: 12.202 Thread 0x00000144a16b2ca0 flushing  nmethod 0x00000144a5060790

Events (20 events):
Event: 15.478 Thread 0x00000144a173c040 Thread added: 0x0000014482c24230
Event: 15.478 Thread 0x00000144a173c040 Thread added: 0x0000014482c227f0
Event: 16.358 Thread 0x0000014480495210 Thread added: 0x0000014482c24f50
Event: 16.370 Thread 0x0000014482c24f50 Thread added: 0x0000014482c22e80
Event: 16.395 Thread 0x0000014482c22e80 Thread added: 0x0000014482c23510
Event: 16.400 Thread 0x0000014482c23510 Thread added: 0x0000014482c23ba0
Event: 16.449 Thread 0x0000014482c23ba0 Thread added: 0x0000014482c255e0
Event: 16.516 Thread 0x0000014482c255e0 Thread added: 0x00000144821fa6d0
Event: 16.546 Thread 0x00000144821fa6d0 Thread added: 0x00000144821fad60
Event: 18.476 Thread 0x00000144812c3d50 Thread exited: 0x00000144812c3d50
Event: 18.476 Thread 0x00000144812c4af0 Thread exited: 0x00000144812c4af0
Event: 19.087 Thread 0x00000144fa9bb3d0 Thread added: 0x00000144812c5890
Event: 19.532 Thread 0x00000144812c5890 Thread exited: 0x00000144812c5890
Event: 20.730 Thread 0x00000144fa9bb3d0 Thread added: 0x00000144812c3d50
Event: 21.381 Thread 0x00000144812c3d50 Thread exited: 0x00000144812c3d50
Event: 22.852 Thread 0x00000144fa9bb3d0 Thread added: 0x00000144812c3d50
Event: 22.971 Thread 0x00000144a16bf550 Thread added: 0x00000144812c4af0
Event: 24.132 Thread 0x00000144812c4af0 Thread exited: 0x00000144812c4af0
Event: 24.696 Thread 0x00000144fa9bb3d0 Thread added: 0x00000144812c4af0
Event: 25.395 Thread 0x00000144821fad60 Thread added: 0x00000144821fb3f0


Dynamic libraries:
0x00007ff65a6b0000 - 0x00007ff65a6be000 	c:\Users\Dorian\.vscode\extensions\redhat.java-1.47.0-win32-x64\jre\21.0.8-win32-x86_64\bin\java.exe
0x00007fff5cf80000 - 0x00007fff5d1e8000 	C:\WINDOWS\SYSTEM32\ntdll.dll
0x00007fff5b000000 - 0x00007fff5b0c9000 	C:\WINDOWS\System32\KERNEL32.DLL
0x00007fff5a920000 - 0x00007fff5ad18000 	C:\WINDOWS\System32\KERNELBASE.dll
0x00007fff5a3d0000 - 0x00007fff5a51b000 	C:\WINDOWS\System32\ucrtbase.dll
0x00007fff48910000 - 0x00007fff48928000 	c:\Users\Dorian\.vscode\extensions\redhat.java-1.47.0-win32-x64\jre\21.0.8-win32-x86_64\bin\jli.dll
0x00007fff4ff70000 - 0x00007fff4ff8e000 	c:\Users\Dorian\.vscode\extensions\redhat.java-1.47.0-win32-x64\jre\21.0.8-win32-x86_64\bin\VCRUNTIME140.dll
0x00007fff5cc70000 - 0x00007fff5ce37000 	C:\WINDOWS\System32\USER32.dll
0x00007fff5a0d0000 - 0x00007fff5a0f7000 	C:\WINDOWS\System32\win32u.dll
0x00007fff5c200000 - 0x00007fff5c22b000 	C:\WINDOWS\System32\GDI32.dll
0x00007fff5a7f0000 - 0x00007fff5a91c000 	C:\WINDOWS\System32\gdi32full.dll
0x00007fff436f0000 - 0x00007fff43984000 	C:\WINDOWS\WinSxS\amd64_microsoft.windows.common-controls_6595b64144ccf1df_6.0.26100.7019_none_3e06ffa0e335b8a8\COMCTL32.dll
0x00007fff5a270000 - 0x00007fff5a313000 	C:\WINDOWS\System32\msvcp_win.dll
0x00007fff5c990000 - 0x00007fff5ca39000 	C:\WINDOWS\System32\msvcrt.dll
0x00007fff5afc0000 - 0x00007fff5aff1000 	C:\WINDOWS\System32\IMM32.DLL
0x00007fff50230000 - 0x00007fff5023c000 	c:\Users\Dorian\.vscode\extensions\redhat.java-1.47.0-win32-x64\jre\21.0.8-win32-x86_64\bin\vcruntime140_1.dll
0x00007fff2f3f0000 - 0x00007fff2f47d000 	c:\Users\Dorian\.vscode\extensions\redhat.java-1.47.0-win32-x64\jre\21.0.8-win32-x86_64\bin\msvcp140.dll
0x00007ffee09b0000 - 0x00007ffee1747000 	c:\Users\Dorian\.vscode\extensions\redhat.java-1.47.0-win32-x64\jre\21.0.8-win32-x86_64\bin\server\jvm.dll
0x00007fff5cb00000 - 0x00007fff5cbb4000 	C:\WINDOWS\System32\ADVAPI32.dll
0x00007fff5ca40000 - 0x00007fff5cae6000 	C:\WINDOWS\System32\sechost.dll
0x00007fff5beb0000 - 0x00007fff5bfc8000 	C:\WINDOWS\System32\RPCRT4.dll
0x00007fff5ad20000 - 0x00007fff5ad94000 	C:\WINDOWS\System32\WS2_32.dll
0x00007fff59f50000 - 0x00007fff59fae000 	C:\WINDOWS\SYSTEM32\POWRPROF.dll
0x00007fff439a0000 - 0x00007fff439d5000 	C:\WINDOWS\SYSTEM32\WINMM.dll
0x00007fff48ba0000 - 0x00007fff48bab000 	C:\WINDOWS\SYSTEM32\VERSION.dll
0x00007fff59f30000 - 0x00007fff59f44000 	C:\WINDOWS\SYSTEM32\UMPDC.dll
0x00007fff58e90000 - 0x00007fff58eab000 	C:\WINDOWS\SYSTEM32\kernel.appcore.dll
0x00007fff50080000 - 0x00007fff5008a000 	c:\Users\Dorian\.vscode\extensions\redhat.java-1.47.0-win32-x64\jre\21.0.8-win32-x86_64\bin\jimage.dll
0x00007fff57a00000 - 0x00007fff57c42000 	C:\WINDOWS\SYSTEM32\DBGHELP.DLL
0x00007fff5b1c0000 - 0x00007fff5b54b000 	C:\WINDOWS\System32\combase.dll
0x00007fff5bdb0000 - 0x00007fff5be87000 	C:\WINDOWS\System32\OLEAUT32.dll
0x00007fff41f80000 - 0x00007fff41fbc000 	C:\WINDOWS\SYSTEM32\dbgcore.DLL
0x00007fff5a320000 - 0x00007fff5a3c5000 	C:\WINDOWS\System32\bcryptPrimitives.dll
0x00007fff4dd20000 - 0x00007fff4dd2f000 	c:\Users\Dorian\.vscode\extensions\redhat.java-1.47.0-win32-x64\jre\21.0.8-win32-x86_64\bin\instrument.dll
0x00007fff47f70000 - 0x00007fff47f8f000 	c:\Users\Dorian\.vscode\extensions\redhat.java-1.47.0-win32-x64\jre\21.0.8-win32-x86_64\bin\java.dll
0x00007fff5c230000 - 0x00007fff5c981000 	C:\WINDOWS\System32\SHELL32.dll
0x00007fff5a100000 - 0x00007fff5a26b000 	C:\WINDOWS\System32\wintypes.dll
0x00007fff57d30000 - 0x00007fff5858d000 	C:\WINDOWS\SYSTEM32\windows.storage.dll
0x00007fff5ce40000 - 0x00007fff5cf32000 	C:\WINDOWS\System32\SHCORE.dll
0x00007fff5b150000 - 0x00007fff5b1b7000 	C:\WINDOWS\System32\shlwapi.dll
0x00007fff59ff0000 - 0x00007fff5a019000 	C:\WINDOWS\SYSTEM32\profapi.dll
0x00007fff50090000 - 0x00007fff500a8000 	c:\Users\Dorian\.vscode\extensions\redhat.java-1.47.0-win32-x64\jre\21.0.8-win32-x86_64\bin\zip.dll
0x00007fff4b090000 - 0x00007fff4b0a0000 	C:\Users\Dorian\.vscode\extensions\redhat.java-1.47.0-win32-x64\jre\21.0.8-win32-x86_64\bin\net.dll
0x00007fff4de50000 - 0x00007fff4df78000 	C:\WINDOWS\SYSTEM32\WINHTTP.dll
0x00007fff59400000 - 0x00007fff5946b000 	C:\WINDOWS\system32\mswsock.dll
0x00007fff37ce0000 - 0x00007fff37cf6000 	C:\Users\Dorian\.vscode\extensions\redhat.java-1.47.0-win32-x64\jre\21.0.8-win32-x86_64\bin\nio.dll
0x00007fff4acd0000 - 0x00007fff4ace0000 	c:\Users\Dorian\.vscode\extensions\redhat.java-1.47.0-win32-x64\jre\21.0.8-win32-x86_64\bin\verify.dll
0x00007fff369f0000 - 0x00007fff36a34000 	C:\Users\Dorian\AppData\Roaming\Code\User\globalStorage\redhat.java\1.47.0\config_win\org.eclipse.equinox.launcher\org.eclipse.equinox.launcher.win32.win32.x86_64_1.2.1400.v20250801-0854\eclipse_11916.dll
0x00007fff5c060000 - 0x00007fff5c1f7000 	C:\WINDOWS\System32\ole32.dll
0x00007fff596c0000 - 0x00007fff596db000 	C:\WINDOWS\SYSTEM32\CRYPTSP.dll
0x00007fff58df0000 - 0x00007fff58e2a000 	C:\WINDOWS\system32\rsaenh.dll
0x00007fff594b0000 - 0x00007fff594db000 	C:\WINDOWS\SYSTEM32\USERENV.dll
0x00007fff59fc0000 - 0x00007fff59fea000 	C:\WINDOWS\SYSTEM32\bcrypt.dll
0x00007fff596e0000 - 0x00007fff596ec000 	C:\WINDOWS\SYSTEM32\CRYPTBASE.dll
0x00007fff588a0000 - 0x00007fff588d4000 	C:\WINDOWS\SYSTEM32\IPHLPAPI.DLL
0x00007fff5caf0000 - 0x00007fff5cafa000 	C:\WINDOWS\System32\NSI.dll
0x00007fff36950000 - 0x00007fff36999000 	C:\Users\Dorian\AppData\Local\Temp\jna-2052793295\jna11216016167145142601.dll
0x00007fff5adb0000 - 0x00007fff5adb8000 	C:\WINDOWS\System32\PSAPI.DLL
0x00007fff4e080000 - 0x00007fff4e09e000 	C:\WINDOWS\SYSTEM32\dhcpcsvc6.DLL
0x00007fff4ab80000 - 0x00007fff4aba3000 	C:\WINDOWS\SYSTEM32\dhcpcsvc.DLL
0x00007fff4a000000 - 0x00007fff4a00e000 	C:\Users\Dorian\.vscode\extensions\redhat.java-1.47.0-win32-x64\jre\21.0.8-win32-x86_64\bin\sunmscapi.dll
0x00007fff5a5e0000 - 0x00007fff5a757000 	C:\WINDOWS\System32\CRYPT32.dll
0x00007fff598e0000 - 0x00007fff59910000 	C:\WINDOWS\SYSTEM32\ncrypt.dll
0x00007fff59890000 - 0x00007fff598cf000 	C:\WINDOWS\SYSTEM32\NTASN1.dll

JVMTI agents:
c:\Users\Dorian\.vscode\extensions\redhat.java-1.47.0-win32-x64\lombok\lombok-1.18.39-4050.jar path:c:\Users\Dorian\.vscode\extensions\redhat.java-1.47.0-win32-x64\jre\21.0.8-win32-x86_64\bin\instrument.dll, loaded, initialized, instrumentlib options:none

dbghelp: loaded successfully - version: 4.0.5 - missing functions: none
symbol engine: initialized successfully - sym options: 0x614 - pdb path: .;c:\Users\Dorian\.vscode\extensions\redhat.java-1.47.0-win32-x64\jre\21.0.8-win32-x86_64\bin;C:\WINDOWS\SYSTEM32;C:\WINDOWS\WinSxS\amd64_microsoft.windows.common-controls_6595b64144ccf1df_6.0.26100.7019_none_3e06ffa0e335b8a8;c:\Users\Dorian\.vscode\extensions\redhat.java-1.47.0-win32-x64\jre\21.0.8-win32-x86_64\bin\server;C:\Users\Dorian\AppData\Roaming\Code\User\globalStorage\redhat.java\1.47.0\config_win\org.eclipse.equinox.launcher\org.eclipse.equinox.launcher.win32.win32.x86_64_1.2.1400.v20250801-0854;C:\Users\Dorian\AppData\Local\Temp\jna-2052793295

VM Arguments:
jvm_args: --add-modules=ALL-SYSTEM --add-opens=java.base/java.util=ALL-UNNAMED --add-opens=java.base/java.lang=ALL-UNNAMED --add-opens=java.base/sun.nio.fs=ALL-UNNAMED -Declipse.application=org.eclipse.jdt.ls.core.id1 -Dosgi.bundles.defaultStartLevel=4 -Declipse.product=org.eclipse.jdt.ls.core.product -Djava.import.generatesMetadataFilesAtProjectRoot=false -DDetectVMInstallationsJob.disabled=true -Dfile.encoding=utf8 -XX:+UseParallelGC -XX:GCTimeRatio=4 -XX:AdaptiveSizePolicyWeight=90 -Dsun.zip.disableMemoryMapping=true -Xmx2G -Xms100m -Xlog:disable -javaagent:c:\Users\Dorian\.vscode\extensions\redhat.java-1.47.0-win32-x64\lombok\lombok-1.18.39-4050.jar -XX:+HeapDumpOnOutOfMemoryError -XX:HeapDumpPath=c:\Users\Dorian\AppData\Roaming\Code\User\workspaceStorage\2e54c20b31e2f00811d0ee3cb5a815c0\redhat.java -Daether.dependencyCollector.impl=bf 
java_command: c:\Users\Dorian\.vscode\extensions\redhat.java-1.47.0-win32-x64\server\plugins\org.eclipse.equinox.launcher_1.7.100.v20251014-1222.jar -configuration c:\Users\Dorian\AppData\Roaming\Code\User\globalStorage\redhat.java\1.47.0\config_win -data c:\Users\Dorian\AppData\Roaming\Code\User\workspaceStorage\2e54c20b31e2f00811d0ee3cb5a815c0\redhat.java\jdt_ws --pipe=\\.\pipe\lsp-9adfced374441e63632498b423eeff7b-sock
java_class_path (initial): c:\Users\Dorian\.vscode\extensions\redhat.java-1.47.0-win32-x64\server\plugins\org.eclipse.equinox.launcher_1.7.100.v20251014-1222.jar
Launcher Type: SUN_STANDARD

[Global flags]
    uintx AdaptiveSizePolicyWeight                 = 90                                        {product} {command line}
     intx CICompilerCount                          = 4                                         {product} {ergonomic}
    uintx GCTimeRatio                              = 4                                         {product} {command line}
     bool HeapDumpOnOutOfMemoryError               = true                                   {manageable} {command line}
    ccstr HeapDumpPath                             = c:\Users\Dorian\AppData\Roaming\Code\User\workspaceStorage\2e54c20b31e2f00811d0ee3cb5a815c0\redhat.java         {manageable} {command line}
   size_t InitialHeapSize                          = 104857600                                 {product} {command line}
   size_t MaxHeapSize                              = 2147483648                                {product} {command line}
   size_t MaxNewSize                               = 715653120                                 {product} {ergonomic}
   size_t MinHeapDeltaBytes                        = 524288                                    {product} {ergonomic}
   size_t MinHeapSize                              = 104857600                                 {product} {command line}
   size_t NewSize                                  = 34603008                                  {product} {ergonomic}
    uintx NonNMethodCodeHeapSize                   = 5839372                                {pd product} {ergonomic}
    uintx NonProfiledCodeHeapSize                  = 122909434                              {pd product} {ergonomic}
   size_t OldSize                                  = 70254592                                  {product} {ergonomic}
    uintx ProfiledCodeHeapSize                     = 122909434                              {pd product} {ergonomic}
    uintx ReservedCodeCacheSize                    = 251658240                              {pd product} {ergonomic}
     bool SegmentedCodeCache                       = true                                      {product} {ergonomic}
   size_t SoftMaxHeapSize                          = 2147483648                             {manageable} {ergonomic}
     bool UseCompressedOops                        = true                           {product lp64_product} {ergonomic}
     bool UseLargePagesIndividualAllocation        = false                                  {pd product} {ergonomic}
     bool UseParallelGC                            = true                                      {product} {command line}

Logging:
Log output configuration:
 #0: stdout all=off uptime,level,tags foldmultilines=false
 #1: stderr all=off uptime,level,tags foldmultilines=false

Environment Variables:
JAVA_HOME=C:\Program Files\Java\jdk-1.8
PATH=C:\Program Files (x86)\Common Files\Oracle\Java\java8path;C:\Program Files (x86)\Common Files\Oracle\Java\javapath;C:\WINDOWS\system32;C:\WINDOWS;C:\WINDOWS\System32\Wbem;C:\WINDOWS\System32\WindowsPowerShell\v1.0\;C:\WINDOWS\System32\OpenSSH\;C:\Program Files\Microsoft SQL Server\Client SDK\ODBC\170\Tools\Binn\;C:\Program Files (x86)\Microsoft SQL Server\150\Tools\Binn\;C:\Program Files\Microsoft SQL Server\150\Tools\Binn\;C:\Program Files\Microsoft SQL Server\150\DTS\Binn\;C:\Program Files\Azure Data Studio\bin;C:\Program Files\Microsoft SQL Server\120\Tools\Binn\;C:\Program Files\Microsoft SQL Server\130\Tools\Binn\;C:\Program Files (x86)\QuickTime\QTSystem\;C:\Program Files\Git\cmd;C:\Program Files\dotnet\;C:\Program Files\nodejs\;C:\ProgramData\chocolatey\bin;C:\Users\Dorian\AppData\Local\Microsoft\WindowsApps;C:\Program Files\Azure Data Studio\bin;C:\Program Files\MySQL\MySQL Server 5.7\bin;C:\Program Files\apache-maven-3.9.9\bin;C:\Program Files\Java\jdk-1.8\bin;;D:\IntelliJ IDEA Community Edition 2025.1.1.1\bin;;C:\Users\Dorian\.dotnet\tools;C:\Users\Dorian\AppData\Local\Programs\Microsoft VS Code\bin;C:\Users\Dorian\AppData\Roaming\npm
USERNAME=Dorian
OS=Windows_NT
PROCESSOR_IDENTIFIER=Intel64 Family 6 Model 142 Stepping 10, GenuineIntel
TMP=C:\Users\Dorian\AppData\Local\Temp
TEMP=C:\Users\Dorian\AppData\Local\Temp




Periodic native trim disabled

---------------  S Y S T E M  ---------------

OS:
 Windows 11 , 64 bit Build 26100 (10.0.26100.7019)
OS uptime: 4 days 11:17 hours

CPU: total 8 (initial active 8) (4 cores per cpu, 2 threads per core) family 6 model 142 stepping 10 microcode 0xf6, cx8, cmov, fxsr, ht, mmx, 3dnowpref, sse, sse2, sse3, ssse3, sse4.1, sse4.2, popcnt, lzcnt, tsc, tscinvbit, avx, avx2, aes, erms, clmul, bmi1, bmi2, adx, fma, vzeroupper, clflush, clflushopt, rdtscp, f16c
Processor Information for the first 8 processors :
  Max Mhz: 1992, Current Mhz: 1792, Mhz Limit: 1792

Memory: 4k page, system-wide physical 7555M (939M free)
TotalPageFile size 11651M (AvailPageFile size 17M)
current process WorkingSet (physical memory assigned to process): 263M, peak: 263M
current process commit charge ("private bytes"): 355M, peak: 369M

vm_info: OpenJDK 64-Bit Server VM (21.0.8+9-LTS) for windows-amd64 JRE (21.0.8+9-LTS), built on 2025-07-15T00:00:00Z by "admin" with MS VC++ 17.7 (VS2022)

END.
