#
# There is insufficient memory for the Java Runtime Environment to continue.
# Native memory allocation (malloc) failed to allocate 1568336 bytes. Error detail: Chunk::new
# Possible reasons:
#   The system is out of physical RAM or swap space
#   This process is running with CompressedOops enabled, and the Java Heap may be blocking the growth of the native heap
# Possible solutions:
#   Reduce memory load on the system
#   Increase physical memory or swap space
#   Check if swap backing store is full
#   Decrease Java heap size (-Xmx/-Xms)
#   Decrease number of Java threads
#   Decrease Java thread stack sizes (-Xss)
#   Set larger code cache with -XX:ReservedCodeCacheSize=
#   JVM is running with Unscaled Compressed Oops mode in which the Java heap is
#     placed in the first 4GB address space. The Java Heap base address is the
#     maximum limit for the native heap growth. Please use -XX:HeapBaseMinAddress
#     to set the Java Heap base and to place the Java Heap above 4GB virtual address.
# This output file may be truncated or incomplete.
#
#  Out of Memory Error (arena.cpp:168), pid=9388, tid=14764
#
# JRE version: OpenJDK Runtime Environment Temurin-21.0.8+9 (21.0.8+9) (build 21.0.8+9-LTS)
# Java VM: OpenJDK 64-Bit Server VM Temurin-21.0.8+9 (21.0.8+9-LTS, mixed mode, sharing, tiered, compressed oops, compressed class ptrs, parallel gc, windows-amd64)
# No core dump will be written. Minidumps are not enabled by default on client versions of Windows
#

---------------  S U M M A R Y ------------

Command Line: --add-modules=ALL-SYSTEM --add-opens=java.base/java.util=ALL-UNNAMED --add-opens=java.base/java.lang=ALL-UNNAMED --add-opens=java.base/sun.nio.fs=ALL-UNNAMED -Declipse.application=org.eclipse.jdt.ls.core.id1 -Dosgi.bundles.defaultStartLevel=4 -Declipse.product=org.eclipse.jdt.ls.core.product -Djava.import.generatesMetadataFilesAtProjectRoot=false -DDetectVMInstallationsJob.disabled=true -Dfile.encoding=utf8 -XX:+UseParallelGC -XX:GCTimeRatio=4 -XX:AdaptiveSizePolicyWeight=90 -Dsun.zip.disableMemoryMapping=true -Xmx2G -Xms100m -Xlog:disable -javaagent:c:\Users\Dorian\.vscode\extensions\redhat.java-1.46.0-win32-x64\lombok\lombok-1.18.39-4050.jar -XX:+HeapDumpOnOutOfMemoryError -XX:HeapDumpPath=c:\Users\Dorian\AppData\Roaming\Code\User\workspaceStorage\2e54c20b31e2f00811d0ee3cb5a815c0\redhat.java -Daether.dependencyCollector.impl=bf c:\Users\Dorian\.vscode\extensions\redhat.java-1.46.0-win32-x64\server\plugins\org.eclipse.equinox.launcher_1.7.0.v20250519-0528.jar -configuration c:\Users\Dorian\AppData\Roaming\Code\User\globalStorage\redhat.java\1.46.0\config_win -data c:\Users\Dorian\AppData\Roaming\Code\User\workspaceStorage\2e54c20b31e2f00811d0ee3cb5a815c0\redhat.java\jdt_ws --pipe=\\.\pipe\lsp-6a187816e91f629ade9ac71869c84bed-sock

Host: Intel(R) Core(TM) i7-8550U CPU @ 1.80GHz, 8 cores, 7G,  Windows 11 , 64 bit Build 26100 (10.0.26100.6725)
Time: Fri Oct 31 09:45:38 2025 E. Africa Standard Time elapsed time: 10.670793 seconds (0d 0h 0m 10s)

---------------  T H R E A D  ---------------

Current thread (0x000001f4d00568f0):  JavaThread "C2 CompilerThread1" daemon [_thread_in_native, id=14764, stack(0x00000018a4300000,0x00000018a4400000) (1024K)]


Current CompileTask:
C2:10670 4053   !   4       org.eclipse.osgi.internal.loader.classpath.ClasspathManager::findClassImpl (343 bytes)

Stack: [0x00000018a4300000,0x00000018a4400000]
Native frames: (J=compiled Java code, j=interpreted, Vv=VM code, C=native code)
V  [jvm.dll+0x6d2449]
V  [jvm.dll+0x8ae341]
V  [jvm.dll+0x8b08be]
V  [jvm.dll+0x8b0fa3]
V  [jvm.dll+0x280c96]
V  [jvm.dll+0xc581d]
V  [jvm.dll+0xc5d53]
V  [jvm.dll+0x3b9162]
V  [jvm.dll+0x1e1213]
V  [jvm.dll+0x249022]
V  [jvm.dll+0x2484af]
V  [jvm.dll+0x1c89ee]
V  [jvm.dll+0x257d4d]
V  [jvm.dll+0x2562ea]
V  [jvm.dll+0x3f2d16]
V  [jvm.dll+0x857e6b]
V  [jvm.dll+0x6d0b0d]
C  [ucrtbase.dll+0x37b0]
C  [KERNEL32.DLL+0x2e8d7]
C  [ntdll.dll+0x8c53c]


---------------  P R O C E S S  ---------------

Threads class SMR info:
_java_thread_list=0x000001f4d18bb150, length=26, elements={
0x000001f4f14deb50, 0x000001f4f144db90, 0x000001f4f1452320, 0x000001f4f1454e70,
0x000001f4f1455ac0, 0x000001f4f1457da0, 0x000001f4f1465210, 0x000001f4fa708c10,
0x000001f4f148b9d0, 0x000001f4fa8031b0, 0x000001f4faad6860, 0x000001f4d0152890,
0x000001f4ff7e7e20, 0x000001f4ff72ff70, 0x000001f4d02c37f0, 0x000001f4d055c6e0,
0x000001f4ff71fcd0, 0x000001f4d022da50, 0x000001f4d022e0e0, 0x000001f4d02301b0,
0x000001f4d022fb20, 0x000001f4d00568f0, 0x000001f4d0976850, 0x000001f4d022ee00,
0x000001f4d0230840, 0x000001f4d0230ed0
}

Java Threads: ( => current thread )
  0x000001f4f14deb50 JavaThread "main"                              [_thread_in_vm, id=12568, stack(0x00000018a2400000,0x00000018a2500000) (1024K)]
  0x000001f4f144db90 JavaThread "Reference Handler"          daemon [_thread_blocked, id=13664, stack(0x00000018a2800000,0x00000018a2900000) (1024K)]
  0x000001f4f1452320 JavaThread "Finalizer"                  daemon [_thread_blocked, id=12192, stack(0x00000018a2900000,0x00000018a2a00000) (1024K)]
  0x000001f4f1454e70 JavaThread "Signal Dispatcher"          daemon [_thread_blocked, id=21572, stack(0x00000018a2a00000,0x00000018a2b00000) (1024K)]
  0x000001f4f1455ac0 JavaThread "Attach Listener"            daemon [_thread_blocked, id=19556, stack(0x00000018a2b00000,0x00000018a2c00000) (1024K)]
  0x000001f4f1457da0 JavaThread "Service Thread"             daemon [_thread_blocked, id=6284, stack(0x00000018a2c00000,0x00000018a2d00000) (1024K)]
  0x000001f4f1465210 JavaThread "Monitor Deflation Thread"   daemon [_thread_blocked, id=12440, stack(0x00000018a2d00000,0x00000018a2e00000) (1024K)]
  0x000001f4fa708c10 JavaThread "C2 CompilerThread0"         daemon [_thread_in_native, id=372, stack(0x00000018a2e00000,0x00000018a2f00000) (1024K)]
  0x000001f4f148b9d0 JavaThread "C1 CompilerThread0"         daemon [_thread_blocked, id=17432, stack(0x00000018a2f00000,0x00000018a3000000) (1024K)]
  0x000001f4fa8031b0 JavaThread "Common-Cleaner"             daemon [_thread_blocked, id=5924, stack(0x00000018a3000000,0x00000018a3100000) (1024K)]
  0x000001f4faad6860 JavaThread "Notification Thread"        daemon [_thread_blocked, id=20476, stack(0x00000018a3100000,0x00000018a3200000) (1024K)]
  0x000001f4d0152890 JavaThread "Active Thread: Equinox Container: f263cd91-611f-450d-b96e-d2e861dfeda6"        [_thread_blocked, id=10144, stack(0x00000018a3a00000,0x00000018a3b00000) (1024K)]
  0x000001f4ff7e7e20 JavaThread "Refresh Thread: Equinox Container: f263cd91-611f-450d-b96e-d2e861dfeda6" daemon [_thread_blocked, id=3036, stack(0x00000018a3b00000,0x00000018a3c00000) (1024K)]
  0x000001f4ff72ff70 JavaThread "Framework Event Dispatcher: Equinox Container: f263cd91-611f-450d-b96e-d2e861dfeda6" daemon [_thread_blocked, id=18116, stack(0x00000018a3d00000,0x00000018a3e00000) (1024K)]
  0x000001f4d02c37f0 JavaThread "Start Level: Equinox Container: f263cd91-611f-450d-b96e-d2e861dfeda6" daemon [_thread_blocked, id=20216, stack(0x00000018a3e00000,0x00000018a3f00000) (1024K)]
  0x000001f4d055c6e0 JavaThread "Bundle File Closer"         daemon [_thread_blocked, id=6788, stack(0x00000018a3f00000,0x00000018a4000000) (1024K)]
  0x000001f4ff71fcd0 JavaThread "SCR Component Actor"        daemon [_thread_blocked, id=11028, stack(0x00000018a3200000,0x00000018a3300000) (1024K)]
  0x000001f4d022da50 JavaThread "Worker-JM"                         [_thread_blocked, id=17904, stack(0x00000018a4000000,0x00000018a4100000) (1024K)]
  0x000001f4d022e0e0 JavaThread "JNA Cleaner"                daemon [_thread_blocked, id=17304, stack(0x00000018a3300000,0x00000018a3400000) (1024K)]
  0x000001f4d02301b0 JavaThread "Worker-0"                          [_thread_blocked, id=21184, stack(0x00000018a4100000,0x00000018a4200000) (1024K)]
  0x000001f4d022fb20 JavaThread "Worker-1: Repository registry initialization"        [_thread_in_Java, id=2848, stack(0x00000018a4200000,0x00000018a4300000) (1024K)]
=>0x000001f4d00568f0 JavaThread "C2 CompilerThread1"         daemon [_thread_in_native, id=14764, stack(0x00000018a4300000,0x00000018a4400000) (1024K)]
  0x000001f4d0976850 JavaThread "C2 CompilerThread2"         daemon [_thread_in_native, id=9232, stack(0x00000018a4400000,0x00000018a4500000) (1024K)]
  0x000001f4d022ee00 JavaThread "Worker-2: Initialize After Load"        [_thread_in_Java, id=17000, stack(0x00000018a4500000,0x00000018a4600000) (1024K)]
  0x000001f4d0230840 JavaThread "Java indexing"              daemon [_thread_blocked, id=13108, stack(0x00000018a4600000,0x00000018a4700000) (1024K)]
  0x000001f4d0230ed0 JavaThread "Worker-3: Loading available Gradle versions"        [_thread_blocked, id=20708, stack(0x00000018a4800000,0x00000018a4900000) (1024K)]
Total: 26

Other Threads:
  0x000001f4f159e620 VMThread "VM Thread"                           [id=10088, stack(0x00000018a2700000,0x00000018a2800000) (1024K)]
  0x000001f4f136ca00 WatcherThread "VM Periodic Task Thread"        [id=12160, stack(0x00000018a2600000,0x00000018a2700000) (1024K)]
  0x000001f4f14fd440 WorkerThread "GC Thread#0"                     [id=17672, stack(0x00000018a2500000,0x00000018a2600000) (1024K)]
  0x000001f4ff349970 WorkerThread "GC Thread#1"                     [id=17208, stack(0x00000018a3400000,0x00000018a3500000) (1024K)]
  0x000001f4faabd0d0 WorkerThread "GC Thread#2"                     [id=3048, stack(0x00000018a3500000,0x00000018a3600000) (1024K)]
  0x000001f4faabd470 WorkerThread "GC Thread#3"                     [id=5740, stack(0x00000018a3600000,0x00000018a3700000) (1024K)]
  0x000001f4faabd810 WorkerThread "GC Thread#4"                     [id=18244, stack(0x00000018a3700000,0x00000018a3800000) (1024K)]
  0x000001f4ff523810 WorkerThread "GC Thread#5"                     [id=3332, stack(0x00000018a3800000,0x00000018a3900000) (1024K)]
  0x000001f4ff523bb0 WorkerThread "GC Thread#6"                     [id=3752, stack(0x00000018a3900000,0x00000018a3a00000) (1024K)]
  0x000001f4d012d9a0 WorkerThread "GC Thread#7"                     [id=21960, stack(0x00000018a3c00000,0x00000018a3d00000) (1024K)]
Total: 10

Threads with active compile tasks:
C2 CompilerThread0  10731 4378       4       sun.nio.cs.StreamDecoder::lockedRead (189 bytes)
C1 CompilerThread0  10731 4473       2       java.util.zip.ZipFile$Source::initCEN (612 bytes)
C2 CompilerThread1  10732 4053   !   4       org.eclipse.osgi.internal.loader.classpath.ClasspathManager::findClassImpl (343 bytes)
C2 CompilerThread2  10732 4377   !   4       sun.nio.cs.StreamDecoder::read (78 bytes)
Total: 4

VM state: not at safepoint (normal execution)

VM Mutex/Monitor currently owned by a thread: None

Heap address: 0x0000000080000000, size: 2048 MB, Compressed Oops mode: 32-bit

CDS archive(s) mapped at: [0x000001f48f000000-0x000001f48fba0000-0x000001f48fba0000), size 12189696, SharedBaseAddress: 0x000001f48f000000, ArchiveRelocationMode: 1.
Compressed class space mapped at: 0x000001f490000000-0x000001f4d0000000, reserved size: 1073741824
Narrow klass base: 0x000001f48f000000, Narrow klass shift: 0, Narrow klass range: 0x100000000

GC Precious Log:
 CardTable entry size: 512
 CPUs: 8 total, 8 available
 Memory: 7555M
 Large Page Support: Disabled
 NUMA Support: Disabled
 Compressed Oops: Enabled (32-bit)
 Alignments: Space 512K, Generation 512K, Heap 2M
 Heap Min Capacity: 100M
 Heap Initial Capacity: 100M
 Heap Max Capacity: 2G
 Pre-touch: Disabled
 Parallel Workers: 8

Heap:
 PSYoungGen      total 26112K, used 21354K [0x00000000d5580000, 0x00000000d7280000, 0x0000000100000000)
  eden space 22528K, 88% used [0x00000000d5580000,0x00000000d68e7908,0x00000000d6b80000)
  from space 3584K, 41% used [0x00000000d6c80000,0x00000000d6df30c8,0x00000000d7000000)
  to   space 2560K, 0% used [0x00000000d7000000,0x00000000d7000000,0x00000000d7280000)
 ParOldGen       total 68608K, used 15921K [0x0000000080000000, 0x0000000084300000, 0x00000000d5580000)
  object space 68608K, 23% used [0x0000000080000000,0x0000000080f8c520,0x0000000084300000)
 Metaspace       used 32984K, committed 34112K, reserved 1114112K
  class space    used 3422K, committed 3904K, reserved 1048576K

Card table byte_map: [0x000001f4f0e80000,0x000001f4f1290000] _byte_map_base: 0x000001f4f0a80000

Marking Bits: (ParMarkBitMap*) 0x00007ffd521aa340
 Begin Bits: [0x000001f4f4980000, 0x000001f4f6980000)
 End Bits:   [0x000001f4f6980000, 0x000001f4f8980000)

Polling page: 0x000001f4ef280000

Metaspace:

Usage:
  Non-class:     28.87 MB used.
      Class:      3.34 MB used.
       Both:     32.21 MB used.

Virtual space:
  Non-class space:       64.00 MB reserved,      29.50 MB ( 46%) committed,  1 nodes.
      Class space:        1.00 GB reserved,       3.81 MB ( <1%) committed,  1 nodes.
             Both:        1.06 GB reserved,      33.31 MB (  3%) committed. 

Chunk freelists:
   Non-Class:  1.79 MB
       Class:  12.01 MB
        Both:  13.80 MB

MaxMetaspaceSize: unlimited
CompressedClassSpaceSize: 1.00 GB
Initial GC threshold: 21.00 MB
Current GC threshold: 35.00 MB
CDS: on
 - commit_granule_bytes: 65536.
 - commit_granule_words: 8192.
 - virtual_space_node_default_size: 8388608.
 - enlarge_chunks_in_place: 1.
 - use_allocation_guard: 0.


Internal statistics:

num_allocs_failed_limit: 3.
num_arena_births: 856.
num_arena_deaths: 14.
num_vsnodes_births: 2.
num_vsnodes_deaths: 0.
num_space_committed: 533.
num_space_uncommitted: 0.
num_chunks_returned_to_freelist: 17.
num_chunks_taken_from_freelist: 2292.
num_chunk_merges: 9.
num_chunk_splits: 1431.
num_chunks_enlarged: 820.
num_inconsistent_stats: 0.

CodeHeap 'non-profiled nmethods': size=120000Kb used=2061Kb max_used=2061Kb free=117938Kb
 bounds [0x000001f487ad0000, 0x000001f487d40000, 0x000001f48f000000]
CodeHeap 'profiled nmethods': size=120000Kb used=9393Kb max_used=9393Kb free=110606Kb
 bounds [0x000001f480000000, 0x000001f480930000, 0x000001f487530000]
CodeHeap 'non-nmethods': size=5760Kb used=1348Kb max_used=1403Kb free=4411Kb
 bounds [0x000001f487530000, 0x000001f4877a0000, 0x000001f487ad0000]
CodeCache: size=245760Kb, used=12802Kb, max_used=12857Kb, free=232955Kb
 total_blobs=5083, nmethods=4440, adapters=549, full_count=0
Compilation: enabled, stopped_count=0, restarted_count=0

Compilation events (20 events):
Event: 10.502 Thread 0x000001f4f148b9d0 nmethod 4414 0x000001f480910d90 code [0x000001f480910f40, 0x000001f480911100]
Event: 10.502 Thread 0x000001f4f148b9d0 4415       3       jdk.internal.org.objectweb.asm.Edge::<init> (20 bytes)
Event: 10.502 Thread 0x000001f4f148b9d0 nmethod 4415 0x000001f480911190 code [0x000001f480911340, 0x000001f4809114e0]
Event: 10.507 Thread 0x000001f4f148b9d0 4417       3       org.eclipse.sisu.plexus.PlexusXmlScanner::TEXT (10 bytes)
Event: 10.507 Thread 0x000001f4f148b9d0 nmethod 4417 0x000001f480911590 code [0x000001f480911780, 0x000001f480911b18]
Event: 10.507 Thread 0x000001f4f148b9d0 4418       3       org.codehaus.plexus.util.xml.pull.MXParser::nextText (107 bytes)
Event: 10.509 Thread 0x000001f4f148b9d0 nmethod 4418 0x000001f480911c90 code [0x000001f480911f60, 0x000001f480912ae0]
Event: 10.521 Thread 0x000001f4f148b9d0 4425       3       java.util.ArrayList::indexOfRange (71 bytes)
Event: 10.522 Thread 0x000001f4f148b9d0 nmethod 4425 0x000001f480912f90 code [0x000001f480913180, 0x000001f480913610]
Event: 10.530 Thread 0x000001f4f148b9d0 4433       1       org.codehaus.plexus.util.xml.pull.MXParser::getDepth (5 bytes)
Event: 10.530 Thread 0x000001f4f148b9d0 nmethod 4433 0x000001f487cc2e90 code [0x000001f487cc3020, 0x000001f487cc30e8]
Event: 10.560 Thread 0x000001f4f148b9d0 4435       2       java.util.regex.Matcher::match (154 bytes)
Event: 10.561 Thread 0x000001f4f148b9d0 nmethod 4435 0x000001f480913810 code [0x000001f4809139e0, 0x000001f480913cf8]
Event: 10.570 Thread 0x000001f4f148b9d0 4436       2       aQute.bnd.header.Attrs::containsKey (11 bytes)
Event: 10.571 Thread 0x000001f4f148b9d0 nmethod 4436 0x000001f480913f10 code [0x000001f4809140c0, 0x000001f4809141f8]
Event: 10.574 Thread 0x000001f4f148b9d0 4437       2       org.osgi.util.tracker.BundleTracker$Tracked::customizerAdding (13 bytes)
Event: 10.574 Thread 0x000001f4f148b9d0 nmethod 4437 0x000001f480914290 code [0x000001f480914440, 0x000001f480914610]
Event: 10.574 Thread 0x000001f4f148b9d0 4438       2       org.osgi.util.tracker.BundleTracker$Tracked::customizerAdding (15 bytes)
Event: 10.575 Thread 0x000001f4f148b9d0 nmethod 4438 0x000001f480914710 code [0x000001f4809148c0, 0x000001f4809149f8]
Event: 10.575 Thread 0x000001f4f148b9d0 4439       2       aQute.bnd.header.Attrs::put (25 bytes)

GC Heap History (20 events):
Event: 4.019 GC heap before
{Heap before GC invocations=3 (full 0):
 PSYoungGen      total 29696K, used 29677K [0x00000000d5580000, 0x00000000d7680000, 0x0000000100000000)
  eden space 25600K, 99% used [0x00000000d5580000,0x00000000d6e7dfe0,0x00000000d6e80000)
  from space 4096K, 99% used [0x00000000d7280000,0x00000000d767d790,0x00000000d7680000)
  to   space 4096K, 0% used [0x00000000d6e80000,0x00000000d6e80000,0x00000000d7280000)
 ParOldGen       total 68608K, used 1735K [0x0000000080000000, 0x0000000084300000, 0x00000000d5580000)
  object space 68608K, 2% used [0x0000000080000000,0x00000000801b1f18,0x0000000084300000)
 Metaspace       used 9430K, committed 9728K, reserved 1114112K
  class space    used 1007K, committed 1152K, reserved 1048576K
}
Event: 4.028 GC heap after
{Heap after GC invocations=3 (full 0):
 PSYoungGen      total 29696K, used 4080K [0x00000000d5580000, 0x00000000d7680000, 0x0000000100000000)
  eden space 25600K, 0% used [0x00000000d5580000,0x00000000d5580000,0x00000000d6e80000)
  from space 4096K, 99% used [0x00000000d6e80000,0x00000000d727c030,0x00000000d7280000)
  to   space 4096K, 0% used [0x00000000d7280000,0x00000000d7280000,0x00000000d7680000)
 ParOldGen       total 68608K, used 4794K [0x0000000080000000, 0x0000000084300000, 0x00000000d5580000)
  object space 68608K, 6% used [0x0000000080000000,0x00000000804ae9c8,0x0000000084300000)
 Metaspace       used 9430K, committed 9728K, reserved 1114112K
  class space    used 1007K, committed 1152K, reserved 1048576K
}
Event: 5.573 GC heap before
{Heap before GC invocations=4 (full 0):
 PSYoungGen      total 29696K, used 29680K [0x00000000d5580000, 0x00000000d7680000, 0x0000000100000000)
  eden space 25600K, 100% used [0x00000000d5580000,0x00000000d6e80000,0x00000000d6e80000)
  from space 4096K, 99% used [0x00000000d6e80000,0x00000000d727c030,0x00000000d7280000)
  to   space 4096K, 0% used [0x00000000d7280000,0x00000000d7280000,0x00000000d7680000)
 ParOldGen       total 68608K, used 4794K [0x0000000080000000, 0x0000000084300000, 0x00000000d5580000)
  object space 68608K, 6% used [0x0000000080000000,0x00000000804ae9c8,0x0000000084300000)
 Metaspace       used 12079K, committed 12480K, reserved 1114112K
  class space    used 1292K, committed 1472K, reserved 1048576K
}
Event: 5.582 GC heap after
{Heap after GC invocations=4 (full 0):
 PSYoungGen      total 29696K, used 4084K [0x00000000d5580000, 0x00000000d7680000, 0x0000000100000000)
  eden space 25600K, 0% used [0x00000000d5580000,0x00000000d5580000,0x00000000d6e80000)
  from space 4096K, 99% used [0x00000000d7280000,0x00000000d767d248,0x00000000d7680000)
  to   space 4096K, 0% used [0x00000000d6e80000,0x00000000d6e80000,0x00000000d7280000)
 ParOldGen       total 68608K, used 6293K [0x0000000080000000, 0x0000000084300000, 0x00000000d5580000)
  object space 68608K, 9% used [0x0000000080000000,0x0000000080625748,0x0000000084300000)
 Metaspace       used 12079K, committed 12480K, reserved 1114112K
  class space    used 1292K, committed 1472K, reserved 1048576K
}
Event: 6.620 GC heap before
{Heap before GC invocations=5 (full 0):
 PSYoungGen      total 29696K, used 29684K [0x00000000d5580000, 0x00000000d7680000, 0x0000000100000000)
  eden space 25600K, 100% used [0x00000000d5580000,0x00000000d6e80000,0x00000000d6e80000)
  from space 4096K, 99% used [0x00000000d7280000,0x00000000d767d248,0x00000000d7680000)
  to   space 4096K, 0% used [0x00000000d6e80000,0x00000000d6e80000,0x00000000d7280000)
 ParOldGen       total 68608K, used 6293K [0x0000000080000000, 0x0000000084300000, 0x00000000d5580000)
  object space 68608K, 9% used [0x0000000080000000,0x0000000080625748,0x0000000084300000)
 Metaspace       used 16026K, committed 16704K, reserved 1114112K
  class space    used 1670K, committed 1984K, reserved 1048576K
}
Event: 6.633 GC heap after
{Heap after GC invocations=5 (full 0):
 PSYoungGen      total 29184K, used 4072K [0x00000000d5580000, 0x00000000d7a00000, 0x0000000100000000)
  eden space 25088K, 0% used [0x00000000d5580000,0x00000000d5580000,0x00000000d6e00000)
  from space 4096K, 99% used [0x00000000d6e80000,0x00000000d727a188,0x00000000d7280000)
  to   space 6144K, 0% used [0x00000000d7400000,0x00000000d7400000,0x00000000d7a00000)
 ParOldGen       total 68608K, used 8002K [0x0000000080000000, 0x0000000084300000, 0x00000000d5580000)
  object space 68608K, 11% used [0x0000000080000000,0x00000000807d09e8,0x0000000084300000)
 Metaspace       used 16026K, committed 16704K, reserved 1114112K
  class space    used 1670K, committed 1984K, reserved 1048576K
}
Event: 7.788 GC heap before
{Heap before GC invocations=6 (full 0):
 PSYoungGen      total 29184K, used 29146K [0x00000000d5580000, 0x00000000d7a00000, 0x0000000100000000)
  eden space 25088K, 99% used [0x00000000d5580000,0x00000000d6dfc6a8,0x00000000d6e00000)
  from space 4096K, 99% used [0x00000000d6e80000,0x00000000d727a188,0x00000000d7280000)
  to   space 6144K, 0% used [0x00000000d7400000,0x00000000d7400000,0x00000000d7a00000)
 ParOldGen       total 68608K, used 8002K [0x0000000080000000, 0x0000000084300000, 0x00000000d5580000)
  object space 68608K, 11% used [0x0000000080000000,0x00000000807d09e8,0x0000000084300000)
 Metaspace       used 18919K, committed 19712K, reserved 1114112K
  class space    used 2002K, committed 2304K, reserved 1048576K
}
Event: 7.798 GC heap after
{Heap after GC invocations=6 (full 0):
 PSYoungGen      total 29184K, used 4559K [0x00000000d5580000, 0x00000000d7880000, 0x0000000100000000)
  eden space 24576K, 0% used [0x00000000d5580000,0x00000000d5580000,0x00000000d6d80000)
  from space 4608K, 98% used [0x00000000d7400000,0x00000000d7873d80,0x00000000d7880000)
  to   space 5120K, 0% used [0x00000000d6e80000,0x00000000d6e80000,0x00000000d7380000)
 ParOldGen       total 68608K, used 8010K [0x0000000080000000, 0x0000000084300000, 0x00000000d5580000)
  object space 68608K, 11% used [0x0000000080000000,0x00000000807d29e8,0x0000000084300000)
 Metaspace       used 18919K, committed 19712K, reserved 1114112K
  class space    used 2002K, committed 2304K, reserved 1048576K
}
Event: 8.166 GC heap before
{Heap before GC invocations=7 (full 0):
 PSYoungGen      total 29184K, used 21110K [0x00000000d5580000, 0x00000000d7880000, 0x0000000100000000)
  eden space 24576K, 67% used [0x00000000d5580000,0x00000000d65a9df8,0x00000000d6d80000)
  from space 4608K, 98% used [0x00000000d7400000,0x00000000d7873d80,0x00000000d7880000)
  to   space 5120K, 0% used [0x00000000d6e80000,0x00000000d6e80000,0x00000000d7380000)
 ParOldGen       total 68608K, used 8010K [0x0000000080000000, 0x0000000084300000, 0x00000000d5580000)
  object space 68608K, 11% used [0x0000000080000000,0x00000000807d29e8,0x0000000084300000)
 Metaspace       used 20574K, committed 21504K, reserved 1114112K
  class space    used 2215K, committed 2624K, reserved 1048576K
}
Event: 8.176 GC heap after
{Heap after GC invocations=7 (full 0):
 PSYoungGen      total 29184K, used 4343K [0x00000000d5580000, 0x00000000d7680000, 0x0000000100000000)
  eden space 24576K, 0% used [0x00000000d5580000,0x00000000d5580000,0x00000000d6d80000)
  from space 4608K, 94% used [0x00000000d6e80000,0x00000000d72bdcf8,0x00000000d7300000)
  to   space 3584K, 0% used [0x00000000d7300000,0x00000000d7300000,0x00000000d7680000)
 ParOldGen       total 68608K, used 9270K [0x0000000080000000, 0x0000000084300000, 0x00000000d5580000)
  object space 68608K, 13% used [0x0000000080000000,0x000000008090d9e0,0x0000000084300000)
 Metaspace       used 20574K, committed 21504K, reserved 1114112K
  class space    used 2215K, committed 2624K, reserved 1048576K
}
Event: 8.176 GC heap before
{Heap before GC invocations=8 (full 1):
 PSYoungGen      total 29184K, used 4343K [0x00000000d5580000, 0x00000000d7680000, 0x0000000100000000)
  eden space 24576K, 0% used [0x00000000d5580000,0x00000000d5580000,0x00000000d6d80000)
  from space 4608K, 94% used [0x00000000d6e80000,0x00000000d72bdcf8,0x00000000d7300000)
  to   space 3584K, 0% used [0x00000000d7300000,0x00000000d7300000,0x00000000d7680000)
 ParOldGen       total 68608K, used 9270K [0x0000000080000000, 0x0000000084300000, 0x00000000d5580000)
  object space 68608K, 13% used [0x0000000080000000,0x000000008090d9e0,0x0000000084300000)
 Metaspace       used 20574K, committed 21504K, reserved 1114112K
  class space    used 2215K, committed 2624K, reserved 1048576K
}
Event: 8.239 GC heap after
{Heap after GC invocations=8 (full 1):
 PSYoungGen      total 29184K, used 0K [0x00000000d5580000, 0x00000000d7680000, 0x0000000100000000)
  eden space 24576K, 0% used [0x00000000d5580000,0x00000000d5580000,0x00000000d6d80000)
  from space 4608K, 0% used [0x00000000d6e80000,0x00000000d6e80000,0x00000000d7300000)
  to   space 3584K, 0% used [0x00000000d7300000,0x00000000d7300000,0x00000000d7680000)
 ParOldGen       total 68608K, used 12813K [0x0000000080000000, 0x0000000084300000, 0x00000000d5580000)
  object space 68608K, 18% used [0x0000000080000000,0x0000000080c83420,0x0000000084300000)
 Metaspace       used 20561K, committed 21504K, reserved 1114112K
  class space    used 2212K, committed 2624K, reserved 1048576K
}
Event: 8.821 GC heap before
{Heap before GC invocations=9 (full 1):
 PSYoungGen      total 29184K, used 24566K [0x00000000d5580000, 0x00000000d7680000, 0x0000000100000000)
  eden space 24576K, 99% used [0x00000000d5580000,0x00000000d6d7d9d8,0x00000000d6d80000)
  from space 4608K, 0% used [0x00000000d6e80000,0x00000000d6e80000,0x00000000d7300000)
  to   space 3584K, 0% used [0x00000000d7300000,0x00000000d7300000,0x00000000d7680000)
 ParOldGen       total 68608K, used 12813K [0x0000000080000000, 0x0000000084300000, 0x00000000d5580000)
  object space 68608K, 18% used [0x0000000080000000,0x0000000080c83420,0x0000000084300000)
 Metaspace       used 22787K, committed 23744K, reserved 1114112K
  class space    used 2393K, committed 2816K, reserved 1048576K
}
Event: 8.823 GC heap after
{Heap after GC invocations=9 (full 1):
 PSYoungGen      total 25600K, used 1063K [0x00000000d5580000, 0x00000000d7480000, 0x0000000100000000)
  eden space 24064K, 0% used [0x00000000d5580000,0x00000000d5580000,0x00000000d6d00000)
  from space 1536K, 69% used [0x00000000d7300000,0x00000000d7409c00,0x00000000d7480000)
  to   space 2560K, 0% used [0x00000000d6f80000,0x00000000d6f80000,0x00000000d7200000)
 ParOldGen       total 68608K, used 12821K [0x0000000080000000, 0x0000000084300000, 0x00000000d5580000)
  object space 68608K, 18% used [0x0000000080000000,0x0000000080c85420,0x0000000084300000)
 Metaspace       used 22787K, committed 23744K, reserved 1114112K
  class space    used 2393K, committed 2816K, reserved 1048576K
}
Event: 9.180 GC heap before
{Heap before GC invocations=10 (full 1):
 PSYoungGen      total 25600K, used 25127K [0x00000000d5580000, 0x00000000d7480000, 0x0000000100000000)
  eden space 24064K, 100% used [0x00000000d5580000,0x00000000d6d00000,0x00000000d6d00000)
  from space 1536K, 69% used [0x00000000d7300000,0x00000000d7409c00,0x00000000d7480000)
  to   space 2560K, 0% used [0x00000000d6f80000,0x00000000d6f80000,0x00000000d7200000)
 ParOldGen       total 68608K, used 12821K [0x0000000080000000, 0x0000000084300000, 0x00000000d5580000)
  object space 68608K, 18% used [0x0000000080000000,0x0000000080c85420,0x0000000084300000)
 Metaspace       used 26491K, committed 27456K, reserved 1114112K
  class space    used 2668K, committed 3072K, reserved 1048576K
}
Event: 9.182 GC heap after
{Heap after GC invocations=10 (full 1):
 PSYoungGen      total 26112K, used 1163K [0x00000000d5580000, 0x00000000d7380000, 0x0000000100000000)
  eden space 23552K, 0% used [0x00000000d5580000,0x00000000d5580000,0x00000000d6c80000)
  from space 2560K, 45% used [0x00000000d6f80000,0x00000000d70a2d50,0x00000000d7200000)
  to   space 1536K, 0% used [0x00000000d7200000,0x00000000d7200000,0x00000000d7380000)
 ParOldGen       total 68608K, used 12829K [0x0000000080000000, 0x0000000084300000, 0x00000000d5580000)
  object space 68608K, 18% used [0x0000000080000000,0x0000000080c87420,0x0000000084300000)
 Metaspace       used 26491K, committed 27456K, reserved 1114112K
  class space    used 2668K, committed 3072K, reserved 1048576K
}
Event: 9.670 GC heap before
{Heap before GC invocations=11 (full 1):
 PSYoungGen      total 26112K, used 24715K [0x00000000d5580000, 0x00000000d7380000, 0x0000000100000000)
  eden space 23552K, 100% used [0x00000000d5580000,0x00000000d6c80000,0x00000000d6c80000)
  from space 2560K, 45% used [0x00000000d6f80000,0x00000000d70a2d50,0x00000000d7200000)
  to   space 1536K, 0% used [0x00000000d7200000,0x00000000d7200000,0x00000000d7380000)
 ParOldGen       total 68608K, used 12829K [0x0000000080000000, 0x0000000084300000, 0x00000000d5580000)
  object space 68608K, 18% used [0x0000000080000000,0x0000000080c87420,0x0000000084300000)
 Metaspace       used 27775K, committed 28800K, reserved 1114112K
  class space    used 2774K, committed 3200K, reserved 1048576K
}
Event: 9.677 GC heap after
{Heap after GC invocations=11 (full 1):
 PSYoungGen      total 24576K, used 1531K [0x00000000d5580000, 0x00000000d7380000, 0x0000000100000000)
  eden space 23040K, 0% used [0x00000000d5580000,0x00000000d5580000,0x00000000d6c00000)
  from space 1536K, 99% used [0x00000000d7200000,0x00000000d737edb0,0x00000000d7380000)
  to   space 3584K, 0% used [0x00000000d6c80000,0x00000000d6c80000,0x00000000d7000000)
 ParOldGen       total 68608K, used 14469K [0x0000000080000000, 0x0000000084300000, 0x00000000d5580000)
  object space 68608K, 21% used [0x0000000080000000,0x0000000080e217f0,0x0000000084300000)
 Metaspace       used 27775K, committed 28800K, reserved 1114112K
  class space    used 2774K, committed 3200K, reserved 1048576K
}
Event: 10.245 GC heap before
{Heap before GC invocations=12 (full 1):
 PSYoungGen      total 24576K, used 24547K [0x00000000d5580000, 0x00000000d7380000, 0x0000000100000000)
  eden space 23040K, 99% used [0x00000000d5580000,0x00000000d6bfa1a8,0x00000000d6c00000)
  from space 1536K, 99% used [0x00000000d7200000,0x00000000d737edb0,0x00000000d7380000)
  to   space 3584K, 0% used [0x00000000d6c80000,0x00000000d6c80000,0x00000000d7000000)
 ParOldGen       total 68608K, used 14469K [0x0000000080000000, 0x0000000084300000, 0x00000000d5580000)
  object space 68608K, 21% used [0x0000000080000000,0x0000000080e217f0,0x0000000084300000)
 Metaspace       used 31382K, committed 32448K, reserved 1114112K
  class space    used 3200K, committed 3648K, reserved 1048576K
}
Event: 10.250 GC heap after
{Heap after GC invocations=12 (full 1):
 PSYoungGen      total 26112K, used 1484K [0x00000000d5580000, 0x00000000d7280000, 0x0000000100000000)
  eden space 22528K, 0% used [0x00000000d5580000,0x00000000d5580000,0x00000000d6b80000)
  from space 3584K, 41% used [0x00000000d6c80000,0x00000000d6df30c8,0x00000000d7000000)
  to   space 2560K, 0% used [0x00000000d7000000,0x00000000d7000000,0x00000000d7280000)
 ParOldGen       total 68608K, used 15921K [0x0000000080000000, 0x0000000084300000, 0x00000000d5580000)
  object space 68608K, 23% used [0x0000000080000000,0x0000000080f8c520,0x0000000084300000)
 Metaspace       used 31382K, committed 32448K, reserved 1114112K
  class space    used 3200K, committed 3648K, reserved 1048576K
}

Dll operation events (10 events):
Event: 0.044 Loaded shared library c:\Users\Dorian\.vscode\extensions\redhat.java-1.46.0-win32-x64\jre\21.0.8-win32-x86_64\bin\java.dll
Event: 0.270 Loaded shared library c:\Users\Dorian\.vscode\extensions\redhat.java-1.46.0-win32-x64\jre\21.0.8-win32-x86_64\bin\zip.dll
Event: 0.660 Loaded shared library C:\Users\Dorian\.vscode\extensions\redhat.java-1.46.0-win32-x64\jre\21.0.8-win32-x86_64\bin\instrument.dll
Event: 0.698 Loaded shared library C:\Users\Dorian\.vscode\extensions\redhat.java-1.46.0-win32-x64\jre\21.0.8-win32-x86_64\bin\net.dll
Event: 0.703 Loaded shared library C:\Users\Dorian\.vscode\extensions\redhat.java-1.46.0-win32-x64\jre\21.0.8-win32-x86_64\bin\nio.dll
Event: 0.709 Loaded shared library C:\Users\Dorian\.vscode\extensions\redhat.java-1.46.0-win32-x64\jre\21.0.8-win32-x86_64\bin\zip.dll
Event: 0.760 Loaded shared library C:\Users\Dorian\.vscode\extensions\redhat.java-1.46.0-win32-x64\jre\21.0.8-win32-x86_64\bin\jimage.dll
Event: 1.049 Loaded shared library c:\Users\Dorian\.vscode\extensions\redhat.java-1.46.0-win32-x64\jre\21.0.8-win32-x86_64\bin\verify.dll
Event: 3.289 Loaded shared library C:\Users\Dorian\AppData\Roaming\Code\User\globalStorage\redhat.java\1.46.0\config_win\org.eclipse.equinox.launcher\org.eclipse.equinox.launcher.win32.win32.x86_64_1.2.1400.v20250801-0854\eclipse_11916.dll
Event: 6.938 Loaded shared library C:\Users\Dorian\AppData\Local\Temp\jna-2052793295\jna2764320134497743270.dll

Deoptimization events (20 events):
Event: 10.394 Thread 0x000001f4d02c37f0 DEOPT PACKING pc=0x000001f487c89550 sp=0x00000018a3efd870
Event: 10.394 Thread 0x000001f4d02c37f0 DEOPT UNPACKING pc=0x000001f487583aa2 sp=0x00000018a3efd798 mode 2
Event: 10.403 Thread 0x000001f4d022fb20 Uncommon trap: trap_request=0xffffff45 fr.pc=0x000001f487c9580c relative=0x000000000000092c
Event: 10.403 Thread 0x000001f4d022fb20 Uncommon trap: reason=unstable_if action=reinterpret pc=0x000001f487c9580c method=java.io.BufferedInputStream.implRead([BII)I @ 30 c2
Event: 10.403 Thread 0x000001f4d022fb20 DEOPT PACKING pc=0x000001f487c9580c sp=0x00000018a42fe4b0
Event: 10.403 Thread 0x000001f4d022fb20 DEOPT UNPACKING pc=0x000001f487583aa2 sp=0x00000018a42fe498 mode 2
Event: 10.467 Thread 0x000001f4d022fb20 Uncommon trap: trap_request=0xffffff45 fr.pc=0x000001f487c0dbd4 relative=0x0000000000000134
Event: 10.467 Thread 0x000001f4d022fb20 Uncommon trap: reason=unstable_if action=reinterpret pc=0x000001f487c0dbd4 method=java.util.ArrayList.indexOfRange(Ljava/lang/Object;II)I @ 7 c2
Event: 10.467 Thread 0x000001f4d022fb20 DEOPT PACKING pc=0x000001f487c0dbd4 sp=0x00000018a42fe740
Event: 10.467 Thread 0x000001f4d022fb20 DEOPT UNPACKING pc=0x000001f487583aa2 sp=0x00000018a42fe600 mode 2
Event: 10.486 Thread 0x000001f4d022fb20 Uncommon trap: trap_request=0xffffff45 fr.pc=0x000001f487c03ac4 relative=0x0000000000000124
Event: 10.486 Thread 0x000001f4d022fb20 Uncommon trap: reason=unstable_if action=reinterpret pc=0x000001f487c03ac4 method=java.util.ArrayList.indexOfRange(Ljava/lang/Object;II)I @ 7 c2
Event: 10.486 Thread 0x000001f4d022fb20 DEOPT PACKING pc=0x000001f487c03ac4 sp=0x00000018a42fe6e0
Event: 10.486 Thread 0x000001f4d022fb20 DEOPT UNPACKING pc=0x000001f487583aa2 sp=0x00000018a42fe660 mode 2
Event: 10.502 Thread 0x000001f4d02c37f0 Uncommon trap: trap_request=0xffffff45 fr.pc=0x000001f487b97648 relative=0x0000000000000128
Event: 10.502 Thread 0x000001f4d02c37f0 Uncommon trap: reason=unstable_if action=reinterpret pc=0x000001f487b97648 method=jdk.internal.org.objectweb.asm.SymbolTable.put(Ljdk/internal/org/objectweb/asm/SymbolTable$Entry;)Ljdk/internal/org/objectweb/asm/SymbolTable$Entry; @ 13 c2
Event: 10.502 Thread 0x000001f4d02c37f0 DEOPT PACKING pc=0x000001f487b97648 sp=0x00000018a3efc070
Event: 10.502 Thread 0x000001f4d02c37f0 DEOPT UNPACKING pc=0x000001f487583aa2 sp=0x00000018a3efbfd0 mode 2
Event: 10.518 Thread 0x000001f4d02c37f0 DEOPT PACKING pc=0x000001f48058b9b9 sp=0x00000018a3efcb80
Event: 10.518 Thread 0x000001f4d02c37f0 DEOPT UNPACKING pc=0x000001f487584242 sp=0x00000018a3efc080 mode 0

Classes loaded (20 events):
Event: 10.458 Loading class sun/nio/cs/UTF_8$Encoder
Event: 10.458 Loading class sun/nio/cs/UTF_8$Encoder done
Event: 10.512 Loading class java/lang/foreign/MemorySegment
Event: 10.513 Loading class java/lang/foreign/MemorySegment done
Event: 10.522 Loading class javax/crypto/IllegalBlockSizeException
Event: 10.522 Loading class javax/crypto/IllegalBlockSizeException done
Event: 10.522 Loading class javax/crypto/BadPaddingException
Event: 10.522 Loading class javax/crypto/BadPaddingException done
Event: 10.525 Loading class java/security/InvalidAlgorithmParameterException
Event: 10.525 Loading class java/security/InvalidAlgorithmParameterException done
Event: 10.525 Loading class java/security/spec/InvalidKeySpecException
Event: 10.525 Loading class java/security/spec/InvalidKeySpecException done
Event: 10.525 Loading class javax/crypto/NoSuchPaddingException
Event: 10.526 Loading class javax/crypto/NoSuchPaddingException done
Event: 10.526 Loading class java/security/spec/InvalidParameterSpecException
Event: 10.526 Loading class java/security/spec/InvalidParameterSpecException done
Event: 10.527 Loading class javax/crypto/spec/PBEKeySpec
Event: 10.527 Loading class javax/crypto/spec/PBEKeySpec done
Event: 10.542 Loading class jdk/internal/reflect/MethodHandleBooleanFieldAccessorImpl
Event: 10.542 Loading class jdk/internal/reflect/MethodHandleBooleanFieldAccessorImpl done

Classes unloaded (7 events):
Event: 8.185 Thread 0x000001f4f159e620 Unloading class 0x000001f4901a8c00 'java/lang/invoke/LambdaForm$MH+0x000001f4901a8c00'
Event: 8.185 Thread 0x000001f4f159e620 Unloading class 0x000001f4901a8800 'java/lang/invoke/LambdaForm$MH+0x000001f4901a8800'
Event: 8.185 Thread 0x000001f4f159e620 Unloading class 0x000001f4901a8400 'java/lang/invoke/LambdaForm$MH+0x000001f4901a8400'
Event: 8.185 Thread 0x000001f4f159e620 Unloading class 0x000001f4901a8000 'java/lang/invoke/LambdaForm$MH+0x000001f4901a8000'
Event: 8.185 Thread 0x000001f4f159e620 Unloading class 0x000001f4901a7c00 'java/lang/invoke/LambdaForm$BMH+0x000001f4901a7c00'
Event: 8.185 Thread 0x000001f4f159e620 Unloading class 0x000001f4901a7800 'java/lang/invoke/LambdaForm$DMH+0x000001f4901a7800'
Event: 8.185 Thread 0x000001f4f159e620 Unloading class 0x000001f4901a6400 'java/lang/invoke/LambdaForm$DMH+0x000001f4901a6400'

Classes redefined (0 events):
No events

Internal exceptions (20 events):
Event: 8.257 Thread 0x000001f4d02c37f0 Exception <a 'java/lang/NoSuchMethodError'{0x00000000d5592b78}: 'java.lang.Object java.lang.invoke.Invokers$Holder.invoker(java.lang.Object, java.lang.Object, java.lang.Object, java.lang.Object, java.lang.Object, java.lang.Object, java.lang.Object, java.lang.Object, java.lang.Object, java.lang.Object, java.lang.Object, java.lang.Object, java.lang.Object)'> (0x00000000d5592b78) 
thrown [s\src\hotspot\share\interpreter\linkResolver.cpp, line 773]
Event: 8.259 Thread 0x000001f4d02c37f0 Exception <a 'java/lang/NoSuchMethodError'{0x00000000d559d138}: 'java.lang.Object java.lang.invoke.DelegatingMethodHandle$Holder.delegate(java.lang.Object, java.lang.Object, java.lang.Object, java.lang.Object, java.lang.Object, java.lang.Object, java.lang.Object, java.lang.Object, java.lang.Object, java.lang.Object, java.lang.Object, java.lang.Object, java.lang.Object)'> (0x00000000d559d138) 
thrown [s\src\hotspot\share\interpreter\linkResolver.cpp, line 773]
Event: 8.276 Thread 0x000001f4d02c37f0 Exception <a 'java/lang/NoSuchMethodError'{0x00000000d5607ed0}: static Lorg/eclipse/m2e/core/internal/lifecyclemapping/model/PluginExecutionMetadata;.<clinit>()V> (0x00000000d5607ed0) 
thrown [s\src\hotspot\share\prims\jni.cpp, line 1111]
Event: 8.294 Thread 0x000001f4d02c37f0 Exception <a 'java/lang/NoSuchMethodError'{0x00000000d5665150}: static Lorg/eclipse/m2e/core/internal/lifecyclemapping/model/PluginExecutionFilter;.<clinit>()V> (0x00000000d5665150) 
thrown [s\src\hotspot\share\prims\jni.cpp, line 1111]
Event: 8.308 Thread 0x000001f4d02c37f0 Exception <a 'java/lang/NoSuchMethodError'{0x00000000d56994b0}: static Lorg/eclipse/m2e/core/internal/project/registry/MavenProjectFacade$MavenProjectConfiguration;.<clinit>()V> (0x00000000d56994b0) 
thrown [s\src\hotspot\share\prims\jni.cpp, line 1111]
Event: 8.421 Thread 0x000001f4d02c37f0 Exception <a 'java/lang/NoSuchMethodError'{0x00000000d5c0ce28}: 'double java.lang.invoke.DirectMethodHandle$Holder.invokeStatic(java.lang.Object, java.lang.Object)'> (0x00000000d5c0ce28) 
thrown [s\src\hotspot\share\interpreter\linkResolver.cpp, line 773]
Event: 8.422 Thread 0x000001f4d02c37f0 Exception <a 'java/lang/NoSuchMethodError'{0x00000000d5c104e8}: 'double java.lang.invoke.DirectMethodHandle$Holder.invokeStaticInit(java.lang.Object, java.lang.Object)'> (0x00000000d5c104e8) 
thrown [s\src\hotspot\share\interpreter\linkResolver.cpp, line 773]
Event: 9.063 Thread 0x000001f4d02c37f0 Implicit null exception at 0x000001f487c8e4f5 to 0x000001f487c8e5e8
Event: 9.294 Thread 0x000001f4d02c37f0 Exception <a 'java/lang/NoSuchMethodError'{0x00000000d618c770}: 'java.lang.Object java.lang.invoke.DirectMethodHandle$Holder.newInvokeSpecial(java.lang.Object, int, java.lang.Object, java.lang.Object)'> (0x00000000d618c770) 
thrown [s\src\hotspot\share\interpreter\linkResolver.cpp, line 773]
Event: 9.528 Thread 0x000001f4d022fb20 Exception <a 'java/lang/NoSuchMethodError'{0x00000000d67386c8}: 'java.lang.Object java.lang.invoke.DirectMethodHandle$Holder.invokeSpecialIFC(java.lang.Object, java.lang.Object, java.lang.Object, java.lang.Object)'> (0x00000000d67386c8) 
thrown [s\src\hotspot\share\interpreter\linkResolver.cpp, line 773]
Event: 9.825 Thread 0x000001f4d02c37f0 Exception <a 'java/lang/ClassNotFoundException'{0x00000000d5c3ecc0}: com/sun/org/apache/xerces/internal/impl/msg/spi/DOMMessagesProvider> (0x00000000d5c3ecc0) 
thrown [s\src\hotspot\share\classfile\systemDictionary.cpp, line 312]
Event: 9.827 Thread 0x000001f4d02c37f0 Exception <a 'java/lang/ClassNotFoundException'{0x00000000d5c50428}: com/sun/org/apache/xerces/internal/impl/msg/spi/XMLSerializerMessagesProvider> (0x00000000d5c50428) 
thrown [s\src\hotspot\share\classfile\systemDictionary.cpp, line 312]
Event: 9.828 Thread 0x000001f4d02c37f0 Exception <a 'java/lang/ClassNotFoundException'{0x00000000d5c5d748}: com/sun/org/apache/xerces/internal/impl/msg/spi/XMLMessagesProvider> (0x00000000d5c5d748) 
thrown [s\src\hotspot\share\classfile\systemDictionary.cpp, line 312]
Event: 10.228 Thread 0x000001f4d02c37f0 Exception <a 'java/lang/ClassNotFoundException'{0x00000000d6b33e80}: com/sun/org/apache/xml/internal/serializer/spi/XMLEntitiesProvider> (0x00000000d6b33e80) 
thrown [s\src\hotspot\share\classfile\systemDictionary.cpp, line 312]
Event: 10.394 Thread 0x000001f4d022fb20 Exception <a 'java/lang/NoClassDefFoundError'{0x00000000d5b1ae88}: javax/enterprise/inject/Typed> (0x00000000d5b1ae88) 
thrown [s\src\hotspot\share\classfile\systemDictionary.cpp, line 301]
Event: 10.471 Thread 0x000001f4d02c37f0 Exception <a 'java/io/FileNotFoundException'{0x00000000d5d2c058}> (0x00000000d5d2c058) 
thrown [s\src\hotspot\share\prims\jni.cpp, line 520]
Event: 10.507 Thread 0x000001f4d02c37f0 Exception <a 'java/lang/UnsatisfiedLinkError'{0x00000000d5f71818}: The specified procedure could not be found.
> (0x00000000d5f71818) 
thrown [s\src\hotspot\share\prims\jni.cpp, line 539]
Event: 10.514 Thread 0x000001f4d02c37f0 Exception <a 'java/io/FileNotFoundException'{0x00000000d5f89498}> (0x00000000d5f89498) 
thrown [s\src\hotspot\share\prims\jni.cpp, line 520]
Event: 10.534 Thread 0x000001f4d02c37f0 Exception <a 'java/io/FileNotFoundException'{0x00000000d617fa68}> (0x00000000d617fa68) 
thrown [s\src\hotspot\share\prims\jni.cpp, line 520]
Event: 10.543 Thread 0x000001f4d02c37f0 Exception <a 'java/lang/UnsatisfiedLinkError'{0x00000000d61b1d88}: The specified procedure could not be found.
> (0x00000000d61b1d88) 
thrown [s\src\hotspot\share\prims\jni.cpp, line 539]

ZGC Phase Switch (0 events):
No events

VM Operations (20 events):
Event: 8.060 Executing VM operation: HandshakeAllThreads (Deoptimize)
Event: 8.060 Executing VM operation: HandshakeAllThreads (Deoptimize) done
Event: 8.165 Executing VM operation: CollectForMetadataAllocation (Metadata GC Threshold)
Event: 8.239 Executing VM operation: CollectForMetadataAllocation (Metadata GC Threshold) done
Event: 8.821 Executing VM operation: ParallelGCFailedAllocation (Allocation Failure)
Event: 8.823 Executing VM operation: ParallelGCFailedAllocation (Allocation Failure) done
Event: 9.180 Executing VM operation: ParallelGCFailedAllocation (Allocation Failure)
Event: 9.182 Executing VM operation: ParallelGCFailedAllocation (Allocation Failure) done
Event: 9.431 Executing VM operation: HandshakeAllThreads (Deoptimize)
Event: 9.434 Executing VM operation: HandshakeAllThreads (Deoptimize) done
Event: 9.670 Executing VM operation: ParallelGCFailedAllocation (Allocation Failure)
Event: 9.677 Executing VM operation: ParallelGCFailedAllocation (Allocation Failure) done
Event: 9.939 Executing VM operation: HandshakeAllThreads (Deoptimize)
Event: 9.940 Executing VM operation: HandshakeAllThreads (Deoptimize) done
Event: 10.242 Executing VM operation: ParallelGCFailedAllocation (Allocation Failure)
Event: 10.250 Executing VM operation: ParallelGCFailedAllocation (Allocation Failure) done
Event: 10.304 Executing VM operation: HandshakeAllThreads (Deoptimize)
Event: 10.308 Executing VM operation: HandshakeAllThreads (Deoptimize) done
Event: 10.357 Executing VM operation: HandshakeAllThreads (Deoptimize)
Event: 10.357 Executing VM operation: HandshakeAllThreads (Deoptimize) done

Memory protections (0 events):
No events

Nmethod flushes (0 events):
No events

Events (20 events):
Event: 3.657 Thread 0x000001f4f148b9d0 Thread added: 0x000001f4d00643b0
Event: 4.171 Thread 0x000001f4d02c37f0 Thread added: 0x000001f4d055c6e0
Event: 4.260 Thread 0x000001f4d00643b0 Thread exited: 0x000001f4d00643b0
Event: 4.971 Thread 0x000001f4faad2100 Thread exited: 0x000001f4faad2100
Event: 5.281 Thread 0x000001f4d02c37f0 Thread added: 0x000001f4ff71fcd0
Event: 5.550 Thread 0x000001f4fa708c10 Thread added: 0x000001f4d08886f0
Event: 5.550 Thread 0x000001f4fa708c10 Thread added: 0x000001f4d05b51f0
Event: 5.870 Thread 0x000001f4d05b51f0 Thread exited: 0x000001f4d05b51f0
Event: 5.906 Thread 0x000001f4d02c37f0 Thread added: 0x000001f4d022da50
Event: 6.001 Thread 0x000001f4d08886f0 Thread exited: 0x000001f4d08886f0
Event: 6.994 Thread 0x000001f4d02c37f0 Thread added: 0x000001f4d022e0e0
Event: 7.051 Thread 0x000001f4d02c37f0 Thread added: 0x000001f4d02301b0
Event: 7.175 Thread 0x000001f4d02c37f0 Thread added: 0x000001f4d022fb20
Event: 7.354 Thread 0x000001f4f148b9d0 Thread added: 0x000001f4ff2684e0
Event: 8.260 Thread 0x000001f4ff2684e0 Thread exited: 0x000001f4ff2684e0
Event: 9.370 Thread 0x000001f4f148b9d0 Thread added: 0x000001f4d00568f0
Event: 9.390 Thread 0x000001f4d00568f0 Thread added: 0x000001f4d0976850
Event: 9.511 Thread 0x000001f4d02301b0 Thread added: 0x000001f4d022ee00
Event: 9.878 Thread 0x000001f4d02c37f0 Thread added: 0x000001f4d0230840
Event: 10.520 Thread 0x000001f4d022ee00 Thread added: 0x000001f4d0230ed0


Dynamic libraries:
0x00007ff635c30000 - 0x00007ff635c3e000 	c:\Users\Dorian\.vscode\extensions\redhat.java-1.46.0-win32-x64\jre\21.0.8-win32-x86_64\bin\java.exe
0x00007ffdfe4a0000 - 0x00007ffdfe708000 	C:\WINDOWS\SYSTEM32\ntdll.dll
0x00007ffdfcd40000 - 0x00007ffdfce09000 	C:\WINDOWS\System32\KERNEL32.DLL
0x00007ffdfbaa0000 - 0x00007ffdfbe92000 	C:\WINDOWS\System32\KERNELBASE.dll
0x00007ffdfc120000 - 0x00007ffdfc26b000 	C:\WINDOWS\System32\ucrtbase.dll
0x00007ffde9310000 - 0x00007ffde9328000 	c:\Users\Dorian\.vscode\extensions\redhat.java-1.46.0-win32-x64\jre\21.0.8-win32-x86_64\bin\jli.dll
0x00007ffdfc7e0000 - 0x00007ffdfc9a5000 	C:\WINDOWS\System32\USER32.dll
0x00007ffdfba70000 - 0x00007ffdfba97000 	C:\WINDOWS\System32\win32u.dll
0x00007ffdfda70000 - 0x00007ffdfda9b000 	C:\WINDOWS\System32\GDI32.dll
0x00007ffdfbea0000 - 0x00007ffdfbfcd000 	C:\WINDOWS\System32\gdi32full.dll
0x00007ffdfb9c0000 - 0x00007ffdfba63000 	C:\WINDOWS\System32\msvcp_win.dll
0x00007ffde9160000 - 0x00007ffde917e000 	c:\Users\Dorian\.vscode\extensions\redhat.java-1.46.0-win32-x64\jre\21.0.8-win32-x86_64\bin\VCRUNTIME140.dll
0x00007ffde5260000 - 0x00007ffde54f3000 	C:\WINDOWS\WinSxS\amd64_microsoft.windows.common-controls_6595b64144ccf1df_6.0.26100.6899_none_3e0efeeae32e88c1\COMCTL32.dll
0x00007ffdfcf90000 - 0x00007ffdfd039000 	C:\WINDOWS\System32\msvcrt.dll
0x00007ffdfc670000 - 0x00007ffdfc69f000 	C:\WINDOWS\System32\IMM32.DLL
0x00007ffdec070000 - 0x00007ffdec07c000 	c:\Users\Dorian\.vscode\extensions\redhat.java-1.46.0-win32-x64\jre\21.0.8-win32-x86_64\bin\vcruntime140_1.dll
0x00007ffdc6f40000 - 0x00007ffdc6fcd000 	c:\Users\Dorian\.vscode\extensions\redhat.java-1.46.0-win32-x64\jre\21.0.8-win32-x86_64\bin\msvcp140.dll
0x00007ffd514f0000 - 0x00007ffd52287000 	c:\Users\Dorian\.vscode\extensions\redhat.java-1.46.0-win32-x64\jre\21.0.8-win32-x86_64\bin\server\jvm.dll
0x00007ffdfe3a0000 - 0x00007ffdfe454000 	C:\WINDOWS\System32\ADVAPI32.dll
0x00007ffdfced0000 - 0x00007ffdfcf76000 	C:\WINDOWS\System32\sechost.dll
0x00007ffdfd110000 - 0x00007ffdfd228000 	C:\WINDOWS\System32\RPCRT4.dll
0x00007ffdfdc10000 - 0x00007ffdfdc84000 	C:\WINDOWS\System32\WS2_32.dll
0x00007ffde5500000 - 0x00007ffde5535000 	C:\WINDOWS\SYSTEM32\WINMM.dll
0x00007ffdfb490000 - 0x00007ffdfb4ee000 	C:\WINDOWS\SYSTEM32\POWRPROF.dll
0x00007ffde9d20000 - 0x00007ffde9d2b000 	C:\WINDOWS\SYSTEM32\VERSION.dll
0x00007ffdfb470000 - 0x00007ffdfb484000 	C:\WINDOWS\SYSTEM32\UMPDC.dll
0x00007ffdfa400000 - 0x00007ffdfa41b000 	C:\WINDOWS\SYSTEM32\kernel.appcore.dll
0x00007ffdeb4f0000 - 0x00007ffdeb4fa000 	c:\Users\Dorian\.vscode\extensions\redhat.java-1.46.0-win32-x64\jre\21.0.8-win32-x86_64\bin\jimage.dll
0x00007ffdf8f90000 - 0x00007ffdf91d2000 	C:\WINDOWS\SYSTEM32\DBGHELP.DLL
0x00007ffdfc9b0000 - 0x00007ffdfcd2b000 	C:\WINDOWS\System32\combase.dll
0x00007ffdfd990000 - 0x00007ffdfda67000 	C:\WINDOWS\System32\OLEAUT32.dll
0x00007ffde42b0000 - 0x00007ffde42ec000 	C:\WINDOWS\SYSTEM32\dbgcore.DLL
0x00007ffdfb920000 - 0x00007ffdfb9b8000 	C:\WINDOWS\System32\bcryptPrimitives.dll
0x00007ffdeb4e0000 - 0x00007ffdeb4ef000 	c:\Users\Dorian\.vscode\extensions\redhat.java-1.46.0-win32-x64\jre\21.0.8-win32-x86_64\bin\instrument.dll
0x00007ffdd7fa0000 - 0x00007ffdd7fbf000 	c:\Users\Dorian\.vscode\extensions\redhat.java-1.46.0-win32-x64\jre\21.0.8-win32-x86_64\bin\java.dll
0x00007ffdfd230000 - 0x00007ffdfd97d000 	C:\WINDOWS\System32\SHELL32.dll
0x00007ffdfb630000 - 0x00007ffdfb79b000 	C:\WINDOWS\System32\wintypes.dll
0x00007ffdf92c0000 - 0x00007ffdf9b1d000 	C:\WINDOWS\SYSTEM32\windows.storage.dll
0x00007ffdfc270000 - 0x00007ffdfc362000 	C:\WINDOWS\System32\SHCORE.dll
0x00007ffdfdb00000 - 0x00007ffdfdb62000 	C:\WINDOWS\System32\shlwapi.dll
0x00007ffdfb520000 - 0x00007ffdfb549000 	C:\WINDOWS\SYSTEM32\profapi.dll
0x00007ffdd7ca0000 - 0x00007ffdd7cb8000 	c:\Users\Dorian\.vscode\extensions\redhat.java-1.46.0-win32-x64\jre\21.0.8-win32-x86_64\bin\zip.dll
0x00007ffdeb4d0000 - 0x00007ffdeb4e0000 	C:\Users\Dorian\.vscode\extensions\redhat.java-1.46.0-win32-x64\jre\21.0.8-win32-x86_64\bin\net.dll
0x00007ffdec5c0000 - 0x00007ffdec6df000 	C:\WINDOWS\SYSTEM32\WINHTTP.dll
0x00007ffdfa970000 - 0x00007ffdfa9db000 	C:\WINDOWS\system32\mswsock.dll
0x00007ffdd47b0000 - 0x00007ffdd47c6000 	C:\Users\Dorian\.vscode\extensions\redhat.java-1.46.0-win32-x64\jre\21.0.8-win32-x86_64\bin\nio.dll
0x00007ffdeb3f0000 - 0x00007ffdeb400000 	c:\Users\Dorian\.vscode\extensions\redhat.java-1.46.0-win32-x64\jre\21.0.8-win32-x86_64\bin\verify.dll
0x00007ffdce8b0000 - 0x00007ffdce8f4000 	C:\Users\Dorian\AppData\Roaming\Code\User\globalStorage\redhat.java\1.46.0\config_win\org.eclipse.equinox.launcher\org.eclipse.equinox.launcher.win32.win32.x86_64_1.2.1400.v20250801-0854\eclipse_11916.dll
0x00007ffdfc370000 - 0x00007ffdfc508000 	C:\WINDOWS\System32\ole32.dll
0x00007ffdfac20000 - 0x00007ffdfac3b000 	C:\WINDOWS\SYSTEM32\CRYPTSP.dll
0x00007ffdfa360000 - 0x00007ffdfa39b000 	C:\WINDOWS\system32\rsaenh.dll
0x00007ffdfaa10000 - 0x00007ffdfaa3b000 	C:\WINDOWS\SYSTEM32\USERENV.dll
0x00007ffdfb550000 - 0x00007ffdfb576000 	C:\WINDOWS\SYSTEM32\bcrypt.dll
0x00007ffdfac40000 - 0x00007ffdfac4c000 	C:\WINDOWS\SYSTEM32\CRYPTBASE.dll
0x00007ffdf9e20000 - 0x00007ffdf9e54000 	C:\WINDOWS\SYSTEM32\IPHLPAPI.DLL
0x00007ffdfd980000 - 0x00007ffdfd98a000 	C:\WINDOWS\System32\NSI.dll
0x00007ffdce7b0000 - 0x00007ffdce7f9000 	C:\Users\Dorian\AppData\Local\Temp\jna-2052793295\jna2764320134497743270.dll
0x00007ffdfe390000 - 0x00007ffdfe398000 	C:\WINDOWS\System32\PSAPI.DLL
0x00007ffdec750000 - 0x00007ffdec76e000 	C:\WINDOWS\SYSTEM32\dhcpcsvc6.DLL
0x00007ffdebf10000 - 0x00007ffdebf33000 	C:\WINDOWS\SYSTEM32\dhcpcsvc.DLL

JVMTI agents:
c:\Users\Dorian\.vscode\extensions\redhat.java-1.46.0-win32-x64\lombok\lombok-1.18.39-4050.jar path:c:\Users\Dorian\.vscode\extensions\redhat.java-1.46.0-win32-x64\jre\21.0.8-win32-x86_64\bin\instrument.dll, loaded, initialized, instrumentlib options:none

dbghelp: loaded successfully - version: 4.0.5 - missing functions: none
symbol engine: initialized successfully - sym options: 0x614 - pdb path: .;c:\Users\Dorian\.vscode\extensions\redhat.java-1.46.0-win32-x64\jre\21.0.8-win32-x86_64\bin;C:\WINDOWS\SYSTEM32;C:\WINDOWS\WinSxS\amd64_microsoft.windows.common-controls_6595b64144ccf1df_6.0.26100.6899_none_3e0efeeae32e88c1;c:\Users\Dorian\.vscode\extensions\redhat.java-1.46.0-win32-x64\jre\21.0.8-win32-x86_64\bin\server;C:\Users\Dorian\AppData\Roaming\Code\User\globalStorage\redhat.java\1.46.0\config_win\org.eclipse.equinox.launcher\org.eclipse.equinox.launcher.win32.win32.x86_64_1.2.1400.v20250801-0854;C:\Users\Dorian\AppData\Local\Temp\jna-2052793295

VM Arguments:
jvm_args: --add-modules=ALL-SYSTEM --add-opens=java.base/java.util=ALL-UNNAMED --add-opens=java.base/java.lang=ALL-UNNAMED --add-opens=java.base/sun.nio.fs=ALL-UNNAMED -Declipse.application=org.eclipse.jdt.ls.core.id1 -Dosgi.bundles.defaultStartLevel=4 -Declipse.product=org.eclipse.jdt.ls.core.product -Djava.import.generatesMetadataFilesAtProjectRoot=false -DDetectVMInstallationsJob.disabled=true -Dfile.encoding=utf8 -XX:+UseParallelGC -XX:GCTimeRatio=4 -XX:AdaptiveSizePolicyWeight=90 -Dsun.zip.disableMemoryMapping=true -Xmx2G -Xms100m -Xlog:disable -javaagent:c:\Users\Dorian\.vscode\extensions\redhat.java-1.46.0-win32-x64\lombok\lombok-1.18.39-4050.jar -XX:+HeapDumpOnOutOfMemoryError -XX:HeapDumpPath=c:\Users\Dorian\AppData\Roaming\Code\User\workspaceStorage\2e54c20b31e2f00811d0ee3cb5a815c0\redhat.java -Daether.dependencyCollector.impl=bf 
java_command: c:\Users\Dorian\.vscode\extensions\redhat.java-1.46.0-win32-x64\server\plugins\org.eclipse.equinox.launcher_1.7.0.v20250519-0528.jar -configuration c:\Users\Dorian\AppData\Roaming\Code\User\globalStorage\redhat.java\1.46.0\config_win -data c:\Users\Dorian\AppData\Roaming\Code\User\workspaceStorage\2e54c20b31e2f00811d0ee3cb5a815c0\redhat.java\jdt_ws --pipe=\\.\pipe\lsp-6a187816e91f629ade9ac71869c84bed-sock
java_class_path (initial): c:\Users\Dorian\.vscode\extensions\redhat.java-1.46.0-win32-x64\server\plugins\org.eclipse.equinox.launcher_1.7.0.v20250519-0528.jar
Launcher Type: SUN_STANDARD

[Global flags]
    uintx AdaptiveSizePolicyWeight                 = 90                                        {product} {command line}
     intx CICompilerCount                          = 4                                         {product} {ergonomic}
    uintx GCTimeRatio                              = 4                                         {product} {command line}
     bool HeapDumpOnOutOfMemoryError               = true                                   {manageable} {command line}
    ccstr HeapDumpPath                             = c:\Users\Dorian\AppData\Roaming\Code\User\workspaceStorage\2e54c20b31e2f00811d0ee3cb5a815c0\redhat.java         {manageable} {command line}
   size_t InitialHeapSize                          = 104857600                                 {product} {command line}
   size_t MaxHeapSize                              = 2147483648                                {product} {command line}
   size_t MaxNewSize                               = 715653120                                 {product} {ergonomic}
   size_t MinHeapDeltaBytes                        = 524288                                    {product} {ergonomic}
   size_t MinHeapSize                              = 104857600                                 {product} {command line}
   size_t NewSize                                  = 34603008                                  {product} {ergonomic}
    uintx NonNMethodCodeHeapSize                   = 5839372                                {pd product} {ergonomic}
    uintx NonProfiledCodeHeapSize                  = 122909434                              {pd product} {ergonomic}
   size_t OldSize                                  = 70254592                                  {product} {ergonomic}
    uintx ProfiledCodeHeapSize                     = 122909434                              {pd product} {ergonomic}
    uintx ReservedCodeCacheSize                    = 251658240                              {pd product} {ergonomic}
     bool SegmentedCodeCache                       = true                                      {product} {ergonomic}
   size_t SoftMaxHeapSize                          = 2147483648                             {manageable} {ergonomic}
     bool UseCompressedOops                        = true                           {product lp64_product} {ergonomic}
     bool UseLargePagesIndividualAllocation        = false                                  {pd product} {ergonomic}
     bool UseParallelGC                            = true                                      {product} {command line}

Logging:
Log output configuration:
 #0: stdout all=off uptime,level,tags foldmultilines=false
 #1: stderr all=off uptime,level,tags foldmultilines=false

Environment Variables:
JAVA_HOME=C:\Program Files\Java\jdk-1.8
PATH=C:\Program Files (x86)\Common Files\Oracle\Java\java8path;C:\Program Files (x86)\Common Files\Oracle\Java\javapath;C:\WINDOWS\system32;C:\WINDOWS;C:\WINDOWS\System32\Wbem;C:\WINDOWS\System32\WindowsPowerShell\v1.0\;C:\WINDOWS\System32\OpenSSH\;C:\Program Files\Microsoft SQL Server\Client SDK\ODBC\170\Tools\Binn\;C:\Program Files (x86)\Microsoft SQL Server\150\Tools\Binn\;C:\Program Files\Microsoft SQL Server\150\Tools\Binn\;C:\Program Files\Microsoft SQL Server\150\DTS\Binn\;C:\Program Files\Azure Data Studio\bin;C:\Program Files\Microsoft SQL Server\120\Tools\Binn\;C:\Program Files\Microsoft SQL Server\130\Tools\Binn\;C:\Program Files (x86)\QuickTime\QTSystem\;C:\Program Files\Git\cmd;C:\Program Files\dotnet\;C:\Program Files\nodejs\;C:\ProgramData\chocolatey\bin;C:\Users\Dorian\AppData\Local\Microsoft\WindowsApps;C:\Program Files\Azure Data Studio\bin;C:\Program Files\MySQL\MySQL Server 5.7\bin;C:\Program Files\apache-maven-3.9.9\bin;C:\Program Files\Java\jdk-1.8\bin;;D:\IntelliJ IDEA Community Edition 2025.1.1.1\bin;;C:\Users\Dorian\.dotnet\tools;C:\Users\Dorian\AppData\Local\Programs\Microsoft VS Code\bin;C:\Users\Dorian\AppData\Roaming\npm
USERNAME=Dorian
OS=Windows_NT
PROCESSOR_IDENTIFIER=Intel64 Family 6 Model 142 Stepping 10, GenuineIntel
TMP=C:\Users\Dorian\AppData\Local\Temp
TEMP=C:\Users\Dorian\AppData\Local\Temp




Periodic native trim disabled

---------------  S Y S T E M  ---------------

OS:
 Windows 11 , 64 bit Build 26100 (10.0.26100.6725)
OS uptime: 1 days 23:28 hours

CPU: total 8 (initial active 8) (4 cores per cpu, 2 threads per core) family 6 model 142 stepping 10 microcode 0xf6, cx8, cmov, fxsr, ht, mmx, 3dnowpref, sse, sse2, sse3, ssse3, sse4.1, sse4.2, popcnt, lzcnt, tsc, tscinvbit, avx, avx2, aes, erms, clmul, bmi1, bmi2, adx, fma, vzeroupper, clflush, clflushopt, rdtscp, f16c
Processor Information for the first 8 processors :
  Max Mhz: 1992, Current Mhz: 1792, Mhz Limit: 1792

Memory: 4k page, system-wide physical 7555M (960M free)
TotalPageFile size 11651M (AvailPageFile size 10M)
current process WorkingSet (physical memory assigned to process): 195M, peak: 200M
current process commit charge ("private bytes"): 320M, peak: 327M

vm_info: OpenJDK 64-Bit Server VM (21.0.8+9-LTS) for windows-amd64 JRE (21.0.8+9-LTS), built on 2025-07-15T00:00:00Z by "admin" with MS VC++ 17.7 (VS2022)

END.
