#
# There is insufficient memory for the Java Runtime Environment to continue.
# Native memory allocation (malloc) failed to allocate 1697296 bytes. Error detail: Chunk::new
# Possible reasons:
#   The system is out of physical RAM or swap space
#   This process is running with CompressedOops enabled, and the Java Heap may be blocking the growth of the native heap
# Possible solutions:
#   Reduce memory load on the system
#   Increase physical memory or swap space
#   Check if swap backing store is full
#   Decrease Java heap size (-Xmx/-Xms)
#   Decrease number of Java threads
#   Decrease Java thread stack sizes (-Xss)
#   Set larger code cache with -XX:ReservedCodeCacheSize=
#   JVM is running with Unscaled Compressed Oops mode in which the Java heap is
#     placed in the first 4GB address space. The Java Heap base address is the
#     maximum limit for the native heap growth. Please use -XX:HeapBaseMinAddress
#     to set the Java Heap base and to place the Java Heap above 4GB virtual address.
# This output file may be truncated or incomplete.
#
#  Out of Memory Error (arena.cpp:168), pid=8636, tid=3160
#
# JRE version: OpenJDK Runtime Environment Temurin-21.0.8+9 (21.0.8+9) (build 21.0.8+9-LTS)
# Java VM: OpenJDK 64-Bit Server VM Temurin-21.0.8+9 (21.0.8+9-LTS, mixed mode, sharing, tiered, compressed oops, compressed class ptrs, parallel gc, windows-amd64)
# No core dump will be written. Minidumps are not enabled by default on client versions of Windows
#

---------------  S U M M A R Y ------------

Command Line: --add-modules=ALL-SYSTEM --add-opens=java.base/java.util=ALL-UNNAMED --add-opens=java.base/java.lang=ALL-UNNAMED --add-opens=java.base/sun.nio.fs=ALL-UNNAMED -Declipse.application=org.eclipse.jdt.ls.core.id1 -Dosgi.bundles.defaultStartLevel=4 -Declipse.product=org.eclipse.jdt.ls.core.product -Djava.import.generatesMetadataFilesAtProjectRoot=false -DDetectVMInstallationsJob.disabled=true -Dfile.encoding=utf8 -XX:+UseParallelGC -XX:GCTimeRatio=4 -XX:AdaptiveSizePolicyWeight=90 -Dsun.zip.disableMemoryMapping=true -Xmx2G -Xms100m -Xlog:disable -javaagent:c:\Users\Dorian\.vscode\extensions\redhat.java-1.47.0-win32-x64\lombok\lombok-1.18.39-4050.jar -XX:+HeapDumpOnOutOfMemoryError -XX:HeapDumpPath=c:\Users\Dorian\AppData\Roaming\Code\User\workspaceStorage\2e54c20b31e2f00811d0ee3cb5a815c0\redhat.java -Daether.dependencyCollector.impl=bf c:\Users\Dorian\.vscode\extensions\redhat.java-1.47.0-win32-x64\server\plugins\org.eclipse.equinox.launcher_1.7.100.v20251014-1222.jar -configuration c:\Users\Dorian\AppData\Roaming\Code\User\globalStorage\redhat.java\1.47.0\config_win -data c:\Users\Dorian\AppData\Roaming\Code\User\workspaceStorage\2e54c20b31e2f00811d0ee3cb5a815c0\redhat.java\jdt_ws --pipe=\\.\pipe\lsp-edbb191387237921b6be562d139a4376-sock

Host: Intel(R) Core(TM) i7-8550U CPU @ 1.80GHz, 8 cores, 7G,  Windows 11 , 64 bit Build 26100 (10.0.26100.7019)
Time: Wed Nov  5 15:28:49 2025 E. Africa Standard Time elapsed time: 13.695357 seconds (0d 0h 0m 13s)

---------------  T H R E A D  ---------------

Current thread (0x00000189998f4000):  JavaThread "C2 CompilerThread2" daemon [_thread_in_native, id=3160, stack(0x000000291b700000,0x000000291b800000) (1024K)]


Current CompileTask:
C2:13695 4141   !   4       org.eclipse.osgi.internal.loader.classpath.ClasspathManager::findClassImpl (328 bytes)

Stack: [0x000000291b700000,0x000000291b800000]
Native frames: (J=compiled Java code, j=interpreted, Vv=VM code, C=native code)
V  [jvm.dll+0x6d2449]
V  [jvm.dll+0x8ae341]
V  [jvm.dll+0x8b08be]
V  [jvm.dll+0x8b0fa3]
V  [jvm.dll+0x280c96]
V  [jvm.dll+0xc581d]
V  [jvm.dll+0xc5d53]
V  [jvm.dll+0x3b9162]
V  [jvm.dll+0x385315]
V  [jvm.dll+0x38477a]
V  [jvm.dll+0x248ed0]
V  [jvm.dll+0x2484af]
V  [jvm.dll+0x1c89ee]
V  [jvm.dll+0x257d4d]
V  [jvm.dll+0x2562ea]
V  [jvm.dll+0x3f2d16]
V  [jvm.dll+0x857e6b]
V  [jvm.dll+0x6d0b0d]
C  [ucrtbase.dll+0x37b0]
C  [KERNEL32.DLL+0x2e8d7]
C  [ntdll.dll+0x8c53c]


---------------  P R O C E S S  ---------------

Threads class SMR info:
_java_thread_list=0x000001899c76b250, length=43, elements={
0x000001893b48dd10, 0x000001893b403fd0, 0x000001893b406820, 0x000001893b407b00,
0x000001893b408750, 0x000001893b40db40, 0x000001893b418e60, 0x000001893b41a4b0,
0x000001893b41b120, 0x000001893b4fb100, 0x0000018994a37250, 0x00000189996e7260,
0x00000189997c5c60, 0x000001899971b9b0, 0x000001899971c3e0, 0x0000018999a01ff0,
0x00000189993d1a50, 0x00000189999bff90, 0x00000189999c0620, 0x00000189999bdec0,
0x00000189999bd830, 0x0000018999d2e8f0, 0x00000189998f4000, 0x00000189999bd1a0,
0x00000189999bebe0, 0x00000189999bf270, 0x00000189999bf900, 0x000001899b9dc680,
0x000001899b9de750, 0x000001899b9dcd10, 0x000001899b9dd3a0, 0x000001899b9dda30,
0x000001899b9df470, 0x000001899b9de0c0, 0x000001899b9dbff0, 0x000001899b9dede0,
0x000001899b9e0190, 0x000001899b9e0820, 0x000001899b9e0eb0, 0x000001899b9e1540,
0x000001899b9e1bd0, 0x000001899b9e2260, 0x000001899b9e28f0
}

Java Threads: ( => current thread )
  0x000001893b48dd10 JavaThread "main"                              [_thread_blocked, id=18192, stack(0x0000002919700000,0x0000002919800000) (1024K)]
  0x000001893b403fd0 JavaThread "Reference Handler"          daemon [_thread_blocked, id=10288, stack(0x0000002919b00000,0x0000002919c00000) (1024K)]
  0x000001893b406820 JavaThread "Finalizer"                  daemon [_thread_blocked, id=19740, stack(0x0000002919c00000,0x0000002919d00000) (1024K)]
  0x000001893b407b00 JavaThread "Signal Dispatcher"          daemon [_thread_blocked, id=1880, stack(0x0000002919d00000,0x0000002919e00000) (1024K)]
  0x000001893b408750 JavaThread "Attach Listener"            daemon [_thread_blocked, id=2212, stack(0x0000002919e00000,0x0000002919f00000) (1024K)]
  0x000001893b40db40 JavaThread "Service Thread"             daemon [_thread_blocked, id=18720, stack(0x0000002919f00000,0x000000291a000000) (1024K)]
  0x000001893b418e60 JavaThread "Monitor Deflation Thread"   daemon [_thread_blocked, id=5756, stack(0x000000291a000000,0x000000291a100000) (1024K)]
  0x000001893b41a4b0 JavaThread "C2 CompilerThread0"         daemon [_thread_in_native, id=14808, stack(0x000000291a100000,0x000000291a200000) (1024K)]
  0x000001893b41b120 JavaThread "C1 CompilerThread0"         daemon [_thread_in_native, id=7840, stack(0x000000291a200000,0x000000291a300000) (1024K)]
  0x000001893b4fb100 JavaThread "Common-Cleaner"             daemon [_thread_blocked, id=16036, stack(0x000000291a300000,0x000000291a400000) (1024K)]
  0x0000018994a37250 JavaThread "Notification Thread"        daemon [_thread_blocked, id=20372, stack(0x000000291a500000,0x000000291a600000) (1024K)]
  0x00000189996e7260 JavaThread "Active Thread: Equinox Container: d91abecd-a441-42ad-aac1-7b154a8ff427"        [_thread_blocked, id=11956, stack(0x000000291ac00000,0x000000291ad00000) (1024K)]
  0x00000189997c5c60 JavaThread "Refresh Thread: Equinox Container: d91abecd-a441-42ad-aac1-7b154a8ff427" daemon [_thread_blocked, id=12988, stack(0x000000291ad00000,0x000000291ae00000) (1024K)]
  0x000001899971b9b0 JavaThread "Framework Event Dispatcher: Equinox Container: d91abecd-a441-42ad-aac1-7b154a8ff427" daemon [_thread_blocked, id=13528, stack(0x000000291af00000,0x000000291b000000) (1024K)]
  0x000001899971c3e0 JavaThread "Start Level: Equinox Container: d91abecd-a441-42ad-aac1-7b154a8ff427" daemon [_thread_blocked, id=16584, stack(0x000000291b000000,0x000000291b100000) (1024K)]
  0x0000018999a01ff0 JavaThread "Bundle File Closer"         daemon [_thread_blocked, id=6032, stack(0x000000291b200000,0x000000291b300000) (1024K)]
  0x00000189993d1a50 JavaThread "SCR Component Actor"        daemon [_thread_blocked, id=14104, stack(0x000000291b300000,0x000000291b400000) (1024K)]
  0x00000189999bff90 JavaThread "Worker-JM"                         [_thread_blocked, id=11784, stack(0x000000291b400000,0x000000291b500000) (1024K)]
  0x00000189999c0620 JavaThread "JNA Cleaner"                daemon [_thread_blocked, id=14964, stack(0x000000291a400000,0x000000291a500000) (1024K)]
  0x00000189999bdec0 JavaThread "Worker-0: Repository registry initialization"        [_thread_in_native, id=7944, stack(0x000000291b100000,0x000000291b200000) (1024K)]
  0x00000189999bd830 JavaThread "Worker-1: Initialize After Load"        [_thread_blocked, id=10192, stack(0x000000291b500000,0x000000291b600000) (1024K)]
  0x0000018999d2e8f0 JavaThread "C2 CompilerThread1"         daemon [_thread_in_native, id=13256, stack(0x000000291b600000,0x000000291b700000) (1024K)]
=>0x00000189998f4000 JavaThread "C2 CompilerThread2"         daemon [_thread_in_native, id=3160, stack(0x000000291b700000,0x000000291b800000) (1024K)]
  0x00000189999bd1a0 JavaThread "Java indexing"              daemon [_thread_blocked, id=6232, stack(0x000000291b800000,0x000000291b900000) (1024K)]
  0x00000189999bebe0 JavaThread "Worker-2"                          [_thread_blocked, id=16276, stack(0x000000291b900000,0x000000291ba00000) (1024K)]
  0x00000189999bf270 JavaThread "Worker-3"                          [_thread_blocked, id=21116, stack(0x000000291bd00000,0x000000291be00000) (1024K)]
  0x00000189999bf900 JavaThread "Worker-4"                          [_thread_blocked, id=9716, stack(0x000000291be00000,0x000000291bf00000) (1024K)]
  0x000001899b9dc680 JavaThread "Thread-1"                   daemon [_thread_in_native, id=4632, stack(0x000000291bf00000,0x000000291c000000) (1024K)]
  0x000001899b9de750 JavaThread "Thread-2"                   daemon [_thread_in_native, id=21164, stack(0x000000291c000000,0x000000291c100000) (1024K)]
  0x000001899b9dcd10 JavaThread "Thread-3"                   daemon [_thread_in_native, id=3268, stack(0x000000291c100000,0x000000291c200000) (1024K)]
  0x000001899b9dd3a0 JavaThread "Thread-4"                   daemon [_thread_in_native, id=18048, stack(0x000000291c200000,0x000000291c300000) (1024K)]
  0x000001899b9dda30 JavaThread "Thread-5"                   daemon [_thread_in_native, id=7012, stack(0x000000291c300000,0x000000291c400000) (1024K)]
  0x000001899b9df470 JavaThread "Thread-6"                   daemon [_thread_in_native, id=1316, stack(0x000000291c400000,0x000000291c500000) (1024K)]
  0x000001899b9de0c0 JavaThread "Thread-7"                   daemon [_thread_in_native, id=2812, stack(0x000000291c500000,0x000000291c600000) (1024K)]
  0x000001899b9dbff0 JavaThread "Thread-8"                   daemon [_thread_in_native, id=14540, stack(0x000000291c600000,0x000000291c700000) (1024K)]
  0x000001899b9dede0 JavaThread "Thread-9"                   daemon [_thread_in_native, id=2092, stack(0x000000291c700000,0x000000291c800000) (1024K)]
  0x000001899b9e0190 JavaThread "pool-2-thread-1"                   [_thread_blocked, id=10944, stack(0x000000291c800000,0x000000291c900000) (1024K)]
  0x000001899b9e0820 JavaThread "WorkspaceEventsHandler"            [_thread_blocked, id=7872, stack(0x000000291c900000,0x000000291ca00000) (1024K)]
  0x000001899b9e0eb0 JavaThread "pool-1-thread-1"                   [_thread_in_Java, id=11184, stack(0x000000291ca00000,0x000000291cb00000) (1024K)]
  0x000001899b9e1540 JavaThread "ForkJoinPool.commonPool-worker-1" daemon [_thread_in_native, id=13288, stack(0x000000291cb00000,0x000000291cc00000) (1024K)]
  0x000001899b9e1bd0 JavaThread "ForkJoinPool.commonPool-worker-2" daemon [_thread_in_Java, id=5512, stack(0x000000291cc00000,0x000000291cd00000) (1024K)]
  0x000001899b9e2260 JavaThread "ForkJoinPool.commonPool-worker-3" daemon [_thread_blocked, id=20300, stack(0x000000291cd00000,0x000000291ce00000) (1024K)]
  0x000001899b9e28f0 JavaThread "ForkJoinPool.commonPool-worker-4" daemon [_thread_in_vm, id=9224, stack(0x000000291ce00000,0x000000291cf00000) (1024K)]
Total: 43

Other Threads:
  0x000001893b403550 VMThread "VM Thread"                           [id=10956, stack(0x0000002919a00000,0x0000002919b00000) (1024K)]
  0x000001893b31ca00 WatcherThread "VM Periodic Task Thread"        [id=14536, stack(0x0000002919900000,0x0000002919a00000) (1024K)]
  0x000001893b4abf40 WorkerThread "GC Thread#0"                     [id=8464, stack(0x0000002919800000,0x0000002919900000) (1024K)]
  0x00000189994e00c0 WorkerThread "GC Thread#1"                     [id=12200, stack(0x000000291a600000,0x000000291a700000) (1024K)]
  0x00000189993f0eb0 WorkerThread "GC Thread#2"                     [id=8208, stack(0x000000291a700000,0x000000291a800000) (1024K)]
  0x00000189993f1250 WorkerThread "GC Thread#3"                     [id=13080, stack(0x000000291a800000,0x000000291a900000) (1024K)]
  0x000001899962fc70 WorkerThread "GC Thread#4"                     [id=21192, stack(0x000000291a900000,0x000000291aa00000) (1024K)]
  0x0000018999630010 WorkerThread "GC Thread#5"                     [id=13492, stack(0x000000291aa00000,0x000000291ab00000) (1024K)]
  0x00000189996303b0 WorkerThread "GC Thread#6"                     [id=7380, stack(0x000000291ab00000,0x000000291ac00000) (1024K)]
  0x0000018999655210 WorkerThread "GC Thread#7"                     [id=20760, stack(0x000000291ae00000,0x000000291af00000) (1024K)]
Total: 10

Threads with active compile tasks:
C2 CompilerThread0  13776 4989       4       com.google.gson.stream.JsonReader::nextString (168 bytes)
C1 CompilerThread0  13776 5015       3       org.objectweb.asm.ClassReader::readField (675 bytes)
C2 CompilerThread1  13776 4956   !   4       org.eclipse.osgi.internal.loader.classpath.ClasspathManager::findLocalClass (210 bytes)
C2 CompilerThread2  13776 4141   !   4       org.eclipse.osgi.internal.loader.classpath.ClasspathManager::findClassImpl (328 bytes)
Total: 4

VM state: not at safepoint (normal execution)

VM Mutex/Monitor currently owned by a thread:  ([mutex/lock_event])
[0x00007ffee1665458] Threads_lock - owner thread: 0x000001899b9e28f0

Heap address: 0x0000000080000000, size: 2048 MB, Compressed Oops mode: 32-bit

CDS archive(s) mapped at: [0x0000018952000000-0x0000018952ba0000-0x0000018952ba0000), size 12189696, SharedBaseAddress: 0x0000018952000000, ArchiveRelocationMode: 1.
Compressed class space mapped at: 0x0000018953000000-0x0000018993000000, reserved size: 1073741824
Narrow klass base: 0x0000018952000000, Narrow klass shift: 0, Narrow klass range: 0x100000000

GC Precious Log:
 CardTable entry size: 512
 CPUs: 8 total, 8 available
 Memory: 7555M
 Large Page Support: Disabled
 NUMA Support: Disabled
 Compressed Oops: Enabled (32-bit)
 Alignments: Space 512K, Generation 512K, Heap 2M
 Heap Min Capacity: 100M
 Heap Initial Capacity: 100M
 Heap Max Capacity: 2G
 Pre-touch: Disabled
 Parallel Workers: 8

Heap:
 PSYoungGen      total 24576K, used 10369K [0x00000000d5580000, 0x00000000d7000000, 0x0000000100000000)
  eden space 22016K, 42% used [0x00000000d5580000,0x00000000d5ea8650,0x00000000d6b00000)
  from space 2560K, 38% used [0x00000000d6c00000,0x00000000d6cf8000,0x00000000d6e80000)
  to   space 1536K, 0% used [0x00000000d6e80000,0x00000000d6e80000,0x00000000d7000000)
 ParOldGen       total 68608K, used 20302K [0x0000000080000000, 0x0000000084300000, 0x00000000d5580000)
  object space 68608K, 29% used [0x0000000080000000,0x00000000813d39e0,0x0000000084300000)
 Metaspace       used 39254K, committed 40512K, reserved 1114112K
  class space    used 4195K, committed 4736K, reserved 1048576K

Card table byte_map: [0x000001893ae30000,0x000001893b240000] _byte_map_base: 0x000001893aa30000

Marking Bits: (ParMarkBitMap*) 0x00007ffee166a340
 Begin Bits: [0x000001894d930000, 0x000001894f930000)
 End Bits:   [0x000001894f930000, 0x0000018951930000)

Polling page: 0x0000018939020000

Metaspace:

Usage:
  Non-class:     34.24 MB used.
      Class:      4.10 MB used.
       Both:     38.34 MB used.

Virtual space:
  Non-class space:       64.00 MB reserved,      34.94 MB ( 55%) committed,  1 nodes.
      Class space:        1.00 GB reserved,       4.62 MB ( <1%) committed,  1 nodes.
             Both:        1.06 GB reserved,      39.56 MB (  4%) committed. 

Chunk freelists:
   Non-Class:  12.77 MB
       Class:  11.26 MB
        Both:  24.03 MB

MaxMetaspaceSize: unlimited
CompressedClassSpaceSize: 1.00 GB
Initial GC threshold: 21.00 MB
Current GC threshold: 58.38 MB
CDS: on
 - commit_granule_bytes: 65536.
 - commit_granule_words: 8192.
 - virtual_space_node_default_size: 8388608.
 - enlarge_chunks_in_place: 1.
 - use_allocation_guard: 0.


Internal statistics:

num_allocs_failed_limit: 6.
num_arena_births: 902.
num_arena_deaths: 14.
num_vsnodes_births: 2.
num_vsnodes_deaths: 0.
num_space_committed: 633.
num_space_uncommitted: 0.
num_chunks_returned_to_freelist: 20.
num_chunks_taken_from_freelist: 2711.
num_chunk_merges: 8.
num_chunk_splits: 1633.
num_chunks_enlarged: 877.
num_inconsistent_stats: 0.

CodeHeap 'non-profiled nmethods': size=120000Kb used=1910Kb max_used=2077Kb free=118089Kb
 bounds [0x0000018946150000, 0x00000189463c0000, 0x000001894d680000]
CodeHeap 'profiled nmethods': size=120000Kb used=8922Kb max_used=9374Kb free=111077Kb
 bounds [0x000001893e680000, 0x000001893efc0000, 0x0000018945bb0000]
CodeHeap 'non-nmethods': size=5760Kb used=1360Kb max_used=1397Kb free=4399Kb
 bounds [0x0000018945bb0000, 0x0000018945e20000, 0x0000018946150000]
CodeCache: size=245760Kb, used=12192Kb, max_used=12848Kb, free=233565Kb
 total_blobs=5078, nmethods=4421, adapters=563, full_count=0
Compilation: enabled, stopped_count=0, restarted_count=0

Compilation events (20 events):
Event: 12.680 Thread 0x0000018999d2e8f0 4798       4       java.nio.HeapByteBuffer::ix (7 bytes)
Event: 12.680 Thread 0x000001893b41b120 4932       3       java.lang.Class::privateGetDeclaredFields (64 bytes)
Event: 12.681 Thread 0x000001893b41b120 nmethod 4932 0x000001893e72c610 code [0x000001893e72c840, 0x000001893e72cf70]
Event: 12.681 Thread 0x000001893b41b120 4933       3       com.google.gson.internal.bind.TypeAdapters$30::create (30 bytes)
Event: 12.681 Thread 0x0000018999d2e8f0 nmethod 4798 0x0000018946207390 code [0x0000018946207520, 0x00000189462075b0]
Event: 12.681 Thread 0x000001893b41b120 nmethod 4933 0x000001893e72c190 code [0x000001893e72c340, 0x000001893e72c518]
Event: 12.682 Thread 0x0000018999d2e8f0 4839       4       java.util.HashMap::afterNodeRemoval (1 bytes)
Event: 12.682 Thread 0x000001893b41b120 4934       3       com.google.gson.internal.Excluder::excludeClass (140 bytes)
Event: 12.682 Thread 0x0000018999d2e8f0 nmethod 4839 0x0000018946207090 code [0x0000018946207220, 0x00000189462072a8]
Event: 12.683 Thread 0x0000018999d2e8f0 4779       4       org.objectweb.asm.ClassReader::readInt (52 bytes)
Event: 12.686 Thread 0x0000018999d2e8f0 nmethod 4779 0x0000018946206c10 code [0x0000018946206da0, 0x0000018946206ec8]
Event: 12.686 Thread 0x0000018999d2e8f0 4935       4       sun.reflect.generics.parser.SignatureParser::skipIdentifier (67 bytes)
Event: 12.687 Thread 0x000001893b41b120 nmethod 4934 0x000001893e6bc690 code [0x000001893e6bcb60, 0x000001893e6bed50]
Event: 12.687 Thread 0x000001893b41b120 4937       3       org.eclipse.osgi.internal.loader.classpath.ClasspathEntry::findResource (65 bytes)
Event: 12.688 Thread 0x000001893b41b120 nmethod 4937 0x000001893e72b610 code [0x000001893e72b820, 0x000001893e72bf40]
Event: 12.688 Thread 0x000001893b41b120 4936       3       com.google.common.cache.LocalCache::recordsAccess (5 bytes)
Event: 12.689 Thread 0x000001893b41b120 nmethod 4936 0x000001893e72b190 code [0x000001893e72b340, 0x000001893e72b508]
Event: 12.691 Thread 0x000001893b41b120 4938       3       com.google.inject.TypeLiteral::equals (30 bytes)
Event: 12.692 Thread 0x000001893b41b120 nmethod 4938 0x000001893e72aa90 code [0x000001893e72ac60, 0x000001893e72b008]
Event: 12.692 Thread 0x000001893b41b120 4940       3       com.google.inject.internal.MoreTypes::equals (282 bytes)

GC Heap History (20 events):
Event: 6.861 GC heap before
{Heap before GC invocations=8 (full 1):
 PSYoungGen      total 29184K, used 4235K [0x00000000d5580000, 0x00000000d7680000, 0x0000000100000000)
  eden space 24576K, 0% used [0x00000000d5580000,0x00000000d5580000,0x00000000d6d80000)
  from space 4608K, 91% used [0x00000000d6e80000,0x00000000d72a2f40,0x00000000d7300000)
  to   space 3584K, 0% used [0x00000000d7300000,0x00000000d7300000,0x00000000d7680000)
 ParOldGen       total 68608K, used 9114K [0x0000000080000000, 0x0000000084300000, 0x00000000d5580000)
  object space 68608K, 13% used [0x0000000080000000,0x00000000808e6ab0,0x0000000084300000)
 Metaspace       used 20546K, committed 21504K, reserved 1114112K
  class space    used 2217K, committed 2624K, reserved 1048576K
}
Event: 6.927 GC heap after
{Heap after GC invocations=8 (full 1):
 PSYoungGen      total 29184K, used 0K [0x00000000d5580000, 0x00000000d7680000, 0x0000000100000000)
  eden space 24576K, 0% used [0x00000000d5580000,0x00000000d5580000,0x00000000d6d80000)
  from space 4608K, 0% used [0x00000000d6e80000,0x00000000d6e80000,0x00000000d7300000)
  to   space 3584K, 0% used [0x00000000d7300000,0x00000000d7300000,0x00000000d7680000)
 ParOldGen       total 68608K, used 12796K [0x0000000080000000, 0x0000000084300000, 0x00000000d5580000)
  object space 68608K, 18% used [0x0000000080000000,0x0000000080c7f020,0x0000000084300000)
 Metaspace       used 20533K, committed 21504K, reserved 1114112K
  class space    used 2213K, committed 2624K, reserved 1048576K
}
Event: 7.326 GC heap before
{Heap before GC invocations=9 (full 1):
 PSYoungGen      total 29184K, used 24311K [0x00000000d5580000, 0x00000000d7680000, 0x0000000100000000)
  eden space 24576K, 98% used [0x00000000d5580000,0x00000000d6d3dff8,0x00000000d6d80000)
  from space 4608K, 0% used [0x00000000d6e80000,0x00000000d6e80000,0x00000000d7300000)
  to   space 3584K, 0% used [0x00000000d7300000,0x00000000d7300000,0x00000000d7680000)
 ParOldGen       total 68608K, used 12796K [0x0000000080000000, 0x0000000084300000, 0x00000000d5580000)
  object space 68608K, 18% used [0x0000000080000000,0x0000000080c7f020,0x0000000084300000)
 Metaspace       used 22647K, committed 23616K, reserved 1114112K
  class space    used 2388K, committed 2816K, reserved 1048576K
}
Event: 7.328 GC heap after
{Heap after GC invocations=9 (full 1):
 PSYoungGen      total 25600K, used 1211K [0x00000000d5580000, 0x00000000d7480000, 0x0000000100000000)
  eden space 24064K, 0% used [0x00000000d5580000,0x00000000d5580000,0x00000000d6d00000)
  from space 1536K, 78% used [0x00000000d7300000,0x00000000d742ee98,0x00000000d7480000)
  to   space 2560K, 0% used [0x00000000d6f80000,0x00000000d6f80000,0x00000000d7200000)
 ParOldGen       total 68608K, used 12804K [0x0000000080000000, 0x0000000084300000, 0x00000000d5580000)
  object space 68608K, 18% used [0x0000000080000000,0x0000000080c81020,0x0000000084300000)
 Metaspace       used 22647K, committed 23616K, reserved 1114112K
  class space    used 2388K, committed 2816K, reserved 1048576K
}
Event: 7.664 GC heap before
{Heap before GC invocations=10 (full 1):
 PSYoungGen      total 25600K, used 25275K [0x00000000d5580000, 0x00000000d7480000, 0x0000000100000000)
  eden space 24064K, 100% used [0x00000000d5580000,0x00000000d6d00000,0x00000000d6d00000)
  from space 1536K, 78% used [0x00000000d7300000,0x00000000d742ee98,0x00000000d7480000)
  to   space 2560K, 0% used [0x00000000d6f80000,0x00000000d6f80000,0x00000000d7200000)
 ParOldGen       total 68608K, used 12804K [0x0000000080000000, 0x0000000084300000, 0x00000000d5580000)
  object space 68608K, 18% used [0x0000000080000000,0x0000000080c81020,0x0000000084300000)
 Metaspace       used 26379K, committed 27392K, reserved 1114112K
  class space    used 2658K, committed 3072K, reserved 1048576K
}
Event: 7.666 GC heap after
{Heap after GC invocations=10 (full 1):
 PSYoungGen      total 26112K, used 1125K [0x00000000d5580000, 0x00000000d7380000, 0x0000000100000000)
  eden space 23552K, 0% used [0x00000000d5580000,0x00000000d5580000,0x00000000d6c80000)
  from space 2560K, 43% used [0x00000000d6f80000,0x00000000d70994d8,0x00000000d7200000)
  to   space 1536K, 0% used [0x00000000d7200000,0x00000000d7200000,0x00000000d7380000)
 ParOldGen       total 68608K, used 12804K [0x0000000080000000, 0x0000000084300000, 0x00000000d5580000)
  object space 68608K, 18% used [0x0000000080000000,0x0000000080c81020,0x0000000084300000)
 Metaspace       used 26379K, committed 27392K, reserved 1114112K
  class space    used 2658K, committed 3072K, reserved 1048576K
}
Event: 8.041 GC heap before
{Heap before GC invocations=11 (full 1):
 PSYoungGen      total 26112K, used 24677K [0x00000000d5580000, 0x00000000d7380000, 0x0000000100000000)
  eden space 23552K, 100% used [0x00000000d5580000,0x00000000d6c80000,0x00000000d6c80000)
  from space 2560K, 43% used [0x00000000d6f80000,0x00000000d70994d8,0x00000000d7200000)
  to   space 1536K, 0% used [0x00000000d7200000,0x00000000d7200000,0x00000000d7380000)
 ParOldGen       total 68608K, used 12804K [0x0000000080000000, 0x0000000084300000, 0x00000000d5580000)
  object space 68608K, 18% used [0x0000000080000000,0x0000000080c81020,0x0000000084300000)
 Metaspace       used 27836K, committed 28800K, reserved 1114112K
  class space    used 2767K, committed 3200K, reserved 1048576K
}
Event: 8.046 GC heap after
{Heap after GC invocations=11 (full 1):
 PSYoungGen      total 24576K, used 1531K [0x00000000d5580000, 0x00000000d7400000, 0x0000000100000000)
  eden space 23040K, 0% used [0x00000000d5580000,0x00000000d5580000,0x00000000d6c00000)
  from space 1536K, 99% used [0x00000000d7200000,0x00000000d737eda0,0x00000000d7380000)
  to   space 4096K, 0% used [0x00000000d6c00000,0x00000000d6c00000,0x00000000d7000000)
 ParOldGen       total 68608K, used 14542K [0x0000000080000000, 0x0000000084300000, 0x00000000d5580000)
  object space 68608K, 21% used [0x0000000080000000,0x0000000080e33bc8,0x0000000084300000)
 Metaspace       used 27836K, committed 28800K, reserved 1114112K
  class space    used 2767K, committed 3200K, reserved 1048576K
}
Event: 10.433 GC heap before
{Heap before GC invocations=12 (full 1):
 PSYoungGen      total 24576K, used 24571K [0x00000000d5580000, 0x00000000d7400000, 0x0000000100000000)
  eden space 23040K, 100% used [0x00000000d5580000,0x00000000d6c00000,0x00000000d6c00000)
  from space 1536K, 99% used [0x00000000d7200000,0x00000000d737eda0,0x00000000d7380000)
  to   space 4096K, 0% used [0x00000000d6c00000,0x00000000d6c00000,0x00000000d7000000)
 ParOldGen       total 68608K, used 14542K [0x0000000080000000, 0x0000000084300000, 0x00000000d5580000)
  object space 68608K, 21% used [0x0000000080000000,0x0000000080e33bc8,0x0000000084300000)
 Metaspace       used 31207K, committed 32320K, reserved 1114112K
  class space    used 3174K, committed 3712K, reserved 1048576K
}
Event: 10.438 GC heap after
{Heap after GC invocations=12 (full 1):
 PSYoungGen      total 26624K, used 1292K [0x00000000d5580000, 0x00000000d7280000, 0x0000000100000000)
  eden space 22528K, 0% used [0x00000000d5580000,0x00000000d5580000,0x00000000d6b80000)
  from space 4096K, 31% used [0x00000000d6c00000,0x00000000d6d43118,0x00000000d7000000)
  to   space 2048K, 0% used [0x00000000d7080000,0x00000000d7080000,0x00000000d7280000)
 ParOldGen       total 68608K, used 16064K [0x0000000080000000, 0x0000000084300000, 0x00000000d5580000)
  object space 68608K, 23% used [0x0000000080000000,0x0000000080fb02a0,0x0000000084300000)
 Metaspace       used 31207K, committed 32320K, reserved 1114112K
  class space    used 3174K, committed 3712K, reserved 1048576K
}
Event: 10.788 GC heap before
{Heap before GC invocations=13 (full 1):
 PSYoungGen      total 26624K, used 23820K [0x00000000d5580000, 0x00000000d7280000, 0x0000000100000000)
  eden space 22528K, 100% used [0x00000000d5580000,0x00000000d6b80000,0x00000000d6b80000)
  from space 4096K, 31% used [0x00000000d6c00000,0x00000000d6d43118,0x00000000d7000000)
  to   space 2048K, 0% used [0x00000000d7080000,0x00000000d7080000,0x00000000d7280000)
 ParOldGen       total 68608K, used 16064K [0x0000000080000000, 0x0000000084300000, 0x00000000d5580000)
  object space 68608K, 23% used [0x0000000080000000,0x0000000080fb02a0,0x0000000084300000)
 Metaspace       used 33804K, committed 35008K, reserved 1114112K
  class space    used 3510K, committed 4032K, reserved 1048576K
}
Event: 10.793 GC heap after
{Heap after GC invocations=13 (full 1):
 PSYoungGen      total 24064K, used 1736K [0x00000000d5580000, 0x00000000d7280000, 0x0000000100000000)
  eden space 22016K, 0% used [0x00000000d5580000,0x00000000d5580000,0x00000000d6b00000)
  from space 2048K, 84% used [0x00000000d7080000,0x00000000d72322e0,0x00000000d7280000)
  to   space 2048K, 0% used [0x00000000d6e80000,0x00000000d6e80000,0x00000000d7080000)
 ParOldGen       total 68608K, used 17184K [0x0000000080000000, 0x0000000084300000, 0x00000000d5580000)
  object space 68608K, 25% used [0x0000000080000000,0x00000000810c8200,0x0000000084300000)
 Metaspace       used 33804K, committed 35008K, reserved 1114112K
  class space    used 3510K, committed 4032K, reserved 1048576K
}
Event: 10.894 GC heap before
{Heap before GC invocations=14 (full 1):
 PSYoungGen      total 24064K, used 11289K [0x00000000d5580000, 0x00000000d7280000, 0x0000000100000000)
  eden space 22016K, 43% used [0x00000000d5580000,0x00000000d5ed4478,0x00000000d6b00000)
  from space 2048K, 84% used [0x00000000d7080000,0x00000000d72322e0,0x00000000d7280000)
  to   space 2048K, 0% used [0x00000000d6e80000,0x00000000d6e80000,0x00000000d7080000)
 ParOldGen       total 68608K, used 17184K [0x0000000080000000, 0x0000000084300000, 0x00000000d5580000)
  object space 68608K, 25% used [0x0000000080000000,0x00000000810c8200,0x0000000084300000)
 Metaspace       used 34684K, committed 35840K, reserved 1114112K
  class space    used 3619K, committed 4096K, reserved 1048576K
}
Event: 10.897 GC heap after
{Heap after GC invocations=14 (full 1):
 PSYoungGen      total 23040K, used 717K [0x00000000d5580000, 0x00000000d7100000, 0x0000000100000000)
  eden space 22016K, 0% used [0x00000000d5580000,0x00000000d5580000,0x00000000d6b00000)
  from space 1024K, 70% used [0x00000000d6e80000,0x00000000d6f33610,0x00000000d6f80000)
  to   space 1536K, 0% used [0x00000000d6f80000,0x00000000d6f80000,0x00000000d7100000)
 ParOldGen       total 68608K, used 18617K [0x0000000080000000, 0x0000000084300000, 0x00000000d5580000)
  object space 68608K, 27% used [0x0000000080000000,0x000000008122e620,0x0000000084300000)
 Metaspace       used 34684K, committed 35840K, reserved 1114112K
  class space    used 3619K, committed 4096K, reserved 1048576K
}
Event: 10.897 GC heap before
{Heap before GC invocations=15 (full 2):
 PSYoungGen      total 23040K, used 717K [0x00000000d5580000, 0x00000000d7100000, 0x0000000100000000)
  eden space 22016K, 0% used [0x00000000d5580000,0x00000000d5580000,0x00000000d6b00000)
  from space 1024K, 70% used [0x00000000d6e80000,0x00000000d6f33610,0x00000000d6f80000)
  to   space 1536K, 0% used [0x00000000d6f80000,0x00000000d6f80000,0x00000000d7100000)
 ParOldGen       total 68608K, used 18617K [0x0000000080000000, 0x0000000084300000, 0x00000000d5580000)
  object space 68608K, 27% used [0x0000000080000000,0x000000008122e620,0x0000000084300000)
 Metaspace       used 34684K, committed 35840K, reserved 1114112K
  class space    used 3619K, committed 4096K, reserved 1048576K
}
Event: 10.946 GC heap after
{Heap after GC invocations=15 (full 2):
 PSYoungGen      total 23040K, used 0K [0x00000000d5580000, 0x00000000d7100000, 0x0000000100000000)
  eden space 22016K, 0% used [0x00000000d5580000,0x00000000d5580000,0x00000000d6b00000)
  from space 1024K, 0% used [0x00000000d6e80000,0x00000000d6e80000,0x00000000d6f80000)
  to   space 1536K, 0% used [0x00000000d6f80000,0x00000000d6f80000,0x00000000d7100000)
 ParOldGen       total 68608K, used 18277K [0x0000000080000000, 0x0000000084300000, 0x00000000d5580000)
  object space 68608K, 26% used [0x0000000080000000,0x00000000811d9608,0x0000000084300000)
 Metaspace       used 34684K, committed 35840K, reserved 1114112K
  class space    used 3619K, committed 4096K, reserved 1048576K
}
Event: 11.268 GC heap before
{Heap before GC invocations=16 (full 2):
 PSYoungGen      total 23040K, used 22013K [0x00000000d5580000, 0x00000000d7100000, 0x0000000100000000)
  eden space 22016K, 99% used [0x00000000d5580000,0x00000000d6aff658,0x00000000d6b00000)
  from space 1024K, 0% used [0x00000000d6e80000,0x00000000d6e80000,0x00000000d6f80000)
  to   space 1536K, 0% used [0x00000000d6f80000,0x00000000d6f80000,0x00000000d7100000)
 ParOldGen       total 68608K, used 18277K [0x0000000080000000, 0x0000000084300000, 0x00000000d5580000)
  object space 68608K, 26% used [0x0000000080000000,0x00000000811d9608,0x0000000084300000)
 Metaspace       used 36498K, committed 37696K, reserved 1114112K
  class space    used 3879K, committed 4352K, reserved 1048576K
}
Event: 11.270 GC heap after
{Heap after GC invocations=16 (full 2):
 PSYoungGen      total 23552K, used 1516K [0x00000000d5580000, 0x00000000d7100000, 0x0000000100000000)
  eden space 22016K, 0% used [0x00000000d5580000,0x00000000d5580000,0x00000000d6b00000)
  from space 1536K, 98% used [0x00000000d6f80000,0x00000000d70fb3a0,0x00000000d7100000)
  to   space 2560K, 0% used [0x00000000d6c00000,0x00000000d6c00000,0x00000000d6e80000)
 ParOldGen       total 68608K, used 18864K [0x0000000080000000, 0x0000000084300000, 0x00000000d5580000)
  object space 68608K, 27% used [0x0000000080000000,0x000000008126c398,0x0000000084300000)
 Metaspace       used 36498K, committed 37696K, reserved 1114112K
  class space    used 3879K, committed 4352K, reserved 1048576K
}
Event: 12.640 GC heap before
{Heap before GC invocations=17 (full 2):
 PSYoungGen      total 23552K, used 23532K [0x00000000d5580000, 0x00000000d7100000, 0x0000000100000000)
  eden space 22016K, 100% used [0x00000000d5580000,0x00000000d6b00000,0x00000000d6b00000)
  from space 1536K, 98% used [0x00000000d6f80000,0x00000000d70fb3a0,0x00000000d7100000)
  to   space 2560K, 0% used [0x00000000d6c00000,0x00000000d6c00000,0x00000000d6e80000)
 ParOldGen       total 68608K, used 18864K [0x0000000080000000, 0x0000000084300000, 0x00000000d5580000)
  object space 68608K, 27% used [0x0000000080000000,0x000000008126c398,0x0000000084300000)
 Metaspace       used 38662K, committed 39936K, reserved 1114112K
  class space    used 4117K, committed 4672K, reserved 1048576K
}
Event: 12.644 GC heap after
{Heap after GC invocations=17 (full 2):
 PSYoungGen      total 24576K, used 992K [0x00000000d5580000, 0x00000000d7000000, 0x0000000100000000)
  eden space 22016K, 0% used [0x00000000d5580000,0x00000000d5580000,0x00000000d6b00000)
  from space 2560K, 38% used [0x00000000d6c00000,0x00000000d6cf8000,0x00000000d6e80000)
  to   space 1536K, 0% used [0x00000000d6e80000,0x00000000d6e80000,0x00000000d7000000)
 ParOldGen       total 68608K, used 20302K [0x0000000080000000, 0x0000000084300000, 0x00000000d5580000)
  object space 68608K, 29% used [0x0000000080000000,0x00000000813d39e0,0x0000000084300000)
 Metaspace       used 38662K, committed 39936K, reserved 1114112K
  class space    used 4117K, committed 4672K, reserved 1048576K
}

Dll operation events (10 events):
Event: 0.025 Loaded shared library c:\Users\Dorian\.vscode\extensions\redhat.java-1.47.0-win32-x64\jre\21.0.8-win32-x86_64\bin\java.dll
Event: 0.184 Loaded shared library c:\Users\Dorian\.vscode\extensions\redhat.java-1.47.0-win32-x64\jre\21.0.8-win32-x86_64\bin\zip.dll
Event: 0.229 Loaded shared library C:\Users\Dorian\.vscode\extensions\redhat.java-1.47.0-win32-x64\jre\21.0.8-win32-x86_64\bin\instrument.dll
Event: 0.238 Loaded shared library C:\Users\Dorian\.vscode\extensions\redhat.java-1.47.0-win32-x64\jre\21.0.8-win32-x86_64\bin\net.dll
Event: 0.243 Loaded shared library C:\Users\Dorian\.vscode\extensions\redhat.java-1.47.0-win32-x64\jre\21.0.8-win32-x86_64\bin\nio.dll
Event: 0.250 Loaded shared library C:\Users\Dorian\.vscode\extensions\redhat.java-1.47.0-win32-x64\jre\21.0.8-win32-x86_64\bin\zip.dll
Event: 0.287 Loaded shared library C:\Users\Dorian\.vscode\extensions\redhat.java-1.47.0-win32-x64\jre\21.0.8-win32-x86_64\bin\jimage.dll
Event: 0.428 Loaded shared library c:\Users\Dorian\.vscode\extensions\redhat.java-1.47.0-win32-x64\jre\21.0.8-win32-x86_64\bin\verify.dll
Event: 3.023 Loaded shared library C:\Users\Dorian\AppData\Roaming\Code\User\globalStorage\redhat.java\1.47.0\config_win\org.eclipse.equinox.launcher\org.eclipse.equinox.launcher.win32.win32.x86_64_1.2.1400.v20250801-0854\eclipse_11916.dll
Event: 5.476 Loaded shared library C:\Users\Dorian\AppData\Local\Temp\jna-2052793295\jna4272679075390567564.dll

Deoptimization events (20 events):
Event: 12.329 Thread 0x000001893b48dd10 DEOPT PACKING pc=0x0000018946296d70 sp=0x00000029197fe450
Event: 12.329 Thread 0x000001893b48dd10 DEOPT UNPACKING pc=0x0000018945c03aa2 sp=0x00000029197fe3e0 mode 2
Event: 12.330 Thread 0x000001893b48dd10 Uncommon trap: trap_request=0xffffffde fr.pc=0x000001894634ef6c relative=0x000000000000004c
Event: 12.330 Thread 0x000001893b48dd10 Uncommon trap: reason=class_check action=maybe_recompile pc=0x000001894634ef6c method=java.lang.StringConcatHelper.stringOf(Ljava/lang/Object;)Ljava/lang/String; @ 5 c2
Event: 12.330 Thread 0x000001893b48dd10 DEOPT PACKING pc=0x000001894634ef6c sp=0x00000029197fe590
Event: 12.330 Thread 0x000001893b48dd10 DEOPT UNPACKING pc=0x0000018945c03aa2 sp=0x00000029197fe520 mode 2
Event: 12.459 Thread 0x000001893b48dd10 Uncommon trap: trap_request=0xffffff45 fr.pc=0x000001894618a4d0 relative=0x00000000000000b0
Event: 12.459 Thread 0x000001893b48dd10 Uncommon trap: reason=unstable_if action=reinterpret pc=0x000001894618a4d0 method=java.lang.CharacterDataLatin1.digit(II)I @ 7 c2
Event: 12.459 Thread 0x000001893b48dd10 DEOPT PACKING pc=0x000001894618a4d0 sp=0x00000029197fe560
Event: 12.459 Thread 0x000001893b48dd10 DEOPT UNPACKING pc=0x0000018945c03aa2 sp=0x00000029197fe4e0 mode 2
Event: 12.459 Thread 0x00000189999bd830 Uncommon trap: trap_request=0xffffff45 fr.pc=0x00000189461912ac relative=0x000000000000032c
Event: 12.459 Thread 0x00000189999bd830 Uncommon trap: reason=unstable_if action=reinterpret pc=0x00000189461912ac method=java.nio.charset.CharsetDecoder.decode(Ljava/nio/ByteBuffer;Ljava/nio/CharBuffer;Z)Ljava/nio/charset/CoderResult; @ 1 c2
Event: 12.460 Thread 0x000001893b48dd10 Uncommon trap: trap_request=0xffffff3d fr.pc=0x0000018946212c40 relative=0x0000000000000220
Event: 12.460 Thread 0x00000189999bd830 DEOPT PACKING pc=0x00000189461912ac sp=0x000000291b5fe570
Event: 12.460 Thread 0x00000189999bd830 DEOPT UNPACKING pc=0x0000018945c03aa2 sp=0x000000291b5fe518 mode 2
Event: 12.460 Thread 0x000001893b48dd10 Uncommon trap: reason=unstable_fused_if action=reinterpret pc=0x0000018946212c40 method=java.lang.CharacterDataLatin1.equalsIgnoreCase(BB)Z @ 16 c2
Event: 12.461 Thread 0x000001893b48dd10 DEOPT PACKING pc=0x0000018946212c40 sp=0x00000029197fe6f0
Event: 12.461 Thread 0x000001893b48dd10 DEOPT UNPACKING pc=0x0000018945c03aa2 sp=0x00000029197fe5f8 mode 2
Event: 12.523 Thread 0x00000189999bd830 DEOPT PACKING pc=0x000001893ec309be sp=0x000000291b5fdfe0
Event: 12.523 Thread 0x00000189999bd830 DEOPT UNPACKING pc=0x0000018945c04242 sp=0x000000291b5fd520 mode 0

Classes loaded (20 events):
Event: 12.456 Loading class sun/nio/cs/ThreadLocalCoders$Cache
Event: 12.457 Loading class java/text/ParsePosition done
Event: 12.457 Loading class sun/nio/cs/ThreadLocalCoders$Cache done
Event: 12.457 Loading class sun/nio/cs/ThreadLocalCoders$1 done
Event: 12.457 Loading class java/text/CalendarBuilder
Event: 12.458 Loading class java/text/CalendarBuilder done
Event: 12.458 Loading class sun/nio/cs/ThreadLocalCoders$2
Event: 12.458 Loading class sun/nio/cs/ThreadLocalCoders$2 done
Event: 12.506 Loading class java/io/PrintWriter$1
Event: 12.506 Loading class jdk/internal/access/JavaIOPrintWriterAccess
Event: 12.506 Loading class jdk/internal/access/JavaIOPrintWriterAccess done
Event: 12.507 Loading class java/io/PrintWriter$1 done
Event: 12.517 Loading class java/time/format/DateTimeParseContext
Event: 12.518 Loading class java/time/format/DateTimeParseContext done
Event: 12.518 Loading class java/time/format/Parsed
Event: 12.519 Loading class java/time/format/Parsed done
Event: 12.567 Loading class sun/reflect/generics/repository/FieldRepository
Event: 12.567 Loading class sun/reflect/generics/repository/FieldRepository done
Event: 12.577 Loading class java/io/UTFDataFormatException
Event: 12.577 Loading class java/io/UTFDataFormatException done

Classes unloaded (7 events):
Event: 6.871 Thread 0x000001893b403550 Unloading class 0x00000189531a4800 'java/lang/invoke/LambdaForm$MH+0x00000189531a4800'
Event: 6.871 Thread 0x000001893b403550 Unloading class 0x00000189531a4400 'java/lang/invoke/LambdaForm$MH+0x00000189531a4400'
Event: 6.871 Thread 0x000001893b403550 Unloading class 0x00000189531a4000 'java/lang/invoke/LambdaForm$MH+0x00000189531a4000'
Event: 6.871 Thread 0x000001893b403550 Unloading class 0x00000189531a3c00 'java/lang/invoke/LambdaForm$MH+0x00000189531a3c00'
Event: 6.871 Thread 0x000001893b403550 Unloading class 0x00000189531a3800 'java/lang/invoke/LambdaForm$BMH+0x00000189531a3800'
Event: 6.871 Thread 0x000001893b403550 Unloading class 0x00000189531a3400 'java/lang/invoke/LambdaForm$DMH+0x00000189531a3400'
Event: 6.871 Thread 0x000001893b403550 Unloading class 0x00000189531a2000 'java/lang/invoke/LambdaForm$DMH+0x00000189531a2000'

Classes redefined (0 events):
No events

Internal exceptions (20 events):
Event: 11.011 Thread 0x00000189999bd830 Exception <a 'sun/nio/fs/WindowsException'{0x00000000d5a62f08}> (0x00000000d5a62f08) 
thrown [s\src\hotspot\share\prims\jni.cpp, line 520]
Event: 11.011 Thread 0x00000189999bd830 Exception <a 'sun/nio/fs/WindowsException'{0x00000000d5a637e8}> (0x00000000d5a637e8) 
thrown [s\src\hotspot\share\prims\jni.cpp, line 520]
Event: 11.019 Thread 0x00000189999bd830 Exception <a 'sun/nio/fs/WindowsException'{0x00000000d5adeb90}> (0x00000000d5adeb90) 
thrown [s\src\hotspot\share\prims\jni.cpp, line 520]
Event: 11.020 Thread 0x00000189999bd830 Exception <a 'sun/nio/fs/WindowsException'{0x00000000d5adf470}> (0x00000000d5adf470) 
thrown [s\src\hotspot\share\prims\jni.cpp, line 520]
Event: 11.089 Thread 0x00000189999bd830 Exception <a 'java/lang/NoSuchMethodError'{0x00000000d5fed1c0}: 'void java.lang.invoke.DirectMethodHandle$Holder.invokeVirtual(java.lang.Object, java.lang.Object, java.lang.Object, java.lang.Object)'> (0x00000000d5fed1c0) 
thrown [s\src\hotspot\share\interpreter\linkResolver.cpp, line 773]
Event: 11.096 Thread 0x00000189999bd830 Exception <a 'sun/nio/fs/WindowsException'{0x00000000d6067188}> (0x00000000d6067188) 
thrown [s\src\hotspot\share\prims\jni.cpp, line 520]
Event: 11.106 Thread 0x00000189999bd830 Exception <a 'sun/nio/fs/WindowsException'{0x00000000d6067a68}> (0x00000000d6067a68) 
thrown [s\src\hotspot\share\prims\jni.cpp, line 520]
Event: 11.110 Thread 0x00000189999bd830 Exception <a 'sun/nio/fs/WindowsException'{0x00000000d6130e78}> (0x00000000d6130e78) 
thrown [s\src\hotspot\share\prims\jni.cpp, line 520]
Event: 11.110 Thread 0x00000189999bd830 Exception <a 'sun/nio/fs/WindowsException'{0x00000000d61314a8}> (0x00000000d61314a8) 
thrown [s\src\hotspot\share\prims\jni.cpp, line 520]
Event: 11.129 Thread 0x00000189999bd830 Exception <a 'java/io/FileNotFoundException'{0x00000000d6231390}> (0x00000000d6231390) 
thrown [s\src\hotspot\share\prims\jni.cpp, line 520]
Event: 12.324 Thread 0x000001893b48dd10 Exception <a 'java/lang/NoSuchMethodError'{0x00000000d5a0af78}: 'void java.lang.invoke.DirectMethodHandle$Holder.invokeSpecial(java.lang.Object, java.lang.Object, java.lang.Object, java.lang.Object, java.lang.Object, java.lang.Object)'> (0x00000000d5a0af78) 
thrown [s\src\hotspot\share\interpreter\linkResolver.cpp, line 773]
Event: 12.329 Thread 0x000001893b48dd10 Exception <a 'java/lang/IncompatibleClassChangeError'{0x00000000d5a13258}: Found class java.lang.Object, but interface was expected> (0x00000000d5a13258) 
thrown [s\src\hotspot\share\interpreter\linkResolver.cpp, line 840]
Event: 12.330 Thread 0x000001893b48dd10 Exception <a 'java/lang/IncompatibleClassChangeError'{0x00000000d5a150e0}: Found class java.lang.Object, but interface was expected> (0x00000000d5a150e0) 
thrown [s\src\hotspot\share\interpreter\linkResolver.cpp, line 840]
Event: 12.481 Thread 0x00000189999bd830 Exception <a 'sun/nio/fs/WindowsException'{0x00000000d61d3da0}> (0x00000000d61d3da0) 
thrown [s\src\hotspot\share\prims\jni.cpp, line 520]
Event: 12.540 Thread 0x00000189999bd830 Exception <a 'java/io/FileNotFoundException'{0x00000000d64b72d8}> (0x00000000d64b72d8) 
thrown [s\src\hotspot\share\prims\jni.cpp, line 520]
Event: 12.541 Thread 0x00000189999bd830 Exception <a 'java/io/FileNotFoundException'{0x00000000d64b8580}> (0x00000000d64b8580) 
thrown [s\src\hotspot\share\prims\jni.cpp, line 520]
Event: 12.544 Thread 0x00000189999bd830 Exception <a 'java/lang/NoSuchMethodError'{0x00000000d6510540}: 'java.lang.Object java.lang.invoke.DirectMethodHandle$Holder.newInvokeSpecial(java.lang.Object, java.lang.Object, java.lang.Object, int)'> (0x00000000d6510540) 
thrown [s\src\hotspot\share\interpreter\linkResolver.cpp, line 773]
Event: 12.546 Thread 0x00000189999bd830 Exception <a 'java/lang/NoSuchMethodError'{0x00000000d65141f8}: 'java.lang.Object java.lang.invoke.DirectMethodHandle$Holder.invokeSpecial(java.lang.Object, java.lang.Object, java.lang.Object, java.lang.Object, int)'> (0x00000000d65141f8) 
thrown [s\src\hotspot\share\interpreter\linkResolver.cpp, line 773]
Event: 12.547 Thread 0x00000189999bd830 Exception <a 'java/lang/NoSuchMethodError'{0x00000000d65176a0}: 'java.lang.Object java.lang.invoke.Invokers$Holder.linkToTargetMethod(java.lang.Object, java.lang.Object, int, java.lang.Object)'> (0x00000000d65176a0) 
thrown [s\src\hotspot\share\interpreter\linkResolver.cpp, line 773]
Event: 12.550 Thread 0x00000189999bd830 Exception <a 'java/lang/NoSuchMethodError'{0x00000000d653cf00}: 'void java.lang.invoke.DirectMethodHandle$Holder.invokeStaticInit(java.lang.Object, java.lang.Object, java.lang.Object)'> (0x00000000d653cf00) 
thrown [s\src\hotspot\share\interpreter\linkResolver.cpp, line 773]

ZGC Phase Switch (0 events):
No events

VM Operations (20 events):
Event: 8.124 Executing VM operation: HandshakeAllThreads (Deoptimize)
Event: 8.124 Executing VM operation: HandshakeAllThreads (Deoptimize) done
Event: 9.124 Executing VM operation: Cleanup
Event: 9.124 Executing VM operation: Cleanup done
Event: 10.124 Executing VM operation: Cleanup
Event: 10.255 Executing VM operation: Cleanup done
Event: 10.367 Executing VM operation: HandshakeAllThreads (Deoptimize)
Event: 10.367 Executing VM operation: HandshakeAllThreads (Deoptimize) done
Event: 10.433 Executing VM operation: ParallelGCFailedAllocation (Allocation Failure)
Event: 10.438 Executing VM operation: ParallelGCFailedAllocation (Allocation Failure) done
Event: 10.697 Executing VM operation: HandshakeAllThreads (Deoptimize)
Event: 10.697 Executing VM operation: HandshakeAllThreads (Deoptimize) done
Event: 10.788 Executing VM operation: ParallelGCFailedAllocation (Allocation Failure)
Event: 10.793 Executing VM operation: ParallelGCFailedAllocation (Allocation Failure) done
Event: 10.894 Executing VM operation: CollectForMetadataAllocation (Metadata GC Threshold)
Event: 10.946 Executing VM operation: CollectForMetadataAllocation (Metadata GC Threshold) done
Event: 11.267 Executing VM operation: ParallelGCFailedAllocation (Allocation Failure)
Event: 11.270 Executing VM operation: ParallelGCFailedAllocation (Allocation Failure) done
Event: 12.640 Executing VM operation: ParallelGCFailedAllocation (Allocation Failure)
Event: 12.644 Executing VM operation: ParallelGCFailedAllocation (Allocation Failure) done

Memory protections (0 events):
No events

Nmethod flushes (20 events):
Event: 10.919 Thread 0x000001893b403550 flushing  nmethod 0x000001893ec89c90
Event: 10.919 Thread 0x000001893b403550 flushing  nmethod 0x000001893ec8aa10
Event: 10.919 Thread 0x000001893b403550 flushing  nmethod 0x000001893ec8b190
Event: 10.919 Thread 0x000001893b403550 flushing  nmethod 0x000001893ec8c710
Event: 10.919 Thread 0x000001893b403550 flushing  nmethod 0x000001893ec8d010
Event: 10.919 Thread 0x000001893b403550 flushing  nmethod 0x000001893ec8d890
Event: 10.919 Thread 0x000001893b403550 flushing  nmethod 0x000001893ec8f290
Event: 10.919 Thread 0x000001893b403550 flushing  nmethod 0x000001893ec8fd10
Event: 10.919 Thread 0x000001893b403550 flushing  nmethod 0x000001893ec90690
Event: 10.919 Thread 0x000001893b403550 flushing  nmethod 0x000001893ecae210
Event: 10.919 Thread 0x000001893b403550 flushing  nmethod 0x000001893ecca790
Event: 10.919 Thread 0x000001893b403550 flushing  nmethod 0x000001893eccc910
Event: 10.919 Thread 0x000001893b403550 flushing  nmethod 0x000001893ecdf710
Event: 10.919 Thread 0x000001893b403550 flushing  nmethod 0x000001893ed17210
Event: 10.919 Thread 0x000001893b403550 flushing  nmethod 0x000001893ed44490
Event: 10.919 Thread 0x000001893b403550 flushing  nmethod 0x000001893ed58c90
Event: 10.919 Thread 0x000001893b403550 flushing  nmethod 0x000001893ed91d90
Event: 10.919 Thread 0x000001893b403550 flushing  nmethod 0x000001893ed9bb90
Event: 10.919 Thread 0x000001893b403550 flushing  nmethod 0x000001893ed9c010
Event: 10.919 Thread 0x000001893b403550 flushing  nmethod 0x000001893eda0290

Events (20 events):
Event: 7.417 Thread 0x000001899a174ea0 Thread exited: 0x000001899a174ea0
Event: 7.417 Thread 0x000001899a2e00d0 Thread exited: 0x000001899a2e00d0
Event: 7.667 Thread 0x000001893b41b120 Thread added: 0x0000018999d2e8f0
Event: 7.781 Thread 0x0000018999d2e8f0 Thread added: 0x00000189998f4000
Event: 8.055 Thread 0x000001899971c3e0 Thread added: 0x00000189999bd1a0
Event: 8.056 Thread 0x00000189999bd830 Thread added: 0x00000189999bebe0
Event: 10.659 Thread 0x00000189999bebe0 Thread added: 0x00000189999bf270
Event: 10.759 Thread 0x00000189999bf270 Thread added: 0x00000189999bf900
Event: 10.823 Thread 0x000001893b48dd10 Thread added: 0x000001899b9dc680
Event: 10.824 Thread 0x000001893b48dd10 Thread added: 0x000001899b9de750
Event: 10.824 Thread 0x000001893b48dd10 Thread added: 0x000001899b9dcd10
Event: 10.825 Thread 0x000001893b48dd10 Thread added: 0x000001899b9dd3a0
Event: 10.826 Thread 0x000001893b48dd10 Thread added: 0x000001899b9dda30
Event: 10.827 Thread 0x000001893b48dd10 Thread added: 0x000001899b9df470
Event: 10.827 Thread 0x000001893b48dd10 Thread added: 0x000001899b9de0c0
Event: 10.828 Thread 0x000001893b48dd10 Thread added: 0x000001899b9dbff0
Event: 10.828 Thread 0x000001893b48dd10 Thread added: 0x000001899b9dede0
Event: 10.872 Thread 0x000001893b48dd10 Thread added: 0x000001899b9e0190
Event: 12.446 Thread 0x000001893b48dd10 Thread added: 0x000001899b9e0820
Event: 12.446 Thread 0x000001893b48dd10 Thread added: 0x000001899b9e0eb0


Dynamic libraries:
0x00007ff65a6b0000 - 0x00007ff65a6be000 	c:\Users\Dorian\.vscode\extensions\redhat.java-1.47.0-win32-x64\jre\21.0.8-win32-x86_64\bin\java.exe
0x00007fff5cf80000 - 0x00007fff5d1e8000 	C:\WINDOWS\SYSTEM32\ntdll.dll
0x00007fff5b000000 - 0x00007fff5b0c9000 	C:\WINDOWS\System32\KERNEL32.DLL
0x00007fff5a920000 - 0x00007fff5ad18000 	C:\WINDOWS\System32\KERNELBASE.dll
0x00007fff5a3d0000 - 0x00007fff5a51b000 	C:\WINDOWS\System32\ucrtbase.dll
0x00007fff4ff70000 - 0x00007fff4ff8e000 	c:\Users\Dorian\.vscode\extensions\redhat.java-1.47.0-win32-x64\jre\21.0.8-win32-x86_64\bin\VCRUNTIME140.dll
0x00007fff48910000 - 0x00007fff48928000 	c:\Users\Dorian\.vscode\extensions\redhat.java-1.47.0-win32-x64\jre\21.0.8-win32-x86_64\bin\jli.dll
0x00007fff436f0000 - 0x00007fff43984000 	C:\WINDOWS\WinSxS\amd64_microsoft.windows.common-controls_6595b64144ccf1df_6.0.26100.7019_none_3e06ffa0e335b8a8\COMCTL32.dll
0x00007fff5c990000 - 0x00007fff5ca39000 	C:\WINDOWS\System32\msvcrt.dll
0x00007fff5cc70000 - 0x00007fff5ce37000 	C:\WINDOWS\System32\USER32.dll
0x00007fff5c200000 - 0x00007fff5c22b000 	C:\WINDOWS\System32\GDI32.dll
0x00007fff5a0d0000 - 0x00007fff5a0f7000 	C:\WINDOWS\System32\win32u.dll
0x00007fff5a7f0000 - 0x00007fff5a91c000 	C:\WINDOWS\System32\gdi32full.dll
0x00007fff5a270000 - 0x00007fff5a313000 	C:\WINDOWS\System32\msvcp_win.dll
0x00007fff5afc0000 - 0x00007fff5aff1000 	C:\WINDOWS\System32\IMM32.DLL
0x00007fff50230000 - 0x00007fff5023c000 	c:\Users\Dorian\.vscode\extensions\redhat.java-1.47.0-win32-x64\jre\21.0.8-win32-x86_64\bin\vcruntime140_1.dll
0x00007fff2f3f0000 - 0x00007fff2f47d000 	c:\Users\Dorian\.vscode\extensions\redhat.java-1.47.0-win32-x64\jre\21.0.8-win32-x86_64\bin\msvcp140.dll
0x00007ffee09b0000 - 0x00007ffee1747000 	c:\Users\Dorian\.vscode\extensions\redhat.java-1.47.0-win32-x64\jre\21.0.8-win32-x86_64\bin\server\jvm.dll
0x00007fff5cb00000 - 0x00007fff5cbb4000 	C:\WINDOWS\System32\ADVAPI32.dll
0x00007fff5ca40000 - 0x00007fff5cae6000 	C:\WINDOWS\System32\sechost.dll
0x00007fff5beb0000 - 0x00007fff5bfc8000 	C:\WINDOWS\System32\RPCRT4.dll
0x00007fff5ad20000 - 0x00007fff5ad94000 	C:\WINDOWS\System32\WS2_32.dll
0x00007fff59f50000 - 0x00007fff59fae000 	C:\WINDOWS\SYSTEM32\POWRPROF.dll
0x00007fff439a0000 - 0x00007fff439d5000 	C:\WINDOWS\SYSTEM32\WINMM.dll
0x00007fff48ba0000 - 0x00007fff48bab000 	C:\WINDOWS\SYSTEM32\VERSION.dll
0x00007fff59f30000 - 0x00007fff59f44000 	C:\WINDOWS\SYSTEM32\UMPDC.dll
0x00007fff58e90000 - 0x00007fff58eab000 	C:\WINDOWS\SYSTEM32\kernel.appcore.dll
0x00007fff50080000 - 0x00007fff5008a000 	c:\Users\Dorian\.vscode\extensions\redhat.java-1.47.0-win32-x64\jre\21.0.8-win32-x86_64\bin\jimage.dll
0x00007fff57a00000 - 0x00007fff57c42000 	C:\WINDOWS\SYSTEM32\DBGHELP.DLL
0x00007fff5b1c0000 - 0x00007fff5b54b000 	C:\WINDOWS\System32\combase.dll
0x00007fff5bdb0000 - 0x00007fff5be87000 	C:\WINDOWS\System32\OLEAUT32.dll
0x00007fff41f80000 - 0x00007fff41fbc000 	C:\WINDOWS\SYSTEM32\dbgcore.DLL
0x00007fff5a320000 - 0x00007fff5a3c5000 	C:\WINDOWS\System32\bcryptPrimitives.dll
0x00007fff4dd20000 - 0x00007fff4dd2f000 	c:\Users\Dorian\.vscode\extensions\redhat.java-1.47.0-win32-x64\jre\21.0.8-win32-x86_64\bin\instrument.dll
0x00007fff47f70000 - 0x00007fff47f8f000 	c:\Users\Dorian\.vscode\extensions\redhat.java-1.47.0-win32-x64\jre\21.0.8-win32-x86_64\bin\java.dll
0x00007fff5c230000 - 0x00007fff5c981000 	C:\WINDOWS\System32\SHELL32.dll
0x00007fff5a100000 - 0x00007fff5a26b000 	C:\WINDOWS\System32\wintypes.dll
0x00007fff57d30000 - 0x00007fff5858d000 	C:\WINDOWS\SYSTEM32\windows.storage.dll
0x00007fff5ce40000 - 0x00007fff5cf32000 	C:\WINDOWS\System32\SHCORE.dll
0x00007fff5b150000 - 0x00007fff5b1b7000 	C:\WINDOWS\System32\shlwapi.dll
0x00007fff59ff0000 - 0x00007fff5a019000 	C:\WINDOWS\SYSTEM32\profapi.dll
0x00007fff50090000 - 0x00007fff500a8000 	c:\Users\Dorian\.vscode\extensions\redhat.java-1.47.0-win32-x64\jre\21.0.8-win32-x86_64\bin\zip.dll
0x00007fff4b090000 - 0x00007fff4b0a0000 	C:\Users\Dorian\.vscode\extensions\redhat.java-1.47.0-win32-x64\jre\21.0.8-win32-x86_64\bin\net.dll
0x00007fff4de50000 - 0x00007fff4df78000 	C:\WINDOWS\SYSTEM32\WINHTTP.dll
0x00007fff59400000 - 0x00007fff5946b000 	C:\WINDOWS\system32\mswsock.dll
0x00007fff37ce0000 - 0x00007fff37cf6000 	C:\Users\Dorian\.vscode\extensions\redhat.java-1.47.0-win32-x64\jre\21.0.8-win32-x86_64\bin\nio.dll
0x00007fff4acd0000 - 0x00007fff4ace0000 	c:\Users\Dorian\.vscode\extensions\redhat.java-1.47.0-win32-x64\jre\21.0.8-win32-x86_64\bin\verify.dll
0x00007fff369f0000 - 0x00007fff36a34000 	C:\Users\Dorian\AppData\Roaming\Code\User\globalStorage\redhat.java\1.47.0\config_win\org.eclipse.equinox.launcher\org.eclipse.equinox.launcher.win32.win32.x86_64_1.2.1400.v20250801-0854\eclipse_11916.dll
0x00007fff5c060000 - 0x00007fff5c1f7000 	C:\WINDOWS\System32\ole32.dll
0x00007fff596c0000 - 0x00007fff596db000 	C:\WINDOWS\SYSTEM32\CRYPTSP.dll
0x00007fff58df0000 - 0x00007fff58e2a000 	C:\WINDOWS\system32\rsaenh.dll
0x00007fff594b0000 - 0x00007fff594db000 	C:\WINDOWS\SYSTEM32\USERENV.dll
0x00007fff59fc0000 - 0x00007fff59fea000 	C:\WINDOWS\SYSTEM32\bcrypt.dll
0x00007fff596e0000 - 0x00007fff596ec000 	C:\WINDOWS\SYSTEM32\CRYPTBASE.dll
0x00007fff588a0000 - 0x00007fff588d4000 	C:\WINDOWS\SYSTEM32\IPHLPAPI.DLL
0x00007fff5caf0000 - 0x00007fff5cafa000 	C:\WINDOWS\System32\NSI.dll
0x00007fff36950000 - 0x00007fff36999000 	C:\Users\Dorian\AppData\Local\Temp\jna-2052793295\jna4272679075390567564.dll
0x00007fff5adb0000 - 0x00007fff5adb8000 	C:\WINDOWS\System32\PSAPI.DLL
0x00007fff4e080000 - 0x00007fff4e09e000 	C:\WINDOWS\SYSTEM32\dhcpcsvc6.DLL
0x00007fff4ab80000 - 0x00007fff4aba3000 	C:\WINDOWS\SYSTEM32\dhcpcsvc.DLL

JVMTI agents:
c:\Users\Dorian\.vscode\extensions\redhat.java-1.47.0-win32-x64\lombok\lombok-1.18.39-4050.jar path:c:\Users\Dorian\.vscode\extensions\redhat.java-1.47.0-win32-x64\jre\21.0.8-win32-x86_64\bin\instrument.dll, loaded, initialized, instrumentlib options:none

dbghelp: loaded successfully - version: 4.0.5 - missing functions: none
symbol engine: initialized successfully - sym options: 0x614 - pdb path: .;c:\Users\Dorian\.vscode\extensions\redhat.java-1.47.0-win32-x64\jre\21.0.8-win32-x86_64\bin;C:\WINDOWS\SYSTEM32;C:\WINDOWS\WinSxS\amd64_microsoft.windows.common-controls_6595b64144ccf1df_6.0.26100.7019_none_3e06ffa0e335b8a8;c:\Users\Dorian\.vscode\extensions\redhat.java-1.47.0-win32-x64\jre\21.0.8-win32-x86_64\bin\server;C:\Users\Dorian\AppData\Roaming\Code\User\globalStorage\redhat.java\1.47.0\config_win\org.eclipse.equinox.launcher\org.eclipse.equinox.launcher.win32.win32.x86_64_1.2.1400.v20250801-0854;C:\Users\Dorian\AppData\Local\Temp\jna-2052793295

VM Arguments:
jvm_args: --add-modules=ALL-SYSTEM --add-opens=java.base/java.util=ALL-UNNAMED --add-opens=java.base/java.lang=ALL-UNNAMED --add-opens=java.base/sun.nio.fs=ALL-UNNAMED -Declipse.application=org.eclipse.jdt.ls.core.id1 -Dosgi.bundles.defaultStartLevel=4 -Declipse.product=org.eclipse.jdt.ls.core.product -Djava.import.generatesMetadataFilesAtProjectRoot=false -DDetectVMInstallationsJob.disabled=true -Dfile.encoding=utf8 -XX:+UseParallelGC -XX:GCTimeRatio=4 -XX:AdaptiveSizePolicyWeight=90 -Dsun.zip.disableMemoryMapping=true -Xmx2G -Xms100m -Xlog:disable -javaagent:c:\Users\Dorian\.vscode\extensions\redhat.java-1.47.0-win32-x64\lombok\lombok-1.18.39-4050.jar -XX:+HeapDumpOnOutOfMemoryError -XX:HeapDumpPath=c:\Users\Dorian\AppData\Roaming\Code\User\workspaceStorage\2e54c20b31e2f00811d0ee3cb5a815c0\redhat.java -Daether.dependencyCollector.impl=bf 
java_command: c:\Users\Dorian\.vscode\extensions\redhat.java-1.47.0-win32-x64\server\plugins\org.eclipse.equinox.launcher_1.7.100.v20251014-1222.jar -configuration c:\Users\Dorian\AppData\Roaming\Code\User\globalStorage\redhat.java\1.47.0\config_win -data c:\Users\Dorian\AppData\Roaming\Code\User\workspaceStorage\2e54c20b31e2f00811d0ee3cb5a815c0\redhat.java\jdt_ws --pipe=\\.\pipe\lsp-edbb191387237921b6be562d139a4376-sock
java_class_path (initial): c:\Users\Dorian\.vscode\extensions\redhat.java-1.47.0-win32-x64\server\plugins\org.eclipse.equinox.launcher_1.7.100.v20251014-1222.jar
Launcher Type: SUN_STANDARD

[Global flags]
    uintx AdaptiveSizePolicyWeight                 = 90                                        {product} {command line}
     intx CICompilerCount                          = 4                                         {product} {ergonomic}
    uintx GCTimeRatio                              = 4                                         {product} {command line}
     bool HeapDumpOnOutOfMemoryError               = true                                   {manageable} {command line}
    ccstr HeapDumpPath                             = c:\Users\Dorian\AppData\Roaming\Code\User\workspaceStorage\2e54c20b31e2f00811d0ee3cb5a815c0\redhat.java         {manageable} {command line}
   size_t InitialHeapSize                          = 104857600                                 {product} {command line}
   size_t MaxHeapSize                              = 2147483648                                {product} {command line}
   size_t MaxNewSize                               = 715653120                                 {product} {ergonomic}
   size_t MinHeapDeltaBytes                        = 524288                                    {product} {ergonomic}
   size_t MinHeapSize                              = 104857600                                 {product} {command line}
   size_t NewSize                                  = 34603008                                  {product} {ergonomic}
    uintx NonNMethodCodeHeapSize                   = 5839372                                {pd product} {ergonomic}
    uintx NonProfiledCodeHeapSize                  = 122909434                              {pd product} {ergonomic}
   size_t OldSize                                  = 70254592                                  {product} {ergonomic}
    uintx ProfiledCodeHeapSize                     = 122909434                              {pd product} {ergonomic}
    uintx ReservedCodeCacheSize                    = 251658240                              {pd product} {ergonomic}
     bool SegmentedCodeCache                       = true                                      {product} {ergonomic}
   size_t SoftMaxHeapSize                          = 2147483648                             {manageable} {ergonomic}
     bool UseCompressedOops                        = true                           {product lp64_product} {ergonomic}
     bool UseLargePagesIndividualAllocation        = false                                  {pd product} {ergonomic}
     bool UseParallelGC                            = true                                      {product} {command line}

Logging:
Log output configuration:
 #0: stdout all=off uptime,level,tags foldmultilines=false
 #1: stderr all=off uptime,level,tags foldmultilines=false

Environment Variables:
JAVA_HOME=C:\Program Files\Java\jdk-1.8
PATH=C:\Program Files (x86)\Common Files\Oracle\Java\java8path;C:\Program Files (x86)\Common Files\Oracle\Java\javapath;C:\WINDOWS\system32;C:\WINDOWS;C:\WINDOWS\System32\Wbem;C:\WINDOWS\System32\WindowsPowerShell\v1.0\;C:\WINDOWS\System32\OpenSSH\;C:\Program Files\Microsoft SQL Server\Client SDK\ODBC\170\Tools\Binn\;C:\Program Files (x86)\Microsoft SQL Server\150\Tools\Binn\;C:\Program Files\Microsoft SQL Server\150\Tools\Binn\;C:\Program Files\Microsoft SQL Server\150\DTS\Binn\;C:\Program Files\Azure Data Studio\bin;C:\Program Files\Microsoft SQL Server\120\Tools\Binn\;C:\Program Files\Microsoft SQL Server\130\Tools\Binn\;C:\Program Files (x86)\QuickTime\QTSystem\;C:\Program Files\Git\cmd;C:\Program Files\dotnet\;C:\Program Files\nodejs\;C:\ProgramData\chocolatey\bin;C:\Users\Dorian\AppData\Local\Microsoft\WindowsApps;C:\Program Files\Azure Data Studio\bin;C:\Program Files\MySQL\MySQL Server 5.7\bin;C:\Program Files\apache-maven-3.9.9\bin;C:\Program Files\Java\jdk-1.8\bin;;D:\IntelliJ IDEA Community Edition 2025.1.1.1\bin;;C:\Users\Dorian\.dotnet\tools;C:\Users\Dorian\AppData\Local\Programs\Microsoft VS Code\bin;C:\Users\Dorian\AppData\Roaming\npm
USERNAME=Dorian
OS=Windows_NT
PROCESSOR_IDENTIFIER=Intel64 Family 6 Model 142 Stepping 10, GenuineIntel
TMP=C:\Users\Dorian\AppData\Local\Temp
TEMP=C:\Users\Dorian\AppData\Local\Temp




Periodic native trim disabled

---------------  S Y S T E M  ---------------

OS:
 Windows 11 , 64 bit Build 26100 (10.0.26100.7019)
OS uptime: 4 days 11:18 hours

CPU: total 8 (initial active 8) (4 cores per cpu, 2 threads per core) family 6 model 142 stepping 10 microcode 0xf6, cx8, cmov, fxsr, ht, mmx, 3dnowpref, sse, sse2, sse3, ssse3, sse4.1, sse4.2, popcnt, lzcnt, tsc, tscinvbit, avx, avx2, aes, erms, clmul, bmi1, bmi2, adx, fma, vzeroupper, clflush, clflushopt, rdtscp, f16c
Processor Information for the first 8 processors :
  Max Mhz: 1992, Current Mhz: 1792, Mhz Limit: 1792

Memory: 4k page, system-wide physical 7555M (940M free)
TotalPageFile size 11651M (AvailPageFile size 1M)
current process WorkingSet (physical memory assigned to process): 198M, peak: 198M
current process commit charge ("private bytes"): 319M, peak: 320M

vm_info: OpenJDK 64-Bit Server VM (21.0.8+9-LTS) for windows-amd64 JRE (21.0.8+9-LTS), built on 2025-07-15T00:00:00Z by "admin" with MS VC++ 17.7 (VS2022)

END.
