#
# There is insufficient memory for the Java Runtime Environment to continue.
# Native memory allocation (malloc) failed to allocate 1817040 bytes. Error detail: Chunk::new
# Possible reasons:
#   The system is out of physical RAM or swap space
#   This process is running with CompressedOops enabled, and the Java Heap may be blocking the growth of the native heap
# Possible solutions:
#   Reduce memory load on the system
#   Increase physical memory or swap space
#   Check if swap backing store is full
#   Decrease Java heap size (-Xmx/-Xms)
#   Decrease number of Java threads
#   Decrease Java thread stack sizes (-Xss)
#   Set larger code cache with -XX:ReservedCodeCacheSize=
#   JVM is running with Unscaled Compressed Oops mode in which the Java heap is
#     placed in the first 4GB address space. The Java Heap base address is the
#     maximum limit for the native heap growth. Please use -XX:HeapBaseMinAddress
#     to set the Java Heap base and to place the Java Heap above 4GB virtual address.
# This output file may be truncated or incomplete.
#
#  Out of Memory Error (arena.cpp:168), pid=14288, tid=14084
#
# JRE version: OpenJDK Runtime Environment Temurin-21.0.8+9 (21.0.8+9) (build 21.0.8+9-LTS)
# Java VM: OpenJDK 64-Bit Server VM Temurin-21.0.8+9 (21.0.8+9-LTS, mixed mode, sharing, tiered, compressed oops, compressed class ptrs, parallel gc, windows-amd64)
# No core dump will be written. Minidumps are not enabled by default on client versions of Windows
#

---------------  S U M M A R Y ------------

Command Line: --add-modules=ALL-SYSTEM --add-opens=java.base/java.util=ALL-UNNAMED --add-opens=java.base/java.lang=ALL-UNNAMED --add-opens=java.base/sun.nio.fs=ALL-UNNAMED -Declipse.application=org.eclipse.jdt.ls.core.id1 -Dosgi.bundles.defaultStartLevel=4 -Declipse.product=org.eclipse.jdt.ls.core.product -Djava.import.generatesMetadataFilesAtProjectRoot=false -DDetectVMInstallationsJob.disabled=true -Dfile.encoding=utf8 -XX:+UseParallelGC -XX:GCTimeRatio=4 -XX:AdaptiveSizePolicyWeight=90 -Dsun.zip.disableMemoryMapping=true -Xmx2G -Xms100m -Xlog:disable -javaagent:c:\Users\Dorian\.vscode\extensions\redhat.java-1.47.0-win32-x64\lombok\lombok-1.18.39-4050.jar -XX:+HeapDumpOnOutOfMemoryError -XX:HeapDumpPath=c:\Users\Dorian\AppData\Roaming\Code\User\workspaceStorage\2e54c20b31e2f00811d0ee3cb5a815c0\redhat.java -Daether.dependencyCollector.impl=bf c:\Users\Dorian\.vscode\extensions\redhat.java-1.47.0-win32-x64\server\plugins\org.eclipse.equinox.launcher_1.7.100.v20251014-1222.jar -configuration c:\Users\Dorian\AppData\Roaming\Code\User\globalStorage\redhat.java\1.47.0\config_win -data c:\Users\Dorian\AppData\Roaming\Code\User\workspaceStorage\2e54c20b31e2f00811d0ee3cb5a815c0\redhat.java\jdt_ws --pipe=\\.\pipe\lsp-54c668f7c2760183ba87227caf2d17ca-sock

Host: Intel(R) Core(TM) i7-8550U CPU @ 1.80GHz, 8 cores, 7G,  Windows 11 , 64 bit Build 26100 (10.0.26100.7019)
Time: Tue Nov  4 13:38:07 2025 E. Africa Standard Time elapsed time: 12.241716 seconds (0d 0h 0m 12s)

---------------  T H R E A D  ---------------

Current thread (0x000002109d0cad80):  JavaThread "C2 CompilerThread0" daemon [_thread_in_native, id=14084, stack(0x000000d3c8500000,0x000000d3c8600000) (1024K)]


Current CompileTask:
C2:12241 3997   !   4       org.eclipse.osgi.internal.loader.classpath.ClasspathManager::findClassImpl (328 bytes)

Stack: [0x000000d3c8500000,0x000000d3c8600000]
Native frames: (J=compiled Java code, j=interpreted, Vv=VM code, C=native code)
V  [jvm.dll+0x6d2449]
V  [jvm.dll+0x8ae341]
V  [jvm.dll+0x8b08be]
V  [jvm.dll+0x8b0fa3]
V  [jvm.dll+0x280c96]
V  [jvm.dll+0xc581d]
V  [jvm.dll+0xc5d53]
V  [jvm.dll+0x3b919c]
V  [jvm.dll+0x385315]
V  [jvm.dll+0x38477a]
V  [jvm.dll+0x248ed0]
V  [jvm.dll+0x2484af]
V  [jvm.dll+0x1c89ee]
V  [jvm.dll+0x257d4d]
V  [jvm.dll+0x2562ea]
V  [jvm.dll+0x3f2d16]
V  [jvm.dll+0x857e6b]
V  [jvm.dll+0x6d0b0d]
C  [ucrtbase.dll+0x37b0]
C  [KERNEL32.DLL+0x2e8d7]
C  [ntdll.dll+0x8c53c]


---------------  P R O C E S S  ---------------

Threads class SMR info:
_java_thread_list=0x00000210fb0a1fa0, length=23, elements={
0x000002109d14e380, 0x000002109d20b870, 0x000002109d20e550, 0x000002109d0c4d00,
0x000002109d0c7570, 0x000002109d0c9ce0, 0x000002109d0ca340, 0x000002109d0cad80,
0x000002109d0fd9f0, 0x000002109d1bb0d0, 0x00000210f667e530, 0x00000210fbb8e950,
0x00000210fb7248b0, 0x00000210fb8f8fc0, 0x00000210fb950b30, 0x00000210fbb586f0,
0x00000210fbb2dd00, 0x00000210fbf661f0, 0x00000210fbf675a0, 0x00000210fbf66880,
0x00000210fbf66f10, 0x00000210fbf654d0, 0x00000210fc1f58d0
}

Java Threads: ( => current thread )
  0x000002109d14e380 JavaThread "main"                              [_thread_blocked, id=7728, stack(0x000000d3c7b00000,0x000000d3c7c00000) (1024K)]
  0x000002109d20b870 JavaThread "Reference Handler"          daemon [_thread_blocked, id=12536, stack(0x000000d3c7f00000,0x000000d3c8000000) (1024K)]
  0x000002109d20e550 JavaThread "Finalizer"                  daemon [_thread_blocked, id=4480, stack(0x000000d3c8000000,0x000000d3c8100000) (1024K)]
  0x000002109d0c4d00 JavaThread "Signal Dispatcher"          daemon [_thread_blocked, id=16464, stack(0x000000d3c8100000,0x000000d3c8200000) (1024K)]
  0x000002109d0c7570 JavaThread "Attach Listener"            daemon [_thread_blocked, id=16592, stack(0x000000d3c8200000,0x000000d3c8300000) (1024K)]
  0x000002109d0c9ce0 JavaThread "Service Thread"             daemon [_thread_blocked, id=19808, stack(0x000000d3c8300000,0x000000d3c8400000) (1024K)]
  0x000002109d0ca340 JavaThread "Monitor Deflation Thread"   daemon [_thread_blocked, id=14988, stack(0x000000d3c8400000,0x000000d3c8500000) (1024K)]
=>0x000002109d0cad80 JavaThread "C2 CompilerThread0"         daemon [_thread_in_native, id=14084, stack(0x000000d3c8500000,0x000000d3c8600000) (1024K)]
  0x000002109d0fd9f0 JavaThread "C1 CompilerThread0"         daemon [_thread_blocked, id=21008, stack(0x000000d3c8600000,0x000000d3c8700000) (1024K)]
  0x000002109d1bb0d0 JavaThread "Common-Cleaner"             daemon [_thread_blocked, id=13072, stack(0x000000d3c8700000,0x000000d3c8800000) (1024K)]
  0x00000210f667e530 JavaThread "Notification Thread"        daemon [_thread_blocked, id=788, stack(0x000000d3c8800000,0x000000d3c8900000) (1024K)]
  0x00000210fbb8e950 JavaThread "Active Thread: Equinox Container: 171daed4-d856-42a3-89dd-36e16e969008"        [_thread_blocked, id=20644, stack(0x000000d3c9100000,0x000000d3c9200000) (1024K)]
  0x00000210fb7248b0 JavaThread "Refresh Thread: Equinox Container: 171daed4-d856-42a3-89dd-36e16e969008" daemon [_thread_blocked, id=14036, stack(0x000000d3c9300000,0x000000d3c9400000) (1024K)]
  0x00000210fb8f8fc0 JavaThread "Framework Event Dispatcher: Equinox Container: 171daed4-d856-42a3-89dd-36e16e969008" daemon [_thread_blocked, id=3228, stack(0x000000d3c9400000,0x000000d3c9500000) (1024K)]
  0x00000210fb950b30 JavaThread "Start Level: Equinox Container: 171daed4-d856-42a3-89dd-36e16e969008" daemon [_thread_blocked, id=16244, stack(0x000000d3c9500000,0x000000d3c9600000) (1024K)]
  0x00000210fbb586f0 JavaThread "Bundle File Closer"         daemon [_thread_blocked, id=692, stack(0x000000d3c9600000,0x000000d3c9700000) (1024K)]
  0x00000210fbb2dd00 JavaThread "SCR Component Actor"        daemon [_thread_blocked, id=21276, stack(0x000000d3c8a00000,0x000000d3c8b00000) (1024K)]
  0x00000210fbf661f0 JavaThread "Worker-JM"                         [_thread_blocked, id=9212, stack(0x000000d3c9700000,0x000000d3c9800000) (1024K)]
  0x00000210fbf675a0 JavaThread "JNA Cleaner"                daemon [_thread_blocked, id=5280, stack(0x000000d3c8900000,0x000000d3c8a00000) (1024K)]
  0x00000210fbf66880 JavaThread "Worker-0"                          [_thread_blocked, id=764, stack(0x000000d3c9800000,0x000000d3c9900000) (1024K)]
  0x00000210fbf66f10 JavaThread "Worker-1: Repository registry initialization"        [_thread_blocked, id=10840, stack(0x000000d3c9900000,0x000000d3c9a00000) (1024K)]
  0x00000210fbf654d0 JavaThread "Worker-2"                          [_thread_blocked, id=18048, stack(0x000000d3c9a00000,0x000000d3c9b00000) (1024K)]
  0x00000210fc1f58d0 JavaThread "C2 CompilerThread1"         daemon [_thread_blocked, id=8336, stack(0x000000d3c9b00000,0x000000d3c9c00000) (1024K)]
Total: 23

Other Threads:
  0x000002109d1f1840 VMThread "VM Thread"                           [id=13100, stack(0x000000d3c7e00000,0x000000d3c7f00000) (1024K)]
  0x000002109cfdca00 WatcherThread "VM Periodic Task Thread"        [id=14204, stack(0x000000d3c7d00000,0x000000d3c7e00000) (1024K)]
  0x000002109d16b510 WorkerThread "GC Thread#0"                     [id=14832, stack(0x000000d3c7c00000,0x000000d3c7d00000) (1024K)]
  0x00000210fb5516a0 WorkerThread "GC Thread#1"                     [id=3124, stack(0x000000d3c8b00000,0x000000d3c8c00000) (1024K)]
  0x00000210fb513510 WorkerThread "GC Thread#2"                     [id=11560, stack(0x000000d3c8c00000,0x000000d3c8d00000) (1024K)]
  0x00000210fb5138b0 WorkerThread "GC Thread#3"                     [id=14616, stack(0x000000d3c8d00000,0x000000d3c8e00000) (1024K)]
  0x00000210fb513c50 WorkerThread "GC Thread#4"                     [id=17312, stack(0x000000d3c8e00000,0x000000d3c8f00000) (1024K)]
  0x00000210fb513ff0 WorkerThread "GC Thread#5"                     [id=18640, stack(0x000000d3c8f00000,0x000000d3c9000000) (1024K)]
  0x00000210fb3fba00 WorkerThread "GC Thread#6"                     [id=15356, stack(0x000000d3c9000000,0x000000d3c9100000) (1024K)]
  0x00000210fb6bb7a0 WorkerThread "GC Thread#7"                     [id=10868, stack(0x000000d3c9200000,0x000000d3c9300000) (1024K)]
Total: 10

Threads with active compile tasks:
C2 CompilerThread0  12279 3997   !   4       org.eclipse.osgi.internal.loader.classpath.ClasspathManager::findClassImpl (328 bytes)
C1 CompilerThread0  12279 4071       3       org.eclipse.core.internal.preferences.EclipsePreferences::absolutePath (79 bytes)
Total: 2

VM state: at safepoint (normal execution)

VM Mutex/Monitor currently owned by a thread:  ([mutex/lock_event])
[0x00007ffedb465458] Threads_lock - owner thread: 0x000002109d1f1840
[0x00007ffedb465558] Heap_lock - owner thread: 0x00000210fb950b30

Heap address: 0x0000000080000000, size: 2048 MB, Compressed Oops mode: 32-bit

CDS archive(s) mapped at: [0x00000210b4000000-0x00000210b4ba0000-0x00000210b4ba0000), size 12189696, SharedBaseAddress: 0x00000210b4000000, ArchiveRelocationMode: 1.
Compressed class space mapped at: 0x00000210b5000000-0x00000210f5000000, reserved size: 1073741824
Narrow klass base: 0x00000210b4000000, Narrow klass shift: 0, Narrow klass range: 0x100000000

GC Precious Log:
 CardTable entry size: 512
 CPUs: 8 total, 8 available
 Memory: 7555M
 Large Page Support: Disabled
 NUMA Support: Disabled
 Compressed Oops: Enabled (32-bit)
 Alignments: Space 512K, Generation 512K, Heap 2M
 Heap Min Capacity: 100M
 Heap Initial Capacity: 100M
 Heap Max Capacity: 2G
 Pre-touch: Disabled
 Parallel Workers: 8

Heap:
 PSYoungGen      total 25088K, used 1531K [0x00000000d5580000, 0x00000000d7300000, 0x0000000100000000)
  eden space 23552K, 0% used [0x00000000d5580000,0x00000000d5580000,0x00000000d6c80000)
  from space 1536K, 99% used [0x00000000d7180000,0x00000000d72feda0,0x00000000d7300000)
  to   space 2560K, 0% used [0x00000000d6e80000,0x00000000d6e80000,0x00000000d7100000)
 ParOldGen       total 68608K, used 14365K [0x0000000080000000, 0x0000000084300000, 0x00000000d5580000)
  object space 68608K, 20% used [0x0000000080000000,0x0000000080e074d8,0x0000000084300000)
 Metaspace       used 28511K, committed 29504K, reserved 1114112K
  class space    used 2927K, committed 3328K, reserved 1048576K

Card table byte_map: [0x000002109caf0000,0x000002109cf00000] _byte_map_base: 0x000002109c6f0000

Marking Bits: (ParMarkBitMap*) 0x00007ffedb46a340
 Begin Bits: [0x00000210af5f0000, 0x00000210b15f0000)
 End Bits:   [0x00000210b15f0000, 0x00000210b35f0000)

Polling page: 0x000002109af00000

Metaspace:

Usage:
  Non-class:     24.98 MB used.
      Class:      2.86 MB used.
       Both:     27.84 MB used.

Virtual space:
  Non-class space:       64.00 MB reserved,      25.56 MB ( 40%) committed,  1 nodes.
      Class space:        1.00 GB reserved,       3.25 MB ( <1%) committed,  1 nodes.
             Both:        1.06 GB reserved,      28.81 MB (  3%) committed. 

Chunk freelists:
   Non-Class:  5.53 MB
       Class:  12.69 MB
        Both:  18.22 MB

MaxMetaspaceSize: unlimited
CompressedClassSpaceSize: 1.00 GB
Initial GC threshold: 21.00 MB
Current GC threshold: 35.00 MB
CDS: on
 - commit_granule_bytes: 65536.
 - commit_granule_words: 8192.
 - virtual_space_node_default_size: 8388608.
 - enlarge_chunks_in_place: 1.
 - use_allocation_guard: 0.


Internal statistics:

num_allocs_failed_limit: 3.
num_arena_births: 820.
num_arena_deaths: 14.
num_vsnodes_births: 2.
num_vsnodes_deaths: 0.
num_space_committed: 461.
num_space_uncommitted: 0.
num_chunks_returned_to_freelist: 17.
num_chunks_taken_from_freelist: 2071.
num_chunk_merges: 8.
num_chunk_splits: 1269.
num_chunks_enlarged: 723.
num_inconsistent_stats: 0.

CodeHeap 'non-profiled nmethods': size=120000Kb used=1860Kb max_used=1860Kb free=118139Kb
 bounds [0x00000210a7e10000, 0x00000210a8080000, 0x00000210af340000]
CodeHeap 'profiled nmethods': size=120000Kb used=8352Kb max_used=8352Kb free=111647Kb
 bounds [0x00000210a0340000, 0x00000210a0b70000, 0x00000210a7870000]
CodeHeap 'non-nmethods': size=5760Kb used=1334Kb max_used=1362Kb free=4425Kb
 bounds [0x00000210a7870000, 0x00000210a7ae0000, 0x00000210a7e10000]
CodeCache: size=245760Kb, used=11546Kb, max_used=11574Kb, free=234211Kb
 total_blobs=4691, nmethods=4067, adapters=530, full_count=0
Compilation: enabled, stopped_count=0, restarted_count=0

Compilation events (20 events):
Event: 11.237 Thread 0x000002109d0fd9f0 nmethod 4060 0x00000210a0b61590 code [0x00000210a0b61740, 0x00000210a0b618c0]
Event: 11.237 Thread 0x000002109d0fd9f0 4062   !   3       org.eclipse.core.internal.preferences.EclipsePreferences::internalPut (87 bytes)
Event: 11.237 Thread 0x000002109d0fd9f0 nmethod 4062 0x00000210a0b61990 code [0x00000210a0b61be0, 0x00000210a0b62480]
Event: 11.237 Thread 0x000002109d0fd9f0 4064       3       org.eclipse.core.internal.preferences.ImmutableMap$ArrayMap::put (138 bytes)
Event: 11.238 Thread 0x000002109d0fd9f0 nmethod 4064 0x00000210a0b62a10 code [0x00000210a0b62c40, 0x00000210a0b63270]
Event: 11.238 Thread 0x000002109d0fd9f0 4068       3       org.eclipse.core.internal.preferences.EclipsePreferences::makeDirty (30 bytes)
Event: 11.238 Thread 0x000002109d0fd9f0 nmethod 4068 0x00000210a0b63590 code [0x00000210a0b63780, 0x00000210a0b63d38]
Event: 11.238 Thread 0x000002109d0fd9f0 4065       3       org.eclipse.core.runtime.ListenerList::iterator (12 bytes)
Event: 11.238 Thread 0x000002109d0fd9f0 nmethod 4065 0x00000210a0b63f90 code [0x00000210a0b64140, 0x00000210a0b64388]
Event: 11.238 Thread 0x000002109d0fd9f0 4066       3       org.eclipse.core.runtime.ListenerList$ListenerListIterator::<init> (10 bytes)
Event: 11.239 Thread 0x000002109d0fd9f0 nmethod 4066 0x00000210a0b64490 code [0x00000210a0b64640, 0x00000210a0b647c8]
Event: 11.239 Thread 0x000002109d0fd9f0 4067       3       org.eclipse.core.internal.preferences.EclipsePreferences::put (43 bytes)
Event: 11.239 Thread 0x000002109d0fd9f0 nmethod 4067 0x00000210a0b64890 code [0x00000210a0b64ae0, 0x00000210a0b65520]
Event: 11.239 Thread 0x000002109d0fd9f0 4069       3       org.eclipse.core.internal.preferences.EclipsePreferences::firePreferenceEvent (60 bytes)
Event: 11.240 Thread 0x000002109d0fd9f0 nmethod 4069 0x00000210a0b65890 code [0x00000210a0b65be0, 0x00000210a0b66e48]
Event: 11.240 Thread 0x000002109d0fd9f0 4070       3       org.eclipse.core.runtime.preferences.IEclipsePreferences$PreferenceChangeEvent::<init> (41 bytes)
Event: 11.242 Thread 0x000002109d0fd9f0 nmethod 4070 0x00000210a0b67590 code [0x00000210a0b67780, 0x00000210a0b67cf0]
Event: 11.242 Thread 0x000002109d0fd9f0 4074       3       org.eclipse.core.internal.preferences.RootPreferences::node (7 bytes)
Event: 11.242 Thread 0x000002109d0fd9f0 nmethod 4074 0x00000210a0b67e90 code [0x00000210a0b68040, 0x00000210a0b68188]
Event: 11.242 Thread 0x000002109d0fd9f0 4071       3       org.eclipse.core.internal.preferences.EclipsePreferences::absolutePath (79 bytes)

GC Heap History (20 events):
Event: 2.046 GC heap after
{Heap after GC invocations=1 (full 0):
 PSYoungGen      total 29696K, used 3319K [0x00000000d5580000, 0x00000000d7680000, 0x0000000100000000)
  eden space 25600K, 0% used [0x00000000d5580000,0x00000000d5580000,0x00000000d6e80000)
  from space 4096K, 81% used [0x00000000d6e80000,0x00000000d71bdea8,0x00000000d7280000)
  to   space 4096K, 0% used [0x00000000d7280000,0x00000000d7280000,0x00000000d7680000)
 ParOldGen       total 68608K, used 16K [0x0000000080000000, 0x0000000084300000, 0x00000000d5580000)
  object space 68608K, 0% used [0x0000000080000000,0x0000000080004000,0x0000000084300000)
 Metaspace       used 4341K, committed 4544K, reserved 1114112K
  class space    used 473K, committed 576K, reserved 1048576K
}
Event: 3.196 GC heap before
{Heap before GC invocations=2 (full 0):
 PSYoungGen      total 29696K, used 28919K [0x00000000d5580000, 0x00000000d7680000, 0x0000000100000000)
  eden space 25600K, 100% used [0x00000000d5580000,0x00000000d6e80000,0x00000000d6e80000)
  from space 4096K, 81% used [0x00000000d6e80000,0x00000000d71bdea8,0x00000000d7280000)
  to   space 4096K, 0% used [0x00000000d7280000,0x00000000d7280000,0x00000000d7680000)
 ParOldGen       total 68608K, used 16K [0x0000000080000000, 0x0000000084300000, 0x00000000d5580000)
  object space 68608K, 0% used [0x0000000080000000,0x0000000080004000,0x0000000084300000)
 Metaspace       used 7971K, committed 8256K, reserved 1114112K
  class space    used 836K, committed 960K, reserved 1048576K
}
Event: 3.205 GC heap after
{Heap after GC invocations=2 (full 0):
 PSYoungGen      total 29696K, used 4070K [0x00000000d5580000, 0x00000000d7680000, 0x0000000100000000)
  eden space 25600K, 0% used [0x00000000d5580000,0x00000000d5580000,0x00000000d6e80000)
  from space 4096K, 99% used [0x00000000d7280000,0x00000000d7679800,0x00000000d7680000)
  to   space 4096K, 0% used [0x00000000d6e80000,0x00000000d6e80000,0x00000000d7280000)
 ParOldGen       total 68608K, used 1695K [0x0000000080000000, 0x0000000084300000, 0x00000000d5580000)
  object space 68608K, 2% used [0x0000000080000000,0x00000000801a7f10,0x0000000084300000)
 Metaspace       used 7971K, committed 8256K, reserved 1114112K
  class space    used 836K, committed 960K, reserved 1048576K
}
Event: 3.816 GC heap before
{Heap before GC invocations=3 (full 0):
 PSYoungGen      total 29696K, used 29670K [0x00000000d5580000, 0x00000000d7680000, 0x0000000100000000)
  eden space 25600K, 100% used [0x00000000d5580000,0x00000000d6e80000,0x00000000d6e80000)
  from space 4096K, 99% used [0x00000000d7280000,0x00000000d7679800,0x00000000d7680000)
  to   space 4096K, 0% used [0x00000000d6e80000,0x00000000d6e80000,0x00000000d7280000)
 ParOldGen       total 68608K, used 1695K [0x0000000080000000, 0x0000000084300000, 0x00000000d5580000)
  object space 68608K, 2% used [0x0000000080000000,0x00000000801a7f10,0x0000000084300000)
 Metaspace       used 9410K, committed 9728K, reserved 1114112K
  class space    used 1006K, committed 1152K, reserved 1048576K
}
Event: 3.826 GC heap after
{Heap after GC invocations=3 (full 0):
 PSYoungGen      total 29696K, used 4090K [0x00000000d5580000, 0x00000000d7680000, 0x0000000100000000)
  eden space 25600K, 0% used [0x00000000d5580000,0x00000000d5580000,0x00000000d6e80000)
  from space 4096K, 99% used [0x00000000d6e80000,0x00000000d727e990,0x00000000d7280000)
  to   space 4096K, 0% used [0x00000000d7280000,0x00000000d7280000,0x00000000d7680000)
 ParOldGen       total 68608K, used 4738K [0x0000000080000000, 0x0000000084300000, 0x00000000d5580000)
  object space 68608K, 6% used [0x0000000080000000,0x00000000804a0818,0x0000000084300000)
 Metaspace       used 9410K, committed 9728K, reserved 1114112K
  class space    used 1006K, committed 1152K, reserved 1048576K
}
Event: 5.005 GC heap before
{Heap before GC invocations=4 (full 0):
 PSYoungGen      total 29696K, used 29690K [0x00000000d5580000, 0x00000000d7680000, 0x0000000100000000)
  eden space 25600K, 100% used [0x00000000d5580000,0x00000000d6e80000,0x00000000d6e80000)
  from space 4096K, 99% used [0x00000000d6e80000,0x00000000d727e990,0x00000000d7280000)
  to   space 4096K, 0% used [0x00000000d7280000,0x00000000d7280000,0x00000000d7680000)
 ParOldGen       total 68608K, used 4738K [0x0000000080000000, 0x0000000084300000, 0x00000000d5580000)
  object space 68608K, 6% used [0x0000000080000000,0x00000000804a0818,0x0000000084300000)
 Metaspace       used 12107K, committed 12544K, reserved 1114112K
  class space    used 1294K, committed 1472K, reserved 1048576K
}
Event: 5.016 GC heap after
{Heap after GC invocations=4 (full 0):
 PSYoungGen      total 29696K, used 4064K [0x00000000d5580000, 0x00000000d7680000, 0x0000000100000000)
  eden space 25600K, 0% used [0x00000000d5580000,0x00000000d5580000,0x00000000d6e80000)
  from space 4096K, 99% used [0x00000000d7280000,0x00000000d76780d8,0x00000000d7680000)
  to   space 4096K, 0% used [0x00000000d6e80000,0x00000000d6e80000,0x00000000d7280000)
 ParOldGen       total 68608K, used 6202K [0x0000000080000000, 0x0000000084300000, 0x00000000d5580000)
  object space 68608K, 9% used [0x0000000080000000,0x000000008060e8c8,0x0000000084300000)
 Metaspace       used 12107K, committed 12544K, reserved 1114112K
  class space    used 1294K, committed 1472K, reserved 1048576K
}
Event: 6.087 GC heap before
{Heap before GC invocations=5 (full 0):
 PSYoungGen      total 29696K, used 29664K [0x00000000d5580000, 0x00000000d7680000, 0x0000000100000000)
  eden space 25600K, 100% used [0x00000000d5580000,0x00000000d6e80000,0x00000000d6e80000)
  from space 4096K, 99% used [0x00000000d7280000,0x00000000d76780d8,0x00000000d7680000)
  to   space 4096K, 0% used [0x00000000d6e80000,0x00000000d6e80000,0x00000000d7280000)
 ParOldGen       total 68608K, used 6202K [0x0000000080000000, 0x0000000084300000, 0x00000000d5580000)
  object space 68608K, 9% used [0x0000000080000000,0x000000008060e8c8,0x0000000084300000)
 Metaspace       used 16145K, committed 16832K, reserved 1114112K
  class space    used 1678K, committed 1984K, reserved 1048576K
}
Event: 6.097 GC heap after
{Heap after GC invocations=5 (full 0):
 PSYoungGen      total 29184K, used 4088K [0x00000000d5580000, 0x00000000d7a00000, 0x0000000100000000)
  eden space 25088K, 0% used [0x00000000d5580000,0x00000000d5580000,0x00000000d6e00000)
  from space 4096K, 99% used [0x00000000d6e80000,0x00000000d727e0c0,0x00000000d7280000)
  to   space 6144K, 0% used [0x00000000d7400000,0x00000000d7400000,0x00000000d7a00000)
 ParOldGen       total 68608K, used 7790K [0x0000000080000000, 0x0000000084300000, 0x00000000d5580000)
  object space 68608K, 11% used [0x0000000080000000,0x000000008079b8f8,0x0000000084300000)
 Metaspace       used 16145K, committed 16832K, reserved 1114112K
  class space    used 1678K, committed 1984K, reserved 1048576K
}
Event: 7.506 GC heap before
{Heap before GC invocations=6 (full 0):
 PSYoungGen      total 29184K, used 29176K [0x00000000d5580000, 0x00000000d7a00000, 0x0000000100000000)
  eden space 25088K, 100% used [0x00000000d5580000,0x00000000d6e00000,0x00000000d6e00000)
  from space 4096K, 99% used [0x00000000d6e80000,0x00000000d727e0c0,0x00000000d7280000)
  to   space 6144K, 0% used [0x00000000d7400000,0x00000000d7400000,0x00000000d7a00000)
 ParOldGen       total 68608K, used 7790K [0x0000000080000000, 0x0000000084300000, 0x00000000d5580000)
  object space 68608K, 11% used [0x0000000080000000,0x000000008079b8f8,0x0000000084300000)
 Metaspace       used 18924K, committed 19712K, reserved 1114112K
  class space    used 2005K, committed 2304K, reserved 1048576K
}
Event: 7.512 GC heap after
{Heap after GC invocations=6 (full 0):
 PSYoungGen      total 29696K, used 4871K [0x00000000d5580000, 0x00000000d7900000, 0x0000000100000000)
  eden space 24576K, 0% used [0x00000000d5580000,0x00000000d5580000,0x00000000d6d80000)
  from space 5120K, 95% used [0x00000000d7400000,0x00000000d78c1c88,0x00000000d7900000)
  to   space 5632K, 0% used [0x00000000d6e00000,0x00000000d6e00000,0x00000000d7380000)
 ParOldGen       total 68608K, used 7798K [0x0000000080000000, 0x0000000084300000, 0x00000000d5580000)
  object space 68608K, 11% used [0x0000000080000000,0x000000008079d8f8,0x0000000084300000)
 Metaspace       used 18924K, committed 19712K, reserved 1114112K
  class space    used 2005K, committed 2304K, reserved 1048576K
}
Event: 8.054 GC heap before
{Heap before GC invocations=7 (full 0):
 PSYoungGen      total 29696K, used 20689K [0x00000000d5580000, 0x00000000d7900000, 0x0000000100000000)
  eden space 24576K, 64% used [0x00000000d5580000,0x00000000d64f28d0,0x00000000d6d80000)
  from space 5120K, 95% used [0x00000000d7400000,0x00000000d78c1c88,0x00000000d7900000)
  to   space 5632K, 0% used [0x00000000d6e00000,0x00000000d6e00000,0x00000000d7380000)
 ParOldGen       total 68608K, used 7798K [0x0000000080000000, 0x0000000084300000, 0x00000000d5580000)
  object space 68608K, 11% used [0x0000000080000000,0x000000008079d8f8,0x0000000084300000)
 Metaspace       used 20542K, committed 21504K, reserved 1114112K
  class space    used 2209K, committed 2624K, reserved 1048576K
}
Event: 8.063 GC heap after
{Heap after GC invocations=7 (full 0):
 PSYoungGen      total 29184K, used 4362K [0x00000000d5580000, 0x00000000d7680000, 0x0000000100000000)
  eden space 24576K, 0% used [0x00000000d5580000,0x00000000d5580000,0x00000000d6d80000)
  from space 4608K, 94% used [0x00000000d6e00000,0x00000000d7242920,0x00000000d7280000)
  to   space 4096K, 0% used [0x00000000d7280000,0x00000000d7280000,0x00000000d7680000)
 ParOldGen       total 68608K, used 9072K [0x0000000080000000, 0x0000000084300000, 0x00000000d5580000)
  object space 68608K, 13% used [0x0000000080000000,0x00000000808dc1a8,0x0000000084300000)
 Metaspace       used 20542K, committed 21504K, reserved 1114112K
  class space    used 2209K, committed 2624K, reserved 1048576K
}
Event: 8.063 GC heap before
{Heap before GC invocations=8 (full 1):
 PSYoungGen      total 29184K, used 4362K [0x00000000d5580000, 0x00000000d7680000, 0x0000000100000000)
  eden space 24576K, 0% used [0x00000000d5580000,0x00000000d5580000,0x00000000d6d80000)
  from space 4608K, 94% used [0x00000000d6e00000,0x00000000d7242920,0x00000000d7280000)
  to   space 4096K, 0% used [0x00000000d7280000,0x00000000d7280000,0x00000000d7680000)
 ParOldGen       total 68608K, used 9072K [0x0000000080000000, 0x0000000084300000, 0x00000000d5580000)
  object space 68608K, 13% used [0x0000000080000000,0x00000000808dc1a8,0x0000000084300000)
 Metaspace       used 20542K, committed 21504K, reserved 1114112K
  class space    used 2209K, committed 2624K, reserved 1048576K
}
Event: 8.124 GC heap after
{Heap after GC invocations=8 (full 1):
 PSYoungGen      total 29184K, used 0K [0x00000000d5580000, 0x00000000d7680000, 0x0000000100000000)
  eden space 24576K, 0% used [0x00000000d5580000,0x00000000d5580000,0x00000000d6d80000)
  from space 4608K, 0% used [0x00000000d6e00000,0x00000000d6e00000,0x00000000d7280000)
  to   space 4096K, 0% used [0x00000000d7280000,0x00000000d7280000,0x00000000d7680000)
 ParOldGen       total 68608K, used 12754K [0x0000000080000000, 0x0000000084300000, 0x00000000d5580000)
  object space 68608K, 18% used [0x0000000080000000,0x0000000080c74930,0x0000000084300000)
 Metaspace       used 20529K, committed 21504K, reserved 1114112K
  class space    used 2205K, committed 2624K, reserved 1048576K
}
Event: 8.717 GC heap before
{Heap before GC invocations=9 (full 1):
 PSYoungGen      total 29184K, used 24576K [0x00000000d5580000, 0x00000000d7680000, 0x0000000100000000)
  eden space 24576K, 100% used [0x00000000d5580000,0x00000000d6d80000,0x00000000d6d80000)
  from space 4608K, 0% used [0x00000000d6e00000,0x00000000d6e00000,0x00000000d7280000)
  to   space 4096K, 0% used [0x00000000d7280000,0x00000000d7280000,0x00000000d7680000)
 ParOldGen       total 68608K, used 12754K [0x0000000080000000, 0x0000000084300000, 0x00000000d5580000)
  object space 68608K, 18% used [0x0000000080000000,0x0000000080c74930,0x0000000084300000)
 Metaspace       used 22684K, committed 23616K, reserved 1114112K
  class space    used 2388K, committed 2752K, reserved 1048576K
}
Event: 8.721 GC heap after
{Heap after GC invocations=9 (full 1):
 PSYoungGen      total 25088K, used 928K [0x00000000d5580000, 0x00000000d7380000, 0x0000000100000000)
  eden space 24064K, 0% used [0x00000000d5580000,0x00000000d5580000,0x00000000d6d00000)
  from space 1024K, 90% used [0x00000000d7280000,0x00000000d7368390,0x00000000d7380000)
  to   space 2560K, 0% used [0x00000000d6e80000,0x00000000d6e80000,0x00000000d7100000)
 ParOldGen       total 68608K, used 12762K [0x0000000080000000, 0x0000000084300000, 0x00000000d5580000)
  object space 68608K, 18% used [0x0000000080000000,0x0000000080c76930,0x0000000084300000)
 Metaspace       used 22684K, committed 23616K, reserved 1114112K
  class space    used 2388K, committed 2752K, reserved 1048576K
}
Event: 11.031 GC heap before
{Heap before GC invocations=10 (full 1):
 PSYoungGen      total 25088K, used 24978K [0x00000000d5580000, 0x00000000d7380000, 0x0000000100000000)
  eden space 24064K, 99% used [0x00000000d5580000,0x00000000d6cfc850,0x00000000d6d00000)
  from space 1024K, 90% used [0x00000000d7280000,0x00000000d7368390,0x00000000d7380000)
  to   space 2560K, 0% used [0x00000000d6e80000,0x00000000d6e80000,0x00000000d7100000)
 ParOldGen       total 68608K, used 12762K [0x0000000080000000, 0x0000000084300000, 0x00000000d5580000)
  object space 68608K, 18% used [0x0000000080000000,0x0000000080c76930,0x0000000084300000)
 Metaspace       used 26326K, committed 27328K, reserved 1114112K
  class space    used 2714K, committed 3072K, reserved 1048576K
}
Event: 11.033 GC heap after
{Heap after GC invocations=10 (full 1):
 PSYoungGen      total 26112K, used 1360K [0x00000000d5580000, 0x00000000d7300000, 0x0000000100000000)
  eden space 23552K, 0% used [0x00000000d5580000,0x00000000d5580000,0x00000000d6c80000)
  from space 2560K, 53% used [0x00000000d6e80000,0x00000000d6fd4130,0x00000000d7100000)
  to   space 1536K, 0% used [0x00000000d7180000,0x00000000d7180000,0x00000000d7300000)
 ParOldGen       total 68608K, used 12770K [0x0000000080000000, 0x0000000084300000, 0x00000000d5580000)
  object space 68608K, 18% used [0x0000000080000000,0x0000000080c78930,0x0000000084300000)
 Metaspace       used 26326K, committed 27328K, reserved 1114112K
  class space    used 2714K, committed 3072K, reserved 1048576K
}
Event: 11.242 GC heap before
{Heap before GC invocations=11 (full 1):
 PSYoungGen      total 26112K, used 24912K [0x00000000d5580000, 0x00000000d7300000, 0x0000000100000000)
  eden space 23552K, 100% used [0x00000000d5580000,0x00000000d6c80000,0x00000000d6c80000)
  from space 2560K, 53% used [0x00000000d6e80000,0x00000000d6fd4130,0x00000000d7100000)
  to   space 1536K, 0% used [0x00000000d7180000,0x00000000d7180000,0x00000000d7300000)
 ParOldGen       total 68608K, used 12770K [0x0000000080000000, 0x0000000084300000, 0x00000000d5580000)
  object space 68608K, 18% used [0x0000000080000000,0x0000000080c78930,0x0000000084300000)
 Metaspace       used 28511K, committed 29504K, reserved 1114112K
  class space    used 2927K, committed 3328K, reserved 1048576K
}

Dll operation events (10 events):
Event: 0.024 Loaded shared library c:\Users\Dorian\.vscode\extensions\redhat.java-1.47.0-win32-x64\jre\21.0.8-win32-x86_64\bin\java.dll
Event: 0.339 Loaded shared library c:\Users\Dorian\.vscode\extensions\redhat.java-1.47.0-win32-x64\jre\21.0.8-win32-x86_64\bin\zip.dll
Event: 0.432 Loaded shared library C:\Users\Dorian\.vscode\extensions\redhat.java-1.47.0-win32-x64\jre\21.0.8-win32-x86_64\bin\instrument.dll
Event: 0.442 Loaded shared library C:\Users\Dorian\.vscode\extensions\redhat.java-1.47.0-win32-x64\jre\21.0.8-win32-x86_64\bin\net.dll
Event: 0.447 Loaded shared library C:\Users\Dorian\.vscode\extensions\redhat.java-1.47.0-win32-x64\jre\21.0.8-win32-x86_64\bin\nio.dll
Event: 0.453 Loaded shared library C:\Users\Dorian\.vscode\extensions\redhat.java-1.47.0-win32-x64\jre\21.0.8-win32-x86_64\bin\zip.dll
Event: 0.554 Loaded shared library C:\Users\Dorian\.vscode\extensions\redhat.java-1.47.0-win32-x64\jre\21.0.8-win32-x86_64\bin\jimage.dll
Event: 0.798 Loaded shared library c:\Users\Dorian\.vscode\extensions\redhat.java-1.47.0-win32-x64\jre\21.0.8-win32-x86_64\bin\verify.dll
Event: 3.215 Loaded shared library C:\Users\Dorian\AppData\Roaming\Code\User\globalStorage\redhat.java\1.47.0\config_win\org.eclipse.equinox.launcher\org.eclipse.equinox.launcher.win32.win32.x86_64_1.2.1400.v20250801-0854\eclipse_11916.dll
Event: 6.374 Loaded shared library C:\Users\Dorian\AppData\Local\Temp\jna-2052793295\jna14106094627783529548.dll

Deoptimization events (20 events):
Event: 10.826 Thread 0x00000210fbf66f10 Uncommon trap: trap_request=0xffffffde fr.pc=0x00000210a7fd164c relative=0x000000000000010c
Event: 10.826 Thread 0x00000210fbf66f10 Uncommon trap: reason=class_check action=maybe_recompile pc=0x00000210a7fd164c method=java.lang.Character.codePointAt(Ljava/lang/CharSequence;I)I @ 2 c2
Event: 10.826 Thread 0x00000210fbf66f10 DEOPT PACKING pc=0x00000210a7fd164c sp=0x000000d3c99fe810
Event: 10.826 Thread 0x00000210fbf66f10 DEOPT UNPACKING pc=0x00000210a78c3aa2 sp=0x000000d3c99fe798 mode 2
Event: 10.826 Thread 0x00000210fbf66f10 Uncommon trap: trap_request=0xffffffde fr.pc=0x00000210a7fd164c relative=0x000000000000010c
Event: 10.826 Thread 0x00000210fbf66f10 Uncommon trap: reason=class_check action=maybe_recompile pc=0x00000210a7fd164c method=java.lang.Character.codePointAt(Ljava/lang/CharSequence;I)I @ 2 c2
Event: 10.826 Thread 0x00000210fbf66f10 DEOPT PACKING pc=0x00000210a7fd164c sp=0x000000d3c99fe810
Event: 10.826 Thread 0x00000210fbf66f10 DEOPT UNPACKING pc=0x00000210a78c3aa2 sp=0x000000d3c99fe798 mode 2
Event: 10.826 Thread 0x00000210fbf66f10 Uncommon trap: trap_request=0xffffffde fr.pc=0x00000210a7fd164c relative=0x000000000000010c
Event: 10.826 Thread 0x00000210fbf66f10 Uncommon trap: reason=class_check action=maybe_recompile pc=0x00000210a7fd164c method=java.lang.Character.codePointAt(Ljava/lang/CharSequence;I)I @ 2 c2
Event: 10.827 Thread 0x00000210fbf66f10 DEOPT PACKING pc=0x00000210a7fd164c sp=0x000000d3c99fe810
Event: 10.827 Thread 0x00000210fbf66f10 DEOPT UNPACKING pc=0x00000210a78c3aa2 sp=0x000000d3c99fe798 mode 2
Event: 10.827 Thread 0x00000210fbf66f10 Uncommon trap: trap_request=0xffffffde fr.pc=0x00000210a7fd164c relative=0x000000000000010c
Event: 10.827 Thread 0x00000210fbf66f10 Uncommon trap: reason=class_check action=maybe_recompile pc=0x00000210a7fd164c method=java.lang.Character.codePointAt(Ljava/lang/CharSequence;I)I @ 2 c2
Event: 10.827 Thread 0x00000210fbf66f10 DEOPT PACKING pc=0x00000210a7fd164c sp=0x000000d3c99fe810
Event: 10.827 Thread 0x00000210fbf66f10 DEOPT UNPACKING pc=0x00000210a78c3aa2 sp=0x000000d3c99fe798 mode 2
Event: 10.827 Thread 0x00000210fbf66f10 Uncommon trap: trap_request=0xffffff76 fr.pc=0x00000210a7fa7318 relative=0x0000000000000398
Event: 10.827 Thread 0x00000210fbf66f10 Uncommon trap: reason=predicate action=maybe_recompile pc=0x00000210a7fa7318 method=java.util.regex.Pattern$BmpCharPropertyGreedy.match(Ljava/util/regex/Matcher;ILjava/lang/CharSequence;)Z @ 12 c2
Event: 10.827 Thread 0x00000210fbf66f10 DEOPT PACKING pc=0x00000210a7fa7318 sp=0x000000d3c99fe750
Event: 10.827 Thread 0x00000210fbf66f10 DEOPT UNPACKING pc=0x00000210a78c3aa2 sp=0x000000d3c99fe6f8 mode 2

Classes loaded (20 events):
Event: 11.171 Loading class sun/reflect/generics/repository/AbstractRepository
Event: 11.171 Loading class sun/reflect/generics/repository/AbstractRepository done
Event: 11.171 Loading class sun/reflect/generics/repository/GenericDeclRepository done
Event: 11.171 Loading class sun/reflect/generics/repository/ClassRepository done
Event: 11.171 Loading class sun/reflect/generics/tree/FormalTypeParameter
Event: 11.171 Loading class sun/reflect/generics/tree/FormalTypeParameter done
Event: 11.171 Loading class sun/reflect/generics/tree/ClassSignature
Event: 11.171 Loading class sun/reflect/generics/tree/Signature
Event: 11.171 Loading class sun/reflect/generics/tree/Signature done
Event: 11.171 Loading class sun/reflect/generics/tree/ClassSignature done
Event: 11.171 Loading class sun/reflect/annotation/TypeAnnotation$TypeAnnotationTarget
Event: 11.171 Loading class sun/reflect/annotation/TypeAnnotation$TypeAnnotationTarget done
Event: 11.171 Loading class sun/reflect/annotation/TypeAnnotation$LocationInfo
Event: 11.171 Loading class sun/reflect/annotation/TypeAnnotation$LocationInfo done
Event: 11.171 Loading class sun/reflect/annotation/TypeAnnotation$LocationInfo$Location
Event: 11.172 Loading class sun/reflect/annotation/TypeAnnotation$LocationInfo$Location done
Event: 11.172 Loading class sun/reflect/annotation/AnnotatedTypeFactory
Event: 11.172 Loading class sun/reflect/annotation/AnnotatedTypeFactory done
Event: 11.172 Loading class sun/reflect/annotation/AnnotatedTypeFactory$AnnotatedTypeBaseImpl
Event: 11.172 Loading class sun/reflect/annotation/AnnotatedTypeFactory$AnnotatedTypeBaseImpl done

Classes unloaded (7 events):
Event: 8.071 Thread 0x000002109d1f1840 Unloading class 0x00000210b51aa800 'java/lang/invoke/LambdaForm$MH+0x00000210b51aa800'
Event: 8.071 Thread 0x000002109d1f1840 Unloading class 0x00000210b51aa400 'java/lang/invoke/LambdaForm$MH+0x00000210b51aa400'
Event: 8.071 Thread 0x000002109d1f1840 Unloading class 0x00000210b51aa000 'java/lang/invoke/LambdaForm$MH+0x00000210b51aa000'
Event: 8.071 Thread 0x000002109d1f1840 Unloading class 0x00000210b51a9c00 'java/lang/invoke/LambdaForm$MH+0x00000210b51a9c00'
Event: 8.071 Thread 0x000002109d1f1840 Unloading class 0x00000210b51a9800 'java/lang/invoke/LambdaForm$BMH+0x00000210b51a9800'
Event: 8.071 Thread 0x000002109d1f1840 Unloading class 0x00000210b51a9400 'java/lang/invoke/LambdaForm$DMH+0x00000210b51a9400'
Event: 8.071 Thread 0x000002109d1f1840 Unloading class 0x00000210b51a8000 'java/lang/invoke/LambdaForm$DMH+0x00000210b51a8000'

Classes redefined (0 events):
No events

Internal exceptions (20 events):
Event: 7.961 Thread 0x00000210fb950b30 Exception <a 'java/lang/NoSuchMethodError'{0x00000000d6255840}: 'java.lang.Object java.lang.invoke.DirectMethodHandle$Holder.invokeStaticInit(java.lang.Object, java.lang.Object, java.lang.Object, java.lang.Object, java.lang.Object, java.lang.Object, java.lang.Object)'> (0x00000000d6255840) 
thrown [s\src\hotspot\share\interpreter\linkResolver.cpp, line 773]
Event: 7.963 Thread 0x00000210fb950b30 Exception <a 'java/lang/NoSuchMethodError'{0x00000000d625afe0}: 'java.lang.Object java.lang.invoke.Invokers$Holder.invoke_MT(java.lang.Object, java.lang.Object, java.lang.Object, java.lang.Object, java.lang.Object, java.lang.Object, java.lang.Object, java.lang.Object, java.lang.Object)'> (0x00000000d625afe0) 
thrown [s\src\hotspot\share\interpreter\linkResolver.cpp, line 773]
Event: 7.969 Thread 0x00000210fb950b30 Exception <a 'java/lang/NoSuchMethodError'{0x00000000d6290140}: 'int java.lang.invoke.DirectMethodHandle$Holder.invokeVirtual(java.lang.Object, java.lang.Object, java.lang.Object)'> (0x00000000d6290140) 
thrown [s\src\hotspot\share\interpreter\linkResolver.cpp, line 773]
Event: 7.971 Thread 0x00000210fb950b30 Exception <a 'java/lang/NoSuchMethodError'{0x00000000d62950d8}: 'int java.lang.invoke.DirectMethodHandle$Holder.invokeStaticInit(java.lang.Object, int, int)'> (0x00000000d62950d8) 
thrown [s\src\hotspot\share\interpreter\linkResolver.cpp, line 773]
Event: 7.972 Thread 0x00000210fb950b30 Exception <a 'java/lang/NoSuchMethodError'{0x00000000d629d460}: 'int java.lang.invoke.DirectMethodHandle$Holder.invokeStaticInit(java.lang.Object, long, long)'> (0x00000000d629d460) 
thrown [s\src\hotspot\share\interpreter\linkResolver.cpp, line 773]
Event: 7.973 Thread 0x00000210fb950b30 Exception <a 'java/lang/NoSuchMethodError'{0x00000000d62a4e18}: 'int java.lang.invoke.DirectMethodHandle$Holder.invokeStaticInit(java.lang.Object, float, float)'> (0x00000000d62a4e18) 
thrown [s\src\hotspot\share\interpreter\linkResolver.cpp, line 773]
Event: 7.974 Thread 0x00000210fb950b30 Exception <a 'java/lang/NoSuchMethodError'{0x00000000d62ac7c8}: 'int java.lang.invoke.DirectMethodHandle$Holder.invokeStaticInit(java.lang.Object, double, double)'> (0x00000000d62ac7c8) 
thrown [s\src\hotspot\share\interpreter\linkResolver.cpp, line 773]
Event: 7.976 Thread 0x00000210fb950b30 Exception <a 'java/lang/NoSuchMethodError'{0x00000000d62b1be0}: 'int java.lang.invoke.DirectMethodHandle$Holder.invokeStatic(java.lang.Object, long)'> (0x00000000d62b1be0) 
thrown [s\src\hotspot\share\interpreter\linkResolver.cpp, line 773]
Event: 7.981 Thread 0x00000210fb950b30 Exception <a 'java/lang/NoSuchMethodError'{0x00000000d62d0948}: 'int java.lang.invoke.Invokers$Holder.linkToTargetMethod(java.lang.Object, java.lang.Object)'> (0x00000000d62d0948) 
thrown [s\src\hotspot\share\interpreter\linkResolver.cpp, line 773]
Event: 8.016 Thread 0x00000210fb950b30 Exception <a 'java/lang/NoSuchMethodError'{0x00000000d6372918}: 'java.lang.Object java.lang.invoke.Invokers$Holder.invoke_MT(java.lang.Object, java.lang.Object, java.lang.Object, java.lang.Object, java.lang.Object, java.lang.Object, java.lang.Object, java.lang.Object, java.lang.Object, java.lang.Object, java.lang.Object)'> (0x00000000d6372918) 
thrown [s\src\hotspot\share\interpreter\linkResolver.cpp, line 773]
Event: 8.032 Thread 0x00000210fb950b30 Exception <a 'java/lang/NoSuchMethodError'{0x00000000d63ff7b0}: 'java.lang.Object java.lang.invoke.Invokers$Holder.invoke_MT(java.lang.Object, java.lang.Object, java.lang.Object, java.lang.Object, java.lang.Object, java.lang.Object, java.lang.Object, java.lang.Object, java.lang.Object, java.lang.Object)'> (0x00000000d63ff7b0) 
thrown [s\src\hotspot\share\interpreter\linkResolver.cpp, line 773]
Event: 8.054 Thread 0x00000210fb950b30 Exception <a 'java/lang/NoSuchMethodError'{0x00000000d6495090}: 'java.lang.Object java.lang.invoke.DirectMethodHandle$Holder.newInvokeSpecial(java.lang.Object, java.lang.Object, java.lang.Object, java.lang.Object, java.lang.Object, java.lang.Object, java.lang.Object)'> (0x00000000d6495090) 
thrown [s\src\hotspot\share\interpreter\linkResolver.cpp, line 773]
Event: 8.152 Thread 0x00000210fb950b30 Exception <a 'java/lang/NoSuchMethodError'{0x00000000d5605a70}: 'java.lang.Object java.lang.invoke.Invokers$Holder.invoker(java.lang.Object, java.lang.Object, java.lang.Object, java.lang.Object, java.lang.Object, java.lang.Object, java.lang.Object, java.lang.Object, java.lang.Object, java.lang.Object, java.lang.Object, java.lang.Object, java.lang.Object)'> (0x00000000d5605a70) 
thrown [s\src\hotspot\share\interpreter\linkResolver.cpp, line 773]
Event: 8.154 Thread 0x00000210fb950b30 Exception <a 'java/lang/NoSuchMethodError'{0x00000000d560ff08}: 'java.lang.Object java.lang.invoke.DelegatingMethodHandle$Holder.delegate(java.lang.Object, java.lang.Object, java.lang.Object, java.lang.Object, java.lang.Object, java.lang.Object, java.lang.Object, java.lang.Object, java.lang.Object, java.lang.Object, java.lang.Object, java.lang.Object, java.lang.Object)'> (0x00000000d560ff08) 
thrown [s\src\hotspot\share\interpreter\linkResolver.cpp, line 773]
Event: 8.167 Thread 0x00000210fb950b30 Exception <a 'java/lang/NoSuchMethodError'{0x00000000d567bb88}: static Lorg/eclipse/m2e/core/internal/lifecyclemapping/model/PluginExecutionMetadata;.<clinit>()V> (0x00000000d567bb88) 
thrown [s\src\hotspot\share\prims\jni.cpp, line 1111]
Event: 8.187 Thread 0x00000210fb950b30 Exception <a 'java/lang/NoSuchMethodError'{0x00000000d56db710}: static Lorg/eclipse/m2e/core/internal/lifecyclemapping/model/PluginExecutionFilter;.<clinit>()V> (0x00000000d56db710) 
thrown [s\src\hotspot\share\prims\jni.cpp, line 1111]
Event: 8.195 Thread 0x00000210fb950b30 Exception <a 'java/lang/NoSuchMethodError'{0x00000000d570fb20}: static Lorg/eclipse/m2e/core/internal/project/registry/MavenProjectFacade$MavenProjectConfiguration;.<clinit>()V> (0x00000000d570fb20) 
thrown [s\src\hotspot\share\prims\jni.cpp, line 1111]
Event: 8.354 Thread 0x00000210fb950b30 Exception <a 'java/lang/NoSuchMethodError'{0x00000000d5b92298}: 'double java.lang.invoke.DirectMethodHandle$Holder.invokeStatic(java.lang.Object, java.lang.Object)'> (0x00000000d5b92298) 
thrown [s\src\hotspot\share\interpreter\linkResolver.cpp, line 773]
Event: 8.355 Thread 0x00000210fb950b30 Exception <a 'java/lang/NoSuchMethodError'{0x00000000d5b95958}: 'double java.lang.invoke.DirectMethodHandle$Holder.invokeStaticInit(java.lang.Object, java.lang.Object)'> (0x00000000d5b95958) 
thrown [s\src\hotspot\share\interpreter\linkResolver.cpp, line 773]
Event: 10.873 Thread 0x00000210fbf66f10 Exception <a 'java/lang/NoSuchMethodError'{0x00000000d5f748b0}: 'java.lang.Object java.lang.invoke.DirectMethodHandle$Holder.invokeSpecialIFC(java.lang.Object, java.lang.Object, java.lang.Object, java.lang.Object)'> (0x00000000d5f748b0) 
thrown [s\src\hotspot\share\interpreter\linkResolver.cpp, line 773]

ZGC Phase Switch (0 events):
No events

VM Operations (20 events):
Event: 7.059 Executing VM operation: HandshakeAllThreads (Deoptimize) done
Event: 7.071 Executing VM operation: HandshakeAllThreads (Deoptimize)
Event: 7.071 Executing VM operation: HandshakeAllThreads (Deoptimize) done
Event: 7.257 Executing VM operation: ICBufferFull
Event: 7.258 Executing VM operation: ICBufferFull done
Event: 7.506 Executing VM operation: ParallelGCFailedAllocation (Allocation Failure)
Event: 7.513 Executing VM operation: ParallelGCFailedAllocation (Allocation Failure) done
Event: 7.944 Executing VM operation: HandshakeAllThreads (Deoptimize)
Event: 7.944 Executing VM operation: HandshakeAllThreads (Deoptimize) done
Event: 8.054 Executing VM operation: CollectForMetadataAllocation (Metadata GC Threshold)
Event: 8.124 Executing VM operation: CollectForMetadataAllocation (Metadata GC Threshold) done
Event: 8.717 Executing VM operation: ParallelGCFailedAllocation (Allocation Failure)
Event: 8.721 Executing VM operation: ParallelGCFailedAllocation (Allocation Failure) done
Event: 10.721 Executing VM operation: Cleanup
Event: 10.815 Executing VM operation: Cleanup done
Event: 10.819 Executing VM operation: HandshakeAllThreads (Deoptimize)
Event: 10.819 Executing VM operation: HandshakeAllThreads (Deoptimize) done
Event: 11.031 Executing VM operation: ParallelGCFailedAllocation (Allocation Failure)
Event: 11.034 Executing VM operation: ParallelGCFailedAllocation (Allocation Failure) done
Event: 11.242 Executing VM operation: ParallelGCFailedAllocation (Allocation Failure)

Memory protections (0 events):
No events

Nmethod flushes (0 events):
No events

Events (20 events):
Event: 3.258 Thread 0x00000210fb7248b0 Thread added: 0x00000210fb8f8fc0
Event: 3.262 Thread 0x000002109d14e380 Thread added: 0x00000210fb950b30
Event: 3.308 Thread 0x00000210fb526bd0 Thread exited: 0x00000210fb526bd0
Event: 3.491 Thread 0x000002109d0fd9f0 Thread added: 0x00000210fb8b8260
Event: 3.940 Thread 0x00000210fb950b30 Thread added: 0x00000210fbb586f0
Event: 4.035 Thread 0x00000210fb8b8260 Thread exited: 0x00000210fb8b8260
Event: 4.646 Thread 0x00000210fb950b30 Thread added: 0x00000210fbb2dd00
Event: 4.674 Thread 0x00000210fb7f06a0 Thread exited: 0x00000210fb7f06a0
Event: 4.914 Thread 0x000002109d0cad80 Thread added: 0x00000210fbae20c0
Event: 4.914 Thread 0x000002109d0cad80 Thread added: 0x00000210fbf13a50
Event: 5.091 Thread 0x00000210fbf13a50 Thread exited: 0x00000210fbf13a50
Event: 5.454 Thread 0x00000210fb950b30 Thread added: 0x00000210fbf661f0
Event: 6.018 Thread 0x00000210fbae20c0 Thread exited: 0x00000210fbae20c0
Event: 6.432 Thread 0x00000210fb950b30 Thread added: 0x00000210fbf675a0
Event: 6.518 Thread 0x00000210fb950b30 Thread added: 0x00000210fbf66880
Event: 6.576 Thread 0x00000210fb950b30 Thread added: 0x00000210fbf66f10
Event: 6.971 Thread 0x000002109d0fd9f0 Thread added: 0x00000210f645a3f0
Event: 7.912 Thread 0x00000210f645a3f0 Thread exited: 0x00000210f645a3f0
Event: 9.811 Thread 0x00000210fbf66880 Thread added: 0x00000210fbf654d0
Event: 10.944 Thread 0x000002109d0fd9f0 Thread added: 0x00000210fc1f58d0


Dynamic libraries:
0x00007ff695a60000 - 0x00007ff695a6e000 	c:\Users\Dorian\.vscode\extensions\redhat.java-1.47.0-win32-x64\jre\21.0.8-win32-x86_64\bin\java.exe
0x00007fff5cf80000 - 0x00007fff5d1e8000 	C:\WINDOWS\SYSTEM32\ntdll.dll
0x00007fff5b000000 - 0x00007fff5b0c9000 	C:\WINDOWS\System32\KERNEL32.DLL
0x00007fff5a920000 - 0x00007fff5ad18000 	C:\WINDOWS\System32\KERNELBASE.dll
0x00007fff5a3d0000 - 0x00007fff5a51b000 	C:\WINDOWS\System32\ucrtbase.dll
0x00007fff500a0000 - 0x00007fff500be000 	c:\Users\Dorian\.vscode\extensions\redhat.java-1.47.0-win32-x64\jre\21.0.8-win32-x86_64\bin\VCRUNTIME140.dll
0x00007fff502a0000 - 0x00007fff502b8000 	c:\Users\Dorian\.vscode\extensions\redhat.java-1.47.0-win32-x64\jre\21.0.8-win32-x86_64\bin\jli.dll
0x00007fff5cc70000 - 0x00007fff5ce37000 	C:\WINDOWS\System32\USER32.dll
0x00007fff5a0d0000 - 0x00007fff5a0f7000 	C:\WINDOWS\System32\win32u.dll
0x00007fff5c200000 - 0x00007fff5c22b000 	C:\WINDOWS\System32\GDI32.dll
0x00007fff5a7f0000 - 0x00007fff5a91c000 	C:\WINDOWS\System32\gdi32full.dll
0x00007fff436f0000 - 0x00007fff43984000 	C:\WINDOWS\WinSxS\amd64_microsoft.windows.common-controls_6595b64144ccf1df_6.0.26100.7019_none_3e06ffa0e335b8a8\COMCTL32.dll
0x00007fff5a270000 - 0x00007fff5a313000 	C:\WINDOWS\System32\msvcp_win.dll
0x00007fff5c990000 - 0x00007fff5ca39000 	C:\WINDOWS\System32\msvcrt.dll
0x00007fff5afc0000 - 0x00007fff5aff1000 	C:\WINDOWS\System32\IMM32.DLL
0x00007fff50230000 - 0x00007fff5023c000 	c:\Users\Dorian\.vscode\extensions\redhat.java-1.47.0-win32-x64\jre\21.0.8-win32-x86_64\bin\vcruntime140_1.dll
0x00007fff0c990000 - 0x00007fff0ca1d000 	c:\Users\Dorian\.vscode\extensions\redhat.java-1.47.0-win32-x64\jre\21.0.8-win32-x86_64\bin\msvcp140.dll
0x00007ffeda7b0000 - 0x00007ffedb547000 	c:\Users\Dorian\.vscode\extensions\redhat.java-1.47.0-win32-x64\jre\21.0.8-win32-x86_64\bin\server\jvm.dll
0x00007fff5cb00000 - 0x00007fff5cbb4000 	C:\WINDOWS\System32\ADVAPI32.dll
0x00007fff5ca40000 - 0x00007fff5cae6000 	C:\WINDOWS\System32\sechost.dll
0x00007fff5beb0000 - 0x00007fff5bfc8000 	C:\WINDOWS\System32\RPCRT4.dll
0x00007fff5ad20000 - 0x00007fff5ad94000 	C:\WINDOWS\System32\WS2_32.dll
0x00007fff59f50000 - 0x00007fff59fae000 	C:\WINDOWS\SYSTEM32\POWRPROF.dll
0x00007fff439a0000 - 0x00007fff439d5000 	C:\WINDOWS\SYSTEM32\WINMM.dll
0x00007fff48ba0000 - 0x00007fff48bab000 	C:\WINDOWS\SYSTEM32\VERSION.dll
0x00007fff59f30000 - 0x00007fff59f44000 	C:\WINDOWS\SYSTEM32\UMPDC.dll
0x00007fff58e90000 - 0x00007fff58eab000 	C:\WINDOWS\SYSTEM32\kernel.appcore.dll
0x00007fff4a5c0000 - 0x00007fff4a5ca000 	c:\Users\Dorian\.vscode\extensions\redhat.java-1.47.0-win32-x64\jre\21.0.8-win32-x86_64\bin\jimage.dll
0x00007fff57a00000 - 0x00007fff57c42000 	C:\WINDOWS\SYSTEM32\DBGHELP.DLL
0x00007fff5b1c0000 - 0x00007fff5b54b000 	C:\WINDOWS\System32\combase.dll
0x00007fff5bdb0000 - 0x00007fff5be87000 	C:\WINDOWS\System32\OLEAUT32.dll
0x00007fff41f80000 - 0x00007fff41fbc000 	C:\WINDOWS\SYSTEM32\dbgcore.DLL
0x00007fff5a320000 - 0x00007fff5a3c5000 	C:\WINDOWS\System32\bcryptPrimitives.dll
0x00007fff4a010000 - 0x00007fff4a01f000 	c:\Users\Dorian\.vscode\extensions\redhat.java-1.47.0-win32-x64\jre\21.0.8-win32-x86_64\bin\instrument.dll
0x00007fff48310000 - 0x00007fff4832f000 	c:\Users\Dorian\.vscode\extensions\redhat.java-1.47.0-win32-x64\jre\21.0.8-win32-x86_64\bin\java.dll
0x00007fff5c230000 - 0x00007fff5c981000 	C:\WINDOWS\System32\SHELL32.dll
0x00007fff5a100000 - 0x00007fff5a26b000 	C:\WINDOWS\System32\wintypes.dll
0x00007fff57d30000 - 0x00007fff5858d000 	C:\WINDOWS\SYSTEM32\windows.storage.dll
0x00007fff5ce40000 - 0x00007fff5cf32000 	C:\WINDOWS\System32\SHCORE.dll
0x00007fff5b150000 - 0x00007fff5b1b7000 	C:\WINDOWS\System32\shlwapi.dll
0x00007fff59ff0000 - 0x00007fff5a019000 	C:\WINDOWS\SYSTEM32\profapi.dll
0x00007fff47f70000 - 0x00007fff47f88000 	c:\Users\Dorian\.vscode\extensions\redhat.java-1.47.0-win32-x64\jre\21.0.8-win32-x86_64\bin\zip.dll
0x00007fff4b050000 - 0x00007fff4b060000 	C:\Users\Dorian\.vscode\extensions\redhat.java-1.47.0-win32-x64\jre\21.0.8-win32-x86_64\bin\net.dll
0x00007fff4de50000 - 0x00007fff4df78000 	C:\WINDOWS\SYSTEM32\WINHTTP.dll
0x00007fff59400000 - 0x00007fff5946b000 	C:\WINDOWS\system32\mswsock.dll
0x00007fff36150000 - 0x00007fff36166000 	C:\Users\Dorian\.vscode\extensions\redhat.java-1.47.0-win32-x64\jre\21.0.8-win32-x86_64\bin\nio.dll
0x00007fff4b040000 - 0x00007fff4b050000 	c:\Users\Dorian\.vscode\extensions\redhat.java-1.47.0-win32-x64\jre\21.0.8-win32-x86_64\bin\verify.dll
0x00007fff1f640000 - 0x00007fff1f684000 	C:\Users\Dorian\AppData\Roaming\Code\User\globalStorage\redhat.java\1.47.0\config_win\org.eclipse.equinox.launcher\org.eclipse.equinox.launcher.win32.win32.x86_64_1.2.1400.v20250801-0854\eclipse_11916.dll
0x00007fff5c060000 - 0x00007fff5c1f7000 	C:\WINDOWS\System32\ole32.dll
0x00007fff596c0000 - 0x00007fff596db000 	C:\WINDOWS\SYSTEM32\CRYPTSP.dll
0x00007fff58df0000 - 0x00007fff58e2a000 	C:\WINDOWS\system32\rsaenh.dll
0x00007fff594b0000 - 0x00007fff594db000 	C:\WINDOWS\SYSTEM32\USERENV.dll
0x00007fff59fc0000 - 0x00007fff59fea000 	C:\WINDOWS\SYSTEM32\bcrypt.dll
0x00007fff596e0000 - 0x00007fff596ec000 	C:\WINDOWS\SYSTEM32\CRYPTBASE.dll
0x00007fff588a0000 - 0x00007fff588d4000 	C:\WINDOWS\SYSTEM32\IPHLPAPI.DLL
0x00007fff5caf0000 - 0x00007fff5cafa000 	C:\WINDOWS\System32\NSI.dll
0x00007fff19f40000 - 0x00007fff19f89000 	C:\Users\Dorian\AppData\Local\Temp\jna-2052793295\jna14106094627783529548.dll
0x00007fff5adb0000 - 0x00007fff5adb8000 	C:\WINDOWS\System32\PSAPI.DLL

JVMTI agents:
c:\Users\Dorian\.vscode\extensions\redhat.java-1.47.0-win32-x64\lombok\lombok-1.18.39-4050.jar path:c:\Users\Dorian\.vscode\extensions\redhat.java-1.47.0-win32-x64\jre\21.0.8-win32-x86_64\bin\instrument.dll, loaded, initialized, instrumentlib options:none

dbghelp: loaded successfully - version: 4.0.5 - missing functions: none
symbol engine: initialized successfully - sym options: 0x614 - pdb path: .;c:\Users\Dorian\.vscode\extensions\redhat.java-1.47.0-win32-x64\jre\21.0.8-win32-x86_64\bin;C:\WINDOWS\SYSTEM32;C:\WINDOWS\WinSxS\amd64_microsoft.windows.common-controls_6595b64144ccf1df_6.0.26100.7019_none_3e06ffa0e335b8a8;c:\Users\Dorian\.vscode\extensions\redhat.java-1.47.0-win32-x64\jre\21.0.8-win32-x86_64\bin\server;C:\Users\Dorian\AppData\Roaming\Code\User\globalStorage\redhat.java\1.47.0\config_win\org.eclipse.equinox.launcher\org.eclipse.equinox.launcher.win32.win32.x86_64_1.2.1400.v20250801-0854;C:\Users\Dorian\AppData\Local\Temp\jna-2052793295

VM Arguments:
jvm_args: --add-modules=ALL-SYSTEM --add-opens=java.base/java.util=ALL-UNNAMED --add-opens=java.base/java.lang=ALL-UNNAMED --add-opens=java.base/sun.nio.fs=ALL-UNNAMED -Declipse.application=org.eclipse.jdt.ls.core.id1 -Dosgi.bundles.defaultStartLevel=4 -Declipse.product=org.eclipse.jdt.ls.core.product -Djava.import.generatesMetadataFilesAtProjectRoot=false -DDetectVMInstallationsJob.disabled=true -Dfile.encoding=utf8 -XX:+UseParallelGC -XX:GCTimeRatio=4 -XX:AdaptiveSizePolicyWeight=90 -Dsun.zip.disableMemoryMapping=true -Xmx2G -Xms100m -Xlog:disable -javaagent:c:\Users\Dorian\.vscode\extensions\redhat.java-1.47.0-win32-x64\lombok\lombok-1.18.39-4050.jar -XX:+HeapDumpOnOutOfMemoryError -XX:HeapDumpPath=c:\Users\Dorian\AppData\Roaming\Code\User\workspaceStorage\2e54c20b31e2f00811d0ee3cb5a815c0\redhat.java -Daether.dependencyCollector.impl=bf 
java_command: c:\Users\Dorian\.vscode\extensions\redhat.java-1.47.0-win32-x64\server\plugins\org.eclipse.equinox.launcher_1.7.100.v20251014-1222.jar -configuration c:\Users\Dorian\AppData\Roaming\Code\User\globalStorage\redhat.java\1.47.0\config_win -data c:\Users\Dorian\AppData\Roaming\Code\User\workspaceStorage\2e54c20b31e2f00811d0ee3cb5a815c0\redhat.java\jdt_ws --pipe=\\.\pipe\lsp-54c668f7c2760183ba87227caf2d17ca-sock
java_class_path (initial): c:\Users\Dorian\.vscode\extensions\redhat.java-1.47.0-win32-x64\server\plugins\org.eclipse.equinox.launcher_1.7.100.v20251014-1222.jar
Launcher Type: SUN_STANDARD

[Global flags]
    uintx AdaptiveSizePolicyWeight                 = 90                                        {product} {command line}
     intx CICompilerCount                          = 4                                         {product} {ergonomic}
    uintx GCTimeRatio                              = 4                                         {product} {command line}
     bool HeapDumpOnOutOfMemoryError               = true                                   {manageable} {command line}
    ccstr HeapDumpPath                             = c:\Users\Dorian\AppData\Roaming\Code\User\workspaceStorage\2e54c20b31e2f00811d0ee3cb5a815c0\redhat.java         {manageable} {command line}
   size_t InitialHeapSize                          = 104857600                                 {product} {command line}
   size_t MaxHeapSize                              = 2147483648                                {product} {command line}
   size_t MaxNewSize                               = 715653120                                 {product} {ergonomic}
   size_t MinHeapDeltaBytes                        = 524288                                    {product} {ergonomic}
   size_t MinHeapSize                              = 104857600                                 {product} {command line}
   size_t NewSize                                  = 34603008                                  {product} {ergonomic}
    uintx NonNMethodCodeHeapSize                   = 5839372                                {pd product} {ergonomic}
    uintx NonProfiledCodeHeapSize                  = 122909434                              {pd product} {ergonomic}
   size_t OldSize                                  = 70254592                                  {product} {ergonomic}
    uintx ProfiledCodeHeapSize                     = 122909434                              {pd product} {ergonomic}
    uintx ReservedCodeCacheSize                    = 251658240                              {pd product} {ergonomic}
     bool SegmentedCodeCache                       = true                                      {product} {ergonomic}
   size_t SoftMaxHeapSize                          = 2147483648                             {manageable} {ergonomic}
     bool UseCompressedOops                        = true                           {product lp64_product} {ergonomic}
     bool UseLargePagesIndividualAllocation        = false                                  {pd product} {ergonomic}
     bool UseParallelGC                            = true                                      {product} {command line}

Logging:
Log output configuration:
 #0: stdout all=off uptime,level,tags foldmultilines=false
 #1: stderr all=off uptime,level,tags foldmultilines=false

Environment Variables:
JAVA_HOME=C:\Program Files\Java\jdk-1.8
PATH=C:\Program Files (x86)\Common Files\Oracle\Java\java8path;C:\Program Files (x86)\Common Files\Oracle\Java\javapath;C:\WINDOWS\system32;C:\WINDOWS;C:\WINDOWS\System32\Wbem;C:\WINDOWS\System32\WindowsPowerShell\v1.0\;C:\WINDOWS\System32\OpenSSH\;C:\Program Files\Microsoft SQL Server\Client SDK\ODBC\170\Tools\Binn\;C:\Program Files (x86)\Microsoft SQL Server\150\Tools\Binn\;C:\Program Files\Microsoft SQL Server\150\Tools\Binn\;C:\Program Files\Microsoft SQL Server\150\DTS\Binn\;C:\Program Files\Azure Data Studio\bin;C:\Program Files\Microsoft SQL Server\120\Tools\Binn\;C:\Program Files\Microsoft SQL Server\130\Tools\Binn\;C:\Program Files (x86)\QuickTime\QTSystem\;C:\Program Files\Git\cmd;C:\Program Files\dotnet\;C:\Program Files\nodejs\;C:\ProgramData\chocolatey\bin;C:\Users\Dorian\AppData\Local\Microsoft\WindowsApps;C:\Program Files\Azure Data Studio\bin;C:\Program Files\MySQL\MySQL Server 5.7\bin;C:\Program Files\apache-maven-3.9.9\bin;C:\Program Files\Java\jdk-1.8\bin;;D:\IntelliJ IDEA Community Edition 2025.1.1.1\bin;;C:\Users\Dorian\.dotnet\tools;C:\Users\Dorian\AppData\Local\Programs\Microsoft VS Code\bin;C:\Users\Dorian\AppData\Roaming\npm
USERNAME=Dorian
OS=Windows_NT
PROCESSOR_IDENTIFIER=Intel64 Family 6 Model 142 Stepping 10, GenuineIntel
TMP=C:\Users\Dorian\AppData\Local\Temp
TEMP=C:\Users\Dorian\AppData\Local\Temp




Periodic native trim disabled

---------------  S Y S T E M  ---------------

OS:
 Windows 11 , 64 bit Build 26100 (10.0.26100.7019)
OS uptime: 3 days 9:27 hours

CPU: total 8 (initial active 8) (4 cores per cpu, 2 threads per core) family 6 model 142 stepping 10 microcode 0xf6, cx8, cmov, fxsr, ht, mmx, 3dnowpref, sse, sse2, sse3, ssse3, sse4.1, sse4.2, popcnt, lzcnt, tsc, tscinvbit, avx, avx2, aes, erms, clmul, bmi1, bmi2, adx, fma, vzeroupper, clflush, clflushopt, rdtscp, f16c
Processor Information for the first 8 processors :
  Max Mhz: 1992, Current Mhz: 1792, Mhz Limit: 1792

Memory: 4k page, system-wide physical 7555M (1031M free)
TotalPageFile size 11651M (AvailPageFile size 15M)
current process WorkingSet (physical memory assigned to process): 156M, peak: 163M
current process commit charge ("private bytes"): 300M, peak: 300M

vm_info: OpenJDK 64-Bit Server VM (21.0.8+9-LTS) for windows-amd64 JRE (21.0.8+9-LTS), built on 2025-07-15T00:00:00Z by "admin" with MS VC++ 17.7 (VS2022)

END.
