#
# There is insufficient memory for the Java Runtime Environment to continue.
# Native memory allocation (malloc) failed to allocate 1285936 bytes. Error detail: Chunk::new
# Possible reasons:
#   The system is out of physical RAM or swap space
#   This process is running with CompressedOops enabled, and the Java Heap may be blocking the growth of the native heap
# Possible solutions:
#   Reduce memory load on the system
#   Increase physical memory or swap space
#   Check if swap backing store is full
#   Decrease Java heap size (-Xmx/-Xms)
#   Decrease number of Java threads
#   Decrease Java thread stack sizes (-Xss)
#   Set larger code cache with -XX:ReservedCodeCacheSize=
#   JVM is running with Unscaled Compressed Oops mode in which the Java heap is
#     placed in the first 4GB address space. The Java Heap base address is the
#     maximum limit for the native heap growth. Please use -XX:HeapBaseMinAddress
#     to set the Java Heap base and to place the Java Heap above 4GB virtual address.
# This output file may be truncated or incomplete.
#
#  Out of Memory Error (arena.cpp:168), pid=8364, tid=14496
#
# JRE version: OpenJDK Runtime Environment Temurin-21.0.8+9 (21.0.8+9) (build 21.0.8+9-LTS)
# Java VM: OpenJDK 64-Bit Server VM Temurin-21.0.8+9 (21.0.8+9-LTS, mixed mode, sharing, tiered, compressed oops, compressed class ptrs, parallel gc, windows-amd64)
# No core dump will be written. Minidumps are not enabled by default on client versions of Windows
#

---------------  S U M M A R Y ------------

Command Line: --add-modules=ALL-SYSTEM --add-opens=java.base/java.util=ALL-UNNAMED --add-opens=java.base/java.lang=ALL-UNNAMED --add-opens=java.base/sun.nio.fs=ALL-UNNAMED -Declipse.application=org.eclipse.jdt.ls.core.id1 -Dosgi.bundles.defaultStartLevel=4 -Declipse.product=org.eclipse.jdt.ls.core.product -Djava.import.generatesMetadataFilesAtProjectRoot=false -DDetectVMInstallationsJob.disabled=true -Dfile.encoding=utf8 -XX:+UseParallelGC -XX:GCTimeRatio=4 -XX:AdaptiveSizePolicyWeight=90 -Dsun.zip.disableMemoryMapping=true -Xmx2G -Xms100m -Xlog:disable -javaagent:c:\Users\Dorian\.vscode\extensions\redhat.java-1.47.0-win32-x64\lombok\lombok-1.18.39-4050.jar c:\Users\Dorian\.vscode\extensions\redhat.java-1.47.0-win32-x64\server\plugins\org.eclipse.equinox.launcher_1.7.100.v20251014-1222.jar -configuration c:\Users\Dorian\AppData\Roaming\Code\User\globalStorage\redhat.java\1.47.0\config_ss_win -data c:\Users\Dorian\AppData\Roaming\Code\User\workspaceStorage\2e54c20b31e2f00811d0ee3cb5a815c0\redhat.java\ss_ws --pipe=\\.\pipe\lsp-e5b4732f73b84a1cf13f5467e700b3cd-sock

Host: Intel(R) Core(TM) i7-8550U CPU @ 1.80GHz, 8 cores, 7G,  Windows 11 , 64 bit Build 26100 (10.0.26100.7019)
Time: Wed Nov  5 10:23:20 2025 E. Africa Standard Time elapsed time: 14.956377 seconds (0d 0h 0m 14s)

---------------  T H R E A D  ---------------

Current thread (0x000002ae37d60d60):  JavaThread "C2 CompilerThread0" daemon [_thread_in_native, id=14496, stack(0x000000b502100000,0x000000b502200000) (1024K)]


Current CompileTask:
C2:14956 3385       4       org.eclipse.osgi.internal.loader.ModuleClassLoader::toString (80 bytes)

Stack: [0x000000b502100000,0x000000b502200000]
Native frames: (J=compiled Java code, j=interpreted, Vv=VM code, C=native code)
V  [jvm.dll+0x6d2449]
V  [jvm.dll+0x8ae341]
V  [jvm.dll+0x8b08be]
V  [jvm.dll+0x8b0fa3]
V  [jvm.dll+0x280c96]
V  [jvm.dll+0xc581d]
V  [jvm.dll+0xc5d53]
V  [jvm.dll+0x3b9162]
V  [jvm.dll+0x385315]
V  [jvm.dll+0x38477a]
V  [jvm.dll+0x248ed0]
V  [jvm.dll+0x2484af]
V  [jvm.dll+0x1c89ee]
V  [jvm.dll+0x257d4d]
V  [jvm.dll+0x2562ea]
V  [jvm.dll+0x3f2d16]
V  [jvm.dll+0x857e6b]
V  [jvm.dll+0x6d0b0d]
C  [ucrtbase.dll+0x37b0]
C  [KERNEL32.DLL+0x2e8d7]
C  [ntdll.dll+0x8c53c]


---------------  P R O C E S S  ---------------

Threads class SMR info:
_java_thread_list=0x000002ae96c0e270, length=34, elements={
0x000002ae37de93a0, 0x000002ae37e9e890, 0x000002ae37d56340, 0x000002ae37d59330,
0x000002ae37d59f80, 0x000002ae37d5cae0, 0x000002ae37d5d530, 0x000002ae37d60d60,
0x000002ae37d8cb20, 0x000002ae911fe8f0, 0x000002ae9148cbb0, 0x000002ae962d6c20,
0x000002ae96179d90, 0x000002ae9617a3f0, 0x000002ae9620e400, 0x000002ae963709f0,
0x000002ae9638fd70, 0x000002ae96235820, 0x000002ae96556450, 0x000002ae911a00f0,
0x000002ae96dc23a0, 0x000002ae96a7f970, 0x000002ae96a80690, 0x000002ae96a80000,
0x000002ae96a7f2e0, 0x000002ae97be95f0, 0x000002ae97bea9a0, 0x000002ae97be8f60,
0x000002ae97bea310, 0x000002ae97be7520, 0x000002ae97be88d0, 0x000002ae97be9c80,
0x000002ae97be8240, 0x000002ae97beb030
}

Java Threads: ( => current thread )
  0x000002ae37de93a0 JavaThread "main"                              [_thread_blocked, id=5972, stack(0x000000b501700000,0x000000b501800000) (1024K)]
  0x000002ae37e9e890 JavaThread "Reference Handler"          daemon [_thread_blocked, id=15388, stack(0x000000b501b00000,0x000000b501c00000) (1024K)]
  0x000002ae37d56340 JavaThread "Finalizer"                  daemon [_thread_blocked, id=7984, stack(0x000000b501c00000,0x000000b501d00000) (1024K)]
  0x000002ae37d59330 JavaThread "Signal Dispatcher"          daemon [_thread_blocked, id=19324, stack(0x000000b501d00000,0x000000b501e00000) (1024K)]
  0x000002ae37d59f80 JavaThread "Attach Listener"            daemon [_thread_blocked, id=11960, stack(0x000000b501e00000,0x000000b501f00000) (1024K)]
  0x000002ae37d5cae0 JavaThread "Service Thread"             daemon [_thread_blocked, id=12296, stack(0x000000b501f00000,0x000000b502000000) (1024K)]
  0x000002ae37d5d530 JavaThread "Monitor Deflation Thread"   daemon [_thread_blocked, id=16336, stack(0x000000b502000000,0x000000b502100000) (1024K)]
=>0x000002ae37d60d60 JavaThread "C2 CompilerThread0"         daemon [_thread_in_native, id=14496, stack(0x000000b502100000,0x000000b502200000) (1024K)]
  0x000002ae37d8cb20 JavaThread "C1 CompilerThread0"         daemon [_thread_blocked, id=676, stack(0x000000b502200000,0x000000b502300000) (1024K)]
  0x000002ae911fe8f0 JavaThread "Common-Cleaner"             daemon [_thread_blocked, id=18176, stack(0x000000b502300000,0x000000b502400000) (1024K)]
  0x000002ae9148cbb0 JavaThread "Notification Thread"        daemon [_thread_blocked, id=11044, stack(0x000000b502500000,0x000000b502600000) (1024K)]
  0x000002ae962d6c20 JavaThread "Active Thread: Equinox Container: 82c8423f-6bf4-4bdd-ab9f-7d71a740b426"        [_thread_blocked, id=9700, stack(0x000000b502d00000,0x000000b502e00000) (1024K)]
  0x000002ae96179d90 JavaThread "Framework Event Dispatcher: Equinox Container: 82c8423f-6bf4-4bdd-ab9f-7d71a740b426" daemon [_thread_blocked, id=19196, stack(0x000000b502600000,0x000000b502700000) (1024K)]
  0x000002ae9617a3f0 JavaThread "Start Level: Equinox Container: 82c8423f-6bf4-4bdd-ab9f-7d71a740b426" daemon [_thread_blocked, id=2148, stack(0x000000b502e00000,0x000000b502f00000) (1024K)]
  0x000002ae9620e400 JavaThread "SCR Component Actor"        daemon [_thread_blocked, id=18616, stack(0x000000b502400000,0x000000b502500000) (1024K)]
  0x000002ae963709f0 JavaThread "Worker-JM"                         [_thread_blocked, id=5088, stack(0x000000b503200000,0x000000b503300000) (1024K)]
  0x000002ae9638fd70 JavaThread "JNA Cleaner"                daemon [_thread_blocked, id=14276, stack(0x000000b503000000,0x000000b503100000) (1024K)]
  0x000002ae96235820 JavaThread "Worker-0"                          [_thread_blocked, id=21448, stack(0x000000b503100000,0x000000b503200000) (1024K)]
  0x000002ae96556450 JavaThread "Worker-1"                          [_thread_blocked, id=12764, stack(0x000000b503300000,0x000000b503400000) (1024K)]
  0x000002ae911a00f0 JavaThread "C2 CompilerThread1"         daemon [_thread_blocked, id=20412, stack(0x000000b503400000,0x000000b503500000) (1024K)]
  0x000002ae96dc23a0 JavaThread "C2 CompilerThread2"         daemon [_thread_blocked, id=9544, stack(0x000000b503600000,0x000000b503700000) (1024K)]
  0x000002ae96a7f970 JavaThread "Thread-1"                   daemon [_thread_in_native, id=9704, stack(0x000000b503900000,0x000000b503a00000) (1024K)]
  0x000002ae96a80690 JavaThread "Thread-2"                   daemon [_thread_in_native, id=4552, stack(0x000000b503a00000,0x000000b503b00000) (1024K)]
  0x000002ae96a80000 JavaThread "Thread-3"                   daemon [_thread_in_native, id=16564, stack(0x000000b503b00000,0x000000b503c00000) (1024K)]
  0x000002ae96a7f2e0 JavaThread "Thread-4"                   daemon [_thread_in_native, id=13284, stack(0x000000b503c00000,0x000000b503d00000) (1024K)]
  0x000002ae97be95f0 JavaThread "Thread-5"                   daemon [_thread_in_native, id=7048, stack(0x000000b503d00000,0x000000b503e00000) (1024K)]
  0x000002ae97bea9a0 JavaThread "Thread-6"                   daemon [_thread_in_native, id=9028, stack(0x000000b503e00000,0x000000b503f00000) (1024K)]
  0x000002ae97be8f60 JavaThread "Thread-7"                   daemon [_thread_in_native, id=3472, stack(0x000000b503f00000,0x000000b504000000) (1024K)]
  0x000002ae97bea310 JavaThread "Thread-8"                   daemon [_thread_in_native, id=5032, stack(0x000000b504000000,0x000000b504100000) (1024K)]
  0x000002ae97be7520 JavaThread "Thread-9"                   daemon [_thread_in_native, id=12352, stack(0x000000b504100000,0x000000b504200000) (1024K)]
  0x000002ae97be88d0 JavaThread "pool-2-thread-1"                   [_thread_blocked, id=9656, stack(0x000000b504200000,0x000000b504300000) (1024K)]
  0x000002ae97be9c80 JavaThread "Worker-2"                          [_thread_blocked, id=18040, stack(0x000000b504300000,0x000000b504400000) (1024K)]
  0x000002ae97be8240 JavaThread "WorkspaceEventsHandler"            [_thread_blocked, id=18856, stack(0x000000b504400000,0x000000b504500000) (1024K)]
  0x000002ae97beb030 JavaThread "pool-1-thread-1"                   [_thread_blocked, id=14148, stack(0x000000b504500000,0x000000b504600000) (1024K)]
Total: 34

Other Threads:
  0x000002ae359ae9b0 VMThread "VM Thread"                           [id=12392, stack(0x000000b501a00000,0x000000b501b00000) (1024K)]
  0x000002ae37c6ca00 WatcherThread "VM Periodic Task Thread"        [id=18340, stack(0x000000b501900000,0x000000b501a00000) (1024K)]
  0x000002ae37e06fa0 WorkerThread "GC Thread#0"                     [id=4844, stack(0x000000b501800000,0x000000b501900000) (1024K)]
  0x000002ae91b9d890 WorkerThread "GC Thread#1"                     [id=6652, stack(0x000000b502700000,0x000000b502800000) (1024K)]
  0x000002ae91b9dc30 WorkerThread "GC Thread#2"                     [id=8488, stack(0x000000b502800000,0x000000b502900000) (1024K)]
  0x000002ae91750cd0 WorkerThread "GC Thread#3"                     [id=15016, stack(0x000000b502900000,0x000000b502a00000) (1024K)]
  0x000002ae9198e5a0 WorkerThread "GC Thread#4"                     [id=2788, stack(0x000000b502a00000,0x000000b502b00000) (1024K)]
  0x000002ae9198f360 WorkerThread "GC Thread#5"                     [id=17468, stack(0x000000b502b00000,0x000000b502c00000) (1024K)]
  0x000002ae9198f700 WorkerThread "GC Thread#6"                     [id=7812, stack(0x000000b502c00000,0x000000b502d00000) (1024K)]
  0x000002ae91c90840 WorkerThread "GC Thread#7"                     [id=21232, stack(0x000000b502f00000,0x000000b503000000) (1024K)]
Total: 10

Threads with active compile tasks:
C2 CompilerThread0  15001 3385       4       org.eclipse.osgi.internal.loader.ModuleClassLoader::toString (80 bytes)
Total: 1

VM state: not at safepoint (normal execution)

VM Mutex/Monitor currently owned by a thread: None

Heap address: 0x0000000080000000, size: 2048 MB, Compressed Oops mode: 32-bit

CDS archive(s) mapped at: [0x000002ae4f000000-0x000002ae4fba0000-0x000002ae4fba0000), size 12189696, SharedBaseAddress: 0x000002ae4f000000, ArchiveRelocationMode: 1.
Compressed class space mapped at: 0x000002ae50000000-0x000002ae90000000, reserved size: 1073741824
Narrow klass base: 0x000002ae4f000000, Narrow klass shift: 0, Narrow klass range: 0x100000000

GC Precious Log:
 CardTable entry size: 512
 CPUs: 8 total, 8 available
 Memory: 7555M
 Large Page Support: Disabled
 NUMA Support: Disabled
 Compressed Oops: Enabled (32-bit)
 Alignments: Space 512K, Generation 512K, Heap 2M
 Heap Min Capacity: 100M
 Heap Initial Capacity: 100M
 Heap Max Capacity: 2G
 Pre-touch: Disabled
 Parallel Workers: 8

Heap:
 PSYoungGen      total 27136K, used 15596K [0x00000000d5580000, 0x00000000d7600000, 0x0000000100000000)
  eden space 24064K, 52% used [0x00000000d5580000,0x00000000d61c2aa0,0x00000000d6d00000)
  from space 3072K, 99% used [0x00000000d7180000,0x00000000d7478648,0x00000000d7480000)
  to   space 4608K, 0% used [0x00000000d6d00000,0x00000000d6d00000,0x00000000d7180000)
 ParOldGen       total 68608K, used 10026K [0x0000000080000000, 0x0000000084300000, 0x00000000d5580000)
  object space 68608K, 14% used [0x0000000080000000,0x00000000809caa00,0x0000000084300000)
 Metaspace       used 28627K, committed 29440K, reserved 1114112K
  class space    used 2867K, committed 3264K, reserved 1048576K

Card table byte_map: [0x000002ae37780000,0x000002ae37b90000] _byte_map_base: 0x000002ae37380000

Marking Bits: (ParMarkBitMap*) 0x00007ffee166a340
 Begin Bits: [0x000002ae4a280000, 0x000002ae4c280000)
 End Bits:   [0x000002ae4c280000, 0x000002ae4e280000)

Polling page: 0x000002ae35bd0000

Metaspace:

Usage:
  Non-class:     25.16 MB used.
      Class:      2.80 MB used.
       Both:     27.96 MB used.

Virtual space:
  Non-class space:       64.00 MB reserved,      25.56 MB ( 40%) committed,  1 nodes.
      Class space:        1.00 GB reserved,       3.19 MB ( <1%) committed,  1 nodes.
             Both:        1.06 GB reserved,      28.75 MB (  3%) committed. 

Chunk freelists:
   Non-Class:  5.69 MB
       Class:  12.84 MB
        Both:  18.53 MB

MaxMetaspaceSize: unlimited
CompressedClassSpaceSize: 1.00 GB
Initial GC threshold: 21.00 MB
Current GC threshold: 35.00 MB
CDS: on
 - commit_granule_bytes: 65536.
 - commit_granule_words: 8192.
 - virtual_space_node_default_size: 8388608.
 - enlarge_chunks_in_place: 1.
 - use_allocation_guard: 0.


Internal statistics:

num_allocs_failed_limit: 3.
num_arena_births: 560.
num_arena_deaths: 14.
num_vsnodes_births: 2.
num_vsnodes_deaths: 0.
num_space_committed: 460.
num_space_uncommitted: 0.
num_chunks_returned_to_freelist: 17.
num_chunks_taken_from_freelist: 1682.
num_chunk_merges: 9.
num_chunk_splits: 1073.
num_chunks_enlarged: 688.
num_inconsistent_stats: 0.

CodeHeap 'non-profiled nmethods': size=120000Kb used=1673Kb max_used=1673Kb free=118326Kb
 bounds [0x000002ae42aa0000, 0x000002ae42d10000, 0x000002ae49fd0000]
CodeHeap 'profiled nmethods': size=120000Kb used=6615Kb max_used=6615Kb free=113384Kb
 bounds [0x000002ae3afd0000, 0x000002ae3b650000, 0x000002ae42500000]
CodeHeap 'non-nmethods': size=5760Kb used=1341Kb max_used=1405Kb free=4419Kb
 bounds [0x000002ae42500000, 0x000002ae42770000, 0x000002ae42aa0000]
CodeCache: size=245760Kb, used=9629Kb, max_used=9693Kb, free=236129Kb
 total_blobs=4085, nmethods=3453, adapters=538, full_count=0
Compilation: enabled, stopped_count=0, restarted_count=0

Compilation events (20 events):
Event: 13.920 Thread 0x000002ae37d8cb20 3417       1       sun.util.calendar.CalendarDate::getYear (5 bytes)
Event: 13.920 Thread 0x000002ae37d8cb20 nmethod 3417 0x000002ae42c3fc90 code [0x000002ae42c3fe20, 0x000002ae42c3fee8]
Event: 13.920 Thread 0x000002ae37d8cb20 3446       1       java.text.DecimalFormatSymbols::getNaN (5 bytes)
Event: 13.920 Thread 0x000002ae37d8cb20 nmethod 3446 0x000002ae42c3ff90 code [0x000002ae42c40120, 0x000002ae42c401e8]
Event: 13.920 Thread 0x000002ae37d8cb20 3447       1       java.text.DecimalFormatSymbols::getInfinity (5 bytes)
Event: 13.921 Thread 0x000002ae37d8cb20 nmethod 3447 0x000002ae42c40290 code [0x000002ae42c40420, 0x000002ae42c404e8]
Event: 13.921 Thread 0x000002ae37d8cb20 3452       3       java.lang.StringBuilder::setLength (6 bytes)
Event: 13.921 Thread 0x000002ae96dc23a0 nmethod 3450 0x000002ae42c40590 code [0x000002ae42c40720, 0x000002ae42c407f0]
Event: 13.921 Thread 0x000002ae37d8cb20 nmethod 3452 0x000002ae3b642d90 code [0x000002ae3b642f40, 0x000002ae3b643080]
Event: 13.921 Thread 0x000002ae37d8cb20 3451  s    3       java.lang.StringBuffer::append (13 bytes)
Event: 13.921 Thread 0x000002ae37d8cb20 nmethod 3451 0x000002ae3b643110 code [0x000002ae3b6432c0, 0x000002ae3b6434f0]
Event: 13.921 Thread 0x000002ae37d8cb20 3453       1       org.eclipse.jdt.ls.core.internal.LogReader$LogEntry::getSession (5 bytes)
Event: 13.921 Thread 0x000002ae37d8cb20 nmethod 3453 0x000002ae42c40890 code [0x000002ae42c40a20, 0x000002ae42c40ae8]
Event: 13.922 Thread 0x000002ae37d8cb20 3454       3       jdk.internal.misc.VM::isModuleSystemInited (13 bytes)
Event: 13.922 Thread 0x000002ae37d8cb20 nmethod 3454 0x000002ae3b643590 code [0x000002ae3b643720, 0x000002ae3b643870]
Event: 13.922 Thread 0x000002ae37d8cb20 3456       3       java.nio.Buffer::hasRemaining (17 bytes)
Event: 13.922 Thread 0x000002ae37d8cb20 nmethod 3456 0x000002ae3b643910 code [0x000002ae3b643aa0, 0x000002ae3b643c08]
Event: 13.929 Thread 0x000002ae37d8cb20 3457       3       java.util.concurrent.ConcurrentLinkedQueue::updateHead (26 bytes)
Event: 13.929 Thread 0x000002ae911a00f0 nmethod 3441 0x000002ae42c40f90 code [0x000002ae42c411c0, 0x000002ae42c41e58]
Event: 13.930 Thread 0x000002ae37d8cb20 nmethod 3457 0x000002ae3b643c90 code [0x000002ae3b644000, 0x000002ae3b645738]

GC Heap History (18 events):
Event: 2.464 GC heap before
{Heap before GC invocations=1 (full 0):
 PSYoungGen      total 29696K, used 25600K [0x00000000d5580000, 0x00000000d7680000, 0x0000000100000000)
  eden space 25600K, 100% used [0x00000000d5580000,0x00000000d6e80000,0x00000000d6e80000)
  from space 4096K, 0% used [0x00000000d7280000,0x00000000d7280000,0x00000000d7680000)
  to   space 4096K, 0% used [0x00000000d6e80000,0x00000000d6e80000,0x00000000d7280000)
 ParOldGen       total 68608K, used 0K [0x0000000080000000, 0x0000000084300000, 0x00000000d5580000)
  object space 68608K, 0% used [0x0000000080000000,0x0000000080000000,0x0000000084300000)
 Metaspace       used 4330K, committed 4544K, reserved 1114112K
  class space    used 472K, committed 576K, reserved 1048576K
}
Event: 2.475 GC heap after
{Heap after GC invocations=1 (full 0):
 PSYoungGen      total 29696K, used 3296K [0x00000000d5580000, 0x00000000d7680000, 0x0000000100000000)
  eden space 25600K, 0% used [0x00000000d5580000,0x00000000d5580000,0x00000000d6e80000)
  from space 4096K, 80% used [0x00000000d6e80000,0x00000000d71b8158,0x00000000d7280000)
  to   space 4096K, 0% used [0x00000000d7280000,0x00000000d7280000,0x00000000d7680000)
 ParOldGen       total 68608K, used 16K [0x0000000080000000, 0x0000000084300000, 0x00000000d5580000)
  object space 68608K, 0% used [0x0000000080000000,0x0000000080004000,0x0000000084300000)
 Metaspace       used 4330K, committed 4544K, reserved 1114112K
  class space    used 472K, committed 576K, reserved 1048576K
}
Event: 3.495 GC heap before
{Heap before GC invocations=2 (full 0):
 PSYoungGen      total 29696K, used 28896K [0x00000000d5580000, 0x00000000d7680000, 0x0000000100000000)
  eden space 25600K, 100% used [0x00000000d5580000,0x00000000d6e80000,0x00000000d6e80000)
  from space 4096K, 80% used [0x00000000d6e80000,0x00000000d71b8158,0x00000000d7280000)
  to   space 4096K, 0% used [0x00000000d7280000,0x00000000d7280000,0x00000000d7680000)
 ParOldGen       total 68608K, used 16K [0x0000000080000000, 0x0000000084300000, 0x00000000d5580000)
  object space 68608K, 0% used [0x0000000080000000,0x0000000080004000,0x0000000084300000)
 Metaspace       used 8179K, committed 8512K, reserved 1114112K
  class space    used 871K, committed 1024K, reserved 1048576K
}
Event: 3.503 GC heap after
{Heap after GC invocations=2 (full 0):
 PSYoungGen      total 29696K, used 4091K [0x00000000d5580000, 0x00000000d7680000, 0x0000000100000000)
  eden space 25600K, 0% used [0x00000000d5580000,0x00000000d5580000,0x00000000d6e80000)
  from space 4096K, 99% used [0x00000000d7280000,0x00000000d767efe8,0x00000000d7680000)
  to   space 4096K, 0% used [0x00000000d6e80000,0x00000000d6e80000,0x00000000d7280000)
 ParOldGen       total 68608K, used 889K [0x0000000080000000, 0x0000000084300000, 0x00000000d5580000)
  object space 68608K, 1% used [0x0000000080000000,0x00000000800de6a8,0x0000000084300000)
 Metaspace       used 8179K, committed 8512K, reserved 1114112K
  class space    used 871K, committed 1024K, reserved 1048576K
}
Event: 4.183 GC heap before
{Heap before GC invocations=3 (full 0):
 PSYoungGen      total 29696K, used 29691K [0x00000000d5580000, 0x00000000d7680000, 0x0000000100000000)
  eden space 25600K, 100% used [0x00000000d5580000,0x00000000d6e80000,0x00000000d6e80000)
  from space 4096K, 99% used [0x00000000d7280000,0x00000000d767efe8,0x00000000d7680000)
  to   space 4096K, 0% used [0x00000000d6e80000,0x00000000d6e80000,0x00000000d7280000)
 ParOldGen       total 68608K, used 889K [0x0000000080000000, 0x0000000084300000, 0x00000000d5580000)
  object space 68608K, 1% used [0x0000000080000000,0x00000000800de6a8,0x0000000084300000)
 Metaspace       used 12978K, committed 13504K, reserved 1114112K
  class space    used 1378K, committed 1600K, reserved 1048576K
}
Event: 4.189 GC heap after
{Heap after GC invocations=3 (full 0):
 PSYoungGen      total 29696K, used 4064K [0x00000000d5580000, 0x00000000d7680000, 0x0000000100000000)
  eden space 25600K, 0% used [0x00000000d5580000,0x00000000d5580000,0x00000000d6e80000)
  from space 4096K, 99% used [0x00000000d6e80000,0x00000000d7278100,0x00000000d7280000)
  to   space 4096K, 0% used [0x00000000d7280000,0x00000000d7280000,0x00000000d7680000)
 ParOldGen       total 68608K, used 2670K [0x0000000080000000, 0x0000000084300000, 0x00000000d5580000)
  object space 68608K, 3% used [0x0000000080000000,0x000000008029b8b8,0x0000000084300000)
 Metaspace       used 12978K, committed 13504K, reserved 1114112K
  class space    used 1378K, committed 1600K, reserved 1048576K
}
Event: 12.872 GC heap before
{Heap before GC invocations=4 (full 0):
 PSYoungGen      total 29696K, used 29664K [0x00000000d5580000, 0x00000000d7680000, 0x0000000100000000)
  eden space 25600K, 100% used [0x00000000d5580000,0x00000000d6e80000,0x00000000d6e80000)
  from space 4096K, 99% used [0x00000000d6e80000,0x00000000d7278100,0x00000000d7280000)
  to   space 4096K, 0% used [0x00000000d7280000,0x00000000d7280000,0x00000000d7680000)
 ParOldGen       total 68608K, used 2670K [0x0000000080000000, 0x0000000084300000, 0x00000000d5580000)
  object space 68608K, 3% used [0x0000000080000000,0x000000008029b8b8,0x0000000084300000)
 Metaspace       used 16972K, committed 17664K, reserved 1114112K
  class space    used 1792K, committed 2112K, reserved 1048576K
}
Event: 12.878 GC heap after
{Heap after GC invocations=4 (full 0):
 PSYoungGen      total 29696K, used 4071K [0x00000000d5580000, 0x00000000d7680000, 0x0000000100000000)
  eden space 25600K, 0% used [0x00000000d5580000,0x00000000d5580000,0x00000000d6e80000)
  from space 4096K, 99% used [0x00000000d7280000,0x00000000d7679dc8,0x00000000d7680000)
  to   space 4096K, 0% used [0x00000000d6e80000,0x00000000d6e80000,0x00000000d7280000)
 ParOldGen       total 68608K, used 4510K [0x0000000080000000, 0x0000000084300000, 0x00000000d5580000)
  object space 68608K, 6% used [0x0000000080000000,0x0000000080467a28,0x0000000084300000)
 Metaspace       used 16972K, committed 17664K, reserved 1114112K
  class space    used 1792K, committed 2112K, reserved 1048576K
}
Event: 13.174 GC heap before
{Heap before GC invocations=5 (full 0):
 PSYoungGen      total 29696K, used 29671K [0x00000000d5580000, 0x00000000d7680000, 0x0000000100000000)
  eden space 25600K, 100% used [0x00000000d5580000,0x00000000d6e80000,0x00000000d6e80000)
  from space 4096K, 99% used [0x00000000d7280000,0x00000000d7679dc8,0x00000000d7680000)
  to   space 4096K, 0% used [0x00000000d6e80000,0x00000000d6e80000,0x00000000d7280000)
 ParOldGen       total 68608K, used 4510K [0x0000000080000000, 0x0000000084300000, 0x00000000d5580000)
  object space 68608K, 6% used [0x0000000080000000,0x0000000080467a28,0x0000000084300000)
 Metaspace       used 20251K, committed 20928K, reserved 1114112K
  class space    used 2011K, committed 2304K, reserved 1048576K
}
Event: 13.176 GC heap after
{Heap after GC invocations=5 (full 0):
 PSYoungGen      total 29184K, used 4071K [0x00000000d5580000, 0x00000000d7800000, 0x0000000100000000)
  eden space 25088K, 0% used [0x00000000d5580000,0x00000000d5580000,0x00000000d6e00000)
  from space 4096K, 99% used [0x00000000d6e80000,0x00000000d7279dc8,0x00000000d7280000)
  to   space 5120K, 0% used [0x00000000d7300000,0x00000000d7300000,0x00000000d7800000)
 ParOldGen       total 68608K, used 4758K [0x0000000080000000, 0x0000000084300000, 0x00000000d5580000)
  object space 68608K, 6% used [0x0000000080000000,0x00000000804a5a28,0x0000000084300000)
 Metaspace       used 20251K, committed 20928K, reserved 1114112K
  class space    used 2011K, committed 2304K, reserved 1048576K
}
Event: 13.218 GC heap before
{Heap before GC invocations=6 (full 0):
 PSYoungGen      total 29184K, used 10863K [0x00000000d5580000, 0x00000000d7800000, 0x0000000100000000)
  eden space 25088K, 27% used [0x00000000d5580000,0x00000000d5c21e98,0x00000000d6e00000)
  from space 4096K, 99% used [0x00000000d6e80000,0x00000000d7279dc8,0x00000000d7280000)
  to   space 5120K, 0% used [0x00000000d7300000,0x00000000d7300000,0x00000000d7800000)
 ParOldGen       total 68608K, used 4758K [0x0000000080000000, 0x0000000084300000, 0x00000000d5580000)
  object space 68608K, 6% used [0x0000000080000000,0x00000000804a5a28,0x0000000084300000)
 Metaspace       used 20810K, committed 21504K, reserved 1114112K
  class space    used 2058K, committed 2368K, reserved 1048576K
}
Event: 13.223 GC heap after
{Heap after GC invocations=6 (full 0):
 PSYoungGen      total 29696K, used 4426K [0x00000000d5580000, 0x00000000d7780000, 0x0000000100000000)
  eden space 25088K, 0% used [0x00000000d5580000,0x00000000d5580000,0x00000000d6e00000)
  from space 4608K, 96% used [0x00000000d7300000,0x00000000d7752890,0x00000000d7780000)
  to   space 4608K, 0% used [0x00000000d6e80000,0x00000000d6e80000,0x00000000d7300000)
 ParOldGen       total 68608K, used 4766K [0x0000000080000000, 0x0000000084300000, 0x00000000d5580000)
  object space 68608K, 6% used [0x0000000080000000,0x00000000804a7a28,0x0000000084300000)
 Metaspace       used 20810K, committed 21504K, reserved 1114112K
  class space    used 2058K, committed 2368K, reserved 1048576K
}
Event: 13.223 GC heap before
{Heap before GC invocations=7 (full 1):
 PSYoungGen      total 29696K, used 4426K [0x00000000d5580000, 0x00000000d7780000, 0x0000000100000000)
  eden space 25088K, 0% used [0x00000000d5580000,0x00000000d5580000,0x00000000d6e00000)
  from space 4608K, 96% used [0x00000000d7300000,0x00000000d7752890,0x00000000d7780000)
  to   space 4608K, 0% used [0x00000000d6e80000,0x00000000d6e80000,0x00000000d7300000)
 ParOldGen       total 68608K, used 4766K [0x0000000080000000, 0x0000000084300000, 0x00000000d5580000)
  object space 68608K, 6% used [0x0000000080000000,0x00000000804a7a28,0x0000000084300000)
 Metaspace       used 20810K, committed 21504K, reserved 1114112K
  class space    used 2058K, committed 2368K, reserved 1048576K
}
Event: 13.248 GC heap after
{Heap after GC invocations=7 (full 1):
 PSYoungGen      total 29696K, used 0K [0x00000000d5580000, 0x00000000d7780000, 0x0000000100000000)
  eden space 25088K, 0% used [0x00000000d5580000,0x00000000d5580000,0x00000000d6e00000)
  from space 4608K, 0% used [0x00000000d7300000,0x00000000d7300000,0x00000000d7780000)
  to   space 4608K, 0% used [0x00000000d6e80000,0x00000000d6e80000,0x00000000d7300000)
 ParOldGen       total 68608K, used 8845K [0x0000000080000000, 0x0000000084300000, 0x00000000d5580000)
  object space 68608K, 12% used [0x0000000080000000,0x00000000808a34e0,0x0000000084300000)
 Metaspace       used 20797K, committed 21504K, reserved 1114112K
  class space    used 2054K, committed 2368K, reserved 1048576K
}
Event: 13.484 GC heap before
{Heap before GC invocations=8 (full 1):
 PSYoungGen      total 29696K, used 25088K [0x00000000d5580000, 0x00000000d7780000, 0x0000000100000000)
  eden space 25088K, 100% used [0x00000000d5580000,0x00000000d6e00000,0x00000000d6e00000)
  from space 4608K, 0% used [0x00000000d7300000,0x00000000d7300000,0x00000000d7780000)
  to   space 4608K, 0% used [0x00000000d6e80000,0x00000000d6e80000,0x00000000d7300000)
 ParOldGen       total 68608K, used 8845K [0x0000000080000000, 0x0000000084300000, 0x00000000d5580000)
  object space 68608K, 12% used [0x0000000080000000,0x00000000808a34e0,0x0000000084300000)
 Metaspace       used 23026K, committed 23744K, reserved 1114112K
  class space    used 2234K, committed 2560K, reserved 1048576K
}
Event: 13.486 GC heap after
{Heap after GC invocations=8 (full 1):
 PSYoungGen      total 27648K, used 2621K [0x00000000d5580000, 0x00000000d7480000, 0x0000000100000000)
  eden space 24576K, 0% used [0x00000000d5580000,0x00000000d5580000,0x00000000d6d80000)
  from space 3072K, 85% used [0x00000000d6e80000,0x00000000d710f660,0x00000000d7180000)
  to   space 3072K, 0% used [0x00000000d7180000,0x00000000d7180000,0x00000000d7480000)
 ParOldGen       total 68608K, used 8853K [0x0000000080000000, 0x0000000084300000, 0x00000000d5580000)
  object space 68608K, 12% used [0x0000000080000000,0x00000000808a54e0,0x0000000084300000)
 Metaspace       used 23026K, committed 23744K, reserved 1114112K
  class space    used 2234K, committed 2560K, reserved 1048576K
}
Event: 13.780 GC heap before
{Heap before GC invocations=9 (full 1):
 PSYoungGen      total 27648K, used 27197K [0x00000000d5580000, 0x00000000d7480000, 0x0000000100000000)
  eden space 24576K, 100% used [0x00000000d5580000,0x00000000d6d80000,0x00000000d6d80000)
  from space 3072K, 85% used [0x00000000d6e80000,0x00000000d710f660,0x00000000d7180000)
  to   space 3072K, 0% used [0x00000000d7180000,0x00000000d7180000,0x00000000d7480000)
 ParOldGen       total 68608K, used 8853K [0x0000000080000000, 0x0000000084300000, 0x00000000d5580000)
  object space 68608K, 12% used [0x0000000080000000,0x00000000808a54e0,0x0000000084300000)
 Metaspace       used 26636K, committed 27520K, reserved 1114112K
  class space    used 2648K, committed 3072K, reserved 1048576K
}
Event: 13.782 GC heap after
{Heap after GC invocations=9 (full 1):
 PSYoungGen      total 27136K, used 3041K [0x00000000d5580000, 0x00000000d7600000, 0x0000000100000000)
  eden space 24064K, 0% used [0x00000000d5580000,0x00000000d5580000,0x00000000d6d00000)
  from space 3072K, 99% used [0x00000000d7180000,0x00000000d7478648,0x00000000d7480000)
  to   space 4608K, 0% used [0x00000000d6d00000,0x00000000d6d00000,0x00000000d7180000)
 ParOldGen       total 68608K, used 10026K [0x0000000080000000, 0x0000000084300000, 0x00000000d5580000)
  object space 68608K, 14% used [0x0000000080000000,0x00000000809caa00,0x0000000084300000)
 Metaspace       used 26636K, committed 27520K, reserved 1114112K
  class space    used 2648K, committed 3072K, reserved 1048576K
}

Dll operation events (10 events):
Event: 0.016 Loaded shared library c:\Users\Dorian\.vscode\extensions\redhat.java-1.47.0-win32-x64\jre\21.0.8-win32-x86_64\bin\java.dll
Event: 0.142 Loaded shared library c:\Users\Dorian\.vscode\extensions\redhat.java-1.47.0-win32-x64\jre\21.0.8-win32-x86_64\bin\zip.dll
Event: 0.183 Loaded shared library C:\Users\Dorian\.vscode\extensions\redhat.java-1.47.0-win32-x64\jre\21.0.8-win32-x86_64\bin\instrument.dll
Event: 0.193 Loaded shared library C:\Users\Dorian\.vscode\extensions\redhat.java-1.47.0-win32-x64\jre\21.0.8-win32-x86_64\bin\net.dll
Event: 0.197 Loaded shared library C:\Users\Dorian\.vscode\extensions\redhat.java-1.47.0-win32-x64\jre\21.0.8-win32-x86_64\bin\nio.dll
Event: 0.204 Loaded shared library C:\Users\Dorian\.vscode\extensions\redhat.java-1.47.0-win32-x64\jre\21.0.8-win32-x86_64\bin\zip.dll
Event: 0.243 Loaded shared library C:\Users\Dorian\.vscode\extensions\redhat.java-1.47.0-win32-x64\jre\21.0.8-win32-x86_64\bin\jimage.dll
Event: 0.443 Loaded shared library c:\Users\Dorian\.vscode\extensions\redhat.java-1.47.0-win32-x64\jre\21.0.8-win32-x86_64\bin\verify.dll
Event: 3.453 Loaded shared library C:\Users\Dorian\AppData\Roaming\Code\User\globalStorage\redhat.java\1.47.0\config_ss_win\org.eclipse.equinox.launcher\org.eclipse.equinox.launcher.win32.win32.x86_64_1.2.1400.v20250801-0854\eclipse_11916.dll
Event: 12.596 Loaded shared library C:\Users\Dorian\AppData\Local\Temp\jna-2052793295\jna13757952518301697418.dll

Deoptimization events (20 events):
Event: 13.888 Thread 0x000002ae37de93a0 Uncommon trap: trap_request=0xffffffc6 fr.pc=0x000002ae42bef300 relative=0x0000000000000be0
Event: 13.888 Thread 0x000002ae37de93a0 Uncommon trap: reason=bimorphic_or_optimized_type_check action=maybe_recompile pc=0x000002ae42bef300 method=java.util.regex.Pattern$Start.match(Ljava/util/regex/Matcher;ILjava/lang/CharSequence;)Z @ 44 c2
Event: 13.888 Thread 0x000002ae37de93a0 DEOPT PACKING pc=0x000002ae42bef300 sp=0x000000b5017fe3d0
Event: 13.888 Thread 0x000002ae37de93a0 DEOPT UNPACKING pc=0x000002ae42553aa2 sp=0x000000b5017fe330 mode 2
Event: 13.888 Thread 0x000002ae37de93a0 Uncommon trap: trap_request=0xffffff45 fr.pc=0x000002ae42ba0d48 relative=0x0000000000000108
Event: 13.888 Thread 0x000002ae37de93a0 Uncommon trap: reason=unstable_if action=reinterpret pc=0x000002ae42ba0d48 method=java.lang.CharacterDataLatin1.digit(II)I @ 7 c2
Event: 13.888 Thread 0x000002ae37de93a0 DEOPT PACKING pc=0x000002ae42ba0d48 sp=0x000000b5017fe450
Event: 13.888 Thread 0x000002ae37de93a0 DEOPT UNPACKING pc=0x000002ae42553aa2 sp=0x000000b5017fe310 mode 2
Event: 13.889 Thread 0x000002ae37de93a0 Uncommon trap: trap_request=0xffffff3d fr.pc=0x000002ae42b620b4 relative=0x0000000000000214
Event: 13.889 Thread 0x000002ae37de93a0 Uncommon trap: reason=unstable_fused_if action=reinterpret pc=0x000002ae42b620b4 method=java.lang.CharacterDataLatin1.equalsIgnoreCase(BB)Z @ 16 c2
Event: 13.889 Thread 0x000002ae37de93a0 DEOPT PACKING pc=0x000002ae42b620b4 sp=0x000000b5017fe540
Event: 13.889 Thread 0x000002ae37de93a0 DEOPT UNPACKING pc=0x000002ae42553aa2 sp=0x000000b5017fe448 mode 2
Event: 13.889 Thread 0x000002ae37de93a0 Uncommon trap: trap_request=0xffffff45 fr.pc=0x000002ae42adbc50 relative=0x00000000000000b0
Event: 13.889 Thread 0x000002ae37de93a0 Uncommon trap: reason=unstable_if action=reinterpret pc=0x000002ae42adbc50 method=java.lang.CharacterDataLatin1.digit(II)I @ 7 c2
Event: 13.889 Thread 0x000002ae37de93a0 DEOPT PACKING pc=0x000002ae42adbc50 sp=0x000000b5017fe3b0
Event: 13.889 Thread 0x000002ae37de93a0 DEOPT UNPACKING pc=0x000002ae42553aa2 sp=0x000000b5017fe330 mode 2
Event: 13.907 Thread 0x000002ae37de93a0 Uncommon trap: trap_request=0xffffff45 fr.pc=0x000002ae42ad48f4 relative=0x00000000000002d4
Event: 13.907 Thread 0x000002ae37de93a0 Uncommon trap: reason=unstable_if action=reinterpret pc=0x000002ae42ad48f4 method=java.util.HashMap$HashIterator.<init>(Ljava/util/HashMap;)V @ 45 c2
Event: 13.907 Thread 0x000002ae37de93a0 DEOPT PACKING pc=0x000002ae42ad48f4 sp=0x000000b5017fe540
Event: 13.907 Thread 0x000002ae37de93a0 DEOPT UNPACKING pc=0x000002ae42553aa2 sp=0x000000b5017fe4d8 mode 2

Classes loaded (20 events):
Event: 13.860 Loading class java/util/concurrent/atomic/AtomicLongArray
Event: 13.860 Loading class java/util/concurrent/atomic/AtomicLongArray done
Event: 13.887 Loading class sun/nio/ch/PendingFuture
Event: 13.887 Loading class sun/nio/ch/PendingFuture done
Event: 13.887 Loading class sun/nio/ch/WindowsAsynchronousFileChannelImpl$ReadTask
Event: 13.887 Loading class sun/nio/ch/Iocp$ResultHandler
Event: 13.887 Loading class sun/nio/ch/Iocp$ResultHandler done
Event: 13.887 Loading class sun/nio/ch/WindowsAsynchronousFileChannelImpl$ReadTask done
Event: 13.888 Loading class java/text/ParsePosition
Event: 13.888 Loading class java/text/ParsePosition done
Event: 13.888 Loading class java/text/CalendarBuilder
Event: 13.888 Loading class java/text/CalendarBuilder done
Event: 13.905 Loading class java/io/PrintWriter$1
Event: 13.905 Loading class jdk/internal/access/JavaIOPrintWriterAccess
Event: 13.905 Loading class jdk/internal/access/JavaIOPrintWriterAccess done
Event: 13.905 Loading class java/io/PrintWriter$1 done
Event: 13.906 Loading class java/time/format/DateTimeParseContext
Event: 13.906 Loading class java/time/format/DateTimeParseContext done
Event: 13.906 Loading class java/time/format/Parsed
Event: 13.906 Loading class java/time/format/Parsed done

Classes unloaded (7 events):
Event: 13.227 Thread 0x000002ae359ae9b0 Unloading class 0x000002ae5018d400 'java/lang/invoke/LambdaForm$MH+0x000002ae5018d400'
Event: 13.227 Thread 0x000002ae359ae9b0 Unloading class 0x000002ae5018d000 'java/lang/invoke/LambdaForm$MH+0x000002ae5018d000'
Event: 13.227 Thread 0x000002ae359ae9b0 Unloading class 0x000002ae5018cc00 'java/lang/invoke/LambdaForm$MH+0x000002ae5018cc00'
Event: 13.227 Thread 0x000002ae359ae9b0 Unloading class 0x000002ae5018c800 'java/lang/invoke/LambdaForm$MH+0x000002ae5018c800'
Event: 13.227 Thread 0x000002ae359ae9b0 Unloading class 0x000002ae5018c400 'java/lang/invoke/LambdaForm$BMH+0x000002ae5018c400'
Event: 13.227 Thread 0x000002ae359ae9b0 Unloading class 0x000002ae5018c000 'java/lang/invoke/LambdaForm$DMH+0x000002ae5018c000'
Event: 13.227 Thread 0x000002ae359ae9b0 Unloading class 0x000002ae5018ac00 'java/lang/invoke/LambdaForm$DMH+0x000002ae5018ac00'

Classes redefined (0 events):
No events

Internal exceptions (20 events):
Event: 13.675 Thread 0x000002ae9617a3f0 Exception <a 'java/lang/UnsatisfiedLinkError'{0x00000000d6186d20}: The specified procedure could not be found.
> (0x00000000d6186d20) 
thrown [s\src\hotspot\share\prims\jni.cpp, line 539]
Event: 13.706 Thread 0x000002ae37de93a0 Exception <a 'java/lang/NoSuchMethodError'{0x00000000d64f1a98}: 'java.lang.Object java.lang.invoke.DirectMethodHandle$Holder.invokeStatic(java.lang.Object, long, java.lang.Object)'> (0x00000000d64f1a98) 
thrown [s\src\hotspot\share\interpreter\linkResolver.cpp, line 773]
Event: 13.706 Thread 0x000002ae37de93a0 Exception <a 'java/lang/NoSuchMethodError'{0x00000000d64f5100}: 'java.lang.Object java.lang.invoke.DirectMethodHandle$Holder.invokeStaticInit(java.lang.Object, long, java.lang.Object)'> (0x00000000d64f5100) 
thrown [s\src\hotspot\share\interpreter\linkResolver.cpp, line 773]
Event: 13.707 Thread 0x000002ae37de93a0 Exception <a 'java/lang/NoSuchMethodError'{0x00000000d64fa7c0}: 'java.lang.Object java.lang.invoke.DirectMethodHandle$Holder.newInvokeSpecial(java.lang.Object, long)'> (0x00000000d64fa7c0) 
thrown [s\src\hotspot\share\interpreter\linkResolver.cpp, line 773]
Event: 13.755 Thread 0x000002ae96235820 Exception <a 'sun/nio/fs/WindowsException'{0x00000000d6b10d98}> (0x00000000d6b10d98) 
thrown [s\src\hotspot\share\prims\jni.cpp, line 520]
Event: 13.755 Thread 0x000002ae96235820 Exception <a 'sun/nio/fs/WindowsException'{0x00000000d6b113e0}> (0x00000000d6b113e0) 
thrown [s\src\hotspot\share\prims\jni.cpp, line 520]
Event: 13.756 Thread 0x000002ae96235820 Exception <a 'sun/nio/fs/WindowsException'{0x00000000d6b11d10}> (0x00000000d6b11d10) 
thrown [s\src\hotspot\share\prims\jni.cpp, line 520]
Event: 13.756 Thread 0x000002ae96235820 Exception <a 'sun/nio/fs/WindowsException'{0x00000000d6b12340}> (0x00000000d6b12340) 
thrown [s\src\hotspot\share\prims\jni.cpp, line 520]
Event: 13.758 Thread 0x000002ae96235820 Exception <a 'sun/nio/fs/WindowsException'{0x00000000d6b3da58}> (0x00000000d6b3da58) 
thrown [s\src\hotspot\share\prims\jni.cpp, line 520]
Event: 13.758 Thread 0x000002ae96235820 Exception <a 'sun/nio/fs/WindowsException'{0x00000000d6b3e088}> (0x00000000d6b3e088) 
thrown [s\src\hotspot\share\prims\jni.cpp, line 520]
Event: 13.774 Thread 0x000002ae96235820 Exception <a 'java/lang/NoSuchMethodError'{0x00000000d6cd28a8}: 'void java.lang.invoke.DirectMethodHandle$Holder.invokeVirtual(java.lang.Object, java.lang.Object, java.lang.Object, java.lang.Object)'> (0x00000000d6cd28a8) 
thrown [s\src\hotspot\share\interpreter\linkResolver.cpp, line 773]
Event: 13.829 Thread 0x000002ae96235820 Exception <a 'java/io/FileNotFoundException'{0x00000000d5b6cb70}> (0x00000000d5b6cb70) 
thrown [s\src\hotspot\share\prims\jni.cpp, line 520]
Event: 13.829 Thread 0x000002ae96235820 Exception <a 'java/io/FileNotFoundException'{0x00000000d5b84c30}> (0x00000000d5b84c30) 
thrown [s\src\hotspot\share\prims\jni.cpp, line 520]
Event: 13.830 Thread 0x000002ae96235820 Exception <a 'java/lang/NoSuchMethodError'{0x00000000d5bacd78}: 'java.lang.Object java.lang.invoke.DirectMethodHandle$Holder.newInvokeSpecial(java.lang.Object, java.lang.Object, java.lang.Object, int)'> (0x00000000d5bacd78) 
thrown [s\src\hotspot\share\interpreter\linkResolver.cpp, line 773]
Event: 13.830 Thread 0x000002ae96235820 Exception <a 'java/lang/NoSuchMethodError'{0x00000000d5bb0990}: 'java.lang.Object java.lang.invoke.DirectMethodHandle$Holder.invokeSpecial(java.lang.Object, java.lang.Object, java.lang.Object, java.lang.Object, int)'> (0x00000000d5bb0990) 
thrown [s\src\hotspot\share\interpreter\linkResolver.cpp, line 773]
Event: 13.830 Thread 0x000002ae96235820 Exception <a 'java/lang/NoSuchMethodError'{0x00000000d5bb3e28}: 'java.lang.Object java.lang.invoke.Invokers$Holder.linkToTargetMethod(java.lang.Object, java.lang.Object, int, java.lang.Object)'> (0x00000000d5bb3e28) 
thrown [s\src\hotspot\share\interpreter\linkResolver.cpp, line 773]
Event: 13.831 Thread 0x000002ae96235820 Exception <a 'java/lang/NoSuchMethodError'{0x00000000d5bbf6a8}: 'void java.lang.invoke.DirectMethodHandle$Holder.invokeStaticInit(java.lang.Object, java.lang.Object, java.lang.Object)'> (0x00000000d5bbf6a8) 
thrown [s\src\hotspot\share\interpreter\linkResolver.cpp, line 773]
Event: 13.870 Thread 0x000002ae37de93a0 Exception <a 'java/lang/NoSuchMethodError'{0x00000000d5fd4380}: 'void java.lang.invoke.DirectMethodHandle$Holder.invokeSpecial(java.lang.Object, java.lang.Object, java.lang.Object, java.lang.Object, java.lang.Object, java.lang.Object)'> (0x00000000d5fd4380) 
thrown [s\src\hotspot\share\interpreter\linkResolver.cpp, line 773]
Event: 13.871 Thread 0x000002ae37de93a0 Exception <a 'java/lang/IncompatibleClassChangeError'{0x00000000d5fdc500}: Found class java.lang.Object, but interface was expected> (0x00000000d5fdc500) 
thrown [s\src\hotspot\share\interpreter\linkResolver.cpp, line 840]
Event: 13.872 Thread 0x000002ae37de93a0 Exception <a 'java/lang/IncompatibleClassChangeError'{0x00000000d5fde2f0}: Found class java.lang.Object, but interface was expected> (0x00000000d5fde2f0) 
thrown [s\src\hotspot\share\interpreter\linkResolver.cpp, line 840]

ZGC Phase Switch (0 events):
No events

VM Operations (20 events):
Event: 9.277 Executing VM operation: Cleanup
Event: 9.277 Executing VM operation: Cleanup done
Event: 12.605 Executing VM operation: HandshakeAllThreads (Deoptimize)
Event: 12.605 Executing VM operation: HandshakeAllThreads (Deoptimize) done
Event: 12.872 Executing VM operation: ParallelGCFailedAllocation (Allocation Failure)
Event: 12.878 Executing VM operation: ParallelGCFailedAllocation (Allocation Failure) done
Event: 13.174 Executing VM operation: ParallelGCFailedAllocation (Allocation Failure)
Event: 13.176 Executing VM operation: ParallelGCFailedAllocation (Allocation Failure) done
Event: 13.218 Executing VM operation: CollectForMetadataAllocation (Metadata GC Threshold)
Event: 13.248 Executing VM operation: CollectForMetadataAllocation (Metadata GC Threshold) done
Event: 13.484 Executing VM operation: ParallelGCFailedAllocation (Allocation Failure)
Event: 13.486 Executing VM operation: ParallelGCFailedAllocation (Allocation Failure) done
Event: 13.513 Executing VM operation: HandshakeAllThreads (Deoptimize)
Event: 13.513 Executing VM operation: HandshakeAllThreads (Deoptimize) done
Event: 13.535 Executing VM operation: HandshakeAllThreads (Deoptimize)
Event: 13.535 Executing VM operation: HandshakeAllThreads (Deoptimize) done
Event: 13.606 Executing VM operation: HandshakeAllThreads (Deoptimize)
Event: 13.606 Executing VM operation: HandshakeAllThreads (Deoptimize) done
Event: 13.780 Executing VM operation: ParallelGCFailedAllocation (Allocation Failure)
Event: 13.782 Executing VM operation: ParallelGCFailedAllocation (Allocation Failure) done

Memory protections (0 events):
No events

Nmethod flushes (0 events):
No events

Events (20 events):
Event: 12.630 Thread 0x000002ae9617a3f0 Thread added: 0x000002ae9638fd70
Event: 12.676 Thread 0x000002ae9617a3f0 Thread added: 0x000002ae96235820
Event: 12.708 Thread 0x000002ae9617a3f0 Thread added: 0x000002ae96556450
Event: 12.838 Thread 0x000002ae37d8cb20 Thread added: 0x000002ae911a00f0
Event: 13.469 Thread 0x000002ae9617a3f0 Thread added: 0x000002ae96a80690
Event: 13.503 Thread 0x000002ae37d8cb20 Thread added: 0x000002ae96dc23a0
Event: 13.518 Thread 0x000002ae96a80690 Thread exited: 0x000002ae96a80690
Event: 13.713 Thread 0x000002ae37de93a0 Thread added: 0x000002ae96a7f970
Event: 13.713 Thread 0x000002ae37de93a0 Thread added: 0x000002ae96a80690
Event: 13.714 Thread 0x000002ae37de93a0 Thread added: 0x000002ae96a80000
Event: 13.714 Thread 0x000002ae37de93a0 Thread added: 0x000002ae96a7f2e0
Event: 13.714 Thread 0x000002ae37de93a0 Thread added: 0x000002ae97be95f0
Event: 13.714 Thread 0x000002ae37de93a0 Thread added: 0x000002ae97bea9a0
Event: 13.714 Thread 0x000002ae37de93a0 Thread added: 0x000002ae97be8f60
Event: 13.714 Thread 0x000002ae37de93a0 Thread added: 0x000002ae97bea310
Event: 13.714 Thread 0x000002ae37de93a0 Thread added: 0x000002ae97be7520
Event: 13.730 Thread 0x000002ae37de93a0 Thread added: 0x000002ae97be88d0
Event: 13.833 Thread 0x000002ae96556450 Thread added: 0x000002ae97be9c80
Event: 13.886 Thread 0x000002ae37de93a0 Thread added: 0x000002ae97be8240
Event: 13.886 Thread 0x000002ae37de93a0 Thread added: 0x000002ae97beb030


Dynamic libraries:
0x00007ff70c9a0000 - 0x00007ff70c9ae000 	c:\Users\Dorian\.vscode\extensions\redhat.java-1.47.0-win32-x64\jre\21.0.8-win32-x86_64\bin\java.exe
0x00007fff5cf80000 - 0x00007fff5d1e8000 	C:\WINDOWS\SYSTEM32\ntdll.dll
0x00007fff5b000000 - 0x00007fff5b0c9000 	C:\WINDOWS\System32\KERNEL32.DLL
0x00007fff5a920000 - 0x00007fff5ad18000 	C:\WINDOWS\System32\KERNELBASE.dll
0x00007fff5a3d0000 - 0x00007fff5a51b000 	C:\WINDOWS\System32\ucrtbase.dll
0x00007fff4ff70000 - 0x00007fff4ff88000 	c:\Users\Dorian\.vscode\extensions\redhat.java-1.47.0-win32-x64\jre\21.0.8-win32-x86_64\bin\jli.dll
0x00007fff4ffb0000 - 0x00007fff4ffce000 	c:\Users\Dorian\.vscode\extensions\redhat.java-1.47.0-win32-x64\jre\21.0.8-win32-x86_64\bin\VCRUNTIME140.dll
0x00007fff5cc70000 - 0x00007fff5ce37000 	C:\WINDOWS\System32\USER32.dll
0x00007fff5a0d0000 - 0x00007fff5a0f7000 	C:\WINDOWS\System32\win32u.dll
0x00007fff436f0000 - 0x00007fff43984000 	C:\WINDOWS\WinSxS\amd64_microsoft.windows.common-controls_6595b64144ccf1df_6.0.26100.7019_none_3e06ffa0e335b8a8\COMCTL32.dll
0x00007fff5c200000 - 0x00007fff5c22b000 	C:\WINDOWS\System32\GDI32.dll
0x00007fff5a7f0000 - 0x00007fff5a91c000 	C:\WINDOWS\System32\gdi32full.dll
0x00007fff5a270000 - 0x00007fff5a313000 	C:\WINDOWS\System32\msvcp_win.dll
0x00007fff5c990000 - 0x00007fff5ca39000 	C:\WINDOWS\System32\msvcrt.dll
0x00007fff5afc0000 - 0x00007fff5aff1000 	C:\WINDOWS\System32\IMM32.DLL
0x00007fff501e0000 - 0x00007fff501ec000 	c:\Users\Dorian\.vscode\extensions\redhat.java-1.47.0-win32-x64\jre\21.0.8-win32-x86_64\bin\vcruntime140_1.dll
0x00007fff2edb0000 - 0x00007fff2ee3d000 	c:\Users\Dorian\.vscode\extensions\redhat.java-1.47.0-win32-x64\jre\21.0.8-win32-x86_64\bin\msvcp140.dll
0x00007ffee09b0000 - 0x00007ffee1747000 	c:\Users\Dorian\.vscode\extensions\redhat.java-1.47.0-win32-x64\jre\21.0.8-win32-x86_64\bin\server\jvm.dll
0x00007fff5cb00000 - 0x00007fff5cbb4000 	C:\WINDOWS\System32\ADVAPI32.dll
0x00007fff5ca40000 - 0x00007fff5cae6000 	C:\WINDOWS\System32\sechost.dll
0x00007fff5beb0000 - 0x00007fff5bfc8000 	C:\WINDOWS\System32\RPCRT4.dll
0x00007fff5ad20000 - 0x00007fff5ad94000 	C:\WINDOWS\System32\WS2_32.dll
0x00007fff59f50000 - 0x00007fff59fae000 	C:\WINDOWS\SYSTEM32\POWRPROF.dll
0x00007fff439a0000 - 0x00007fff439d5000 	C:\WINDOWS\SYSTEM32\WINMM.dll
0x00007fff48ba0000 - 0x00007fff48bab000 	C:\WINDOWS\SYSTEM32\VERSION.dll
0x00007fff59f30000 - 0x00007fff59f44000 	C:\WINDOWS\SYSTEM32\UMPDC.dll
0x00007fff58e90000 - 0x00007fff58eab000 	C:\WINDOWS\SYSTEM32\kernel.appcore.dll
0x00007fff50080000 - 0x00007fff5008a000 	c:\Users\Dorian\.vscode\extensions\redhat.java-1.47.0-win32-x64\jre\21.0.8-win32-x86_64\bin\jimage.dll
0x00007fff57a00000 - 0x00007fff57c42000 	C:\WINDOWS\SYSTEM32\DBGHELP.DLL
0x00007fff5b1c0000 - 0x00007fff5b54b000 	C:\WINDOWS\System32\combase.dll
0x00007fff5bdb0000 - 0x00007fff5be87000 	C:\WINDOWS\System32\OLEAUT32.dll
0x00007fff41f80000 - 0x00007fff41fbc000 	C:\WINDOWS\SYSTEM32\dbgcore.DLL
0x00007fff5a320000 - 0x00007fff5a3c5000 	C:\WINDOWS\System32\bcryptPrimitives.dll
0x00007fff50050000 - 0x00007fff5005f000 	c:\Users\Dorian\.vscode\extensions\redhat.java-1.47.0-win32-x64\jre\21.0.8-win32-x86_64\bin\instrument.dll
0x00007fff4a5c0000 - 0x00007fff4a5df000 	c:\Users\Dorian\.vscode\extensions\redhat.java-1.47.0-win32-x64\jre\21.0.8-win32-x86_64\bin\java.dll
0x00007fff5c230000 - 0x00007fff5c981000 	C:\WINDOWS\System32\SHELL32.dll
0x00007fff5a100000 - 0x00007fff5a26b000 	C:\WINDOWS\System32\wintypes.dll
0x00007fff57d30000 - 0x00007fff5858d000 	C:\WINDOWS\SYSTEM32\windows.storage.dll
0x00007fff5ce40000 - 0x00007fff5cf32000 	C:\WINDOWS\System32\SHCORE.dll
0x00007fff5b150000 - 0x00007fff5b1b7000 	C:\WINDOWS\System32\shlwapi.dll
0x00007fff59ff0000 - 0x00007fff5a019000 	C:\WINDOWS\SYSTEM32\profapi.dll
0x00007fff48910000 - 0x00007fff48928000 	c:\Users\Dorian\.vscode\extensions\redhat.java-1.47.0-win32-x64\jre\21.0.8-win32-x86_64\bin\zip.dll
0x00007fff4dd20000 - 0x00007fff4dd30000 	C:\Users\Dorian\.vscode\extensions\redhat.java-1.47.0-win32-x64\jre\21.0.8-win32-x86_64\bin\net.dll
0x00007fff4de50000 - 0x00007fff4df78000 	C:\WINDOWS\SYSTEM32\WINHTTP.dll
0x00007fff59400000 - 0x00007fff5946b000 	C:\WINDOWS\system32\mswsock.dll
0x00007fff44c10000 - 0x00007fff44c26000 	C:\Users\Dorian\.vscode\extensions\redhat.java-1.47.0-win32-x64\jre\21.0.8-win32-x86_64\bin\nio.dll
0x00007fff568a0000 - 0x00007fff568b0000 	c:\Users\Dorian\.vscode\extensions\redhat.java-1.47.0-win32-x64\jre\21.0.8-win32-x86_64\bin\verify.dll
0x00007fff34300000 - 0x00007fff34344000 	C:\Users\Dorian\AppData\Roaming\Code\User\globalStorage\redhat.java\1.47.0\config_ss_win\org.eclipse.equinox.launcher\org.eclipse.equinox.launcher.win32.win32.x86_64_1.2.1400.v20250801-0854\eclipse_11916.dll
0x00007fff5c060000 - 0x00007fff5c1f7000 	C:\WINDOWS\System32\ole32.dll
0x00007fff596c0000 - 0x00007fff596db000 	C:\WINDOWS\SYSTEM32\CRYPTSP.dll
0x00007fff58df0000 - 0x00007fff58e2a000 	C:\WINDOWS\system32\rsaenh.dll
0x00007fff594b0000 - 0x00007fff594db000 	C:\WINDOWS\SYSTEM32\USERENV.dll
0x00007fff59fc0000 - 0x00007fff59fea000 	C:\WINDOWS\SYSTEM32\bcrypt.dll
0x00007fff596e0000 - 0x00007fff596ec000 	C:\WINDOWS\SYSTEM32\CRYPTBASE.dll
0x00007fff588a0000 - 0x00007fff588d4000 	C:\WINDOWS\SYSTEM32\IPHLPAPI.DLL
0x00007fff5caf0000 - 0x00007fff5cafa000 	C:\WINDOWS\System32\NSI.dll
0x00007fff326b0000 - 0x00007fff326f9000 	C:\Users\Dorian\AppData\Local\Temp\jna-2052793295\jna13757952518301697418.dll
0x00007fff5adb0000 - 0x00007fff5adb8000 	C:\WINDOWS\System32\PSAPI.DLL
0x00007fff4e080000 - 0x00007fff4e09e000 	C:\WINDOWS\SYSTEM32\dhcpcsvc6.DLL
0x00007fff4ab80000 - 0x00007fff4aba3000 	C:\WINDOWS\SYSTEM32\dhcpcsvc.DLL

JVMTI agents:
c:\Users\Dorian\.vscode\extensions\redhat.java-1.47.0-win32-x64\lombok\lombok-1.18.39-4050.jar path:c:\Users\Dorian\.vscode\extensions\redhat.java-1.47.0-win32-x64\jre\21.0.8-win32-x86_64\bin\instrument.dll, loaded, initialized, instrumentlib options:none

dbghelp: loaded successfully - version: 4.0.5 - missing functions: none
symbol engine: initialized successfully - sym options: 0x614 - pdb path: .;c:\Users\Dorian\.vscode\extensions\redhat.java-1.47.0-win32-x64\jre\21.0.8-win32-x86_64\bin;C:\WINDOWS\SYSTEM32;C:\WINDOWS\WinSxS\amd64_microsoft.windows.common-controls_6595b64144ccf1df_6.0.26100.7019_none_3e06ffa0e335b8a8;c:\Users\Dorian\.vscode\extensions\redhat.java-1.47.0-win32-x64\jre\21.0.8-win32-x86_64\bin\server;C:\Users\Dorian\AppData\Roaming\Code\User\globalStorage\redhat.java\1.47.0\config_ss_win\org.eclipse.equinox.launcher\org.eclipse.equinox.launcher.win32.win32.x86_64_1.2.1400.v20250801-0854;C:\Users\Dorian\AppData\Local\Temp\jna-2052793295

VM Arguments:
jvm_args: --add-modules=ALL-SYSTEM --add-opens=java.base/java.util=ALL-UNNAMED --add-opens=java.base/java.lang=ALL-UNNAMED --add-opens=java.base/sun.nio.fs=ALL-UNNAMED -Declipse.application=org.eclipse.jdt.ls.core.id1 -Dosgi.bundles.defaultStartLevel=4 -Declipse.product=org.eclipse.jdt.ls.core.product -Djava.import.generatesMetadataFilesAtProjectRoot=false -DDetectVMInstallationsJob.disabled=true -Dfile.encoding=utf8 -XX:+UseParallelGC -XX:GCTimeRatio=4 -XX:AdaptiveSizePolicyWeight=90 -Dsun.zip.disableMemoryMapping=true -Xmx2G -Xms100m -Xlog:disable -javaagent:c:\Users\Dorian\.vscode\extensions\redhat.java-1.47.0-win32-x64\lombok\lombok-1.18.39-4050.jar 
java_command: c:\Users\Dorian\.vscode\extensions\redhat.java-1.47.0-win32-x64\server\plugins\org.eclipse.equinox.launcher_1.7.100.v20251014-1222.jar -configuration c:\Users\Dorian\AppData\Roaming\Code\User\globalStorage\redhat.java\1.47.0\config_ss_win -data c:\Users\Dorian\AppData\Roaming\Code\User\workspaceStorage\2e54c20b31e2f00811d0ee3cb5a815c0\redhat.java\ss_ws --pipe=\\.\pipe\lsp-e5b4732f73b84a1cf13f5467e700b3cd-sock
java_class_path (initial): c:\Users\Dorian\.vscode\extensions\redhat.java-1.47.0-win32-x64\server\plugins\org.eclipse.equinox.launcher_1.7.100.v20251014-1222.jar
Launcher Type: SUN_STANDARD

[Global flags]
    uintx AdaptiveSizePolicyWeight                 = 90                                        {product} {command line}
     intx CICompilerCount                          = 4                                         {product} {ergonomic}
    uintx GCTimeRatio                              = 4                                         {product} {command line}
   size_t InitialHeapSize                          = 104857600                                 {product} {command line}
   size_t MaxHeapSize                              = 2147483648                                {product} {command line}
   size_t MaxNewSize                               = 715653120                                 {product} {ergonomic}
   size_t MinHeapDeltaBytes                        = 524288                                    {product} {ergonomic}
   size_t MinHeapSize                              = 104857600                                 {product} {command line}
   size_t NewSize                                  = 34603008                                  {product} {ergonomic}
    uintx NonNMethodCodeHeapSize                   = 5839372                                {pd product} {ergonomic}
    uintx NonProfiledCodeHeapSize                  = 122909434                              {pd product} {ergonomic}
   size_t OldSize                                  = 70254592                                  {product} {ergonomic}
    uintx ProfiledCodeHeapSize                     = 122909434                              {pd product} {ergonomic}
    uintx ReservedCodeCacheSize                    = 251658240                              {pd product} {ergonomic}
     bool SegmentedCodeCache                       = true                                      {product} {ergonomic}
   size_t SoftMaxHeapSize                          = 2147483648                             {manageable} {ergonomic}
     bool UseCompressedOops                        = true                           {product lp64_product} {ergonomic}
     bool UseLargePagesIndividualAllocation        = false                                  {pd product} {ergonomic}
     bool UseParallelGC                            = true                                      {product} {command line}

Logging:
Log output configuration:
 #0: stdout all=off uptime,level,tags foldmultilines=false
 #1: stderr all=off uptime,level,tags foldmultilines=false

Environment Variables:
JAVA_HOME=C:\Program Files\Java\jdk-1.8
PATH=C:\Program Files (x86)\Common Files\Oracle\Java\java8path;C:\Program Files (x86)\Common Files\Oracle\Java\javapath;C:\WINDOWS\system32;C:\WINDOWS;C:\WINDOWS\System32\Wbem;C:\WINDOWS\System32\WindowsPowerShell\v1.0\;C:\WINDOWS\System32\OpenSSH\;C:\Program Files\Microsoft SQL Server\Client SDK\ODBC\170\Tools\Binn\;C:\Program Files (x86)\Microsoft SQL Server\150\Tools\Binn\;C:\Program Files\Microsoft SQL Server\150\Tools\Binn\;C:\Program Files\Microsoft SQL Server\150\DTS\Binn\;C:\Program Files\Azure Data Studio\bin;C:\Program Files\Microsoft SQL Server\120\Tools\Binn\;C:\Program Files\Microsoft SQL Server\130\Tools\Binn\;C:\Program Files (x86)\QuickTime\QTSystem\;C:\Program Files\Git\cmd;C:\Program Files\dotnet\;C:\Program Files\nodejs\;C:\ProgramData\chocolatey\bin;C:\Users\Dorian\AppData\Local\Microsoft\WindowsApps;C:\Program Files\Azure Data Studio\bin;C:\Program Files\MySQL\MySQL Server 5.7\bin;C:\Program Files\apache-maven-3.9.9\bin;C:\Program Files\Java\jdk-1.8\bin;;D:\IntelliJ IDEA Community Edition 2025.1.1.1\bin;;C:\Users\Dorian\.dotnet\tools;C:\Users\Dorian\AppData\Local\Programs\Microsoft VS Code\bin;C:\Users\Dorian\AppData\Roaming\npm
USERNAME=Dorian
OS=Windows_NT
PROCESSOR_IDENTIFIER=Intel64 Family 6 Model 142 Stepping 10, GenuineIntel
TMP=C:\Users\Dorian\AppData\Local\Temp
TEMP=C:\Users\Dorian\AppData\Local\Temp




Periodic native trim disabled

---------------  S Y S T E M  ---------------

OS:
 Windows 11 , 64 bit Build 26100 (10.0.26100.7019)
OS uptime: 4 days 6:12 hours

CPU: total 8 (initial active 8) (4 cores per cpu, 2 threads per core) family 6 model 142 stepping 10 microcode 0xf6, cx8, cmov, fxsr, ht, mmx, 3dnowpref, sse, sse2, sse3, ssse3, sse4.1, sse4.2, popcnt, lzcnt, tsc, tscinvbit, avx, avx2, aes, erms, clmul, bmi1, bmi2, adx, fma, vzeroupper, clflush, clflushopt, rdtscp, f16c
Processor Information for the first 8 processors :
  Max Mhz: 1992, Current Mhz: 1792, Mhz Limit: 1792

Memory: 4k page, system-wide physical 7555M (961M free)
TotalPageFile size 11651M (AvailPageFile size 9M)
current process WorkingSet (physical memory assigned to process): 161M, peak: 161M
current process commit charge ("private bytes"): 293M, peak: 294M

vm_info: OpenJDK 64-Bit Server VM (21.0.8+9-LTS) for windows-amd64 JRE (21.0.8+9-LTS), built on 2025-07-15T00:00:00Z by "admin" with MS VC++ 17.7 (VS2022)

END.
