#
# There is insufficient memory for the Java Runtime Environment to continue.
# Native memory allocation (malloc) failed to allocate 1226384 bytes. Error detail: Chunk::new
# Possible reasons:
#   The system is out of physical RAM or swap space
#   This process is running with CompressedOops enabled, and the Java Heap may be blocking the growth of the native heap
# Possible solutions:
#   Reduce memory load on the system
#   Increase physical memory or swap space
#   Check if swap backing store is full
#   Decrease Java heap size (-Xmx/-Xms)
#   Decrease number of Java threads
#   Decrease Java thread stack sizes (-Xss)
#   Set larger code cache with -XX:ReservedCodeCacheSize=
#   JVM is running with Unscaled Compressed Oops mode in which the Java heap is
#     placed in the first 4GB address space. The Java Heap base address is the
#     maximum limit for the native heap growth. Please use -XX:HeapBaseMinAddress
#     to set the Java Heap base and to place the Java Heap above 4GB virtual address.
# This output file may be truncated or incomplete.
#
#  Out of Memory Error (arena.cpp:168), pid=15572, tid=5340
#
# JRE version: OpenJDK Runtime Environment Temurin-21.0.8+9 (21.0.8+9) (build 21.0.8+9-LTS)
# Java VM: OpenJDK 64-Bit Server VM Temurin-21.0.8+9 (21.0.8+9-LTS, mixed mode, sharing, tiered, compressed oops, compressed class ptrs, parallel gc, windows-amd64)
# No core dump will be written. Minidumps are not enabled by default on client versions of Windows
#

---------------  S U M M A R Y ------------

Command Line: --add-modules=ALL-SYSTEM --add-opens=java.base/java.util=ALL-UNNAMED --add-opens=java.base/java.lang=ALL-UNNAMED --add-opens=java.base/sun.nio.fs=ALL-UNNAMED -Declipse.application=org.eclipse.jdt.ls.core.id1 -Dosgi.bundles.defaultStartLevel=4 -Declipse.product=org.eclipse.jdt.ls.core.product -Djava.import.generatesMetadataFilesAtProjectRoot=false -DDetectVMInstallationsJob.disabled=true -Dfile.encoding=utf8 -XX:+UseParallelGC -XX:GCTimeRatio=4 -XX:AdaptiveSizePolicyWeight=90 -Dsun.zip.disableMemoryMapping=true -Xmx2G -Xms100m -Xlog:disable -javaagent:c:\Users\Dorian\.vscode\extensions\redhat.java-1.47.0-win32-x64\lombok\lombok-1.18.39-4050.jar -XX:+HeapDumpOnOutOfMemoryError -XX:HeapDumpPath=c:\Users\Dorian\AppData\Roaming\Code\User\workspaceStorage\2e54c20b31e2f00811d0ee3cb5a815c0\redhat.java -Daether.dependencyCollector.impl=bf c:\Users\Dorian\.vscode\extensions\redhat.java-1.47.0-win32-x64\server\plugins\org.eclipse.equinox.launcher_1.7.100.v20251014-1222.jar -configuration c:\Users\Dorian\AppData\Roaming\Code\User\globalStorage\redhat.java\1.47.0\config_win -data c:\Users\Dorian\AppData\Roaming\Code\User\workspaceStorage\2e54c20b31e2f00811d0ee3cb5a815c0\redhat.java\jdt_ws --pipe=\\.\pipe\lsp-ab7c2249219a7bdbbb572db32d765fb2-sock

Host: Intel(R) Core(TM) i7-8550U CPU @ 1.80GHz, 8 cores, 7G,  Windows 11 , 64 bit Build 26100 (10.0.26100.7019)
Time: Wed Nov  5 15:29:00 2025 E. Africa Standard Time elapsed time: 8.003791 seconds (0d 0h 0m 8s)

---------------  T H R E A D  ---------------

Current thread (0x00000268adfd95d0):  JavaThread "C2 CompilerThread0" daemon [_thread_in_native, id=5340, stack(0x000000dc37a00000,0x000000dc37b00000) (1024K)]


Current CompileTask:
C2:8004 3017       4       java.lang.invoke.MethodType::makeImpl (109 bytes)

Stack: [0x000000dc37a00000,0x000000dc37b00000]
Native frames: (J=compiled Java code, j=interpreted, Vv=VM code, C=native code)
V  [jvm.dll+0x6d2449]
V  [jvm.dll+0x8ae341]
V  [jvm.dll+0x8b08be]
V  [jvm.dll+0x8b0fa3]
V  [jvm.dll+0x280c96]
V  [jvm.dll+0xc581d]
V  [jvm.dll+0xc5d53]
V  [jvm.dll+0x3b919c]
V  [jvm.dll+0x1e1409]
V  [jvm.dll+0x249022]
V  [jvm.dll+0x2484af]
V  [jvm.dll+0x1c89ee]
V  [jvm.dll+0x257d4d]
V  [jvm.dll+0x2562ea]
V  [jvm.dll+0x3f2d16]
V  [jvm.dll+0x857e6b]
V  [jvm.dll+0x6d0b0d]
C  [ucrtbase.dll+0x37b0]
C  [KERNEL32.DLL+0x2e8d7]
C  [ntdll.dll+0x8c53c]


---------------  P R O C E S S  ---------------

Threads class SMR info:
_java_thread_list=0x00000268f61dd060, length=22, elements={
0x000002689755fe30, 0x0000026897618610, 0x000002689761d300, 0x00000268adfc6e80,
0x00000268adfc88c0, 0x00000268adfc7ba0, 0x00000268adfc8230, 0x00000268adfd95d0,
0x00000268adfdf510, 0x00000268adfc67f0, 0x00000268adfc8f50, 0x00000268adfc6160,
0x00000268adfc7510, 0x00000268f5880700, 0x00000268f587d280, 0x00000268f587d910,
0x00000268f587ecc0, 0x00000268f587dfa0, 0x00000268f58827d0, 0x00000268f587f350,
0x00000268f587f9e0, 0x00000268f6b18070
}

Java Threads: ( => current thread )
  0x000002689755fe30 JavaThread "main"                              [_thread_blocked, id=9908, stack(0x000000dc37000000,0x000000dc37100000) (1024K)]
  0x0000026897618610 JavaThread "Reference Handler"          daemon [_thread_blocked, id=13392, stack(0x000000dc37400000,0x000000dc37500000) (1024K)]
  0x000002689761d300 JavaThread "Finalizer"                  daemon [_thread_blocked, id=14460, stack(0x000000dc37500000,0x000000dc37600000) (1024K)]
  0x00000268adfc6e80 JavaThread "Signal Dispatcher"          daemon [_thread_blocked, id=20556, stack(0x000000dc37600000,0x000000dc37700000) (1024K)]
  0x00000268adfc88c0 JavaThread "Attach Listener"            daemon [_thread_blocked, id=12916, stack(0x000000dc37700000,0x000000dc37800000) (1024K)]
  0x00000268adfc7ba0 JavaThread "Service Thread"             daemon [_thread_blocked, id=18924, stack(0x000000dc37800000,0x000000dc37900000) (1024K)]
  0x00000268adfc8230 JavaThread "Monitor Deflation Thread"   daemon [_thread_blocked, id=7736, stack(0x000000dc37900000,0x000000dc37a00000) (1024K)]
=>0x00000268adfd95d0 JavaThread "C2 CompilerThread0"         daemon [_thread_in_native, id=5340, stack(0x000000dc37a00000,0x000000dc37b00000) (1024K)]
  0x00000268adfdf510 JavaThread "C1 CompilerThread0"         daemon [_thread_in_native, id=10764, stack(0x000000dc37b00000,0x000000dc37c00000) (1024K)]
  0x00000268adfc67f0 JavaThread "Common-Cleaner"             daemon [_thread_blocked, id=16700, stack(0x000000dc37c00000,0x000000dc37d00000) (1024K)]
  0x00000268adfc8f50 JavaThread "Notification Thread"        daemon [_thread_blocked, id=15868, stack(0x000000dc37e00000,0x000000dc37f00000) (1024K)]
  0x00000268adfc6160 JavaThread "Active Thread: Equinox Container: 7beff9e9-c30a-4461-9c24-8fe333701c43"        [_thread_blocked, id=5316, stack(0x000000dc38600000,0x000000dc38700000) (1024K)]
  0x00000268adfc7510 JavaThread "Refresh Thread: Equinox Container: 7beff9e9-c30a-4461-9c24-8fe333701c43" daemon [_thread_blocked, id=18100, stack(0x000000dc38700000,0x000000dc38800000) (1024K)]
  0x00000268f5880700 JavaThread "Framework Event Dispatcher: Equinox Container: 7beff9e9-c30a-4461-9c24-8fe333701c43" daemon [_thread_blocked, id=8936, stack(0x000000dc38900000,0x000000dc38a00000) (1024K)]
  0x00000268f587d280 JavaThread "Start Level: Equinox Container: 7beff9e9-c30a-4461-9c24-8fe333701c43" daemon [_thread_blocked, id=12872, stack(0x000000dc38a00000,0x000000dc38b00000) (1024K)]
  0x00000268f587d910 JavaThread "Bundle File Closer"         daemon [_thread_blocked, id=21152, stack(0x000000dc38b00000,0x000000dc38c00000) (1024K)]
  0x00000268f587ecc0 JavaThread "SCR Component Actor"        daemon [_thread_blocked, id=3428, stack(0x000000dc38c00000,0x000000dc38d00000) (1024K)]
  0x00000268f587dfa0 JavaThread "Worker-JM"                         [_thread_blocked, id=16484, stack(0x000000dc37f00000,0x000000dc38000000) (1024K)]
  0x00000268f58827d0 JavaThread "JNA Cleaner"                daemon [_thread_blocked, id=18560, stack(0x000000dc37d00000,0x000000dc37e00000) (1024K)]
  0x00000268f587f350 JavaThread "Worker-0: Checking project encoding"        [_thread_blocked, id=2768, stack(0x000000dc38d00000,0x000000dc38e00000) (1024K)]
  0x00000268f587f9e0 JavaThread "Worker-1"                          [_thread_blocked, id=12736, stack(0x000000dc38e00000,0x000000dc38f00000) (1024K)]
  0x00000268f6b18070 JavaThread "C2 CompilerThread1"         daemon [_thread_in_vm, id=10904, stack(0x000000dc38f00000,0x000000dc39000000) (1024K)]
Total: 22

Other Threads:
  0x00000268975fe7c0 VMThread "VM Thread"                           [id=14008, stack(0x000000dc37300000,0x000000dc37400000) (1024K)]
  0x00000268adedca00 WatcherThread "VM Periodic Task Thread"        [id=17888, stack(0x000000dc37200000,0x000000dc37300000) (1024K)]
  0x000002689757d450 WorkerThread "GC Thread#0"                     [id=18428, stack(0x000000dc37100000,0x000000dc37200000) (1024K)]
  0x00000268f574c910 WorkerThread "GC Thread#1"                     [id=20788, stack(0x000000dc38000000,0x000000dc38100000) (1024K)]
  0x00000268f56cfec0 WorkerThread "GC Thread#2"                     [id=15540, stack(0x000000dc38100000,0x000000dc38200000) (1024K)]
  0x00000268f574ccb0 WorkerThread "GC Thread#3"                     [id=21236, stack(0x000000dc38200000,0x000000dc38300000) (1024K)]
  0x00000268f574d050 WorkerThread "GC Thread#4"                     [id=1552, stack(0x000000dc38300000,0x000000dc38400000) (1024K)]
  0x00000268f56d4370 WorkerThread "GC Thread#5"                     [id=7292, stack(0x000000dc38400000,0x000000dc38500000) (1024K)]
  0x00000268f56d4710 WorkerThread "GC Thread#6"                     [id=15716, stack(0x000000dc38500000,0x000000dc38600000) (1024K)]
  0x00000268f58b6760 WorkerThread "GC Thread#7"                     [id=6352, stack(0x000000dc38800000,0x000000dc38900000) (1024K)]
Total: 10

Threads with active compile tasks:
C2 CompilerThread0  8067 3017       4       java.lang.invoke.MethodType::makeImpl (109 bytes)
C1 CompilerThread0  8067 3347       3       org.apache.felix.resolver.PackageSpaces::getPackageSources (71 bytes)
C2 CompilerThread1  8067 3342       4       java.util.HashSet::contains (9 bytes)
Total: 3

VM state: not at safepoint (normal execution)

VM Mutex/Monitor currently owned by a thread: None

Heap address: 0x0000000080000000, size: 2048 MB, Compressed Oops mode: 32-bit

CDS archive(s) mapped at: [0x00000268ae000000-0x00000268aeba0000-0x00000268aeba0000), size 12189696, SharedBaseAddress: 0x00000268ae000000, ArchiveRelocationMode: 1.
Compressed class space mapped at: 0x00000268af000000-0x00000268ef000000, reserved size: 1073741824
Narrow klass base: 0x00000268ae000000, Narrow klass shift: 0, Narrow klass range: 0x100000000

GC Precious Log:
 CardTable entry size: 512
 CPUs: 8 total, 8 available
 Memory: 7555M
 Large Page Support: Disabled
 NUMA Support: Disabled
 Compressed Oops: Enabled (32-bit)
 Alignments: Space 512K, Generation 512K, Heap 2M
 Heap Min Capacity: 100M
 Heap Initial Capacity: 100M
 Heap Max Capacity: 2G
 Pre-touch: Disabled
 Parallel Workers: 8

Heap:
 PSYoungGen      total 29184K, used 24879K [0x00000000d5580000, 0x00000000d7a00000, 0x0000000100000000)
  eden space 25088K, 82% used [0x00000000d5580000,0x00000000d69cdc68,0x00000000d6e00000)
  from space 4096K, 99% used [0x00000000d6e80000,0x00000000d727e168,0x00000000d7280000)
  to   space 6144K, 0% used [0x00000000d7400000,0x00000000d7400000,0x00000000d7a00000)
 ParOldGen       total 68608K, used 7816K [0x0000000080000000, 0x0000000084300000, 0x00000000d5580000)
  object space 68608K, 11% used [0x0000000080000000,0x00000000807a23f0,0x0000000084300000)
 Metaspace       used 18327K, committed 19136K, reserved 1114112K
  class space    used 1948K, committed 2304K, reserved 1048576K

Card table byte_map: [0x0000026896f10000,0x0000026897320000] _byte_map_base: 0x0000026896b10000

Marking Bits: (ParMarkBitMap*) 0x00007ffee166a340
 Begin Bits: [0x00000268a9a00000, 0x00000268aba00000)
 End Bits:   [0x00000268aba00000, 0x00000268ada00000)

Polling page: 0x0000026895550000

Metaspace:

Usage:
  Non-class:     16.00 MB used.
      Class:      1.90 MB used.
       Both:     17.90 MB used.

Virtual space:
  Non-class space:       64.00 MB reserved,      16.44 MB ( 26%) committed,  1 nodes.
      Class space:        1.00 GB reserved,       2.25 MB ( <1%) committed,  1 nodes.
             Both:        1.06 GB reserved,      18.69 MB (  2%) committed. 

Chunk freelists:
   Non-Class:  14.95 MB
       Class:  13.62 MB
        Both:  28.57 MB

MaxMetaspaceSize: unlimited
CompressedClassSpaceSize: 1.00 GB
Initial GC threshold: 21.00 MB
Current GC threshold: 21.00 MB
CDS: on
 - commit_granule_bytes: 65536.
 - commit_granule_words: 8192.
 - virtual_space_node_default_size: 8388608.
 - enlarge_chunks_in_place: 1.
 - use_allocation_guard: 0.


Internal statistics:

num_allocs_failed_limit: 0.
num_arena_births: 580.
num_arena_deaths: 0.
num_vsnodes_births: 2.
num_vsnodes_deaths: 0.
num_space_committed: 299.
num_space_uncommitted: 0.
num_chunks_returned_to_freelist: 0.
num_chunks_taken_from_freelist: 1286.
num_chunk_merges: 0.
num_chunk_splits: 825.
num_chunks_enlarged: 523.
num_inconsistent_stats: 0.

CodeHeap 'non-profiled nmethods': size=120000Kb used=1478Kb max_used=1478Kb free=118521Kb
 bounds [0x00000268a2220000, 0x00000268a2490000, 0x00000268a9750000]
CodeHeap 'profiled nmethods': size=120000Kb used=6712Kb max_used=6712Kb free=113287Kb
 bounds [0x000002689a750000, 0x000002689ade0000, 0x00000268a1c80000]
CodeHeap 'non-nmethods': size=5760Kb used=1279Kb max_used=1294Kb free=4481Kb
 bounds [0x00000268a1c80000, 0x00000268a1ef0000, 0x00000268a2220000]
CodeCache: size=245760Kb, used=9469Kb, max_used=9484Kb, free=236289Kb
 total_blobs=3909, nmethods=3354, adapters=460, full_count=0
Compilation: enabled, stopped_count=0, restarted_count=0

Compilation events (20 events):
Event: 5.950 Thread 0x00000268adfdf510 3274       3       org.objectweb.asm.Frame::push (59 bytes)
Event: 5.951 Thread 0x00000268adfdf510 nmethod 3274 0x000002689ad99810 code [0x000002689ad99a60, 0x000002689ad9a1f0]
Event: 5.951 Thread 0x00000268adfdf510 3275       3       org.objectweb.asm.MethodWriter::visitVarInsn (302 bytes)
Event: 5.953 Thread 0x00000268adfdf510 nmethod 3275 0x000002689ad9a590 code [0x000002689ad9a800, 0x000002689ad9b180]
Event: 5.953 Thread 0x00000268adfdf510 3264       3       org.objectweb.asm.tree.Util::add (27 bytes)
Event: 5.954 Thread 0x00000268adfdf510 nmethod 3264 0x000002689ad9b410 code [0x000002689ad9b5e0, 0x000002689ad9b898]
Event: 5.954 Thread 0x00000268adfdf510 3271       1       org.objectweb.asm.tree.InsnList::getLast (5 bytes)
Event: 5.954 Thread 0x00000268adfdf510 nmethod 3271 0x00000268a2389a10 code [0x00000268a2389ba0, 0x00000268a2389c68]
Event: 5.956 Thread 0x00000268f6b18070 3276       4       java.lang.ThreadLocal$ThreadLocalMap::getEntry (42 bytes)
Event: 5.960 Thread 0x00000268adfdf510 3277       3       org.eclipse.osgi.container.Module::checkValid (47 bytes)
Event: 5.960 Thread 0x00000268f6b18070 nmethod 3276 0x00000268a2389d10 code [0x00000268a2389ea0, 0x00000268a2389ff0]
Event: 5.961 Thread 0x00000268f6b18070 3278       4       java.lang.ThreadLocal::get (35 bytes)
Event: 5.962 Thread 0x00000268adfdf510 nmethod 3277 0x000002689ad9b990 code [0x000002689ad9bc20, 0x000002689ad9c638]
Event: 5.966 Thread 0x00000268f6b18070 nmethod 3278 0x00000268a238a110 code [0x00000268a238a2c0, 0x00000268a238a468]
Event: 5.966 Thread 0x00000268f6b18070 3279       4       java.lang.ThreadLocal::get (8 bytes)
Event: 5.967 Thread 0x00000268adfdf510 3280       1       java.util.concurrent.CopyOnWriteArrayList::setArray (6 bytes)
Event: 5.967 Thread 0x00000268adfdf510 nmethod 3280 0x00000268a238a610 code [0x00000268a238a7a0, 0x00000268a238a888]
Event: 5.968 Thread 0x00000268adfdf510 3281       3       org.objectweb.asm.ClassReader::readCode (5117 bytes)
Event: 5.971 Thread 0x00000268f6b18070 nmethod 3279 0x00000268a238a910 code [0x00000268a238aac0, 0x00000268a238ac68]
Event: 5.976 Thread 0x00000268f6b18070 3291       4       org.objectweb.asm.ClassReader::readUtf (44 bytes)

GC Heap History (10 events):
Event: 1.545 GC heap before
{Heap before GC invocations=1 (full 0):
 PSYoungGen      total 29696K, used 25600K [0x00000000d5580000, 0x00000000d7680000, 0x0000000100000000)
  eden space 25600K, 100% used [0x00000000d5580000,0x00000000d6e80000,0x00000000d6e80000)
  from space 4096K, 0% used [0x00000000d7280000,0x00000000d7280000,0x00000000d7680000)
  to   space 4096K, 0% used [0x00000000d6e80000,0x00000000d6e80000,0x00000000d7280000)
 ParOldGen       total 68608K, used 0K [0x0000000080000000, 0x0000000084300000, 0x00000000d5580000)
  object space 68608K, 0% used [0x0000000080000000,0x0000000080000000,0x0000000084300000)
 Metaspace       used 4338K, committed 4544K, reserved 1114112K
  class space    used 473K, committed 576K, reserved 1048576K
}
Event: 1.560 GC heap after
{Heap after GC invocations=1 (full 0):
 PSYoungGen      total 29696K, used 3280K [0x00000000d5580000, 0x00000000d7680000, 0x0000000100000000)
  eden space 25600K, 0% used [0x00000000d5580000,0x00000000d5580000,0x00000000d6e80000)
  from space 4096K, 80% used [0x00000000d6e80000,0x00000000d71b4148,0x00000000d7280000)
  to   space 4096K, 0% used [0x00000000d7280000,0x00000000d7280000,0x00000000d7680000)
 ParOldGen       total 68608K, used 16K [0x0000000080000000, 0x0000000084300000, 0x00000000d5580000)
  object space 68608K, 0% used [0x0000000080000000,0x0000000080004000,0x0000000084300000)
 Metaspace       used 4338K, committed 4544K, reserved 1114112K
  class space    used 473K, committed 576K, reserved 1048576K
}
Event: 2.752 GC heap before
{Heap before GC invocations=2 (full 0):
 PSYoungGen      total 29696K, used 28880K [0x00000000d5580000, 0x00000000d7680000, 0x0000000100000000)
  eden space 25600K, 100% used [0x00000000d5580000,0x00000000d6e80000,0x00000000d6e80000)
  from space 4096K, 80% used [0x00000000d6e80000,0x00000000d71b4148,0x00000000d7280000)
  to   space 4096K, 0% used [0x00000000d7280000,0x00000000d7280000,0x00000000d7680000)
 ParOldGen       total 68608K, used 16K [0x0000000080000000, 0x0000000084300000, 0x00000000d5580000)
  object space 68608K, 0% used [0x0000000080000000,0x0000000080004000,0x0000000084300000)
 Metaspace       used 7984K, committed 8256K, reserved 1114112K
  class space    used 838K, committed 960K, reserved 1048576K
}
Event: 2.765 GC heap after
{Heap after GC invocations=2 (full 0):
 PSYoungGen      total 29696K, used 4086K [0x00000000d5580000, 0x00000000d7680000, 0x0000000100000000)
  eden space 25600K, 0% used [0x00000000d5580000,0x00000000d5580000,0x00000000d6e80000)
  from space 4096K, 99% used [0x00000000d7280000,0x00000000d767d810,0x00000000d7680000)
  to   space 4096K, 0% used [0x00000000d6e80000,0x00000000d6e80000,0x00000000d7280000)
 ParOldGen       total 68608K, used 1711K [0x0000000080000000, 0x0000000084300000, 0x00000000d5580000)
  object space 68608K, 2% used [0x0000000080000000,0x00000000801abf10,0x0000000084300000)
 Metaspace       used 7984K, committed 8256K, reserved 1114112K
  class space    used 838K, committed 960K, reserved 1048576K
}
Event: 3.442 GC heap before
{Heap before GC invocations=3 (full 0):
 PSYoungGen      total 29696K, used 29686K [0x00000000d5580000, 0x00000000d7680000, 0x0000000100000000)
  eden space 25600K, 100% used [0x00000000d5580000,0x00000000d6e80000,0x00000000d6e80000)
  from space 4096K, 99% used [0x00000000d7280000,0x00000000d767d810,0x00000000d7680000)
  to   space 4096K, 0% used [0x00000000d6e80000,0x00000000d6e80000,0x00000000d7280000)
 ParOldGen       total 68608K, used 1711K [0x0000000080000000, 0x0000000084300000, 0x00000000d5580000)
  object space 68608K, 2% used [0x0000000080000000,0x00000000801abf10,0x0000000084300000)
 Metaspace       used 9397K, committed 9728K, reserved 1114112K
  class space    used 1007K, committed 1152K, reserved 1048576K
}
Event: 3.454 GC heap after
{Heap after GC invocations=3 (full 0):
 PSYoungGen      total 29696K, used 4089K [0x00000000d5580000, 0x00000000d7680000, 0x0000000100000000)
  eden space 25600K, 0% used [0x00000000d5580000,0x00000000d5580000,0x00000000d6e80000)
  from space 4096K, 99% used [0x00000000d6e80000,0x00000000d727e778,0x00000000d7280000)
  to   space 4096K, 0% used [0x00000000d7280000,0x00000000d7280000,0x00000000d7680000)
 ParOldGen       total 68608K, used 4757K [0x0000000080000000, 0x0000000084300000, 0x00000000d5580000)
  object space 68608K, 6% used [0x0000000080000000,0x00000000804a5518,0x0000000084300000)
 Metaspace       used 9397K, committed 9728K, reserved 1114112K
  class space    used 1007K, committed 1152K, reserved 1048576K
}
Event: 4.270 GC heap before
{Heap before GC invocations=4 (full 0):
 PSYoungGen      total 29696K, used 29689K [0x00000000d5580000, 0x00000000d7680000, 0x0000000100000000)
  eden space 25600K, 100% used [0x00000000d5580000,0x00000000d6e80000,0x00000000d6e80000)
  from space 4096K, 99% used [0x00000000d6e80000,0x00000000d727e778,0x00000000d7280000)
  to   space 4096K, 0% used [0x00000000d7280000,0x00000000d7280000,0x00000000d7680000)
 ParOldGen       total 68608K, used 4757K [0x0000000080000000, 0x0000000084300000, 0x00000000d5580000)
  object space 68608K, 6% used [0x0000000080000000,0x00000000804a5518,0x0000000084300000)
 Metaspace       used 12073K, committed 12544K, reserved 1114112K
  class space    used 1295K, committed 1472K, reserved 1048576K
}
Event: 4.281 GC heap after
{Heap after GC invocations=4 (full 0):
 PSYoungGen      total 29696K, used 4064K [0x00000000d5580000, 0x00000000d7680000, 0x0000000100000000)
  eden space 25600K, 0% used [0x00000000d5580000,0x00000000d5580000,0x00000000d6e80000)
  from space 4096K, 99% used [0x00000000d7280000,0x00000000d76782b8,0x00000000d7680000)
  to   space 4096K, 0% used [0x00000000d6e80000,0x00000000d6e80000,0x00000000d7280000)
 ParOldGen       total 68608K, used 6197K [0x0000000080000000, 0x0000000084300000, 0x00000000d5580000)
  object space 68608K, 9% used [0x0000000080000000,0x000000008060d7e0,0x0000000084300000)
 Metaspace       used 12073K, committed 12544K, reserved 1114112K
  class space    used 1295K, committed 1472K, reserved 1048576K
}
Event: 5.212 GC heap before
{Heap before GC invocations=5 (full 0):
 PSYoungGen      total 29696K, used 29664K [0x00000000d5580000, 0x00000000d7680000, 0x0000000100000000)
  eden space 25600K, 100% used [0x00000000d5580000,0x00000000d6e80000,0x00000000d6e80000)
  from space 4096K, 99% used [0x00000000d7280000,0x00000000d76782b8,0x00000000d7680000)
  to   space 4096K, 0% used [0x00000000d6e80000,0x00000000d6e80000,0x00000000d7280000)
 ParOldGen       total 68608K, used 6197K [0x0000000080000000, 0x0000000084300000, 0x00000000d5580000)
  object space 68608K, 9% used [0x0000000080000000,0x000000008060d7e0,0x0000000084300000)
 Metaspace       used 16006K, committed 16640K, reserved 1114112K
  class space    used 1672K, committed 1984K, reserved 1048576K
}
Event: 5.219 GC heap after
{Heap after GC invocations=5 (full 0):
 PSYoungGen      total 29184K, used 4088K [0x00000000d5580000, 0x00000000d7a00000, 0x0000000100000000)
  eden space 25088K, 0% used [0x00000000d5580000,0x00000000d5580000,0x00000000d6e00000)
  from space 4096K, 99% used [0x00000000d6e80000,0x00000000d727e168,0x00000000d7280000)
  to   space 6144K, 0% used [0x00000000d7400000,0x00000000d7400000,0x00000000d7a00000)
 ParOldGen       total 68608K, used 7816K [0x0000000080000000, 0x0000000084300000, 0x00000000d5580000)
  object space 68608K, 11% used [0x0000000080000000,0x00000000807a23f0,0x0000000084300000)
 Metaspace       used 16006K, committed 16640K, reserved 1114112K
  class space    used 1672K, committed 1984K, reserved 1048576K
}

Dll operation events (10 events):
Event: 0.029 Loaded shared library c:\Users\Dorian\.vscode\extensions\redhat.java-1.47.0-win32-x64\jre\21.0.8-win32-x86_64\bin\java.dll
Event: 0.260 Loaded shared library c:\Users\Dorian\.vscode\extensions\redhat.java-1.47.0-win32-x64\jre\21.0.8-win32-x86_64\bin\zip.dll
Event: 0.321 Loaded shared library C:\Users\Dorian\.vscode\extensions\redhat.java-1.47.0-win32-x64\jre\21.0.8-win32-x86_64\bin\instrument.dll
Event: 0.330 Loaded shared library C:\Users\Dorian\.vscode\extensions\redhat.java-1.47.0-win32-x64\jre\21.0.8-win32-x86_64\bin\net.dll
Event: 0.336 Loaded shared library C:\Users\Dorian\.vscode\extensions\redhat.java-1.47.0-win32-x64\jre\21.0.8-win32-x86_64\bin\nio.dll
Event: 0.342 Loaded shared library C:\Users\Dorian\.vscode\extensions\redhat.java-1.47.0-win32-x64\jre\21.0.8-win32-x86_64\bin\zip.dll
Event: 0.374 Loaded shared library C:\Users\Dorian\.vscode\extensions\redhat.java-1.47.0-win32-x64\jre\21.0.8-win32-x86_64\bin\jimage.dll
Event: 0.505 Loaded shared library c:\Users\Dorian\.vscode\extensions\redhat.java-1.47.0-win32-x64\jre\21.0.8-win32-x86_64\bin\verify.dll
Event: 2.773 Loaded shared library C:\Users\Dorian\AppData\Roaming\Code\User\globalStorage\redhat.java\1.47.0\config_win\org.eclipse.equinox.launcher\org.eclipse.equinox.launcher.win32.win32.x86_64_1.2.1400.v20250801-0854\eclipse_11916.dll
Event: 5.456 Loaded shared library C:\Users\Dorian\AppData\Local\Temp\jna-2052793295\jna16537127153217711399.dll

Deoptimization events (20 events):
Event: 5.864 Thread 0x00000268f587d280 Uncommon trap: trap_request=0xffffff45 fr.pc=0x00000268a225e9e8 relative=0x0000000000000328
Event: 5.864 Thread 0x00000268f587d280 Uncommon trap: reason=unstable_if action=reinterpret pc=0x00000268a225e9e8 method=java.util.HashMap$HashIterator.<init>(Ljava/util/HashMap;)V @ 45 c2
Event: 5.864 Thread 0x00000268f587d280 DEOPT PACKING pc=0x00000268a225e9e8 sp=0x000000dc38af2790
Event: 5.864 Thread 0x00000268f587d280 DEOPT UNPACKING pc=0x00000268a1cd3aa2 sp=0x000000dc38af2658 mode 2
Event: 5.929 Thread 0x00000268f587d280 Uncommon trap: trap_request=0xffffffde fr.pc=0x00000268a236dd70 relative=0x0000000000000050
Event: 5.929 Thread 0x00000268f587d280 Uncommon trap: reason=class_check action=maybe_recompile pc=0x00000268a236dd70 method=java.lang.invoke.DirectMethodHandle.internalMemberName(Ljava/lang/Object;)Ljava/lang/Object; @ 1 c2
Event: 5.929 Thread 0x00000268f587d280 DEOPT PACKING pc=0x00000268a236dd70 sp=0x000000dc38af3330
Event: 5.929 Thread 0x00000268f587d280 DEOPT UNPACKING pc=0x00000268a1cd3aa2 sp=0x000000dc38af32c0 mode 2
Event: 5.929 Thread 0x00000268f587d280 Uncommon trap: trap_request=0xffffffde fr.pc=0x00000268a236dd70 relative=0x0000000000000050
Event: 5.929 Thread 0x00000268f587d280 Uncommon trap: reason=class_check action=maybe_recompile pc=0x00000268a236dd70 method=java.lang.invoke.DirectMethodHandle.internalMemberName(Ljava/lang/Object;)Ljava/lang/Object; @ 1 c2
Event: 5.929 Thread 0x00000268f587d280 DEOPT PACKING pc=0x00000268a236dd70 sp=0x000000dc38af33d0
Event: 5.929 Thread 0x00000268f587d280 DEOPT UNPACKING pc=0x00000268a1cd3aa2 sp=0x000000dc38af3360 mode 2
Event: 5.930 Thread 0x00000268f587d280 Uncommon trap: trap_request=0xffffffde fr.pc=0x00000268a236dd70 relative=0x0000000000000050
Event: 5.930 Thread 0x00000268f587d280 Uncommon trap: reason=class_check action=maybe_recompile pc=0x00000268a236dd70 method=java.lang.invoke.DirectMethodHandle.internalMemberName(Ljava/lang/Object;)Ljava/lang/Object; @ 1 c2
Event: 5.930 Thread 0x00000268f587d280 DEOPT PACKING pc=0x00000268a236dd70 sp=0x000000dc38af33d0
Event: 5.930 Thread 0x00000268f587d280 DEOPT UNPACKING pc=0x00000268a1cd3aa2 sp=0x000000dc38af3360 mode 2
Event: 5.931 Thread 0x00000268f587d280 Uncommon trap: trap_request=0xffffff45 fr.pc=0x00000268a23618c4 relative=0x00000000000000a4
Event: 5.931 Thread 0x00000268f587d280 Uncommon trap: reason=unstable_if action=reinterpret pc=0x00000268a23618c4 method=java.lang.ref.ReferenceQueue.poll()Ljava/lang/ref/Reference; @ 4 c2
Event: 5.931 Thread 0x00000268f587d280 DEOPT PACKING pc=0x00000268a23618c4 sp=0x000000dc38af34a0
Event: 5.931 Thread 0x00000268f587d280 DEOPT UNPACKING pc=0x00000268a1cd3aa2 sp=0x000000dc38af3388 mode 2

Classes loaded (20 events):
Event: 5.568 Loading class java/lang/ThreadDeath
Event: 5.568 Loading class java/lang/ThreadDeath done
Event: 5.581 Loading class java/util/stream/SortedOps$SizedRefSortingSink
Event: 5.582 Loading class java/util/stream/SortedOps$SizedRefSortingSink done
Event: 5.628 Loading class java/util/concurrent/atomic/Striped64$1
Event: 5.628 Loading class java/util/concurrent/atomic/Striped64$1 done
Event: 5.742 Loading class java/util/BitSet
Event: 5.742 Loading class java/util/BitSet done
Event: 5.756 Loading class sun/net/www/protocol/jrt/JavaRuntimeURLConnection
Event: 5.756 Loading class sun/net/www/protocol/jrt/JavaRuntimeURLConnection done
Event: 5.757 Loading class sun/net/www/protocol/jrt/JavaRuntimeURLConnection$1
Event: 5.757 Loading class sun/net/www/protocol/jrt/JavaRuntimeURLConnection$1 done
Event: 5.797 Loading class java/util/function/UnaryOperator
Event: 5.798 Loading class java/util/function/UnaryOperator done
Event: 5.801 Loading class java/util/ServiceConfigurationError
Event: 5.801 Loading class java/util/ServiceConfigurationError done
Event: 5.834 Loading class java/lang/InheritableThreadLocal
Event: 5.835 Loading class java/lang/InheritableThreadLocal done
Event: 5.921 Loading class java/security/AccessControlException
Event: 5.921 Loading class java/security/AccessControlException done

Classes unloaded (0 events):
No events

Classes redefined (0 events):
No events

Internal exceptions (20 events):
Event: 5.157 Thread 0x00000268f587d280 Exception <a 'java/lang/NoSuchMethodError'{0x00000000d6ca4ba0}: 'java.lang.Object java.lang.invoke.DirectMethodHandle$Holder.invokeStaticInit(java.lang.Object, int)'> (0x00000000d6ca4ba0) 
thrown [s\src\hotspot\share\interpreter\linkResolver.cpp, line 773]
Event: 5.239 Thread 0x00000268f587d280 Exception <a 'java/lang/NoSuchMethodError'{0x00000000d5624348}: 'java.lang.Object java.lang.invoke.DirectMethodHandle$Holder.invokeStaticInit(java.lang.Object, int, int, int, int)'> (0x00000000d5624348) 
thrown [s\src\hotspot\share\interpreter\linkResolver.cpp, line 773]
Event: 5.288 Thread 0x00000268f587d280 Exception <a 'java/lang/NoSuchMethodError'{0x00000000d5760cb8}: 'java.lang.Object java.lang.invoke.DirectMethodHandle$Holder.invokeStaticInit(java.lang.Object, java.lang.Object, int, int, int, int)'> (0x00000000d5760cb8) 
thrown [s\src\hotspot\share\interpreter\linkResolver.cpp, line 773]
Event: 5.493 Thread 0x00000268f587d280 Exception <a 'java/lang/NoSuchMethodError'{0x00000000d5877b90}: 'void java.lang.invoke.DirectMethodHandle$Holder.invokeSpecial(java.lang.Object, java.lang.Object, java.lang.Object, int)'> (0x00000000d5877b90) 
thrown [s\src\hotspot\share\interpreter\linkResolver.cpp, line 773]
Event: 5.494 Thread 0x00000268f587d280 Exception <a 'java/lang/NoSuchMethodError'{0x00000000d587b520}: 'void java.lang.invoke.DelegatingMethodHandle$Holder.reinvoke_L(java.lang.Object, java.lang.Object, int)'> (0x00000000d587b520) 
thrown [s\src\hotspot\share\interpreter\linkResolver.cpp, line 773]
Event: 5.495 Thread 0x00000268f587d280 Exception <a 'java/lang/NoSuchMethodError'{0x00000000d5882208}: 'int java.lang.invoke.Invokers$Holder.invokeExact_MT(java.lang.Object, java.lang.Object, java.lang.Object)'> (0x00000000d5882208) 
thrown [s\src\hotspot\share\interpreter\linkResolver.cpp, line 773]
Event: 5.530 Thread 0x00000268f587d280 Exception <a 'java/lang/NoSuchMethodError'{0x00000000d59a2e78}: 'void java.lang.invoke.Invokers$Holder.invokeExact_MT(java.lang.Object, java.lang.Object, int, java.lang.Object)'> (0x00000000d59a2e78) 
thrown [s\src\hotspot\share\interpreter\linkResolver.cpp, line 773]
Event: 5.564 Thread 0x00000268f587d280 Exception <a 'java/lang/NoSuchMethodError'{0x00000000d5b2a890}: 'java.lang.Object java.lang.invoke.DirectMethodHandle$Holder.invokeSpecial(java.lang.Object, java.lang.Object, java.lang.Object, long, java.lang.Object)'> (0x00000000d5b2a890) 
thrown [s\src\hotspot\share\interpreter\linkResolver.cpp, line 773]
Event: 5.566 Thread 0x00000268f587d280 Exception <a 'java/lang/NoSuchMethodError'{0x00000000d5b320d8}: 'java.lang.Object java.lang.invoke.DirectMethodHandle$Holder.newInvokeSpecial(java.lang.Object, java.lang.Object, java.lang.Object, long)'> (0x00000000d5b320d8) 
thrown [s\src\hotspot\share\interpreter\linkResolver.cpp, line 773]
Event: 5.566 Thread 0x00000268f587d280 Exception <a 'java/lang/NoSuchMethodError'{0x00000000d5b364c8}: 'java.lang.Object java.lang.invoke.DirectMethodHandle$Holder.invokeSpecial(java.lang.Object, java.lang.Object, java.lang.Object, java.lang.Object, long)'> (0x00000000d5b364c8) 
thrown [s\src\hotspot\share\interpreter\linkResolver.cpp, line 773]
Event: 5.567 Thread 0x00000268f587d280 Exception <a 'java/lang/NoSuchMethodError'{0x00000000d5b3a0e8}: 'java.lang.Object java.lang.invoke.Invokers$Holder.linkToTargetMethod(java.lang.Object, java.lang.Object, long, java.lang.Object)'> (0x00000000d5b3a0e8) 
thrown [s\src\hotspot\share\interpreter\linkResolver.cpp, line 773]
Event: 5.578 Thread 0x00000268f587d280 Exception <a 'java/lang/NoSuchMethodError'{0x00000000d5b9b498}: 'int java.lang.invoke.DirectMethodHandle$Holder.invokeStaticInit(java.lang.Object, java.lang.Object, java.lang.Object)'> (0x00000000d5b9b498) 
thrown [s\src\hotspot\share\interpreter\linkResolver.cpp, line 773]
Event: 5.597 Thread 0x00000268f587d280 Exception <a 'java/lang/IncompatibleClassChangeError'{0x00000000d5c5b198}: Found class java.lang.Object, but interface was expected> (0x00000000d5c5b198) 
thrown [s\src\hotspot\share\interpreter\linkResolver.cpp, line 840]
Event: 5.601 Thread 0x00000268f587d280 Exception <a 'java/lang/NoSuchMethodError'{0x00000000d5c6a938}: 'java.lang.Object java.lang.invoke.DirectMethodHandle$Holder.invokeSpecial(java.lang.Object, java.lang.Object, java.lang.Object, int, java.lang.Object, java.lang.Object)'> (0x00000000d5c6a938) 
thrown [s\src\hotspot\share\interpreter\linkResolver.cpp, line 773]
Event: 5.602 Thread 0x00000268f587d280 Exception <a 'java/lang/NoSuchMethodError'{0x00000000d5c72350}: 'java.lang.Object java.lang.invoke.DirectMethodHandle$Holder.newInvokeSpecial(java.lang.Object, java.lang.Object, java.lang.Object, int, java.lang.Object)'> (0x00000000d5c72350) 
thrown [s\src\hotspot\share\interpreter\linkResolver.cpp, line 773]
Event: 5.603 Thread 0x00000268f587d280 Exception <a 'java/lang/NoSuchMethodError'{0x00000000d5c76310}: 'java.lang.Object java.lang.invoke.DirectMethodHandle$Holder.invokeSpecial(java.lang.Object, java.lang.Object, java.lang.Object, java.lang.Object, int, java.lang.Object)'> (0x00000000d5c76310) 
thrown [s\src\hotspot\share\interpreter\linkResolver.cpp, line 773]
Event: 5.603 Thread 0x00000268f587d280 Exception <a 'java/lang/NoSuchMethodError'{0x00000000d5c79e50}: 'java.lang.Object java.lang.invoke.Invokers$Holder.linkToTargetMethod(java.lang.Object, java.lang.Object, int, java.lang.Object, java.lang.Object)'> (0x00000000d5c79e50) 
thrown [s\src\hotspot\share\interpreter\linkResolver.cpp, line 773]
Event: 5.605 Thread 0x00000268f587f350 Exception <a 'java/lang/NoSuchMethodError'{0x00000000d5bbcb10}: 'java.lang.Object java.lang.invoke.DirectMethodHandle$Holder.invokeSpecial(java.lang.Object, java.lang.Object, int, java.lang.Object, java.lang.Object)'> (0x00000000d5bbcb10) 
thrown [s\src\hotspot\share\interpreter\linkResolver.cpp, line 773]
Event: 5.632 Thread 0x00000268f587d280 Exception <a 'java/lang/NoSuchMethodError'{0x00000000d5d7e108}: 'void java.lang.invoke.DirectMethodHandle$Holder.invokeSpecial(java.lang.Object, java.lang.Object, java.lang.Object, java.lang.Object, java.lang.Object)'> (0x00000000d5d7e108) 
thrown [s\src\hotspot\share\interpreter\linkResolver.cpp, line 773]
Event: 5.928 Thread 0x00000268f587d280 Exception <a 'java/lang/NoSuchMethodError'{0x00000000d6539380}: 'java.lang.Object java.lang.invoke.DirectMethodHandle$Holder.invokeInterface(java.lang.Object, java.lang.Object, java.lang.Object)'> (0x00000000d6539380) 
thrown [s\src\hotspot\share\interpreter\linkResolver.cpp, line 773]

ZGC Phase Switch (0 events):
No events

VM Operations (20 events):
Event: 4.270 Executing VM operation: ParallelGCFailedAllocation (Allocation Failure)
Event: 4.281 Executing VM operation: ParallelGCFailedAllocation (Allocation Failure) done
Event: 5.033 Executing VM operation: HandshakeAllThreads (Deoptimize)
Event: 5.033 Executing VM operation: HandshakeAllThreads (Deoptimize) done
Event: 5.212 Executing VM operation: ParallelGCFailedAllocation (Allocation Failure)
Event: 5.219 Executing VM operation: ParallelGCFailedAllocation (Allocation Failure) done
Event: 5.274 Executing VM operation: HandshakeAllThreads (Deoptimize)
Event: 5.274 Executing VM operation: HandshakeAllThreads (Deoptimize) done
Event: 5.472 Executing VM operation: HandshakeAllThreads (Deoptimize)
Event: 5.472 Executing VM operation: HandshakeAllThreads (Deoptimize) done
Event: 5.758 Executing VM operation: HandshakeAllThreads (Deoptimize)
Event: 5.759 Executing VM operation: HandshakeAllThreads (Deoptimize) done
Event: 5.845 Executing VM operation: HandshakeAllThreads (Deoptimize)
Event: 5.845 Executing VM operation: HandshakeAllThreads (Deoptimize) done
Event: 5.862 Executing VM operation: HandshakeAllThreads (Deoptimize)
Event: 5.862 Executing VM operation: HandshakeAllThreads (Deoptimize) done
Event: 6.862 Executing VM operation: Cleanup
Event: 6.862 Executing VM operation: Cleanup done
Event: 7.862 Executing VM operation: Cleanup
Event: 7.862 Executing VM operation: Cleanup done

Memory protections (0 events):
No events

Nmethod flushes (0 events):
No events

Events (20 events):
Event: 0.924 Thread 0x00000268adfdf510 Thread added: 0x00000268f5395f60
Event: 2.304 Thread 0x000002689755fe30 Thread added: 0x00000268adfc6160
Event: 2.749 Thread 0x000002689755fe30 Thread added: 0x00000268adfc7510
Event: 2.837 Thread 0x00000268adfc7510 Thread added: 0x00000268f5880700
Event: 2.842 Thread 0x000002689755fe30 Thread added: 0x00000268f587d280
Event: 2.872 Thread 0x00000268f5395f60 Thread exited: 0x00000268f5395f60
Event: 3.090 Thread 0x00000268f09edf20 Thread exited: 0x00000268f09edf20
Event: 3.152 Thread 0x00000268adfdf510 Thread added: 0x00000268f57e9bf0
Event: 3.156 Thread 0x00000268f57e9bf0 Thread added: 0x00000268f58b0b40
Event: 3.529 Thread 0x00000268f587d280 Thread added: 0x00000268f587d910
Event: 4.088 Thread 0x00000268f587d280 Thread added: 0x00000268f587ecc0
Event: 4.119 Thread 0x00000268f58b0b40 Thread exited: 0x00000268f58b0b40
Event: 4.242 Thread 0x00000268f57e9bf0 Thread added: 0x00000268f5b157b0
Event: 4.582 Thread 0x00000268f5b157b0 Thread exited: 0x00000268f5b157b0
Event: 4.718 Thread 0x00000268f587d280 Thread added: 0x00000268f587dfa0
Event: 5.462 Thread 0x00000268f57e9bf0 Thread exited: 0x00000268f57e9bf0
Event: 5.507 Thread 0x00000268f587d280 Thread added: 0x00000268f58827d0
Event: 5.571 Thread 0x00000268f587d280 Thread added: 0x00000268f587f350
Event: 5.606 Thread 0x00000268f587d280 Thread added: 0x00000268f587f9e0
Event: 5.791 Thread 0x00000268adfdf510 Thread added: 0x00000268f6b18070


Dynamic libraries:
0x00007ff65a6b0000 - 0x00007ff65a6be000 	c:\Users\Dorian\.vscode\extensions\redhat.java-1.47.0-win32-x64\jre\21.0.8-win32-x86_64\bin\java.exe
0x00007fff5cf80000 - 0x00007fff5d1e8000 	C:\WINDOWS\SYSTEM32\ntdll.dll
0x00007fff5b000000 - 0x00007fff5b0c9000 	C:\WINDOWS\System32\KERNEL32.DLL
0x00007fff5a920000 - 0x00007fff5ad18000 	C:\WINDOWS\System32\KERNELBASE.dll
0x00007fff5a3d0000 - 0x00007fff5a51b000 	C:\WINDOWS\System32\ucrtbase.dll
0x00007fff48910000 - 0x00007fff48928000 	c:\Users\Dorian\.vscode\extensions\redhat.java-1.47.0-win32-x64\jre\21.0.8-win32-x86_64\bin\jli.dll
0x00007fff4ff70000 - 0x00007fff4ff8e000 	c:\Users\Dorian\.vscode\extensions\redhat.java-1.47.0-win32-x64\jre\21.0.8-win32-x86_64\bin\VCRUNTIME140.dll
0x00007fff5cc70000 - 0x00007fff5ce37000 	C:\WINDOWS\System32\USER32.dll
0x00007fff5a0d0000 - 0x00007fff5a0f7000 	C:\WINDOWS\System32\win32u.dll
0x00007fff436f0000 - 0x00007fff43984000 	C:\WINDOWS\WinSxS\amd64_microsoft.windows.common-controls_6595b64144ccf1df_6.0.26100.7019_none_3e06ffa0e335b8a8\COMCTL32.dll
0x00007fff5c200000 - 0x00007fff5c22b000 	C:\WINDOWS\System32\GDI32.dll
0x00007fff5c990000 - 0x00007fff5ca39000 	C:\WINDOWS\System32\msvcrt.dll
0x00007fff5a7f0000 - 0x00007fff5a91c000 	C:\WINDOWS\System32\gdi32full.dll
0x00007fff5a270000 - 0x00007fff5a313000 	C:\WINDOWS\System32\msvcp_win.dll
0x00007fff5afc0000 - 0x00007fff5aff1000 	C:\WINDOWS\System32\IMM32.DLL
0x00007fff50230000 - 0x00007fff5023c000 	c:\Users\Dorian\.vscode\extensions\redhat.java-1.47.0-win32-x64\jre\21.0.8-win32-x86_64\bin\vcruntime140_1.dll
0x00007fff2f3f0000 - 0x00007fff2f47d000 	c:\Users\Dorian\.vscode\extensions\redhat.java-1.47.0-win32-x64\jre\21.0.8-win32-x86_64\bin\msvcp140.dll
0x00007ffee09b0000 - 0x00007ffee1747000 	c:\Users\Dorian\.vscode\extensions\redhat.java-1.47.0-win32-x64\jre\21.0.8-win32-x86_64\bin\server\jvm.dll
0x00007fff5cb00000 - 0x00007fff5cbb4000 	C:\WINDOWS\System32\ADVAPI32.dll
0x00007fff5ca40000 - 0x00007fff5cae6000 	C:\WINDOWS\System32\sechost.dll
0x00007fff5beb0000 - 0x00007fff5bfc8000 	C:\WINDOWS\System32\RPCRT4.dll
0x00007fff5ad20000 - 0x00007fff5ad94000 	C:\WINDOWS\System32\WS2_32.dll
0x00007fff59f50000 - 0x00007fff59fae000 	C:\WINDOWS\SYSTEM32\POWRPROF.dll
0x00007fff439a0000 - 0x00007fff439d5000 	C:\WINDOWS\SYSTEM32\WINMM.dll
0x00007fff48ba0000 - 0x00007fff48bab000 	C:\WINDOWS\SYSTEM32\VERSION.dll
0x00007fff59f30000 - 0x00007fff59f44000 	C:\WINDOWS\SYSTEM32\UMPDC.dll
0x00007fff58e90000 - 0x00007fff58eab000 	C:\WINDOWS\SYSTEM32\kernel.appcore.dll
0x00007fff50080000 - 0x00007fff5008a000 	c:\Users\Dorian\.vscode\extensions\redhat.java-1.47.0-win32-x64\jre\21.0.8-win32-x86_64\bin\jimage.dll
0x00007fff57a00000 - 0x00007fff57c42000 	C:\WINDOWS\SYSTEM32\DBGHELP.DLL
0x00007fff5b1c0000 - 0x00007fff5b54b000 	C:\WINDOWS\System32\combase.dll
0x00007fff5bdb0000 - 0x00007fff5be87000 	C:\WINDOWS\System32\OLEAUT32.dll
0x00007fff41f80000 - 0x00007fff41fbc000 	C:\WINDOWS\SYSTEM32\dbgcore.DLL
0x00007fff5a320000 - 0x00007fff5a3c5000 	C:\WINDOWS\System32\bcryptPrimitives.dll
0x00007fff4dd20000 - 0x00007fff4dd2f000 	c:\Users\Dorian\.vscode\extensions\redhat.java-1.47.0-win32-x64\jre\21.0.8-win32-x86_64\bin\instrument.dll
0x00007fff47f70000 - 0x00007fff47f8f000 	c:\Users\Dorian\.vscode\extensions\redhat.java-1.47.0-win32-x64\jre\21.0.8-win32-x86_64\bin\java.dll
0x00007fff5c230000 - 0x00007fff5c981000 	C:\WINDOWS\System32\SHELL32.dll
0x00007fff5a100000 - 0x00007fff5a26b000 	C:\WINDOWS\System32\wintypes.dll
0x00007fff57d30000 - 0x00007fff5858d000 	C:\WINDOWS\SYSTEM32\windows.storage.dll
0x00007fff5ce40000 - 0x00007fff5cf32000 	C:\WINDOWS\System32\SHCORE.dll
0x00007fff5b150000 - 0x00007fff5b1b7000 	C:\WINDOWS\System32\shlwapi.dll
0x00007fff59ff0000 - 0x00007fff5a019000 	C:\WINDOWS\SYSTEM32\profapi.dll
0x00007fff50090000 - 0x00007fff500a8000 	c:\Users\Dorian\.vscode\extensions\redhat.java-1.47.0-win32-x64\jre\21.0.8-win32-x86_64\bin\zip.dll
0x00007fff4b090000 - 0x00007fff4b0a0000 	C:\Users\Dorian\.vscode\extensions\redhat.java-1.47.0-win32-x64\jre\21.0.8-win32-x86_64\bin\net.dll
0x00007fff4de50000 - 0x00007fff4df78000 	C:\WINDOWS\SYSTEM32\WINHTTP.dll
0x00007fff59400000 - 0x00007fff5946b000 	C:\WINDOWS\system32\mswsock.dll
0x00007fff37ce0000 - 0x00007fff37cf6000 	C:\Users\Dorian\.vscode\extensions\redhat.java-1.47.0-win32-x64\jre\21.0.8-win32-x86_64\bin\nio.dll
0x00007fff4acd0000 - 0x00007fff4ace0000 	c:\Users\Dorian\.vscode\extensions\redhat.java-1.47.0-win32-x64\jre\21.0.8-win32-x86_64\bin\verify.dll
0x00007fff369f0000 - 0x00007fff36a34000 	C:\Users\Dorian\AppData\Roaming\Code\User\globalStorage\redhat.java\1.47.0\config_win\org.eclipse.equinox.launcher\org.eclipse.equinox.launcher.win32.win32.x86_64_1.2.1400.v20250801-0854\eclipse_11916.dll
0x00007fff5c060000 - 0x00007fff5c1f7000 	C:\WINDOWS\System32\ole32.dll
0x00007fff596c0000 - 0x00007fff596db000 	C:\WINDOWS\SYSTEM32\CRYPTSP.dll
0x00007fff58df0000 - 0x00007fff58e2a000 	C:\WINDOWS\system32\rsaenh.dll
0x00007fff594b0000 - 0x00007fff594db000 	C:\WINDOWS\SYSTEM32\USERENV.dll
0x00007fff59fc0000 - 0x00007fff59fea000 	C:\WINDOWS\SYSTEM32\bcrypt.dll
0x00007fff596e0000 - 0x00007fff596ec000 	C:\WINDOWS\SYSTEM32\CRYPTBASE.dll
0x00007fff588a0000 - 0x00007fff588d4000 	C:\WINDOWS\SYSTEM32\IPHLPAPI.DLL
0x00007fff5caf0000 - 0x00007fff5cafa000 	C:\WINDOWS\System32\NSI.dll
0x00007fff32750000 - 0x00007fff32799000 	C:\Users\Dorian\AppData\Local\Temp\jna-2052793295\jna16537127153217711399.dll
0x00007fff5adb0000 - 0x00007fff5adb8000 	C:\WINDOWS\System32\PSAPI.DLL

JVMTI agents:
c:\Users\Dorian\.vscode\extensions\redhat.java-1.47.0-win32-x64\lombok\lombok-1.18.39-4050.jar path:c:\Users\Dorian\.vscode\extensions\redhat.java-1.47.0-win32-x64\jre\21.0.8-win32-x86_64\bin\instrument.dll, loaded, initialized, instrumentlib options:none

dbghelp: loaded successfully - version: 4.0.5 - missing functions: none
symbol engine: initialized successfully - sym options: 0x614 - pdb path: .;c:\Users\Dorian\.vscode\extensions\redhat.java-1.47.0-win32-x64\jre\21.0.8-win32-x86_64\bin;C:\WINDOWS\SYSTEM32;C:\WINDOWS\WinSxS\amd64_microsoft.windows.common-controls_6595b64144ccf1df_6.0.26100.7019_none_3e06ffa0e335b8a8;c:\Users\Dorian\.vscode\extensions\redhat.java-1.47.0-win32-x64\jre\21.0.8-win32-x86_64\bin\server;C:\Users\Dorian\AppData\Roaming\Code\User\globalStorage\redhat.java\1.47.0\config_win\org.eclipse.equinox.launcher\org.eclipse.equinox.launcher.win32.win32.x86_64_1.2.1400.v20250801-0854;C:\Users\Dorian\AppData\Local\Temp\jna-2052793295

VM Arguments:
jvm_args: --add-modules=ALL-SYSTEM --add-opens=java.base/java.util=ALL-UNNAMED --add-opens=java.base/java.lang=ALL-UNNAMED --add-opens=java.base/sun.nio.fs=ALL-UNNAMED -Declipse.application=org.eclipse.jdt.ls.core.id1 -Dosgi.bundles.defaultStartLevel=4 -Declipse.product=org.eclipse.jdt.ls.core.product -Djava.import.generatesMetadataFilesAtProjectRoot=false -DDetectVMInstallationsJob.disabled=true -Dfile.encoding=utf8 -XX:+UseParallelGC -XX:GCTimeRatio=4 -XX:AdaptiveSizePolicyWeight=90 -Dsun.zip.disableMemoryMapping=true -Xmx2G -Xms100m -Xlog:disable -javaagent:c:\Users\Dorian\.vscode\extensions\redhat.java-1.47.0-win32-x64\lombok\lombok-1.18.39-4050.jar -XX:+HeapDumpOnOutOfMemoryError -XX:HeapDumpPath=c:\Users\Dorian\AppData\Roaming\Code\User\workspaceStorage\2e54c20b31e2f00811d0ee3cb5a815c0\redhat.java -Daether.dependencyCollector.impl=bf 
java_command: c:\Users\Dorian\.vscode\extensions\redhat.java-1.47.0-win32-x64\server\plugins\org.eclipse.equinox.launcher_1.7.100.v20251014-1222.jar -configuration c:\Users\Dorian\AppData\Roaming\Code\User\globalStorage\redhat.java\1.47.0\config_win -data c:\Users\Dorian\AppData\Roaming\Code\User\workspaceStorage\2e54c20b31e2f00811d0ee3cb5a815c0\redhat.java\jdt_ws --pipe=\\.\pipe\lsp-ab7c2249219a7bdbbb572db32d765fb2-sock
java_class_path (initial): c:\Users\Dorian\.vscode\extensions\redhat.java-1.47.0-win32-x64\server\plugins\org.eclipse.equinox.launcher_1.7.100.v20251014-1222.jar
Launcher Type: SUN_STANDARD

[Global flags]
    uintx AdaptiveSizePolicyWeight                 = 90                                        {product} {command line}
     intx CICompilerCount                          = 4                                         {product} {ergonomic}
    uintx GCTimeRatio                              = 4                                         {product} {command line}
     bool HeapDumpOnOutOfMemoryError               = true                                   {manageable} {command line}
    ccstr HeapDumpPath                             = c:\Users\Dorian\AppData\Roaming\Code\User\workspaceStorage\2e54c20b31e2f00811d0ee3cb5a815c0\redhat.java         {manageable} {command line}
   size_t InitialHeapSize                          = 104857600                                 {product} {command line}
   size_t MaxHeapSize                              = 2147483648                                {product} {command line}
   size_t MaxNewSize                               = 715653120                                 {product} {ergonomic}
   size_t MinHeapDeltaBytes                        = 524288                                    {product} {ergonomic}
   size_t MinHeapSize                              = 104857600                                 {product} {command line}
   size_t NewSize                                  = 34603008                                  {product} {ergonomic}
    uintx NonNMethodCodeHeapSize                   = 5839372                                {pd product} {ergonomic}
    uintx NonProfiledCodeHeapSize                  = 122909434                              {pd product} {ergonomic}
   size_t OldSize                                  = 70254592                                  {product} {ergonomic}
    uintx ProfiledCodeHeapSize                     = 122909434                              {pd product} {ergonomic}
    uintx ReservedCodeCacheSize                    = 251658240                              {pd product} {ergonomic}
     bool SegmentedCodeCache                       = true                                      {product} {ergonomic}
   size_t SoftMaxHeapSize                          = 2147483648                             {manageable} {ergonomic}
     bool UseCompressedOops                        = true                           {product lp64_product} {ergonomic}
     bool UseLargePagesIndividualAllocation        = false                                  {pd product} {ergonomic}
     bool UseParallelGC                            = true                                      {product} {command line}

Logging:
Log output configuration:
 #0: stdout all=off uptime,level,tags foldmultilines=false
 #1: stderr all=off uptime,level,tags foldmultilines=false

Environment Variables:
JAVA_HOME=C:\Program Files\Java\jdk-1.8
PATH=C:\Program Files (x86)\Common Files\Oracle\Java\java8path;C:\Program Files (x86)\Common Files\Oracle\Java\javapath;C:\WINDOWS\system32;C:\WINDOWS;C:\WINDOWS\System32\Wbem;C:\WINDOWS\System32\WindowsPowerShell\v1.0\;C:\WINDOWS\System32\OpenSSH\;C:\Program Files\Microsoft SQL Server\Client SDK\ODBC\170\Tools\Binn\;C:\Program Files (x86)\Microsoft SQL Server\150\Tools\Binn\;C:\Program Files\Microsoft SQL Server\150\Tools\Binn\;C:\Program Files\Microsoft SQL Server\150\DTS\Binn\;C:\Program Files\Azure Data Studio\bin;C:\Program Files\Microsoft SQL Server\120\Tools\Binn\;C:\Program Files\Microsoft SQL Server\130\Tools\Binn\;C:\Program Files (x86)\QuickTime\QTSystem\;C:\Program Files\Git\cmd;C:\Program Files\dotnet\;C:\Program Files\nodejs\;C:\ProgramData\chocolatey\bin;C:\Users\Dorian\AppData\Local\Microsoft\WindowsApps;C:\Program Files\Azure Data Studio\bin;C:\Program Files\MySQL\MySQL Server 5.7\bin;C:\Program Files\apache-maven-3.9.9\bin;C:\Program Files\Java\jdk-1.8\bin;;D:\IntelliJ IDEA Community Edition 2025.1.1.1\bin;;C:\Users\Dorian\.dotnet\tools;C:\Users\Dorian\AppData\Local\Programs\Microsoft VS Code\bin;C:\Users\Dorian\AppData\Roaming\npm
USERNAME=Dorian
OS=Windows_NT
PROCESSOR_IDENTIFIER=Intel64 Family 6 Model 142 Stepping 10, GenuineIntel
TMP=C:\Users\Dorian\AppData\Local\Temp
TEMP=C:\Users\Dorian\AppData\Local\Temp




Periodic native trim disabled

---------------  S Y S T E M  ---------------

OS:
 Windows 11 , 64 bit Build 26100 (10.0.26100.7019)
OS uptime: 4 days 11:18 hours

CPU: total 8 (initial active 8) (4 cores per cpu, 2 threads per core) family 6 model 142 stepping 10 microcode 0xf6, cx8, cmov, fxsr, ht, mmx, 3dnowpref, sse, sse2, sse3, ssse3, sse4.1, sse4.2, popcnt, lzcnt, tsc, tscinvbit, avx, avx2, aes, erms, clmul, bmi1, bmi2, adx, fma, vzeroupper, clflush, clflushopt, rdtscp, f16c
Processor Information for the first 8 processors :
  Max Mhz: 1992, Current Mhz: 1792, Mhz Limit: 1792

Memory: 4k page, system-wide physical 7555M (916M free)
TotalPageFile size 11651M (AvailPageFile size 6M)
current process WorkingSet (physical memory assigned to process): 144M, peak: 144M
current process commit charge ("private bytes"): 285M, peak: 285M

vm_info: OpenJDK 64-Bit Server VM (21.0.8+9-LTS) for windows-amd64 JRE (21.0.8+9-LTS), built on 2025-07-15T00:00:00Z by "admin" with MS VC++ 17.7 (VS2022)

END.
