#
# There is insufficient memory for the Java Runtime Environment to continue.
# Native memory allocation (mmap) failed to map 65536 bytes. Error detail: Failed to commit metaspace.
# Possible reasons:
#   The system is out of physical RAM or swap space
#   This process is running with CompressedOops enabled, and the Java Heap may be blocking the growth of the native heap
# Possible solutions:
#   Reduce memory load on the system
#   Increase physical memory or swap space
#   Check if swap backing store is full
#   Decrease Java heap size (-Xmx/-Xms)
#   Decrease number of Java threads
#   Decrease Java thread stack sizes (-Xss)
#   Set larger code cache with -XX:ReservedCodeCacheSize=
#   JVM is running with Unscaled Compressed Oops mode in which the Java heap is
#     placed in the first 4GB address space. The Java Heap base address is the
#     maximum limit for the native heap growth. Please use -XX:HeapBaseMinAddress
#     to set the Java Heap base and to place the Java Heap above 4GB virtual address.
# This output file may be truncated or incomplete.
#
#  Out of Memory Error (virtualSpaceNode.cpp:113), pid=7600, tid=12424
#
# JRE version: OpenJDK Runtime Environment Temurin-21.0.8+9 (21.0.8+9) (build 21.0.8+9-LTS)
# Java VM: OpenJDK 64-Bit Server VM Temurin-21.0.8+9 (21.0.8+9-LTS, mixed mode, sharing, tiered, compressed oops, compressed class ptrs, parallel gc, windows-amd64)
# No core dump will be written. Minidumps are not enabled by default on client versions of Windows
#

---------------  S U M M A R Y ------------

Command Line: --add-modules=ALL-SYSTEM --add-opens=java.base/java.util=ALL-UNNAMED --add-opens=java.base/java.lang=ALL-UNNAMED --add-opens=java.base/sun.nio.fs=ALL-UNNAMED -Declipse.application=org.eclipse.jdt.ls.core.id1 -Dosgi.bundles.defaultStartLevel=4 -Declipse.product=org.eclipse.jdt.ls.core.product -Djava.import.generatesMetadataFilesAtProjectRoot=false -DDetectVMInstallationsJob.disabled=true -Dfile.encoding=utf8 -XX:+UseParallelGC -XX:GCTimeRatio=4 -XX:AdaptiveSizePolicyWeight=90 -Dsun.zip.disableMemoryMapping=true -Xmx2G -Xms100m -Xlog:disable -javaagent:c:\Users\Dorian\.vscode\extensions\redhat.java-1.47.0-win32-x64\lombok\lombok-1.18.39-4050.jar -XX:+HeapDumpOnOutOfMemoryError -XX:HeapDumpPath=c:\Users\Dorian\AppData\Roaming\Code\User\workspaceStorage\2e54c20b31e2f00811d0ee3cb5a815c0\redhat.java -Daether.dependencyCollector.impl=bf c:\Users\Dorian\.vscode\extensions\redhat.java-1.47.0-win32-x64\server\plugins\org.eclipse.equinox.launcher_1.7.100.v20251014-1222.jar -configuration c:\Users\Dorian\AppData\Roaming\Code\User\globalStorage\redhat.java\1.47.0\config_win -data c:\Users\Dorian\AppData\Roaming\Code\User\workspaceStorage\2e54c20b31e2f00811d0ee3cb5a815c0\redhat.java\jdt_ws --pipe=\\.\pipe\lsp-d1e8e55fb6b57ccbcbf8c3e6c0fa6c7f-sock

Host: Intel(R) Core(TM) i7-8550U CPU @ 1.80GHz, 8 cores, 7G,  Windows 11 , 64 bit Build 26100 (10.0.26100.7019)
Time: Wed Nov  5 15:26:08 2025 E. Africa Standard Time elapsed time: 4.926527 seconds (0d 0h 0m 4s)

---------------  T H R E A D  ---------------

Current thread (0x0000015881ef3750):  JavaThread "main"             [_thread_in_vm, id=12424, stack(0x0000001946300000,0x0000001946400000) (1024K)]

Stack: [0x0000001946300000,0x0000001946400000]
Native frames: (J=compiled Java code, j=interpreted, Vv=VM code, C=native code)
V  [jvm.dll+0x6d2449]
V  [jvm.dll+0x8ae341]
V  [jvm.dll+0x8b08be]
V  [jvm.dll+0x8b0fa3]
V  [jvm.dll+0x280c96]
V  [jvm.dll+0x8aa07e]
V  [jvm.dll+0x6745b5]
V  [jvm.dll+0x67461a]
V  [jvm.dll+0x676e02]
V  [jvm.dll+0x676cd2]
V  [jvm.dll+0x674f8e]
V  [jvm.dll+0x26a9af]
V  [jvm.dll+0x67f1f5]
V  [jvm.dll+0x21695d]
V  [jvm.dll+0x216eda]
V  [jvm.dll+0x217905]
V  [jvm.dll+0x20cece]
V  [jvm.dll+0x5b19dc]
V  [jvm.dll+0x21e5ba]
V  [jvm.dll+0x826c6c]
V  [jvm.dll+0x827c94]
V  [jvm.dll+0x828262]
V  [jvm.dll+0x827ee8]
V  [jvm.dll+0x473549]
V  [jvm.dll+0x47b3a9]
C  [java.dll+0x13e9]

Java frames: (J=compiled Java code, j=interpreted, Vv=VM code)
j  java.lang.Class.forName0(Ljava/lang/String;ZLjava/lang/ClassLoader;Ljava/lang/Class;)Ljava/lang/Class;+0 java.base@21.0.8
j  java.lang.Class.forName(Ljava/lang/String;Ljava/lang/Class;)Ljava/lang/Class;+19 java.base@21.0.8
j  java.lang.Class.forName(Ljava/lang/String;)Ljava/lang/Class;+6 java.base@21.0.8
j  sun.security.x509.OIDMap$OIDInfo.getClazz()Ljava/lang/Class;+13 java.base@21.0.8
j  sun.security.x509.OIDMap.getClass(Lsun/security/util/ObjectIdentifier;)Ljava/lang/Class;+22 java.base@21.0.8
j  sun.security.x509.CertificateExtensions.parseExtension(Lsun/security/x509/Extension;)V+4 java.base@21.0.8
j  sun.security.x509.CertificateExtensions.init(Lsun/security/util/DerInputStream;)V+29 java.base@21.0.8
j  sun.security.x509.CertificateExtensions.<init>(Lsun/security/util/DerInputStream;)V+25 java.base@21.0.8
j  sun.security.x509.X509CertInfo.parse(Lsun/security/util/DerValue;)V+335 java.base@21.0.8
j  sun.security.x509.X509CertInfo.<init>(Lsun/security/util/DerValue;)V+67 java.base@21.0.8
j  sun.security.x509.X509CertImpl.parse(Lsun/security/util/DerValue;)V+210 java.base@21.0.8
j  sun.security.x509.X509CertImpl.<init>([B)V+45 java.base@21.0.8
j  sun.security.provider.X509Factory.cachedGetX509Cert([B)Lsun/security/x509/X509CertImpl;+22 java.base@21.0.8
j  sun.security.provider.X509Factory.engineGenerateCertificate(Ljava/io/InputStream;)Ljava/security/cert/Certificate;+33 java.base@21.0.8
j  java.security.cert.CertificateFactory.generateCertificate(Ljava/io/InputStream;)Ljava/security/cert/Certificate;+5 java.base@21.0.8
j  sun.security.pkcs.PKCS7.parseSignedData(Lsun/security/util/DerValue;)V+279 java.base@21.0.8
j  sun.security.pkcs.PKCS7.parse(Lsun/security/util/DerInputStream;Z)V+51 java.base@21.0.8
j  sun.security.pkcs.PKCS7.parse(Lsun/security/util/DerInputStream;)V+11 java.base@21.0.8
j  sun.security.pkcs.PKCS7.<init>([B)V+50 java.base@21.0.8
j  sun.security.util.SignatureFileVerifier.<init>(Ljava/util/ArrayList;Lsun/security/util/ManifestDigester;Ljava/lang/String;[B)V+35 java.base@21.0.8
j  java.util.jar.JarVerifier.processEntry(Lsun/security/util/ManifestEntryVerifier;)V+319 java.base@21.0.8
j  java.util.jar.JarVerifier.update(I[BIILsun/security/util/ManifestEntryVerifier;)V+39 java.base@21.0.8
j  java.util.jar.JarFile.initializeVerifier()V+164 java.base@21.0.8
j  java.util.jar.JarFile.ensureInitialization()V+36 java.base@21.0.8
j  java.util.jar.JavaUtilJarAccessImpl.ensureInitialization(Ljava/util/jar/JarFile;)V+1 java.base@21.0.8
j  jdk.internal.loader.URLClassPath$JarLoader$2.getManifest()Ljava/util/jar/Manifest;+10 java.base@21.0.8
j  jdk.internal.loader.BuiltinClassLoader.defineClass(Ljava/lang/String;Ljdk/internal/loader/Resource;)Ljava/lang/Class;+29 java.base@21.0.8
j  jdk.internal.loader.BuiltinClassLoader.findClassOnClassPathOrNull(Ljava/lang/String;)Ljava/lang/Class;+37 java.base@21.0.8
j  jdk.internal.loader.BuiltinClassLoader.loadClassOrNull(Ljava/lang/String;Z)Ljava/lang/Class;+111 java.base@21.0.8
j  jdk.internal.loader.BuiltinClassLoader.loadClass(Ljava/lang/String;Z)Ljava/lang/Class;+3 java.base@21.0.8
j  jdk.internal.loader.ClassLoaders$AppClassLoader.loadClass(Ljava/lang/String;Z)Ljava/lang/Class;+36 java.base@21.0.8
j  java.lang.ClassLoader.loadClass(Ljava/lang/String;)Ljava/lang/Class;+3 java.base@21.0.8
v  ~StubRoutines::call_stub 0x000001588c61100d
j  java.lang.Class.forName0(Ljava/lang/String;ZLjava/lang/ClassLoader;Ljava/lang/Class;)Ljava/lang/Class;+0 java.base@21.0.8
j  java.lang.Class.forName(Ljava/lang/String;ZLjava/lang/ClassLoader;Ljava/lang/Class;)Ljava/lang/Class;+37 java.base@21.0.8
j  java.lang.Class.forName(Ljava/lang/String;ZLjava/lang/ClassLoader;)Ljava/lang/Class;+20 java.base@21.0.8
j  sun.launcher.LauncherHelper.loadMainClass(ILjava/lang/String;)Ljava/lang/Class;+95 java.base@21.0.8
j  sun.launcher.LauncherHelper.checkAndLoadMain(ZILjava/lang/String;)Ljava/lang/Class;+42 java.base@21.0.8
v  ~StubRoutines::call_stub 0x000001588c61100d

---------------  P R O C E S S  ---------------

Threads class SMR info:
_java_thread_list=0x00000158db4785b0, length=11, elements={
0x0000015881ef3750, 0x0000015898955380, 0x0000015898957f60, 0x0000015898959f60,
0x000001589895af60, 0x000001589895dac0, 0x000001589895e510, 0x00000158989612a0,
0x00000158989885b0, 0x00000158db2f5e40, 0x00000158db41d6c0
}

Java Threads: ( => current thread )
=>0x0000015881ef3750 JavaThread "main"                              [_thread_in_vm, id=12424, stack(0x0000001946300000,0x0000001946400000) (1024K)]
  0x0000015898955380 JavaThread "Reference Handler"          daemon [_thread_blocked, id=15268, stack(0x0000001946700000,0x0000001946800000) (1024K)]
  0x0000015898957f60 JavaThread "Finalizer"                  daemon [_thread_blocked, id=9672, stack(0x0000001946800000,0x0000001946900000) (1024K)]
  0x0000015898959f60 JavaThread "Signal Dispatcher"          daemon [_thread_blocked, id=17840, stack(0x0000001946900000,0x0000001946a00000) (1024K)]
  0x000001589895af60 JavaThread "Attach Listener"            daemon [_thread_blocked, id=1760, stack(0x0000001946a00000,0x0000001946b00000) (1024K)]
  0x000001589895dac0 JavaThread "Service Thread"             daemon [_thread_blocked, id=12884, stack(0x0000001946b00000,0x0000001946c00000) (1024K)]
  0x000001589895e510 JavaThread "Monitor Deflation Thread"   daemon [_thread_blocked, id=1884, stack(0x0000001946c00000,0x0000001946d00000) (1024K)]
  0x00000158989612a0 JavaThread "C2 CompilerThread0"         daemon [_thread_blocked, id=15068, stack(0x0000001946d00000,0x0000001946e00000) (1024K)]
  0x00000158989885b0 JavaThread "C1 CompilerThread0"         daemon [_thread_in_vm, id=21036, stack(0x0000001946e00000,0x0000001946f00000) (1024K)]
  0x00000158db2f5e40 JavaThread "Common-Cleaner"             daemon [_thread_blocked, id=3856, stack(0x0000001946f00000,0x0000001947000000) (1024K)]
  0x00000158db41d6c0 JavaThread "Notification Thread"        daemon [_thread_blocked, id=11224, stack(0x0000001947000000,0x0000001947100000) (1024K)]
Total: 11

Other Threads:
  0x0000015881f949a0 VMThread "VM Thread"                           [id=10912, stack(0x0000001946600000,0x0000001946700000) (1024K)] _threads_hazard_ptr=0x00000158db4785b0
  0x000001589886ca00 WatcherThread "VM Periodic Task Thread"        [id=13852, stack(0x0000001946500000,0x0000001946600000) (1024K)]
  0x0000015881f10d70 WorkerThread "GC Thread#0"                     [id=14576, stack(0x0000001946400000,0x0000001946500000) (1024K)]
Total: 3

Threads with active compile tasks:
C1 CompilerThread0  4972  627       3       sun.security.util.ObjectIdentifier::pack (222 bytes)
Total: 1

VM state: synchronizing (normal execution)

VM Mutex/Monitor currently owned by a thread:  ([mutex/lock_event])
[0x00007ffee10f3458] Metaspace_lock - owner thread: 0x0000015881ef3750
[0x00007ffee10f5458] Threads_lock - owner thread: 0x0000015881f949a0

Heap address: 0x0000000080000000, size: 2048 MB, Compressed Oops mode: 32-bit

CDS archive(s) mapped at: [0x0000015899000000-0x0000015899ba0000-0x0000015899ba0000), size 12189696, SharedBaseAddress: 0x0000015899000000, ArchiveRelocationMode: 1.
Compressed class space mapped at: 0x000001589a000000-0x00000158da000000, reserved size: 1073741824
Narrow klass base: 0x0000015899000000, Narrow klass shift: 0, Narrow klass range: 0x100000000

GC Precious Log:
 CardTable entry size: 512
 CPUs: 8 total, 8 available
 Memory: 7555M
 Large Page Support: Disabled
 NUMA Support: Disabled
 Compressed Oops: Enabled (32-bit)
 Alignments: Space 512K, Generation 512K, Heap 2M
 Heap Min Capacity: 100M
 Heap Initial Capacity: 100M
 Heap Max Capacity: 2G
 Pre-touch: Disabled
 Parallel Workers: 8

Heap:
 PSYoungGen      total 29696K, used 11799K [0x00000000d5580000, 0x00000000d7680000, 0x0000000100000000)
  eden space 25600K, 46% used [0x00000000d5580000,0x00000000d6105f80,0x00000000d6e80000)
  from space 4096K, 0% used [0x00000000d7280000,0x00000000d7280000,0x00000000d7680000)
  to   space 4096K, 0% used [0x00000000d6e80000,0x00000000d6e80000,0x00000000d7280000)
 ParOldGen       total 68608K, used 0K [0x0000000080000000, 0x0000000084300000, 0x00000000d5580000)
  object space 68608K, 0% used [0x0000000080000000,0x0000000080000000,0x0000000084300000)
 Metaspace       used 1905K, committed 2112K, reserved 1114112K
  class space    used 189K, committed 320K, reserved 1048576K

Card table byte_map: [0x00000158818c0000,0x0000015881cd0000] _byte_map_base: 0x00000158814c0000

Marking Bits: (ParMarkBitMap*) 0x00007ffee10fa340
 Begin Bits: [0x0000015894390000, 0x0000015896390000)
 End Bits:   [0x0000015896390000, 0x0000015898390000)

Polling page: 0x00000158816b0000

Metaspace:

Usage:
  Non-class:      1.68 MB used.
      Class:    189.41 KB used.
       Both:      1.86 MB used.

Virtual space:
  Non-class space:       64.00 MB reserved,       1.75 MB (  3%) committed,  1 nodes.
      Class space:        1.00 GB reserved,     320.00 KB ( <1%) committed,  1 nodes.
             Both:        1.06 GB reserved,       2.06 MB ( <1%) committed. 

Chunk freelists:
   Non-Class:  11.65 MB
       Class:  15.67 MB
        Both:  27.32 MB

MaxMetaspaceSize: unlimited
CompressedClassSpaceSize: 1.00 GB
Initial GC threshold: 21.00 MB
Current GC threshold: 21.00 MB
CDS: on
 - commit_granule_bytes: 65536.
 - commit_granule_words: 8192.
 - virtual_space_node_default_size: 8388608.
 - enlarge_chunks_in_place: 1.
 - use_allocation_guard: 0.


Internal statistics:

num_allocs_failed_limit: 0.
num_arena_births: 78.
num_arena_deaths: 0.
num_vsnodes_births: 2.
num_vsnodes_deaths: 0.
num_space_committed: 33.
num_space_uncommitted: 0.
num_chunks_returned_to_freelist: 0.
num_chunks_taken_from_freelist: 100.
num_chunk_merges: 0.
num_chunk_splits: 70.
num_chunks_enlarged: 45.
num_inconsistent_stats: 0.

CodeHeap 'non-profiled nmethods': size=120000Kb used=216Kb max_used=216Kb free=119783Kb
 bounds [0x000001588cbb0000, 0x000001588ce20000, 0x00000158940e0000]
CodeHeap 'profiled nmethods': size=120000Kb used=921Kb max_used=921Kb free=119078Kb
 bounds [0x00000158850e0000, 0x0000015885350000, 0x000001588c610000]
CodeHeap 'non-nmethods': size=5760Kb used=1160Kb max_used=1175Kb free=4599Kb
 bounds [0x000001588c610000, 0x000001588c880000, 0x000001588cbb0000]
CodeCache: size=245760Kb, used=2297Kb, max_used=2312Kb, free=243460Kb
 total_blobs=1036, nmethods=625, adapters=318, full_count=0
Compilation: enabled, stopped_count=0, restarted_count=0

Compilation events (20 events):
Event: 2.913 Thread 0x00000158989885b0  621       1       java.security.Provider$Service::getType (5 bytes)
Event: 2.913 Thread 0x00000158989885b0 nmethod 621 0x000001588cbe4010 code [0x000001588cbe41a0, 0x000001588cbe4268]
Event: 2.914 Thread 0x00000158989885b0  622       1       java.security.Provider$Service::getAlgorithm (5 bytes)
Event: 2.915 Thread 0x00000158989885b0 nmethod 622 0x000001588cbe4310 code [0x000001588cbe44a0, 0x000001588cbe4568]
Event: 2.915 Thread 0x00000158989885b0  623       1       java.security.Provider$Service::getAliases (5 bytes)
Event: 2.916 Thread 0x00000158989885b0 nmethod 623 0x000001588cbe4610 code [0x000001588cbe47a0, 0x000001588cbe4868]
Event: 2.917 Thread 0x00000158989885b0  620       1       java.util.LinkedHashMap::removeEldestEntry (2 bytes)
Event: 2.917 Thread 0x00000158989885b0 nmethod 620 0x000001588cbe4910 code [0x000001588cbe4aa0, 0x000001588cbe4b68]
Event: 2.920 Thread 0x00000158989612a0 nmethod 606 0x000001588cbe4c10 code [0x000001588cbe4da0, 0x000001588cbe50e0]
Event: 2.920 Thread 0x00000158989612a0  619       4       java.lang.String::<init> (15 bytes)
Event: 2.921 Thread 0x00000158989612a0 nmethod 619 0x000001588cbe5210 code [0x000001588cbe53a0, 0x000001588cbe5448]
Event: 2.921 Thread 0x00000158989612a0  611       4       java.util.ArrayList$Itr::hasNext (20 bytes)
Event: 2.922 Thread 0x00000158989612a0 nmethod 611 0x000001588cbe5510 code [0x000001588cbe56a0, 0x000001588cbe5758]
Event: 2.922 Thread 0x00000158989612a0  612       4       java.util.Collections$UnmodifiableCollection$1::hasNext (10 bytes)
Event: 2.922 Thread 0x00000158989885b0  624       3       java.lang.Integer::parseInt (264 bytes)
Event: 2.923 Thread 0x00000158989612a0 nmethod 612 0x000001588cbe5810 code [0x000001588cbe59a0, 0x000001588cbe5a80]
Event: 2.923 Thread 0x00000158989612a0  628       4       java.util.HashMap$KeyIterator::next (8 bytes)
Event: 2.924 Thread 0x00000158989885b0 nmethod 624 0x00000158851c3810 code [0x00000158851c3c80, 0x00000158851c58d8]
Event: 2.924 Thread 0x00000158989885b0  627       3       sun.security.util.ObjectIdentifier::pack (222 bytes)
Event: 2.930 Thread 0x00000158989612a0 nmethod 628 0x000001588cbe5b90 code [0x000001588cbe5d20, 0x000001588cbe5fb8]

GC Heap History (0 events):
No events

Dll operation events (8 events):
Event: 0.043 Loaded shared library c:\Users\Dorian\.vscode\extensions\redhat.java-1.47.0-win32-x64\jre\21.0.8-win32-x86_64\bin\java.dll
Event: 0.398 Loaded shared library c:\Users\Dorian\.vscode\extensions\redhat.java-1.47.0-win32-x64\jre\21.0.8-win32-x86_64\bin\zip.dll
Event: 0.547 Loaded shared library C:\Users\Dorian\.vscode\extensions\redhat.java-1.47.0-win32-x64\jre\21.0.8-win32-x86_64\bin\instrument.dll
Event: 0.576 Loaded shared library C:\Users\Dorian\.vscode\extensions\redhat.java-1.47.0-win32-x64\jre\21.0.8-win32-x86_64\bin\net.dll
Event: 0.590 Loaded shared library C:\Users\Dorian\.vscode\extensions\redhat.java-1.47.0-win32-x64\jre\21.0.8-win32-x86_64\bin\nio.dll
Event: 0.613 Loaded shared library C:\Users\Dorian\.vscode\extensions\redhat.java-1.47.0-win32-x64\jre\21.0.8-win32-x86_64\bin\zip.dll
Event: 0.821 Loaded shared library C:\Users\Dorian\.vscode\extensions\redhat.java-1.47.0-win32-x64\jre\21.0.8-win32-x86_64\bin\jimage.dll
Event: 1.414 Loaded shared library c:\Users\Dorian\.vscode\extensions\redhat.java-1.47.0-win32-x64\jre\21.0.8-win32-x86_64\bin\verify.dll

Deoptimization events (20 events):
Event: 1.789 Thread 0x0000015881ef3750 DEOPT PACKING pc=0x000001588511747f sp=0x00000019463fa480
Event: 1.789 Thread 0x0000015881ef3750 DEOPT UNPACKING pc=0x000001588c664242 sp=0x00000019463f9930 mode 0
Event: 1.802 Thread 0x0000015881ef3750 DEOPT PACKING pc=0x0000015885117558 sp=0x00000019463faab0
Event: 1.802 Thread 0x0000015881ef3750 DEOPT UNPACKING pc=0x000001588c664242 sp=0x00000019463f9f70 mode 0
Event: 1.804 Thread 0x0000015881ef3750 DEOPT PACKING pc=0x000001588511747f sp=0x00000019463fae90
Event: 1.804 Thread 0x0000015881ef3750 DEOPT UNPACKING pc=0x000001588c664242 sp=0x00000019463fa340 mode 0
Event: 1.809 Thread 0x0000015881ef3750 DEOPT PACKING pc=0x0000015885117558 sp=0x00000019463fc1a0
Event: 1.809 Thread 0x0000015881ef3750 DEOPT UNPACKING pc=0x000001588c664242 sp=0x00000019463fb660 mode 0
Event: 1.820 Thread 0x0000015881ef3750 DEOPT PACKING pc=0x0000015885117558 sp=0x00000019463fa8a0
Event: 1.820 Thread 0x0000015881ef3750 DEOPT UNPACKING pc=0x000001588c664242 sp=0x00000019463f9d60 mode 0
Event: 1.829 Thread 0x0000015881ef3750 DEOPT PACKING pc=0x0000015885117558 sp=0x00000019463fa8a0
Event: 1.829 Thread 0x0000015881ef3750 DEOPT UNPACKING pc=0x000001588c664242 sp=0x00000019463f9d60 mode 0
Event: 1.872 Thread 0x0000015881ef3750 Uncommon trap: trap_request=0xffffff45 fr.pc=0x000001588cbc02bc relative=0x00000000000007fc
Event: 1.873 Thread 0x0000015881ef3750 Uncommon trap: reason=unstable_if action=reinterpret pc=0x000001588cbc02bc method=java.util.HashMap.putVal(ILjava/lang/Object;Ljava/lang/Object;ZZ)Ljava/lang/Object; @ 181 c2
Event: 1.873 Thread 0x0000015881ef3750 DEOPT PACKING pc=0x000001588cbc02bc sp=0x00000019463fd970
Event: 1.873 Thread 0x0000015881ef3750 DEOPT UNPACKING pc=0x000001588c663aa2 sp=0x00000019463fd900 mode 2
Event: 2.922 Thread 0x0000015881ef3750 Uncommon trap: trap_request=0xffffff45 fr.pc=0x000001588cbe2004 relative=0x0000000000000164
Event: 2.922 Thread 0x0000015881ef3750 Uncommon trap: reason=unstable_if action=reinterpret pc=0x000001588cbe2004 method=jdk.internal.util.ArraysSupport.vectorizedHashCode(Ljava/lang/Object;IIII)I @ 2 c2
Event: 2.922 Thread 0x0000015881ef3750 DEOPT PACKING pc=0x000001588cbe2004 sp=0x00000019463fc980
Event: 2.922 Thread 0x0000015881ef3750 DEOPT UNPACKING pc=0x000001588c663aa2 sp=0x00000019463fc930 mode 2

Classes loaded (20 events):
Event: 2.918 Loading class java/security/interfaces/RSAPublicKey
Event: 2.918 Loading class java/security/interfaces/RSAKey
Event: 2.918 Loading class java/security/interfaces/RSAKey done
Event: 2.918 Loading class java/security/interfaces/RSAPublicKey done
Event: 2.918 Loading class sun/security/rsa/RSAPublicKeyImpl done
Event: 2.919 Loading class sun/security/rsa/RSAUtil
Event: 2.919 Loading class sun/security/rsa/RSAUtil done
Event: 2.919 Loading class sun/security/x509/CertificateExtensions
Event: 2.919 Loading class sun/security/x509/CertificateExtensions done
Event: 2.920 Loading class sun/security/x509/Extension
Event: 2.921 Loading class java/security/cert/Extension
Event: 2.921 Loading class java/security/cert/Extension done
Event: 2.921 Loading class sun/security/x509/Extension done
Event: 2.921 Loading class sun/security/x509/OIDMap
Event: 2.921 Loading class sun/security/x509/OIDMap done
Event: 2.921 Loading class sun/security/x509/PKIXExtensions
Event: 2.922 Loading class sun/security/x509/PKIXExtensions done
Event: 2.922 Loading class sun/security/x509/OIDMap$OIDInfo
Event: 2.922 Loading class sun/security/x509/OIDMap$OIDInfo done
Event: 2.923 Loading class sun/security/x509/BasicConstraintsExtension

Classes unloaded (0 events):
No events

Classes redefined (0 events):
No events

Internal exceptions (12 events):
Event: 0.372 Thread 0x0000015881ef3750 Exception <a 'java/lang/NoSuchMethodError'{0x00000000d57aa348}: 'void java.lang.invoke.DirectMethodHandle$Holder.invokeStatic(java.lang.Object, java.lang.Object, java.lang.Object)'> (0x00000000d57aa348) 
thrown [s\src\hotspot\share\interpreter\linkResolver.cpp, line 773]
Event: 0.765 Thread 0x0000015881ef3750 Exception <a 'java/lang/NoSuchMethodError'{0x00000000d59123f0}: 'java.lang.Object java.lang.invoke.Invokers$Holder.invokeExact_MT(java.lang.Object, java.lang.Object, java.lang.Object, java.lang.Object, java.lang.Object)'> (0x00000000d59123f0) 
thrown [s\src\hotspot\share\interpreter\linkResolver.cpp, line 773]
Event: 1.193 Thread 0x0000015881ef3750 Exception <a 'java/lang/NoSuchMethodError'{0x00000000d59c9e30}: 'int java.lang.invoke.DirectMethodHandle$Holder.invokeSpecial(java.lang.Object, java.lang.Object, java.lang.Object, int)'> (0x00000000d59c9e30) 
thrown [s\src\hotspot\share\interpreter\linkResolver.cpp, line 773]
Event: 1.200 Thread 0x0000015881ef3750 Exception <a 'java/lang/NoSuchMethodError'{0x00000000d59dc818}: 'java.lang.Object java.lang.invoke.DirectMethodHandle$Holder.invokeStatic(java.lang.Object, java.lang.Object, java.lang.Object, java.lang.Object, int)'> (0x00000000d59dc818) 
thrown [s\src\hotspot\share\interpreter\linkResolver.cpp, line 773]
Event: 1.206 Thread 0x0000015881ef3750 Exception <a 'java/lang/NoSuchMethodError'{0x00000000d59e7c58}: 'void java.lang.invoke.DelegatingMethodHandle$Holder.reinvoke_L(java.lang.Object, java.lang.Object, java.lang.Object, int, java.lang.Object)'> (0x00000000d59e7c58) 
thrown [s\src\hotspot\share\interpreter\linkResolver.cpp, line 773]
Event: 1.228 Thread 0x0000015881ef3750 Exception <a 'java/lang/NoSuchMethodError'{0x00000000d59f85a8}: 'int java.lang.invoke.DirectMethodHandle$Holder.invokeSpecial(java.lang.Object, java.lang.Object, java.lang.Object)'> (0x00000000d59f85a8) 
thrown [s\src\hotspot\share\interpreter\linkResolver.cpp, line 773]
Event: 1.234 Thread 0x0000015881ef3750 Exception <a 'java/lang/NoSuchMethodError'{0x00000000d5a04268}: 'java.lang.Object java.lang.invoke.DirectMethodHandle$Holder.invokeStatic(java.lang.Object, java.lang.Object, int)'> (0x00000000d5a04268) 
thrown [s\src\hotspot\share\interpreter\linkResolver.cpp, line 773]
Event: 1.242 Thread 0x0000015881ef3750 Exception <a 'java/lang/NoSuchMethodError'{0x00000000d5a08bb8}: 'void java.lang.invoke.DirectMethodHandle$Holder.invokeStatic(java.lang.Object, java.lang.Object, int, java.lang.Object)'> (0x00000000d5a08bb8) 
thrown [s\src\hotspot\share\interpreter\linkResolver.cpp, line 773]
Event: 1.244 Thread 0x0000015881ef3750 Exception <a 'java/lang/NoSuchMethodError'{0x00000000d5a0c748}: 'void java.lang.invoke.DirectMethodHandle$Holder.invokeSpecial(java.lang.Object, java.lang.Object, java.lang.Object, int, java.lang.Object)'> (0x00000000d5a0c748) 
thrown [s\src\hotspot\share\interpreter\linkResolver.cpp, line 773]
Event: 1.246 Thread 0x0000015881ef3750 Exception <a 'java/lang/NoSuchMethodError'{0x00000000d5a0fbb8}: 'void java.lang.invoke.DelegatingMethodHandle$Holder.delegate(java.lang.Object, java.lang.Object, int, java.lang.Object)'> (0x00000000d5a0fbb8) 
thrown [s\src\hotspot\share\interpreter\linkResolver.cpp, line 773]
Event: 1.525 Thread 0x0000015881ef3750 Exception <a 'java/lang/NoSuchMethodError'{0x00000000d5bcf0d8}: 'void java.lang.invoke.DelegatingMethodHandle$Holder.reinvoke_L(java.lang.Object, java.lang.Object, java.lang.Object, int)'> (0x00000000d5bcf0d8) 
thrown [s\src\hotspot\share\interpreter\linkResolver.cpp, line 773]
Event: 2.908 Thread 0x0000015881ef3750 Exception <a 'java/lang/NoSuchMethodError'{0x00000000d605a8d0}: 'void java.lang.invoke.DirectMethodHandle$Holder.invokeVirtual(java.lang.Object, java.lang.Object)'> (0x00000000d605a8d0) 
thrown [s\src\hotspot\share\interpreter\linkResolver.cpp, line 773]

ZGC Phase Switch (0 events):
No events

VM Operations (7 events):
Event: 0.386 Executing VM operation: HandshakeAllThreads (Deoptimize)
Event: 0.386 Executing VM operation: HandshakeAllThreads (Deoptimize) done
Event: 1.065 Executing VM operation: HandshakeAllThreads (Deoptimize)
Event: 1.065 Executing VM operation: HandshakeAllThreads (Deoptimize) done
Event: 2.065 Executing VM operation: Cleanup
Event: 2.877 Executing VM operation: Cleanup done
Event: 3.877 Executing VM operation: Cleanup

Memory protections (0 events):
No events

Nmethod flushes (0 events):
No events

Events (15 events):
Event: 0.085 Thread 0x0000015881ef3750 Thread added: 0x0000015881ef3750
Event: 0.177 Thread 0x0000015881ef3750 Thread added: 0x0000015898955380
Event: 0.177 Thread 0x0000015881ef3750 Thread added: 0x0000015898957f60
Event: 0.178 Thread 0x0000015881ef3750 Thread added: 0x0000015898959f60
Event: 0.178 Thread 0x0000015881ef3750 Thread added: 0x000001589895af60
Event: 0.178 Thread 0x0000015881ef3750 Thread added: 0x000001589895dac0
Event: 0.179 Thread 0x0000015881ef3750 Thread added: 0x000001589895e510
Event: 0.179 Thread 0x0000015881ef3750 Thread added: 0x00000158989612a0
Event: 0.182 Thread 0x0000015881ef3750 Thread added: 0x00000158989885b0
Event: 0.310 Thread 0x0000015881ef3750 Thread added: 0x00000158db2f5e40
Event: 0.438 Thread 0x00000158989612a0 Thread added: 0x00000158db34c110
Event: 0.551 Thread 0x00000158db34c110 Thread exited: 0x00000158db34c110
Event: 1.390 Thread 0x00000158989885b0 Thread added: 0x00000158db4826a0
Event: 1.506 Thread 0x00000158db4826a0 Thread exited: 0x00000158db4826a0
Event: 1.767 Thread 0x0000015881ef3750 Thread added: 0x00000158db41d6c0


Dynamic libraries:
0x00007ff65a6b0000 - 0x00007ff65a6be000 	c:\Users\Dorian\.vscode\extensions\redhat.java-1.47.0-win32-x64\jre\21.0.8-win32-x86_64\bin\java.exe
0x00007fff5cf80000 - 0x00007fff5d1e8000 	C:\WINDOWS\SYSTEM32\ntdll.dll
0x00007fff5b000000 - 0x00007fff5b0c9000 	C:\WINDOWS\System32\KERNEL32.DLL
0x00007fff5a920000 - 0x00007fff5ad18000 	C:\WINDOWS\System32\KERNELBASE.dll
0x00007fff5a3d0000 - 0x00007fff5a51b000 	C:\WINDOWS\System32\ucrtbase.dll
0x00007fff4ff70000 - 0x00007fff4ff88000 	c:\Users\Dorian\.vscode\extensions\redhat.java-1.47.0-win32-x64\jre\21.0.8-win32-x86_64\bin\jli.dll
0x00007fff48910000 - 0x00007fff4892e000 	c:\Users\Dorian\.vscode\extensions\redhat.java-1.47.0-win32-x64\jre\21.0.8-win32-x86_64\bin\VCRUNTIME140.dll
0x00007fff5cc70000 - 0x00007fff5ce37000 	C:\WINDOWS\System32\USER32.dll
0x00007fff5a0d0000 - 0x00007fff5a0f7000 	C:\WINDOWS\System32\win32u.dll
0x00007fff436f0000 - 0x00007fff43984000 	C:\WINDOWS\WinSxS\amd64_microsoft.windows.common-controls_6595b64144ccf1df_6.0.26100.7019_none_3e06ffa0e335b8a8\COMCTL32.dll
0x00007fff5c200000 - 0x00007fff5c22b000 	C:\WINDOWS\System32\GDI32.dll
0x00007fff5c990000 - 0x00007fff5ca39000 	C:\WINDOWS\System32\msvcrt.dll
0x00007fff5a7f0000 - 0x00007fff5a91c000 	C:\WINDOWS\System32\gdi32full.dll
0x00007fff5a270000 - 0x00007fff5a313000 	C:\WINDOWS\System32\msvcp_win.dll
0x00007fff5afc0000 - 0x00007fff5aff1000 	C:\WINDOWS\System32\IMM32.DLL
0x00007fff50230000 - 0x00007fff5023c000 	c:\Users\Dorian\.vscode\extensions\redhat.java-1.47.0-win32-x64\jre\21.0.8-win32-x86_64\bin\vcruntime140_1.dll
0x00007fff2f1d0000 - 0x00007fff2f25d000 	c:\Users\Dorian\.vscode\extensions\redhat.java-1.47.0-win32-x64\jre\21.0.8-win32-x86_64\bin\msvcp140.dll
0x00007ffee0440000 - 0x00007ffee11d7000 	c:\Users\Dorian\.vscode\extensions\redhat.java-1.47.0-win32-x64\jre\21.0.8-win32-x86_64\bin\server\jvm.dll
0x00007fff5cb00000 - 0x00007fff5cbb4000 	C:\WINDOWS\System32\ADVAPI32.dll
0x00007fff5ca40000 - 0x00007fff5cae6000 	C:\WINDOWS\System32\sechost.dll
0x00007fff5beb0000 - 0x00007fff5bfc8000 	C:\WINDOWS\System32\RPCRT4.dll
0x00007fff5ad20000 - 0x00007fff5ad94000 	C:\WINDOWS\System32\WS2_32.dll
0x00007fff59f50000 - 0x00007fff59fae000 	C:\WINDOWS\SYSTEM32\POWRPROF.dll
0x00007fff439a0000 - 0x00007fff439d5000 	C:\WINDOWS\SYSTEM32\WINMM.dll
0x00007fff48ba0000 - 0x00007fff48bab000 	C:\WINDOWS\SYSTEM32\VERSION.dll
0x00007fff59f30000 - 0x00007fff59f44000 	C:\WINDOWS\SYSTEM32\UMPDC.dll
0x00007fff58e90000 - 0x00007fff58eab000 	C:\WINDOWS\SYSTEM32\kernel.appcore.dll
0x00007fff501e0000 - 0x00007fff501ea000 	c:\Users\Dorian\.vscode\extensions\redhat.java-1.47.0-win32-x64\jre\21.0.8-win32-x86_64\bin\jimage.dll
0x00007fff57a00000 - 0x00007fff57c42000 	C:\WINDOWS\SYSTEM32\DBGHELP.DLL
0x00007fff5b1c0000 - 0x00007fff5b54b000 	C:\WINDOWS\System32\combase.dll
0x00007fff5bdb0000 - 0x00007fff5be87000 	C:\WINDOWS\System32\OLEAUT32.dll
0x00007fff41f80000 - 0x00007fff41fbc000 	C:\WINDOWS\SYSTEM32\dbgcore.DLL
0x00007fff5a320000 - 0x00007fff5a3c5000 	C:\WINDOWS\System32\bcryptPrimitives.dll
0x00007fff4dd20000 - 0x00007fff4dd2f000 	c:\Users\Dorian\.vscode\extensions\redhat.java-1.47.0-win32-x64\jre\21.0.8-win32-x86_64\bin\instrument.dll
0x00007fff47f70000 - 0x00007fff47f8f000 	c:\Users\Dorian\.vscode\extensions\redhat.java-1.47.0-win32-x64\jre\21.0.8-win32-x86_64\bin\java.dll
0x00007fff5c230000 - 0x00007fff5c981000 	C:\WINDOWS\System32\SHELL32.dll
0x00007fff5a100000 - 0x00007fff5a26b000 	C:\WINDOWS\System32\wintypes.dll
0x00007fff57d30000 - 0x00007fff5858d000 	C:\WINDOWS\SYSTEM32\windows.storage.dll
0x00007fff5ce40000 - 0x00007fff5cf32000 	C:\WINDOWS\System32\SHCORE.dll
0x00007fff5b150000 - 0x00007fff5b1b7000 	C:\WINDOWS\System32\shlwapi.dll
0x00007fff59ff0000 - 0x00007fff5a019000 	C:\WINDOWS\SYSTEM32\profapi.dll
0x00007fff36fb0000 - 0x00007fff36fc8000 	c:\Users\Dorian\.vscode\extensions\redhat.java-1.47.0-win32-x64\jre\21.0.8-win32-x86_64\bin\zip.dll
0x00007fff4b090000 - 0x00007fff4b0a0000 	C:\Users\Dorian\.vscode\extensions\redhat.java-1.47.0-win32-x64\jre\21.0.8-win32-x86_64\bin\net.dll
0x00007fff4de50000 - 0x00007fff4df78000 	C:\WINDOWS\SYSTEM32\WINHTTP.dll
0x00007fff59400000 - 0x00007fff5946b000 	C:\WINDOWS\system32\mswsock.dll
0x00007fff37cb0000 - 0x00007fff37cc6000 	C:\Users\Dorian\.vscode\extensions\redhat.java-1.47.0-win32-x64\jre\21.0.8-win32-x86_64\bin\nio.dll
0x00007fff4acd0000 - 0x00007fff4ace0000 	c:\Users\Dorian\.vscode\extensions\redhat.java-1.47.0-win32-x64\jre\21.0.8-win32-x86_64\bin\verify.dll

JVMTI agents:
c:\Users\Dorian\.vscode\extensions\redhat.java-1.47.0-win32-x64\lombok\lombok-1.18.39-4050.jar path:c:\Users\Dorian\.vscode\extensions\redhat.java-1.47.0-win32-x64\jre\21.0.8-win32-x86_64\bin\instrument.dll, loaded, initialized, instrumentlib options:none

dbghelp: loaded successfully - version: 4.0.5 - missing functions: none
symbol engine: initialized successfully - sym options: 0x614 - pdb path: .;c:\Users\Dorian\.vscode\extensions\redhat.java-1.47.0-win32-x64\jre\21.0.8-win32-x86_64\bin;C:\WINDOWS\SYSTEM32;C:\WINDOWS\WinSxS\amd64_microsoft.windows.common-controls_6595b64144ccf1df_6.0.26100.7019_none_3e06ffa0e335b8a8;c:\Users\Dorian\.vscode\extensions\redhat.java-1.47.0-win32-x64\jre\21.0.8-win32-x86_64\bin\server

VM Arguments:
jvm_args: --add-modules=ALL-SYSTEM --add-opens=java.base/java.util=ALL-UNNAMED --add-opens=java.base/java.lang=ALL-UNNAMED --add-opens=java.base/sun.nio.fs=ALL-UNNAMED -Declipse.application=org.eclipse.jdt.ls.core.id1 -Dosgi.bundles.defaultStartLevel=4 -Declipse.product=org.eclipse.jdt.ls.core.product -Djava.import.generatesMetadataFilesAtProjectRoot=false -DDetectVMInstallationsJob.disabled=true -Dfile.encoding=utf8 -XX:+UseParallelGC -XX:GCTimeRatio=4 -XX:AdaptiveSizePolicyWeight=90 -Dsun.zip.disableMemoryMapping=true -Xmx2G -Xms100m -Xlog:disable -javaagent:c:\Users\Dorian\.vscode\extensions\redhat.java-1.47.0-win32-x64\lombok\lombok-1.18.39-4050.jar -XX:+HeapDumpOnOutOfMemoryError -XX:HeapDumpPath=c:\Users\Dorian\AppData\Roaming\Code\User\workspaceStorage\2e54c20b31e2f00811d0ee3cb5a815c0\redhat.java -Daether.dependencyCollector.impl=bf 
java_command: c:\Users\Dorian\.vscode\extensions\redhat.java-1.47.0-win32-x64\server\plugins\org.eclipse.equinox.launcher_1.7.100.v20251014-1222.jar -configuration c:\Users\Dorian\AppData\Roaming\Code\User\globalStorage\redhat.java\1.47.0\config_win -data c:\Users\Dorian\AppData\Roaming\Code\User\workspaceStorage\2e54c20b31e2f00811d0ee3cb5a815c0\redhat.java\jdt_ws --pipe=\\.\pipe\lsp-d1e8e55fb6b57ccbcbf8c3e6c0fa6c7f-sock
java_class_path (initial): c:\Users\Dorian\.vscode\extensions\redhat.java-1.47.0-win32-x64\server\plugins\org.eclipse.equinox.launcher_1.7.100.v20251014-1222.jar
Launcher Type: SUN_STANDARD

[Global flags]
    uintx AdaptiveSizePolicyWeight                 = 90                                        {product} {command line}
     intx CICompilerCount                          = 4                                         {product} {ergonomic}
    uintx GCTimeRatio                              = 4                                         {product} {command line}
     bool HeapDumpOnOutOfMemoryError               = true                                   {manageable} {command line}
    ccstr HeapDumpPath                             = c:\Users\Dorian\AppData\Roaming\Code\User\workspaceStorage\2e54c20b31e2f00811d0ee3cb5a815c0\redhat.java         {manageable} {command line}
   size_t InitialHeapSize                          = 104857600                                 {product} {command line}
   size_t MaxHeapSize                              = 2147483648                                {product} {command line}
   size_t MaxNewSize                               = 715653120                                 {product} {ergonomic}
   size_t MinHeapDeltaBytes                        = 524288                                    {product} {ergonomic}
   size_t MinHeapSize                              = 104857600                                 {product} {command line}
   size_t NewSize                                  = 34603008                                  {product} {ergonomic}
    uintx NonNMethodCodeHeapSize                   = 5839372                                {pd product} {ergonomic}
    uintx NonProfiledCodeHeapSize                  = 122909434                              {pd product} {ergonomic}
   size_t OldSize                                  = 70254592                                  {product} {ergonomic}
    uintx ProfiledCodeHeapSize                     = 122909434                              {pd product} {ergonomic}
    uintx ReservedCodeCacheSize                    = 251658240                              {pd product} {ergonomic}
     bool SegmentedCodeCache                       = true                                      {product} {ergonomic}
   size_t SoftMaxHeapSize                          = 2147483648                             {manageable} {ergonomic}
     bool UseCompressedOops                        = true                           {product lp64_product} {ergonomic}
     bool UseLargePagesIndividualAllocation        = false                                  {pd product} {ergonomic}
     bool UseParallelGC                            = true                                      {product} {command line}

Logging:
Log output configuration:
 #0: stdout all=off uptime,level,tags foldmultilines=false
 #1: stderr all=off uptime,level,tags foldmultilines=false

Environment Variables:
JAVA_HOME=C:\Program Files\Java\jdk-1.8
PATH=C:\Program Files (x86)\Common Files\Oracle\Java\java8path;C:\Program Files (x86)\Common Files\Oracle\Java\javapath;C:\WINDOWS\system32;C:\WINDOWS;C:\WINDOWS\System32\Wbem;C:\WINDOWS\System32\WindowsPowerShell\v1.0\;C:\WINDOWS\System32\OpenSSH\;C:\Program Files\Microsoft SQL Server\Client SDK\ODBC\170\Tools\Binn\;C:\Program Files (x86)\Microsoft SQL Server\150\Tools\Binn\;C:\Program Files\Microsoft SQL Server\150\Tools\Binn\;C:\Program Files\Microsoft SQL Server\150\DTS\Binn\;C:\Program Files\Azure Data Studio\bin;C:\Program Files\Microsoft SQL Server\120\Tools\Binn\;C:\Program Files\Microsoft SQL Server\130\Tools\Binn\;C:\Program Files (x86)\QuickTime\QTSystem\;C:\Program Files\Git\cmd;C:\Program Files\dotnet\;C:\Program Files\nodejs\;C:\ProgramData\chocolatey\bin;C:\Users\Dorian\AppData\Local\Microsoft\WindowsApps;C:\Program Files\Azure Data Studio\bin;C:\Program Files\MySQL\MySQL Server 5.7\bin;C:\Program Files\apache-maven-3.9.9\bin;C:\Program Files\Java\jdk-1.8\bin;;D:\IntelliJ IDEA Community Edition 2025.1.1.1\bin;;C:\Users\Dorian\.dotnet\tools;C:\Users\Dorian\AppData\Local\Programs\Microsoft VS Code\bin;C:\Users\Dorian\AppData\Roaming\npm
USERNAME=Dorian
OS=Windows_NT
PROCESSOR_IDENTIFIER=Intel64 Family 6 Model 142 Stepping 10, GenuineIntel
TMP=C:\Users\Dorian\AppData\Local\Temp
TEMP=C:\Users\Dorian\AppData\Local\Temp




Periodic native trim disabled

---------------  S Y S T E M  ---------------

OS:
 Windows 11 , 64 bit Build 26100 (10.0.26100.7019)
OS uptime: 4 days 11:15 hours

CPU: total 8 (initial active 8) (4 cores per cpu, 2 threads per core) family 6 model 142 stepping 10 microcode 0xf6, cx8, cmov, fxsr, ht, mmx, 3dnowpref, sse, sse2, sse3, ssse3, sse4.1, sse4.2, popcnt, lzcnt, tsc, tscinvbit, avx, avx2, aes, erms, clmul, bmi1, bmi2, adx, fma, vzeroupper, clflush, clflushopt, rdtscp, f16c
Processor Information for the first 8 processors :
  Max Mhz: 1992, Current Mhz: 1792, Mhz Limit: 1792

Memory: 4k page, system-wide physical 7555M (975M free)
TotalPageFile size 11651M (AvailPageFile size 0M)
current process WorkingSet (physical memory assigned to process): 52M, peak: 52M
current process commit charge ("private bytes"): 226M, peak: 226M

vm_info: OpenJDK 64-Bit Server VM (21.0.8+9-LTS) for windows-amd64 JRE (21.0.8+9-LTS), built on 2025-07-15T00:00:00Z by "admin" with MS VC++ 17.7 (VS2022)

END.
