#
# There is insufficient memory for the Java Runtime Environment to continue.
# Native memory allocation (malloc) failed to allocate 1513136 bytes. Error detail: Chunk::new
# Possible reasons:
#   The system is out of physical RAM or swap space
#   This process is running with CompressedOops enabled, and the Java Heap may be blocking the growth of the native heap
# Possible solutions:
#   Reduce memory load on the system
#   Increase physical memory or swap space
#   Check if swap backing store is full
#   Decrease Java heap size (-Xmx/-Xms)
#   Decrease number of Java threads
#   Decrease Java thread stack sizes (-Xss)
#   Set larger code cache with -XX:ReservedCodeCacheSize=
#   JVM is running with Unscaled Compressed Oops mode in which the Java heap is
#     placed in the first 4GB address space. The Java Heap base address is the
#     maximum limit for the native heap growth. Please use -XX:HeapBaseMinAddress
#     to set the Java Heap base and to place the Java Heap above 4GB virtual address.
# This output file may be truncated or incomplete.
#
#  Out of Memory Error (arena.cpp:168), pid=3076, tid=19336
#
# JRE version: OpenJDK Runtime Environment Temurin-21.0.8+9 (21.0.8+9) (build 21.0.8+9-LTS)
# Java VM: OpenJDK 64-Bit Server VM Temurin-21.0.8+9 (21.0.8+9-LTS, mixed mode, sharing, tiered, compressed oops, compressed class ptrs, parallel gc, windows-amd64)
# No core dump will be written. Minidumps are not enabled by default on client versions of Windows
#

---------------  S U M M A R Y ------------

Command Line: --add-modules=ALL-SYSTEM --add-opens=java.base/java.util=ALL-UNNAMED --add-opens=java.base/java.lang=ALL-UNNAMED --add-opens=java.base/sun.nio.fs=ALL-UNNAMED -Declipse.application=org.eclipse.jdt.ls.core.id1 -Dosgi.bundles.defaultStartLevel=4 -Declipse.product=org.eclipse.jdt.ls.core.product -Djava.import.generatesMetadataFilesAtProjectRoot=false -DDetectVMInstallationsJob.disabled=true -Dfile.encoding=utf8 -XX:+UseParallelGC -XX:GCTimeRatio=4 -XX:AdaptiveSizePolicyWeight=90 -Dsun.zip.disableMemoryMapping=true -Xmx2G -Xms100m -Xlog:disable -javaagent:c:\Users\Dorian\.vscode\extensions\redhat.java-1.47.0-win32-x64\lombok\lombok-1.18.39-4050.jar -XX:+HeapDumpOnOutOfMemoryError -XX:HeapDumpPath=c:\Users\Dorian\AppData\Roaming\Code\User\workspaceStorage\2e54c20b31e2f00811d0ee3cb5a815c0\redhat.java -Daether.dependencyCollector.impl=bf c:\Users\Dorian\.vscode\extensions\redhat.java-1.47.0-win32-x64\server\plugins\org.eclipse.equinox.launcher_1.7.100.v20251014-1222.jar -configuration c:\Users\Dorian\AppData\Roaming\Code\User\globalStorage\redhat.java\1.47.0\config_win -data c:\Users\Dorian\AppData\Roaming\Code\User\workspaceStorage\2e54c20b31e2f00811d0ee3cb5a815c0\redhat.java\jdt_ws --pipe=\\.\pipe\lsp-ea84f4b12465afa64f91dcc3f52ef546-sock

Host: Intel(R) Core(TM) i7-8550U CPU @ 1.80GHz, 8 cores, 7G,  Windows 11 , 64 bit Build 26100 (10.0.26100.7019)
Time: Tue Nov  4 13:39:11 2025 E. Africa Standard Time elapsed time: 11.623029 seconds (0d 0h 0m 11s)

---------------  T H R E A D  ---------------

Current thread (0x0000021e9b92aa10):  JavaThread "C2 CompilerThread0" daemon [_thread_in_native, id=19336, stack(0x000000326b200000,0x000000326b300000) (1024K)]


Current CompileTask:
C2:11623 3982       4       org.lombokweb.asm.ClassReader::readMethod (1070 bytes)

Stack: [0x000000326b200000,0x000000326b300000]
Native frames: (J=compiled Java code, j=interpreted, Vv=VM code, C=native code)
V  [jvm.dll+0x6d2449]
V  [jvm.dll+0x8ae341]
V  [jvm.dll+0x8b08be]
V  [jvm.dll+0x8b0fa3]
V  [jvm.dll+0x280c96]
V  [jvm.dll+0xc581d]
V  [jvm.dll+0xc5d53]
V  [jvm.dll+0x3b9162]
V  [jvm.dll+0x1e1213]
V  [jvm.dll+0x249022]
V  [jvm.dll+0x2484af]
V  [jvm.dll+0x1c89ee]
V  [jvm.dll+0x257d4d]
V  [jvm.dll+0x2562ea]
V  [jvm.dll+0x3f2d16]
V  [jvm.dll+0x857e6b]
V  [jvm.dll+0x6d0b0d]
C  [ucrtbase.dll+0x37b0]
C  [KERNEL32.DLL+0x2e8d7]
C  [ntdll.dll+0x8c53c]


---------------  P R O C E S S  ---------------

Threads class SMR info:
_java_thread_list=0x0000021efa64afc0, length=25, elements={
0x0000021e9b9adff0, 0x0000021e9ba6a800, 0x0000021e9ba6cc20, 0x0000021e9b9259e0,
0x0000021e9b926630, 0x0000021e9b929190, 0x0000021e9b929be0, 0x0000021e9b92aa10,
0x0000021ef90432f0, 0x0000021e9ba17bd0, 0x0000021ef9346480, 0x0000021ef9a54ef0,
0x0000021ef9377420, 0x0000021ef9ddb570, 0x0000021ef9ddbfa0, 0x0000021efa2efb10,
0x0000021efa0f7e90, 0x0000021ef9fad060, 0x0000021ef9fad6f0, 0x0000021ef9faaf90,
0x0000021ef9fadd80, 0x0000021efa5a0a20, 0x0000021ef9e43a60, 0x0000021ef9fae410,
0x0000021ef9fabcb0
}

Java Threads: ( => current thread )
  0x0000021e9b9adff0 JavaThread "main"                              [_thread_blocked, id=18872, stack(0x000000326a800000,0x000000326a900000) (1024K)]
  0x0000021e9ba6a800 JavaThread "Reference Handler"          daemon [_thread_blocked, id=20788, stack(0x000000326ac00000,0x000000326ad00000) (1024K)]
  0x0000021e9ba6cc20 JavaThread "Finalizer"                  daemon [_thread_blocked, id=19544, stack(0x000000326ad00000,0x000000326ae00000) (1024K)]
  0x0000021e9b9259e0 JavaThread "Signal Dispatcher"          daemon [_thread_blocked, id=13272, stack(0x000000326ae00000,0x000000326af00000) (1024K)]
  0x0000021e9b926630 JavaThread "Attach Listener"            daemon [_thread_blocked, id=7256, stack(0x000000326af00000,0x000000326b000000) (1024K)]
  0x0000021e9b929190 JavaThread "Service Thread"             daemon [_thread_blocked, id=3044, stack(0x000000326b000000,0x000000326b100000) (1024K)]
  0x0000021e9b929be0 JavaThread "Monitor Deflation Thread"   daemon [_thread_blocked, id=19160, stack(0x000000326b100000,0x000000326b200000) (1024K)]
=>0x0000021e9b92aa10 JavaThread "C2 CompilerThread0"         daemon [_thread_in_native, id=19336, stack(0x000000326b200000,0x000000326b300000) (1024K)]
  0x0000021ef90432f0 JavaThread "C1 CompilerThread0"         daemon [_thread_blocked, id=10788, stack(0x000000326b300000,0x000000326b400000) (1024K)]
  0x0000021e9ba17bd0 JavaThread "Common-Cleaner"             daemon [_thread_blocked, id=5032, stack(0x000000326b400000,0x000000326b500000) (1024K)]
  0x0000021ef9346480 JavaThread "Notification Thread"        daemon [_thread_blocked, id=9164, stack(0x000000326b500000,0x000000326b600000) (1024K)]
  0x0000021ef9a54ef0 JavaThread "Active Thread: Equinox Container: f070c61a-c190-4fd0-82dd-7bfd3c8ff8a1"        [_thread_blocked, id=7592, stack(0x000000326be00000,0x000000326bf00000) (1024K)]
  0x0000021ef9377420 JavaThread "Refresh Thread: Equinox Container: f070c61a-c190-4fd0-82dd-7bfd3c8ff8a1" daemon [_thread_blocked, id=6600, stack(0x000000326bf00000,0x000000326c000000) (1024K)]
  0x0000021ef9ddb570 JavaThread "Framework Event Dispatcher: Equinox Container: f070c61a-c190-4fd0-82dd-7bfd3c8ff8a1" daemon [_thread_blocked, id=7400, stack(0x000000326c100000,0x000000326c200000) (1024K)]
  0x0000021ef9ddbfa0 JavaThread "Start Level: Equinox Container: f070c61a-c190-4fd0-82dd-7bfd3c8ff8a1" daemon [_thread_in_vm, id=8440, stack(0x000000326c200000,0x000000326c300000) (1024K)]
  0x0000021efa2efb10 JavaThread "Bundle File Closer"         daemon [_thread_blocked, id=18692, stack(0x000000326b700000,0x000000326b800000) (1024K)]
  0x0000021efa0f7e90 JavaThread "SCR Component Actor"        daemon [_thread_blocked, id=8940, stack(0x000000326c300000,0x000000326c400000) (1024K)]
  0x0000021ef9fad060 JavaThread "Worker-JM"                         [_thread_blocked, id=13076, stack(0x000000326c500000,0x000000326c600000) (1024K)]
  0x0000021ef9fad6f0 JavaThread "JNA Cleaner"                daemon [_thread_blocked, id=19432, stack(0x000000326b600000,0x000000326b700000) (1024K)]
  0x0000021ef9faaf90 JavaThread "Worker-0"                          [_thread_blocked, id=12800, stack(0x000000326c400000,0x000000326c500000) (1024K)]
  0x0000021ef9fadd80 JavaThread "Worker-1: Repository registry initialization"        [_thread_in_vm, id=18620, stack(0x000000326c600000,0x000000326c700000) (1024K)]
  0x0000021efa5a0a20 JavaThread "C2 CompilerThread1"         daemon [_thread_in_native, id=21248, stack(0x000000326c700000,0x000000326c800000) (1024K)]
  0x0000021ef9e43a60 JavaThread "C2 CompilerThread2"         daemon [_thread_in_native, id=13840, stack(0x000000326c800000,0x000000326c900000) (1024K)]
  0x0000021ef9fae410 JavaThread "Java indexing"              daemon [_thread_blocked, id=9148, stack(0x000000326c900000,0x000000326ca00000) (1024K)]
  0x0000021ef9fabcb0 JavaThread "Worker-2"                          [_thread_blocked, id=11468, stack(0x000000326ca00000,0x000000326cb00000) (1024K)]
Total: 25

Other Threads:
  0x0000021e9ba4fc20 VMThread "VM Thread"                           [id=16220, stack(0x000000326ab00000,0x000000326ac00000) (1024K)]
  0x0000021e9b83ca00 WatcherThread "VM Periodic Task Thread"        [id=19296, stack(0x000000326aa00000,0x000000326ab00000) (1024K)]
  0x0000021e9b9cb210 WorkerThread "GC Thread#0"                     [id=11208, stack(0x000000326a900000,0x000000326aa00000) (1024K)]
  0x0000021ef9b7e8b0 WorkerThread "GC Thread#1"                     [id=1524, stack(0x000000326b800000,0x000000326b900000) (1024K)]
  0x0000021ef9b7ec50 WorkerThread "GC Thread#2"                     [id=2912, stack(0x000000326b900000,0x000000326ba00000) (1024K)]
  0x0000021ef9b7da40 WorkerThread "GC Thread#3"                     [id=11900, stack(0x000000326ba00000,0x000000326bb00000) (1024K)]
  0x0000021ef9b7dde0 WorkerThread "GC Thread#4"                     [id=5832, stack(0x000000326bb00000,0x000000326bc00000) (1024K)]
  0x0000021ef9b7e180 WorkerThread "GC Thread#5"                     [id=8724, stack(0x000000326bc00000,0x000000326bd00000) (1024K)]
  0x0000021ef95916a0 WorkerThread "GC Thread#6"                     [id=15836, stack(0x000000326bd00000,0x000000326be00000) (1024K)]
  0x0000021ef9379060 WorkerThread "GC Thread#7"                     [id=1480, stack(0x000000326c000000,0x000000326c100000) (1024K)]
Total: 10

Threads with active compile tasks:
C2 CompilerThread0  11653 3982       4       org.lombokweb.asm.ClassReader::readMethod (1070 bytes)
C2 CompilerThread1  11653 4211       4       java.util.HashMap::putVal (300 bytes)
C2 CompilerThread2  11653 4196       4       sun.util.locale.BaseLocale::getInstance (150 bytes)
Total: 3

VM state: not at safepoint (normal execution)

VM Mutex/Monitor currently owned by a thread: None

Heap address: 0x0000000080000000, size: 2048 MB, Compressed Oops mode: 32-bit

CDS archive(s) mapped at: [0x0000021eb3000000-0x0000021eb3ba0000-0x0000021eb3ba0000), size 12189696, SharedBaseAddress: 0x0000021eb3000000, ArchiveRelocationMode: 1.
Compressed class space mapped at: 0x0000021eb4000000-0x0000021ef4000000, reserved size: 1073741824
Narrow klass base: 0x0000021eb3000000, Narrow klass shift: 0, Narrow klass range: 0x100000000

GC Precious Log:
 CardTable entry size: 512
 CPUs: 8 total, 8 available
 Memory: 7555M
 Large Page Support: Disabled
 NUMA Support: Disabled
 Compressed Oops: Enabled (32-bit)
 Alignments: Space 512K, Generation 512K, Heap 2M
 Heap Min Capacity: 100M
 Heap Initial Capacity: 100M
 Heap Max Capacity: 2G
 Pre-touch: Disabled
 Parallel Workers: 8

Heap:
 PSYoungGen      total 24576K, used 11201K [0x00000000d5580000, 0x00000000d7400000, 0x0000000100000000)
  eden space 23040K, 41% used [0x00000000d5580000,0x00000000d5ef17a8,0x00000000d6c00000)
  from space 1536K, 99% used [0x00000000d7200000,0x00000000d737eda0,0x00000000d7380000)
  to   space 4096K, 0% used [0x00000000d6c00000,0x00000000d6c00000,0x00000000d7000000)
 ParOldGen       total 68608K, used 14496K [0x0000000080000000, 0x0000000084300000, 0x00000000d5580000)
  object space 68608K, 21% used [0x0000000080000000,0x0000000080e282b8,0x0000000084300000)
 Metaspace       used 28974K, committed 30016K, reserved 1114112K
  class space    used 2895K, committed 3328K, reserved 1048576K

Card table byte_map: [0x0000021e9b350000,0x0000021e9b760000] _byte_map_base: 0x0000021e9af50000

Marking Bits: (ParMarkBitMap*) 0x00007ffedb46a340
 Begin Bits: [0x0000021eade50000, 0x0000021eafe50000)
 End Bits:   [0x0000021eafe50000, 0x0000021eb1e50000)

Polling page: 0x0000021e99650000

Metaspace:

Usage:
  Non-class:     25.47 MB used.
      Class:      2.83 MB used.
       Both:     28.30 MB used.

Virtual space:
  Non-class space:       64.00 MB reserved,      26.06 MB ( 41%) committed,  1 nodes.
      Class space:        1.00 GB reserved,       3.25 MB ( <1%) committed,  1 nodes.
             Both:        1.06 GB reserved,      29.31 MB (  3%) committed. 

Chunk freelists:
   Non-Class:  5.44 MB
       Class:  12.72 MB
        Both:  18.16 MB

MaxMetaspaceSize: unlimited
CompressedClassSpaceSize: 1.00 GB
Initial GC threshold: 21.00 MB
Current GC threshold: 35.00 MB
CDS: on
 - commit_granule_bytes: 65536.
 - commit_granule_words: 8192.
 - virtual_space_node_default_size: 8388608.
 - enlarge_chunks_in_place: 1.
 - use_allocation_guard: 0.


Internal statistics:

num_allocs_failed_limit: 3.
num_arena_births: 842.
num_arena_deaths: 14.
num_vsnodes_births: 2.
num_vsnodes_deaths: 0.
num_space_committed: 469.
num_space_uncommitted: 0.
num_chunks_returned_to_freelist: 17.
num_chunks_taken_from_freelist: 2072.
num_chunk_merges: 8.
num_chunk_splits: 1305.
num_chunks_enlarged: 779.
num_inconsistent_stats: 0.

CodeHeap 'non-profiled nmethods': size=120000Kb used=1917Kb max_used=1917Kb free=118082Kb
 bounds [0x0000021ea6670000, 0x0000021ea68e0000, 0x0000021eadba0000]
CodeHeap 'profiled nmethods': size=120000Kb used=8691Kb max_used=8691Kb free=111308Kb
 bounds [0x0000021e9eba0000, 0x0000021e9f420000, 0x0000021ea60d0000]
CodeHeap 'non-nmethods': size=5760Kb used=1336Kb max_used=1371Kb free=4423Kb
 bounds [0x0000021ea60d0000, 0x0000021ea6340000, 0x0000021ea6670000]
CodeCache: size=245760Kb, used=11944Kb, max_used=11979Kb, free=233813Kb
 total_blobs=4832, nmethods=4203, adapters=535, full_count=0
Compilation: enabled, stopped_count=0, restarted_count=0

Compilation events (20 events):
Event: 10.616 Thread 0x0000021ef90432f0 nmethod 4188 0x0000021e9f413710 code [0x0000021e9f4138c0, 0x0000021e9f413aa8]
Event: 10.616 Thread 0x0000021ef90432f0 4190       3       org.eclipse.osgi.internal.framework.FilterImpl$Parser::<init> (23 bytes)
Event: 10.617 Thread 0x0000021ef90432f0 nmethod 4190 0x0000021e9f413b90 code [0x0000021e9f413d60, 0x0000021e9f4140e0]
Event: 10.621 Thread 0x0000021ef90432f0 4191       3       sun.util.locale.LocaleUtils::caseIgnoreMatch (73 bytes)
Event: 10.623 Thread 0x0000021ef90432f0 nmethod 4191 0x0000021e9f414290 code [0x0000021e9f414580, 0x0000021e9f415670]
Event: 10.623 Thread 0x0000021ef90432f0 4192       3       sun.util.locale.BaseLocale$Key::equals (109 bytes)
Event: 10.624 Thread 0x0000021ef90432f0 nmethod 4192 0x0000021e9f415d10 code [0x0000021e9f415f80, 0x0000021e9f416c20]
Event: 10.624 Thread 0x0000021ef90432f0 4194       3       java.util.Iterator::forEachRemaining (30 bytes)
Event: 10.624 Thread 0x0000021ef90432f0 nmethod 4194 0x0000021e9f416f10 code [0x0000021e9f417120, 0x0000021e9f417690]
Event: 10.625 Thread 0x0000021ef90432f0 4197       3       java.util.Locale::hasExtensions (13 bytes)
Event: 10.625 Thread 0x0000021ef90432f0 nmethod 4197 0x0000021e9f417810 code [0x0000021e9f4179a0, 0x0000021e9f417b00]
Event: 10.625 Thread 0x0000021ef90432f0 4198       3       sun.util.locale.BaseLocale::equals (71 bytes)
Event: 10.626 Thread 0x0000021ef90432f0 nmethod 4198 0x0000021e9f417b90 code [0x0000021e9f417d60, 0x0000021e9f418210]
Event: 10.626 Thread 0x0000021ef90432f0 4199       3       java.util.Locale::stripExtensions (20 bytes)
Event: 10.626 Thread 0x0000021ef90432f0 nmethod 4199 0x0000021e9f418310 code [0x0000021e9f4184e0, 0x0000021e9f418750]
Event: 10.626 Thread 0x0000021ef90432f0 4200       3       java.util.Calendar::internalSet (8 bytes)
Event: 10.626 Thread 0x0000021ef90432f0 nmethod 4200 0x0000021e9f418810 code [0x0000021e9f4189c0, 0x0000021e9f418af8]
Event: 10.985 Thread 0x0000021ef90432f0 4201       3       java.lang.Thread::onSpinWait (1 bytes)
Event: 10.986 Thread 0x0000021ef90432f0 nmethod 4201 0x0000021e9f418c10 code [0x0000021e9f418da0, 0x0000021e9f418e88]
Event: 11.389 Thread 0x0000021ef90432f0 4202       3       java.util.concurrent.locks.AbstractQueuedSynchronizer$Node::clearStatus (12 bytes)

GC Heap History (20 events):
Event: 3.276 GC heap before
{Heap before GC invocations=2 (full 0):
 PSYoungGen      total 29696K, used 28863K [0x00000000d5580000, 0x00000000d7680000, 0x0000000100000000)
  eden space 25600K, 99% used [0x00000000d5580000,0x00000000d6e77e80,0x00000000d6e80000)
  from space 4096K, 80% used [0x00000000d6e80000,0x00000000d71b8158,0x00000000d7280000)
  to   space 4096K, 0% used [0x00000000d7280000,0x00000000d7280000,0x00000000d7680000)
 ParOldGen       total 68608K, used 16K [0x0000000080000000, 0x0000000084300000, 0x00000000d5580000)
  object space 68608K, 0% used [0x0000000080000000,0x0000000080004000,0x0000000084300000)
 Metaspace       used 7996K, committed 8256K, reserved 1114112K
  class space    used 840K, committed 960K, reserved 1048576K
}
Event: 3.286 GC heap after
{Heap after GC invocations=2 (full 0):
 PSYoungGen      total 29696K, used 4083K [0x00000000d5580000, 0x00000000d7680000, 0x0000000100000000)
  eden space 25600K, 0% used [0x00000000d5580000,0x00000000d5580000,0x00000000d6e80000)
  from space 4096K, 99% used [0x00000000d7280000,0x00000000d767cde8,0x00000000d7680000)
  to   space 4096K, 0% used [0x00000000d6e80000,0x00000000d6e80000,0x00000000d7280000)
 ParOldGen       total 68608K, used 1801K [0x0000000080000000, 0x0000000084300000, 0x00000000d5580000)
  object space 68608K, 2% used [0x0000000080000000,0x00000000801c2730,0x0000000084300000)
 Metaspace       used 7996K, committed 8256K, reserved 1114112K
  class space    used 840K, committed 960K, reserved 1048576K
}
Event: 4.225 GC heap before
{Heap before GC invocations=3 (full 0):
 PSYoungGen      total 29696K, used 29481K [0x00000000d5580000, 0x00000000d7680000, 0x0000000100000000)
  eden space 25600K, 99% used [0x00000000d5580000,0x00000000d6e4d878,0x00000000d6e80000)
  from space 4096K, 99% used [0x00000000d7280000,0x00000000d767cde8,0x00000000d7680000)
  to   space 4096K, 0% used [0x00000000d6e80000,0x00000000d6e80000,0x00000000d7280000)
 ParOldGen       total 68608K, used 1801K [0x0000000080000000, 0x0000000084300000, 0x00000000d5580000)
  object space 68608K, 2% used [0x0000000080000000,0x00000000801c2730,0x0000000084300000)
 Metaspace       used 9426K, committed 9728K, reserved 1114112K
  class space    used 1007K, committed 1152K, reserved 1048576K
}
Event: 4.234 GC heap after
{Heap after GC invocations=3 (full 0):
 PSYoungGen      total 29696K, used 4074K [0x00000000d5580000, 0x00000000d7680000, 0x0000000100000000)
  eden space 25600K, 0% used [0x00000000d5580000,0x00000000d5580000,0x00000000d6e80000)
  from space 4096K, 99% used [0x00000000d6e80000,0x00000000d727abc8,0x00000000d7280000)
  to   space 4096K, 0% used [0x00000000d7280000,0x00000000d7280000,0x00000000d7680000)
 ParOldGen       total 68608K, used 4872K [0x0000000080000000, 0x0000000084300000, 0x00000000d5580000)
  object space 68608K, 7% used [0x0000000080000000,0x00000000804c2098,0x0000000084300000)
 Metaspace       used 9426K, committed 9728K, reserved 1114112K
  class space    used 1007K, committed 1152K, reserved 1048576K
}
Event: 5.137 GC heap before
{Heap before GC invocations=4 (full 0):
 PSYoungGen      total 29696K, used 29674K [0x00000000d5580000, 0x00000000d7680000, 0x0000000100000000)
  eden space 25600K, 100% used [0x00000000d5580000,0x00000000d6e80000,0x00000000d6e80000)
  from space 4096K, 99% used [0x00000000d6e80000,0x00000000d727abc8,0x00000000d7280000)
  to   space 4096K, 0% used [0x00000000d7280000,0x00000000d7280000,0x00000000d7680000)
 ParOldGen       total 68608K, used 4872K [0x0000000080000000, 0x0000000084300000, 0x00000000d5580000)
  object space 68608K, 7% used [0x0000000080000000,0x00000000804c2098,0x0000000084300000)
 Metaspace       used 12065K, committed 12544K, reserved 1114112K
  class space    used 1291K, committed 1472K, reserved 1048576K
}
Event: 5.148 GC heap after
{Heap after GC invocations=4 (full 0):
 PSYoungGen      total 29696K, used 4091K [0x00000000d5580000, 0x00000000d7680000, 0x0000000100000000)
  eden space 25600K, 0% used [0x00000000d5580000,0x00000000d5580000,0x00000000d6e80000)
  from space 4096K, 99% used [0x00000000d7280000,0x00000000d767ef68,0x00000000d7680000)
  to   space 4096K, 0% used [0x00000000d6e80000,0x00000000d6e80000,0x00000000d7280000)
 ParOldGen       total 68608K, used 6278K [0x0000000080000000, 0x0000000084300000, 0x00000000d5580000)
  object space 68608K, 9% used [0x0000000080000000,0x00000000806218d8,0x0000000084300000)
 Metaspace       used 12065K, committed 12544K, reserved 1114112K
  class space    used 1291K, committed 1472K, reserved 1048576K
}
Event: 6.159 GC heap before
{Heap before GC invocations=5 (full 0):
 PSYoungGen      total 29696K, used 29691K [0x00000000d5580000, 0x00000000d7680000, 0x0000000100000000)
  eden space 25600K, 100% used [0x00000000d5580000,0x00000000d6e80000,0x00000000d6e80000)
  from space 4096K, 99% used [0x00000000d7280000,0x00000000d767ef68,0x00000000d7680000)
  to   space 4096K, 0% used [0x00000000d6e80000,0x00000000d6e80000,0x00000000d7280000)
 ParOldGen       total 68608K, used 6278K [0x0000000080000000, 0x0000000084300000, 0x00000000d5580000)
  object space 68608K, 9% used [0x0000000080000000,0x00000000806218d8,0x0000000084300000)
 Metaspace       used 16015K, committed 16704K, reserved 1114112K
  class space    used 1673K, committed 1984K, reserved 1048576K
}
Event: 6.167 GC heap after
{Heap after GC invocations=5 (full 0):
 PSYoungGen      total 29184K, used 4095K [0x00000000d5580000, 0x00000000d7a00000, 0x0000000100000000)
  eden space 25088K, 0% used [0x00000000d5580000,0x00000000d5580000,0x00000000d6e00000)
  from space 4096K, 99% used [0x00000000d6e80000,0x00000000d727fcf8,0x00000000d7280000)
  to   space 6144K, 0% used [0x00000000d7400000,0x00000000d7400000,0x00000000d7a00000)
 ParOldGen       total 68608K, used 7847K [0x0000000080000000, 0x0000000084300000, 0x00000000d5580000)
  object space 68608K, 11% used [0x0000000080000000,0x00000000807a9d18,0x0000000084300000)
 Metaspace       used 16015K, committed 16704K, reserved 1114112K
  class space    used 1673K, committed 1984K, reserved 1048576K
}
Event: 8.080 GC heap before
{Heap before GC invocations=6 (full 0):
 PSYoungGen      total 29184K, used 29179K [0x00000000d5580000, 0x00000000d7a00000, 0x0000000100000000)
  eden space 25088K, 99% used [0x00000000d5580000,0x00000000d6dff068,0x00000000d6e00000)
  from space 4096K, 99% used [0x00000000d6e80000,0x00000000d727fcf8,0x00000000d7280000)
  to   space 6144K, 0% used [0x00000000d7400000,0x00000000d7400000,0x00000000d7a00000)
 ParOldGen       total 68608K, used 7847K [0x0000000080000000, 0x0000000084300000, 0x00000000d5580000)
  object space 68608K, 11% used [0x0000000080000000,0x00000000807a9d18,0x0000000084300000)
 Metaspace       used 18915K, committed 19776K, reserved 1114112K
  class space    used 2005K, committed 2368K, reserved 1048576K
}
Event: 8.086 GC heap after
{Heap after GC invocations=6 (full 0):
 PSYoungGen      total 29184K, used 4523K [0x00000000d5580000, 0x00000000d7880000, 0x0000000100000000)
  eden space 24576K, 0% used [0x00000000d5580000,0x00000000d5580000,0x00000000d6d80000)
  from space 4608K, 98% used [0x00000000d7400000,0x00000000d786af98,0x00000000d7880000)
  to   space 5120K, 0% used [0x00000000d6e80000,0x00000000d6e80000,0x00000000d7380000)
 ParOldGen       total 68608K, used 7855K [0x0000000080000000, 0x0000000084300000, 0x00000000d5580000)
  object space 68608K, 11% used [0x0000000080000000,0x00000000807abd18,0x0000000084300000)
 Metaspace       used 18915K, committed 19776K, reserved 1114112K
  class space    used 2005K, committed 2368K, reserved 1048576K
}
Event: 8.407 GC heap before
{Heap before GC invocations=7 (full 0):
 PSYoungGen      total 29184K, used 20813K [0x00000000d5580000, 0x00000000d7880000, 0x0000000100000000)
  eden space 24576K, 66% used [0x00000000d5580000,0x00000000d65684a0,0x00000000d6d80000)
  from space 4608K, 98% used [0x00000000d7400000,0x00000000d786af98,0x00000000d7880000)
  to   space 5120K, 0% used [0x00000000d6e80000,0x00000000d6e80000,0x00000000d7380000)
 ParOldGen       total 68608K, used 7855K [0x0000000080000000, 0x0000000084300000, 0x00000000d5580000)
  object space 68608K, 11% used [0x0000000080000000,0x00000000807abd18,0x0000000084300000)
 Metaspace       used 20556K, committed 21504K, reserved 1114112K
  class space    used 2212K, committed 2624K, reserved 1048576K
}
Event: 8.414 GC heap after
{Heap after GC invocations=7 (full 0):
 PSYoungGen      total 29184K, used 4372K [0x00000000d5580000, 0x00000000d7680000, 0x0000000100000000)
  eden space 24576K, 0% used [0x00000000d5580000,0x00000000d5580000,0x00000000d6d80000)
  from space 4608K, 94% used [0x00000000d6e80000,0x00000000d72c5310,0x00000000d7300000)
  to   space 3584K, 0% used [0x00000000d7300000,0x00000000d7300000,0x00000000d7680000)
 ParOldGen       total 68608K, used 9124K [0x0000000080000000, 0x0000000084300000, 0x00000000d5580000)
  object space 68608K, 13% used [0x0000000080000000,0x00000000808e93d8,0x0000000084300000)
 Metaspace       used 20556K, committed 21504K, reserved 1114112K
  class space    used 2212K, committed 2624K, reserved 1048576K
}
Event: 8.414 GC heap before
{Heap before GC invocations=8 (full 1):
 PSYoungGen      total 29184K, used 4372K [0x00000000d5580000, 0x00000000d7680000, 0x0000000100000000)
  eden space 24576K, 0% used [0x00000000d5580000,0x00000000d5580000,0x00000000d6d80000)
  from space 4608K, 94% used [0x00000000d6e80000,0x00000000d72c5310,0x00000000d7300000)
  to   space 3584K, 0% used [0x00000000d7300000,0x00000000d7300000,0x00000000d7680000)
 ParOldGen       total 68608K, used 9124K [0x0000000080000000, 0x0000000084300000, 0x00000000d5580000)
  object space 68608K, 13% used [0x0000000080000000,0x00000000808e93d8,0x0000000084300000)
 Metaspace       used 20556K, committed 21504K, reserved 1114112K
  class space    used 2212K, committed 2624K, reserved 1048576K
}
Event: 8.457 GC heap after
{Heap after GC invocations=8 (full 1):
 PSYoungGen      total 29184K, used 0K [0x00000000d5580000, 0x00000000d7680000, 0x0000000100000000)
  eden space 24576K, 0% used [0x00000000d5580000,0x00000000d5580000,0x00000000d6d80000)
  from space 4608K, 0% used [0x00000000d6e80000,0x00000000d6e80000,0x00000000d7300000)
  to   space 3584K, 0% used [0x00000000d7300000,0x00000000d7300000,0x00000000d7680000)
 ParOldGen       total 68608K, used 12765K [0x0000000080000000, 0x0000000084300000, 0x00000000d5580000)
  object space 68608K, 18% used [0x0000000080000000,0x0000000080c776f0,0x0000000084300000)
 Metaspace       used 20543K, committed 21504K, reserved 1114112K
  class space    used 2209K, committed 2624K, reserved 1048576K
}
Event: 8.788 GC heap before
{Heap before GC invocations=9 (full 1):
 PSYoungGen      total 29184K, used 24538K [0x00000000d5580000, 0x00000000d7680000, 0x0000000100000000)
  eden space 24576K, 99% used [0x00000000d5580000,0x00000000d6d76928,0x00000000d6d80000)
  from space 4608K, 0% used [0x00000000d6e80000,0x00000000d6e80000,0x00000000d7300000)
  to   space 3584K, 0% used [0x00000000d7300000,0x00000000d7300000,0x00000000d7680000)
 ParOldGen       total 68608K, used 12765K [0x0000000080000000, 0x0000000084300000, 0x00000000d5580000)
  object space 68608K, 18% used [0x0000000080000000,0x0000000080c776f0,0x0000000084300000)
 Metaspace       used 22687K, committed 23616K, reserved 1114112K
  class space    used 2388K, committed 2752K, reserved 1048576K
}
Event: 8.791 GC heap after
{Heap after GC invocations=9 (full 1):
 PSYoungGen      total 25600K, used 1243K [0x00000000d5580000, 0x00000000d7480000, 0x0000000100000000)
  eden space 24064K, 0% used [0x00000000d5580000,0x00000000d5580000,0x00000000d6d00000)
  from space 1536K, 80% used [0x00000000d7300000,0x00000000d7436e98,0x00000000d7480000)
  to   space 2560K, 0% used [0x00000000d6f80000,0x00000000d6f80000,0x00000000d7200000)
 ParOldGen       total 68608K, used 12773K [0x0000000080000000, 0x0000000084300000, 0x00000000d5580000)
  object space 68608K, 18% used [0x0000000080000000,0x0000000080c796f0,0x0000000084300000)
 Metaspace       used 22687K, committed 23616K, reserved 1114112K
  class space    used 2388K, committed 2752K, reserved 1048576K
}
Event: 9.204 GC heap before
{Heap before GC invocations=10 (full 1):
 PSYoungGen      total 25600K, used 25109K [0x00000000d5580000, 0x00000000d7480000, 0x0000000100000000)
  eden space 24064K, 99% used [0x00000000d5580000,0x00000000d6cce650,0x00000000d6d00000)
  from space 1536K, 80% used [0x00000000d7300000,0x00000000d7436e98,0x00000000d7480000)
  to   space 2560K, 0% used [0x00000000d6f80000,0x00000000d6f80000,0x00000000d7200000)
 ParOldGen       total 68608K, used 12773K [0x0000000080000000, 0x0000000084300000, 0x00000000d5580000)
  object space 68608K, 18% used [0x0000000080000000,0x0000000080c796f0,0x0000000084300000)
 Metaspace       used 26407K, committed 27392K, reserved 1114112K
  class space    used 2657K, committed 3072K, reserved 1048576K
}
Event: 9.205 GC heap after
{Heap after GC invocations=10 (full 1):
 PSYoungGen      total 26112K, used 1167K [0x00000000d5580000, 0x00000000d7380000, 0x0000000100000000)
  eden space 23552K, 0% used [0x00000000d5580000,0x00000000d5580000,0x00000000d6c80000)
  from space 2560K, 45% used [0x00000000d6f80000,0x00000000d70a3c20,0x00000000d7200000)
  to   space 1536K, 0% used [0x00000000d7200000,0x00000000d7200000,0x00000000d7380000)
 ParOldGen       total 68608K, used 12781K [0x0000000080000000, 0x0000000084300000, 0x00000000d5580000)
  object space 68608K, 18% used [0x0000000080000000,0x0000000080c7b6f0,0x0000000084300000)
 Metaspace       used 26407K, committed 27392K, reserved 1114112K
  class space    used 2657K, committed 3072K, reserved 1048576K
}
Event: 10.548 GC heap before
{Heap before GC invocations=11 (full 1):
 PSYoungGen      total 26112K, used 24719K [0x00000000d5580000, 0x00000000d7380000, 0x0000000100000000)
  eden space 23552K, 100% used [0x00000000d5580000,0x00000000d6c80000,0x00000000d6c80000)
  from space 2560K, 45% used [0x00000000d6f80000,0x00000000d70a3c20,0x00000000d7200000)
  to   space 1536K, 0% used [0x00000000d7200000,0x00000000d7200000,0x00000000d7380000)
 ParOldGen       total 68608K, used 12781K [0x0000000080000000, 0x0000000084300000, 0x00000000d5580000)
  object space 68608K, 18% used [0x0000000080000000,0x0000000080c7b6f0,0x0000000084300000)
 Metaspace       used 27865K, committed 28928K, reserved 1114112K
  class space    used 2770K, committed 3200K, reserved 1048576K
}
Event: 10.552 GC heap after
{Heap after GC invocations=11 (full 1):
 PSYoungGen      total 24576K, used 1531K [0x00000000d5580000, 0x00000000d7400000, 0x0000000100000000)
  eden space 23040K, 0% used [0x00000000d5580000,0x00000000d5580000,0x00000000d6c00000)
  from space 1536K, 99% used [0x00000000d7200000,0x00000000d737eda0,0x00000000d7380000)
  to   space 4096K, 0% used [0x00000000d6c00000,0x00000000d6c00000,0x00000000d7000000)
 ParOldGen       total 68608K, used 14496K [0x0000000080000000, 0x0000000084300000, 0x00000000d5580000)
  object space 68608K, 21% used [0x0000000080000000,0x0000000080e282b8,0x0000000084300000)
 Metaspace       used 27865K, committed 28928K, reserved 1114112K
  class space    used 2770K, committed 3200K, reserved 1048576K
}

Dll operation events (10 events):
Event: 0.027 Loaded shared library c:\Users\Dorian\.vscode\extensions\redhat.java-1.47.0-win32-x64\jre\21.0.8-win32-x86_64\bin\java.dll
Event: 0.270 Loaded shared library c:\Users\Dorian\.vscode\extensions\redhat.java-1.47.0-win32-x64\jre\21.0.8-win32-x86_64\bin\zip.dll
Event: 0.358 Loaded shared library C:\Users\Dorian\.vscode\extensions\redhat.java-1.47.0-win32-x64\jre\21.0.8-win32-x86_64\bin\instrument.dll
Event: 0.374 Loaded shared library C:\Users\Dorian\.vscode\extensions\redhat.java-1.47.0-win32-x64\jre\21.0.8-win32-x86_64\bin\net.dll
Event: 0.380 Loaded shared library C:\Users\Dorian\.vscode\extensions\redhat.java-1.47.0-win32-x64\jre\21.0.8-win32-x86_64\bin\nio.dll
Event: 0.395 Loaded shared library C:\Users\Dorian\.vscode\extensions\redhat.java-1.47.0-win32-x64\jre\21.0.8-win32-x86_64\bin\zip.dll
Event: 0.452 Loaded shared library C:\Users\Dorian\.vscode\extensions\redhat.java-1.47.0-win32-x64\jre\21.0.8-win32-x86_64\bin\jimage.dll
Event: 0.877 Loaded shared library c:\Users\Dorian\.vscode\extensions\redhat.java-1.47.0-win32-x64\jre\21.0.8-win32-x86_64\bin\verify.dll
Event: 3.278 Loaded shared library C:\Users\Dorian\AppData\Roaming\Code\User\globalStorage\redhat.java\1.47.0\config_win\org.eclipse.equinox.launcher\org.eclipse.equinox.launcher.win32.win32.x86_64_1.2.1400.v20250801-0854\eclipse_11916.dll
Event: 6.755 Loaded shared library C:\Users\Dorian\AppData\Local\Temp\jna-2052793295\jna1280872676123401751.dll

Deoptimization events (20 events):
Event: 10.569 Thread 0x0000021ef9fadd80 DEOPT PACKING pc=0x0000021ea68287cc sp=0x000000326c6fe870
Event: 10.569 Thread 0x0000021ef9fadd80 DEOPT UNPACKING pc=0x0000021ea6123aa2 sp=0x000000326c6fe7f8 mode 2
Event: 10.569 Thread 0x0000021ef9fadd80 Uncommon trap: trap_request=0xffffffde fr.pc=0x0000021ea68287cc relative=0x000000000000010c
Event: 10.569 Thread 0x0000021ef9fadd80 Uncommon trap: reason=class_check action=maybe_recompile pc=0x0000021ea68287cc method=java.lang.Character.codePointAt(Ljava/lang/CharSequence;I)I @ 2 c2
Event: 10.569 Thread 0x0000021ef9fadd80 DEOPT PACKING pc=0x0000021ea68287cc sp=0x000000326c6fe870
Event: 10.569 Thread 0x0000021ef9fadd80 DEOPT UNPACKING pc=0x0000021ea6123aa2 sp=0x000000326c6fe7f8 mode 2
Event: 10.569 Thread 0x0000021ef9fadd80 Uncommon trap: trap_request=0xffffff76 fr.pc=0x0000021ea67f9718 relative=0x0000000000000398
Event: 10.569 Thread 0x0000021ef9fadd80 Uncommon trap: reason=predicate action=maybe_recompile pc=0x0000021ea67f9718 method=java.util.regex.Pattern$BmpCharPropertyGreedy.match(Ljava/util/regex/Matcher;ILjava/lang/CharSequence;)Z @ 12 c2
Event: 10.570 Thread 0x0000021ef9fadd80 DEOPT PACKING pc=0x0000021ea67f9718 sp=0x000000326c6fe7b0
Event: 10.570 Thread 0x0000021ef9fadd80 DEOPT UNPACKING pc=0x0000021ea6123aa2 sp=0x000000326c6fe758 mode 2
Event: 10.584 Thread 0x0000021ef9fadd80 Uncommon trap: trap_request=0xffffffde fr.pc=0x0000021ea682e700 relative=0x0000000000000a20
Event: 10.584 Thread 0x0000021ef9fadd80 Uncommon trap: reason=class_check action=maybe_recompile pc=0x0000021ea682e700 method=java.io.BufferedInputStream.implRead([BII)I @ 100 c2
Event: 10.584 Thread 0x0000021ef9fadd80 DEOPT PACKING pc=0x0000021ea682e700 sp=0x000000326c6fe4b0
Event: 10.584 Thread 0x0000021ef9fadd80 DEOPT UNPACKING pc=0x0000021ea6123aa2 sp=0x000000326c6fe498 mode 2
Event: 10.586 Thread 0x0000021ef9fadd80 Uncommon trap: trap_request=0xffffffde fr.pc=0x0000021ea682e700 relative=0x0000000000000a20
Event: 10.586 Thread 0x0000021ef9fadd80 Uncommon trap: reason=class_check action=maybe_recompile pc=0x0000021ea682e700 method=java.io.BufferedInputStream.implRead([BII)I @ 100 c2
Event: 10.586 Thread 0x0000021ef9fadd80 DEOPT PACKING pc=0x0000021ea682e700 sp=0x000000326c6fe4e0
Event: 10.586 Thread 0x0000021ef9fadd80 DEOPT UNPACKING pc=0x0000021ea6123aa2 sp=0x000000326c6fe4c8 mode 2
Event: 10.592 Thread 0x0000021ef9ddbfa0 DEOPT PACKING pc=0x0000021e9eff5ce4 sp=0x000000326c2fa990
Event: 10.592 Thread 0x0000021ef9ddbfa0 DEOPT UNPACKING pc=0x0000021ea6124242 sp=0x000000326c2f9f28 mode 0

Classes loaded (20 events):
Event: 10.561 Loading class com/sun/org/apache/xerces/internal/impl/msg/XMLMessages_en_US
Event: 10.561 Loading class com/sun/org/apache/xerces/internal/impl/msg/XMLMessages_en_US done
Event: 10.569 Loading class java/io/FileReader
Event: 10.569 Loading class java/io/FileReader done
Event: 10.605 Loading class java/net/SocketAddress
Event: 10.605 Loading class java/net/SocketAddress done
Event: 10.605 Loading class java/net/InetSocketAddress
Event: 10.605 Loading class java/net/InetSocketAddress done
Event: 10.606 Loading class java/nio/channels/AsynchronousByteChannel
Event: 10.606 Loading class java/nio/channels/AsynchronousChannel
Event: 10.606 Loading class java/nio/channels/AsynchronousChannel done
Event: 10.606 Loading class java/nio/channels/AsynchronousByteChannel done
Event: 10.606 Loading class java/net/Authenticator
Event: 10.606 Loading class java/net/Authenticator done
Event: 10.616 Loading class java/util/concurrent/atomic/AtomicReferenceFieldUpdater
Event: 10.616 Loading class java/util/concurrent/atomic/AtomicReferenceFieldUpdater done
Event: 10.616 Loading class java/util/concurrent/atomic/AtomicReferenceFieldUpdater$AtomicReferenceFieldUpdaterImpl
Event: 10.617 Loading class java/util/concurrent/atomic/AtomicReferenceFieldUpdater$AtomicReferenceFieldUpdaterImpl done
Event: 10.617 Loading class java/util/concurrent/atomic/AtomicReferenceFieldUpdater$AtomicReferenceFieldUpdaterImpl$1
Event: 10.617 Loading class java/util/concurrent/atomic/AtomicReferenceFieldUpdater$AtomicReferenceFieldUpdaterImpl$1 done

Classes unloaded (7 events):
Event: 8.421 Thread 0x0000021e9ba4fc20 Unloading class 0x0000021eb41a5000 'java/lang/invoke/LambdaForm$MH+0x0000021eb41a5000'
Event: 8.421 Thread 0x0000021e9ba4fc20 Unloading class 0x0000021eb41a4c00 'java/lang/invoke/LambdaForm$MH+0x0000021eb41a4c00'
Event: 8.421 Thread 0x0000021e9ba4fc20 Unloading class 0x0000021eb41a4800 'java/lang/invoke/LambdaForm$MH+0x0000021eb41a4800'
Event: 8.421 Thread 0x0000021e9ba4fc20 Unloading class 0x0000021eb41a4400 'java/lang/invoke/LambdaForm$MH+0x0000021eb41a4400'
Event: 8.421 Thread 0x0000021e9ba4fc20 Unloading class 0x0000021eb41a4000 'java/lang/invoke/LambdaForm$BMH+0x0000021eb41a4000'
Event: 8.421 Thread 0x0000021e9ba4fc20 Unloading class 0x0000021eb41a3c00 'java/lang/invoke/LambdaForm$DMH+0x0000021eb41a3c00'
Event: 8.421 Thread 0x0000021e9ba4fc20 Unloading class 0x0000021eb41a2800 'java/lang/invoke/LambdaForm$DMH+0x0000021eb41a2800'

Classes redefined (0 events):
No events

Internal exceptions (20 events):
Event: 8.349 Thread 0x0000021ef9ddbfa0 Exception <a 'java/lang/NoSuchMethodError'{0x00000000d6321cb0}: 'int java.lang.invoke.DirectMethodHandle$Holder.invokeStaticInit(java.lang.Object, double, double)'> (0x00000000d6321cb0) 
thrown [s\src\hotspot\share\interpreter\linkResolver.cpp, line 773]
Event: 8.350 Thread 0x0000021ef9ddbfa0 Exception <a 'java/lang/NoSuchMethodError'{0x00000000d63270c8}: 'int java.lang.invoke.DirectMethodHandle$Holder.invokeStatic(java.lang.Object, long)'> (0x00000000d63270c8) 
thrown [s\src\hotspot\share\interpreter\linkResolver.cpp, line 773]
Event: 8.353 Thread 0x0000021ef9ddbfa0 Exception <a 'java/lang/NoSuchMethodError'{0x00000000d634be80}: 'int java.lang.invoke.Invokers$Holder.linkToTargetMethod(java.lang.Object, java.lang.Object)'> (0x00000000d634be80) 
thrown [s\src\hotspot\share\interpreter\linkResolver.cpp, line 773]
Event: 8.373 Thread 0x0000021ef9ddbfa0 Exception <a 'java/lang/NoSuchMethodError'{0x00000000d63e7fb8}: 'java.lang.Object java.lang.invoke.Invokers$Holder.invoke_MT(java.lang.Object, java.lang.Object, java.lang.Object, java.lang.Object, java.lang.Object, java.lang.Object, java.lang.Object, java.lang.Object, java.lang.Object, java.lang.Object, java.lang.Object)'> (0x00000000d63e7fb8) 
thrown [s\src\hotspot\share\interpreter\linkResolver.cpp, line 773]
Event: 8.389 Thread 0x0000021ef9ddbfa0 Exception <a 'java/lang/NoSuchMethodError'{0x00000000d6474fd0}: 'java.lang.Object java.lang.invoke.Invokers$Holder.invoke_MT(java.lang.Object, java.lang.Object, java.lang.Object, java.lang.Object, java.lang.Object, java.lang.Object, java.lang.Object, java.lang.Object, java.lang.Object, java.lang.Object)'> (0x00000000d6474fd0) 
thrown [s\src\hotspot\share\interpreter\linkResolver.cpp, line 773]
Event: 8.405 Thread 0x0000021ef9ddbfa0 Exception <a 'java/lang/NoSuchMethodError'{0x00000000d650af40}: 'java.lang.Object java.lang.invoke.DirectMethodHandle$Holder.newInvokeSpecial(java.lang.Object, java.lang.Object, java.lang.Object, java.lang.Object, java.lang.Object, java.lang.Object, java.lang.Object)'> (0x00000000d650af40) 
thrown [s\src\hotspot\share\interpreter\linkResolver.cpp, line 773]
Event: 8.464 Thread 0x0000021ef9ddbfa0 Exception <a 'java/lang/NoSuchMethodError'{0x00000000d55d68b8}: 'java.lang.Object java.lang.invoke.Invokers$Holder.invoker(java.lang.Object, java.lang.Object, java.lang.Object, java.lang.Object, java.lang.Object, java.lang.Object, java.lang.Object, java.lang.Object, java.lang.Object, java.lang.Object, java.lang.Object, java.lang.Object, java.lang.Object)'> (0x00000000d55d68b8) 
thrown [s\src\hotspot\share\interpreter\linkResolver.cpp, line 773]
Event: 8.465 Thread 0x0000021ef9ddbfa0 Exception <a 'java/lang/NoSuchMethodError'{0x00000000d55e0d50}: 'java.lang.Object java.lang.invoke.DelegatingMethodHandle$Holder.delegate(java.lang.Object, java.lang.Object, java.lang.Object, java.lang.Object, java.lang.Object, java.lang.Object, java.lang.Object, java.lang.Object, java.lang.Object, java.lang.Object, java.lang.Object, java.lang.Object, java.lang.Object)'> (0x00000000d55e0d50) 
thrown [s\src\hotspot\share\interpreter\linkResolver.cpp, line 773]
Event: 8.474 Thread 0x0000021ef9ddbfa0 Exception <a 'java/lang/NoSuchMethodError'{0x00000000d565f328}: static Lorg/eclipse/m2e/core/internal/lifecyclemapping/model/PluginExecutionMetadata;.<clinit>()V> (0x00000000d565f328) 
thrown [s\src\hotspot\share\prims\jni.cpp, line 1111]
Event: 8.475 Thread 0x0000021ef9ddbfa0 Implicit null exception at 0x0000021ea67c3f24 to 0x0000021ea67c4904
Event: 8.484 Thread 0x0000021ef9ddbfa0 Exception <a 'java/lang/NoSuchMethodError'{0x00000000d56bf130}: static Lorg/eclipse/m2e/core/internal/lifecyclemapping/model/PluginExecutionFilter;.<clinit>()V> (0x00000000d56bf130) 
thrown [s\src\hotspot\share\prims\jni.cpp, line 1111]
Event: 8.489 Thread 0x0000021ef9ddbfa0 Exception <a 'java/lang/NoSuchMethodError'{0x00000000d56f3560}: static Lorg/eclipse/m2e/core/internal/project/registry/MavenProjectFacade$MavenProjectConfiguration;.<clinit>()V> (0x00000000d56f3560) 
thrown [s\src\hotspot\share\prims\jni.cpp, line 1111]
Event: 8.592 Thread 0x0000021ef9ddbfa0 Exception <a 'java/lang/NoSuchMethodError'{0x00000000d5b73060}: 'double java.lang.invoke.DirectMethodHandle$Holder.invokeStatic(java.lang.Object, java.lang.Object)'> (0x00000000d5b73060) 
thrown [s\src\hotspot\share\interpreter\linkResolver.cpp, line 773]
Event: 8.593 Thread 0x0000021ef9ddbfa0 Exception <a 'java/lang/NoSuchMethodError'{0x00000000d5b76720}: 'double java.lang.invoke.DirectMethodHandle$Holder.invokeStaticInit(java.lang.Object, java.lang.Object)'> (0x00000000d5b76720) 
thrown [s\src\hotspot\share\interpreter\linkResolver.cpp, line 773]
Event: 9.097 Thread 0x0000021ef9ddbfa0 Implicit null exception at 0x0000021ea682ad75 to 0x0000021ea682ae68
Event: 9.254 Thread 0x0000021ef9ddbfa0 Exception <a 'java/lang/NoSuchMethodError'{0x00000000d613d440}: 'java.lang.Object java.lang.invoke.DirectMethodHandle$Holder.newInvokeSpecial(java.lang.Object, int, java.lang.Object, java.lang.Object)'> (0x00000000d613d440) 
thrown [s\src\hotspot\share\interpreter\linkResolver.cpp, line 773]
Event: 10.547 Thread 0x0000021ef9ddbfa0 Exception <a 'java/lang/ClassNotFoundException'{0x00000000d6bd6bc0}: com/sun/org/apache/xerces/internal/impl/msg/spi/DOMMessagesProvider> (0x00000000d6bd6bc0) 
thrown [s\src\hotspot\share\classfile\systemDictionary.cpp, line 312]
Event: 10.548 Thread 0x0000021ef9ddbfa0 Exception <a 'java/lang/ClassNotFoundException'{0x00000000d6c30f48}: com/sun/org/apache/xerces/internal/impl/msg/spi/XMLSerializerMessagesProvider> (0x00000000d6c30f48) 
thrown [s\src\hotspot\share\classfile\systemDictionary.cpp, line 312]
Event: 10.557 Thread 0x0000021ef9ddbfa0 Exception <a 'java/lang/ClassNotFoundException'{0x00000000d55c26f0}: com/sun/org/apache/xerces/internal/impl/msg/spi/XMLMessagesProvider> (0x00000000d55c26f0) 
thrown [s\src\hotspot\share\classfile\systemDictionary.cpp, line 312]
Event: 10.597 Thread 0x0000021ef9fadd80 Exception <a 'java/lang/NoSuchMethodError'{0x00000000d58ae808}: 'java.lang.Object java.lang.invoke.DirectMethodHandle$Holder.invokeSpecialIFC(java.lang.Object, java.lang.Object, java.lang.Object, java.lang.Object)'> (0x00000000d58ae808) 
thrown [s\src\hotspot\share\interpreter\linkResolver.cpp, line 773]

ZGC Phase Switch (0 events):
No events

VM Operations (20 events):
Event: 7.646 Executing VM operation: HandshakeAllThreads (Deoptimize)
Event: 7.646 Executing VM operation: HandshakeAllThreads (Deoptimize) done
Event: 8.080 Executing VM operation: ParallelGCFailedAllocation (Allocation Failure)
Event: 8.086 Executing VM operation: ParallelGCFailedAllocation (Allocation Failure) done
Event: 8.331 Executing VM operation: HandshakeAllThreads (Deoptimize)
Event: 8.331 Executing VM operation: HandshakeAllThreads (Deoptimize) done
Event: 8.407 Executing VM operation: CollectForMetadataAllocation (Metadata GC Threshold)
Event: 8.457 Executing VM operation: CollectForMetadataAllocation (Metadata GC Threshold) done
Event: 8.788 Executing VM operation: ParallelGCFailedAllocation (Allocation Failure)
Event: 8.791 Executing VM operation: ParallelGCFailedAllocation (Allocation Failure) done
Event: 9.204 Executing VM operation: ParallelGCFailedAllocation (Allocation Failure)
Event: 9.205 Executing VM operation: ParallelGCFailedAllocation (Allocation Failure) done
Event: 10.205 Executing VM operation: Cleanup
Event: 10.529 Executing VM operation: Cleanup done
Event: 10.542 Executing VM operation: HandshakeAllThreads (Deoptimize)
Event: 10.543 Executing VM operation: HandshakeAllThreads (Deoptimize) done
Event: 10.548 Executing VM operation: ParallelGCFailedAllocation (Allocation Failure)
Event: 10.552 Executing VM operation: ParallelGCFailedAllocation (Allocation Failure) done
Event: 11.552 Executing VM operation: Cleanup
Event: 11.552 Executing VM operation: Cleanup done

Memory protections (0 events):
No events

Nmethod flushes (0 events):
No events

Events (20 events):
Event: 3.511 Thread 0x0000021ef9af82f0 Thread exited: 0x0000021ef9af82f0
Event: 3.566 Thread 0x0000021ef93b9c10 Thread exited: 0x0000021ef93b9c10
Event: 3.695 Thread 0x0000021ef90432f0 Thread added: 0x0000021ef9e50690
Event: 3.704 Thread 0x0000021ef90432f0 Thread added: 0x0000021ef9a902b0
Event: 3.898 Thread 0x0000021ef9a902b0 Thread exited: 0x0000021ef9a902b0
Event: 4.323 Thread 0x0000021ef9ddbfa0 Thread added: 0x0000021efa2efb10
Event: 4.869 Thread 0x0000021ef9ddbfa0 Thread added: 0x0000021efa0f7e90
Event: 5.104 Thread 0x0000021ef9e50690 Thread added: 0x0000021efa394ca0
Event: 5.625 Thread 0x0000021ef9ddbfa0 Thread added: 0x0000021ef9fad060
Event: 5.661 Thread 0x0000021efa394ca0 Thread exited: 0x0000021efa394ca0
Event: 6.167 Thread 0x0000021ef9e50690 Thread exited: 0x0000021ef9e50690
Event: 6.887 Thread 0x0000021ef9ddbfa0 Thread added: 0x0000021ef9fad6f0
Event: 7.017 Thread 0x0000021ef9ddbfa0 Thread added: 0x0000021ef9faaf90
Event: 7.208 Thread 0x0000021ef9ddbfa0 Thread added: 0x0000021ef9fadd80
Event: 7.576 Thread 0x0000021ef90432f0 Thread added: 0x0000021efa7087e0
Event: 8.925 Thread 0x0000021efa7087e0 Thread exited: 0x0000021efa7087e0
Event: 9.298 Thread 0x0000021ef90432f0 Thread added: 0x0000021efa5a0a20
Event: 9.312 Thread 0x0000021ef90432f0 Thread added: 0x0000021ef9e43a60
Event: 10.591 Thread 0x0000021ef9ddbfa0 Thread added: 0x0000021ef9fae410
Event: 10.592 Thread 0x0000021ef9faaf90 Thread added: 0x0000021ef9fabcb0


Dynamic libraries:
0x00007ff695a60000 - 0x00007ff695a6e000 	c:\Users\Dorian\.vscode\extensions\redhat.java-1.47.0-win32-x64\jre\21.0.8-win32-x86_64\bin\java.exe
0x00007fff5cf80000 - 0x00007fff5d1e8000 	C:\WINDOWS\SYSTEM32\ntdll.dll
0x00007fff5b000000 - 0x00007fff5b0c9000 	C:\WINDOWS\System32\KERNEL32.DLL
0x00007fff5a920000 - 0x00007fff5ad18000 	C:\WINDOWS\System32\KERNELBASE.dll
0x00007fff5a3d0000 - 0x00007fff5a51b000 	C:\WINDOWS\System32\ucrtbase.dll
0x00007fff4b040000 - 0x00007fff4b058000 	c:\Users\Dorian\.vscode\extensions\redhat.java-1.47.0-win32-x64\jre\21.0.8-win32-x86_64\bin\jli.dll
0x00007fff500a0000 - 0x00007fff500be000 	c:\Users\Dorian\.vscode\extensions\redhat.java-1.47.0-win32-x64\jre\21.0.8-win32-x86_64\bin\VCRUNTIME140.dll
0x00007fff5cc70000 - 0x00007fff5ce37000 	C:\WINDOWS\System32\USER32.dll
0x00007fff5a0d0000 - 0x00007fff5a0f7000 	C:\WINDOWS\System32\win32u.dll
0x00007fff436f0000 - 0x00007fff43984000 	C:\WINDOWS\WinSxS\amd64_microsoft.windows.common-controls_6595b64144ccf1df_6.0.26100.7019_none_3e06ffa0e335b8a8\COMCTL32.dll
0x00007fff5c200000 - 0x00007fff5c22b000 	C:\WINDOWS\System32\GDI32.dll
0x00007fff5a7f0000 - 0x00007fff5a91c000 	C:\WINDOWS\System32\gdi32full.dll
0x00007fff5a270000 - 0x00007fff5a313000 	C:\WINDOWS\System32\msvcp_win.dll
0x00007fff5c990000 - 0x00007fff5ca39000 	C:\WINDOWS\System32\msvcrt.dll
0x00007fff5afc0000 - 0x00007fff5aff1000 	C:\WINDOWS\System32\IMM32.DLL
0x00007fff502b0000 - 0x00007fff502bc000 	c:\Users\Dorian\.vscode\extensions\redhat.java-1.47.0-win32-x64\jre\21.0.8-win32-x86_64\bin\vcruntime140_1.dll
0x00007fff0c990000 - 0x00007fff0ca1d000 	c:\Users\Dorian\.vscode\extensions\redhat.java-1.47.0-win32-x64\jre\21.0.8-win32-x86_64\bin\msvcp140.dll
0x00007ffeda7b0000 - 0x00007ffedb547000 	c:\Users\Dorian\.vscode\extensions\redhat.java-1.47.0-win32-x64\jre\21.0.8-win32-x86_64\bin\server\jvm.dll
0x00007fff5cb00000 - 0x00007fff5cbb4000 	C:\WINDOWS\System32\ADVAPI32.dll
0x00007fff5ca40000 - 0x00007fff5cae6000 	C:\WINDOWS\System32\sechost.dll
0x00007fff5beb0000 - 0x00007fff5bfc8000 	C:\WINDOWS\System32\RPCRT4.dll
0x00007fff5ad20000 - 0x00007fff5ad94000 	C:\WINDOWS\System32\WS2_32.dll
0x00007fff59f50000 - 0x00007fff59fae000 	C:\WINDOWS\SYSTEM32\POWRPROF.dll
0x00007fff439a0000 - 0x00007fff439d5000 	C:\WINDOWS\SYSTEM32\WINMM.dll
0x00007fff48ba0000 - 0x00007fff48bab000 	C:\WINDOWS\SYSTEM32\VERSION.dll
0x00007fff59f30000 - 0x00007fff59f44000 	C:\WINDOWS\SYSTEM32\UMPDC.dll
0x00007fff58e90000 - 0x00007fff58eab000 	C:\WINDOWS\SYSTEM32\kernel.appcore.dll
0x00007fff502a0000 - 0x00007fff502aa000 	c:\Users\Dorian\.vscode\extensions\redhat.java-1.47.0-win32-x64\jre\21.0.8-win32-x86_64\bin\jimage.dll
0x00007fff57a00000 - 0x00007fff57c42000 	C:\WINDOWS\SYSTEM32\DBGHELP.DLL
0x00007fff5b1c0000 - 0x00007fff5b54b000 	C:\WINDOWS\System32\combase.dll
0x00007fff5bdb0000 - 0x00007fff5be87000 	C:\WINDOWS\System32\OLEAUT32.dll
0x00007fff41f80000 - 0x00007fff41fbc000 	C:\WINDOWS\SYSTEM32\dbgcore.DLL
0x00007fff5a320000 - 0x00007fff5a3c5000 	C:\WINDOWS\System32\bcryptPrimitives.dll
0x00007fff50230000 - 0x00007fff5023f000 	c:\Users\Dorian\.vscode\extensions\redhat.java-1.47.0-win32-x64\jre\21.0.8-win32-x86_64\bin\instrument.dll
0x00007fff4a000000 - 0x00007fff4a01f000 	c:\Users\Dorian\.vscode\extensions\redhat.java-1.47.0-win32-x64\jre\21.0.8-win32-x86_64\bin\java.dll
0x00007fff5c230000 - 0x00007fff5c981000 	C:\WINDOWS\System32\SHELL32.dll
0x00007fff5a100000 - 0x00007fff5a26b000 	C:\WINDOWS\System32\wintypes.dll
0x00007fff57d30000 - 0x00007fff5858d000 	C:\WINDOWS\SYSTEM32\windows.storage.dll
0x00007fff5ce40000 - 0x00007fff5cf32000 	C:\WINDOWS\System32\SHCORE.dll
0x00007fff5b150000 - 0x00007fff5b1b7000 	C:\WINDOWS\System32\shlwapi.dll
0x00007fff59ff0000 - 0x00007fff5a019000 	C:\WINDOWS\SYSTEM32\profapi.dll
0x00007fff47f70000 - 0x00007fff47f88000 	c:\Users\Dorian\.vscode\extensions\redhat.java-1.47.0-win32-x64\jre\21.0.8-win32-x86_64\bin\zip.dll
0x00007fff4a5c0000 - 0x00007fff4a5d0000 	C:\Users\Dorian\.vscode\extensions\redhat.java-1.47.0-win32-x64\jre\21.0.8-win32-x86_64\bin\net.dll
0x00007fff4de50000 - 0x00007fff4df78000 	C:\WINDOWS\SYSTEM32\WINHTTP.dll
0x00007fff59400000 - 0x00007fff5946b000 	C:\WINDOWS\system32\mswsock.dll
0x00007fff36150000 - 0x00007fff36166000 	C:\Users\Dorian\.vscode\extensions\redhat.java-1.47.0-win32-x64\jre\21.0.8-win32-x86_64\bin\nio.dll
0x00007fff47510000 - 0x00007fff47520000 	c:\Users\Dorian\.vscode\extensions\redhat.java-1.47.0-win32-x64\jre\21.0.8-win32-x86_64\bin\verify.dll
0x00007fff243e0000 - 0x00007fff24424000 	C:\Users\Dorian\AppData\Roaming\Code\User\globalStorage\redhat.java\1.47.0\config_win\org.eclipse.equinox.launcher\org.eclipse.equinox.launcher.win32.win32.x86_64_1.2.1400.v20250801-0854\eclipse_11916.dll
0x00007fff5c060000 - 0x00007fff5c1f7000 	C:\WINDOWS\System32\ole32.dll
0x00007fff596c0000 - 0x00007fff596db000 	C:\WINDOWS\SYSTEM32\CRYPTSP.dll
0x00007fff58df0000 - 0x00007fff58e2a000 	C:\WINDOWS\system32\rsaenh.dll
0x00007fff594b0000 - 0x00007fff594db000 	C:\WINDOWS\SYSTEM32\USERENV.dll
0x00007fff59fc0000 - 0x00007fff59fea000 	C:\WINDOWS\SYSTEM32\bcrypt.dll
0x00007fff596e0000 - 0x00007fff596ec000 	C:\WINDOWS\SYSTEM32\CRYPTBASE.dll
0x00007fff588a0000 - 0x00007fff588d4000 	C:\WINDOWS\SYSTEM32\IPHLPAPI.DLL
0x00007fff5caf0000 - 0x00007fff5cafa000 	C:\WINDOWS\System32\NSI.dll
0x00007fff19f40000 - 0x00007fff19f89000 	C:\Users\Dorian\AppData\Local\Temp\jna-2052793295\jna1280872676123401751.dll
0x00007fff5adb0000 - 0x00007fff5adb8000 	C:\WINDOWS\System32\PSAPI.DLL

JVMTI agents:
c:\Users\Dorian\.vscode\extensions\redhat.java-1.47.0-win32-x64\lombok\lombok-1.18.39-4050.jar path:c:\Users\Dorian\.vscode\extensions\redhat.java-1.47.0-win32-x64\jre\21.0.8-win32-x86_64\bin\instrument.dll, loaded, initialized, instrumentlib options:none

dbghelp: loaded successfully - version: 4.0.5 - missing functions: none
symbol engine: initialized successfully - sym options: 0x614 - pdb path: .;c:\Users\Dorian\.vscode\extensions\redhat.java-1.47.0-win32-x64\jre\21.0.8-win32-x86_64\bin;C:\WINDOWS\SYSTEM32;C:\WINDOWS\WinSxS\amd64_microsoft.windows.common-controls_6595b64144ccf1df_6.0.26100.7019_none_3e06ffa0e335b8a8;c:\Users\Dorian\.vscode\extensions\redhat.java-1.47.0-win32-x64\jre\21.0.8-win32-x86_64\bin\server;C:\Users\Dorian\AppData\Roaming\Code\User\globalStorage\redhat.java\1.47.0\config_win\org.eclipse.equinox.launcher\org.eclipse.equinox.launcher.win32.win32.x86_64_1.2.1400.v20250801-0854;C:\Users\Dorian\AppData\Local\Temp\jna-2052793295

VM Arguments:
jvm_args: --add-modules=ALL-SYSTEM --add-opens=java.base/java.util=ALL-UNNAMED --add-opens=java.base/java.lang=ALL-UNNAMED --add-opens=java.base/sun.nio.fs=ALL-UNNAMED -Declipse.application=org.eclipse.jdt.ls.core.id1 -Dosgi.bundles.defaultStartLevel=4 -Declipse.product=org.eclipse.jdt.ls.core.product -Djava.import.generatesMetadataFilesAtProjectRoot=false -DDetectVMInstallationsJob.disabled=true -Dfile.encoding=utf8 -XX:+UseParallelGC -XX:GCTimeRatio=4 -XX:AdaptiveSizePolicyWeight=90 -Dsun.zip.disableMemoryMapping=true -Xmx2G -Xms100m -Xlog:disable -javaagent:c:\Users\Dorian\.vscode\extensions\redhat.java-1.47.0-win32-x64\lombok\lombok-1.18.39-4050.jar -XX:+HeapDumpOnOutOfMemoryError -XX:HeapDumpPath=c:\Users\Dorian\AppData\Roaming\Code\User\workspaceStorage\2e54c20b31e2f00811d0ee3cb5a815c0\redhat.java -Daether.dependencyCollector.impl=bf 
java_command: c:\Users\Dorian\.vscode\extensions\redhat.java-1.47.0-win32-x64\server\plugins\org.eclipse.equinox.launcher_1.7.100.v20251014-1222.jar -configuration c:\Users\Dorian\AppData\Roaming\Code\User\globalStorage\redhat.java\1.47.0\config_win -data c:\Users\Dorian\AppData\Roaming\Code\User\workspaceStorage\2e54c20b31e2f00811d0ee3cb5a815c0\redhat.java\jdt_ws --pipe=\\.\pipe\lsp-ea84f4b12465afa64f91dcc3f52ef546-sock
java_class_path (initial): c:\Users\Dorian\.vscode\extensions\redhat.java-1.47.0-win32-x64\server\plugins\org.eclipse.equinox.launcher_1.7.100.v20251014-1222.jar
Launcher Type: SUN_STANDARD

[Global flags]
    uintx AdaptiveSizePolicyWeight                 = 90                                        {product} {command line}
     intx CICompilerCount                          = 4                                         {product} {ergonomic}
    uintx GCTimeRatio                              = 4                                         {product} {command line}
     bool HeapDumpOnOutOfMemoryError               = true                                   {manageable} {command line}
    ccstr HeapDumpPath                             = c:\Users\Dorian\AppData\Roaming\Code\User\workspaceStorage\2e54c20b31e2f00811d0ee3cb5a815c0\redhat.java         {manageable} {command line}
   size_t InitialHeapSize                          = 104857600                                 {product} {command line}
   size_t MaxHeapSize                              = 2147483648                                {product} {command line}
   size_t MaxNewSize                               = 715653120                                 {product} {ergonomic}
   size_t MinHeapDeltaBytes                        = 524288                                    {product} {ergonomic}
   size_t MinHeapSize                              = 104857600                                 {product} {command line}
   size_t NewSize                                  = 34603008                                  {product} {ergonomic}
    uintx NonNMethodCodeHeapSize                   = 5839372                                {pd product} {ergonomic}
    uintx NonProfiledCodeHeapSize                  = 122909434                              {pd product} {ergonomic}
   size_t OldSize                                  = 70254592                                  {product} {ergonomic}
    uintx ProfiledCodeHeapSize                     = 122909434                              {pd product} {ergonomic}
    uintx ReservedCodeCacheSize                    = 251658240                              {pd product} {ergonomic}
     bool SegmentedCodeCache                       = true                                      {product} {ergonomic}
   size_t SoftMaxHeapSize                          = 2147483648                             {manageable} {ergonomic}
     bool UseCompressedOops                        = true                           {product lp64_product} {ergonomic}
     bool UseLargePagesIndividualAllocation        = false                                  {pd product} {ergonomic}
     bool UseParallelGC                            = true                                      {product} {command line}

Logging:
Log output configuration:
 #0: stdout all=off uptime,level,tags foldmultilines=false
 #1: stderr all=off uptime,level,tags foldmultilines=false

Environment Variables:
JAVA_HOME=C:\Program Files\Java\jdk-1.8
PATH=C:\Program Files (x86)\Common Files\Oracle\Java\java8path;C:\Program Files (x86)\Common Files\Oracle\Java\javapath;C:\WINDOWS\system32;C:\WINDOWS;C:\WINDOWS\System32\Wbem;C:\WINDOWS\System32\WindowsPowerShell\v1.0\;C:\WINDOWS\System32\OpenSSH\;C:\Program Files\Microsoft SQL Server\Client SDK\ODBC\170\Tools\Binn\;C:\Program Files (x86)\Microsoft SQL Server\150\Tools\Binn\;C:\Program Files\Microsoft SQL Server\150\Tools\Binn\;C:\Program Files\Microsoft SQL Server\150\DTS\Binn\;C:\Program Files\Azure Data Studio\bin;C:\Program Files\Microsoft SQL Server\120\Tools\Binn\;C:\Program Files\Microsoft SQL Server\130\Tools\Binn\;C:\Program Files (x86)\QuickTime\QTSystem\;C:\Program Files\Git\cmd;C:\Program Files\dotnet\;C:\Program Files\nodejs\;C:\ProgramData\chocolatey\bin;C:\Users\Dorian\AppData\Local\Microsoft\WindowsApps;C:\Program Files\Azure Data Studio\bin;C:\Program Files\MySQL\MySQL Server 5.7\bin;C:\Program Files\apache-maven-3.9.9\bin;C:\Program Files\Java\jdk-1.8\bin;;D:\IntelliJ IDEA Community Edition 2025.1.1.1\bin;;C:\Users\Dorian\.dotnet\tools;C:\Users\Dorian\AppData\Local\Programs\Microsoft VS Code\bin;C:\Users\Dorian\AppData\Roaming\npm
USERNAME=Dorian
OS=Windows_NT
PROCESSOR_IDENTIFIER=Intel64 Family 6 Model 142 Stepping 10, GenuineIntel
TMP=C:\Users\Dorian\AppData\Local\Temp
TEMP=C:\Users\Dorian\AppData\Local\Temp




Periodic native trim disabled

---------------  S Y S T E M  ---------------

OS:
 Windows 11 , 64 bit Build 26100 (10.0.26100.7019)
OS uptime: 3 days 9:28 hours

CPU: total 8 (initial active 8) (4 cores per cpu, 2 threads per core) family 6 model 142 stepping 10 microcode 0xf6, cx8, cmov, fxsr, ht, mmx, 3dnowpref, sse, sse2, sse3, ssse3, sse4.1, sse4.2, popcnt, lzcnt, tsc, tscinvbit, avx, avx2, aes, erms, clmul, bmi1, bmi2, adx, fma, vzeroupper, clflush, clflushopt, rdtscp, f16c
Processor Information for the first 8 processors :
  Max Mhz: 1992, Current Mhz: 1792, Mhz Limit: 1792

Memory: 4k page, system-wide physical 7555M (871M free)
TotalPageFile size 11651M (AvailPageFile size 8M)
current process WorkingSet (physical memory assigned to process): 169M, peak: 173M
current process commit charge ("private bytes"): 298M, peak: 303M

vm_info: OpenJDK 64-Bit Server VM (21.0.8+9-LTS) for windows-amd64 JRE (21.0.8+9-LTS), built on 2025-07-15T00:00:00Z by "admin" with MS VC++ 17.7 (VS2022)

END.
