#
# There is insufficient memory for the Java Runtime Environment to continue.
# Native memory allocation (malloc) failed to allocate 1685392 bytes. Error detail: Chunk::new
# Possible reasons:
#   The system is out of physical RAM or swap space
#   This process is running with CompressedOops enabled, and the Java Heap may be blocking the growth of the native heap
# Possible solutions:
#   Reduce memory load on the system
#   Increase physical memory or swap space
#   Check if swap backing store is full
#   Decrease Java heap size (-Xmx/-Xms)
#   Decrease number of Java threads
#   Decrease Java thread stack sizes (-Xss)
#   Set larger code cache with -XX:ReservedCodeCacheSize=
#   JVM is running with Unscaled Compressed Oops mode in which the Java heap is
#     placed in the first 4GB address space. The Java Heap base address is the
#     maximum limit for the native heap growth. Please use -XX:HeapBaseMinAddress
#     to set the Java Heap base and to place the Java Heap above 4GB virtual address.
# This output file may be truncated or incomplete.
#
#  Out of Memory Error (arena.cpp:168), pid=8036, tid=16160
#
# JRE version: OpenJDK Runtime Environment Temurin-21.0.8+9 (21.0.8+9) (build 21.0.8+9-LTS)
# Java VM: OpenJDK 64-Bit Server VM Temurin-21.0.8+9 (21.0.8+9-LTS, mixed mode, sharing, tiered, compressed oops, compressed class ptrs, parallel gc, windows-amd64)
# No core dump will be written. Minidumps are not enabled by default on client versions of Windows
#

---------------  S U M M A R Y ------------

Command Line: --add-modules=ALL-SYSTEM --add-opens=java.base/java.util=ALL-UNNAMED --add-opens=java.base/java.lang=ALL-UNNAMED --add-opens=java.base/sun.nio.fs=ALL-UNNAMED -Declipse.application=org.eclipse.jdt.ls.core.id1 -Dosgi.bundles.defaultStartLevel=4 -Declipse.product=org.eclipse.jdt.ls.core.product -Djava.import.generatesMetadataFilesAtProjectRoot=false -DDetectVMInstallationsJob.disabled=true -Dfile.encoding=utf8 -XX:+UseParallelGC -XX:GCTimeRatio=4 -XX:AdaptiveSizePolicyWeight=90 -Dsun.zip.disableMemoryMapping=true -Xmx2G -Xms100m -Xlog:disable -javaagent:c:\Users\Dorian\.vscode\extensions\redhat.java-1.47.0-win32-x64\lombok\lombok-1.18.39-4050.jar -XX:+HeapDumpOnOutOfMemoryError -XX:HeapDumpPath=c:\Users\Dorian\AppData\Roaming\Code\User\workspaceStorage\2e54c20b31e2f00811d0ee3cb5a815c0\redhat.java -Daether.dependencyCollector.impl=bf c:\Users\Dorian\.vscode\extensions\redhat.java-1.47.0-win32-x64\server\plugins\org.eclipse.equinox.launcher_1.7.100.v20251014-1222.jar -configuration c:\Users\Dorian\AppData\Roaming\Code\User\globalStorage\redhat.java\1.47.0\config_win -data c:\Users\Dorian\AppData\Roaming\Code\User\workspaceStorage\2e54c20b31e2f00811d0ee3cb5a815c0\redhat.java\jdt_ws --pipe=\\.\pipe\lsp-bbcca5fb36ccf876ce056e2facc09813-sock

Host: Intel(R) Core(TM) i7-8550U CPU @ 1.80GHz, 8 cores, 7G,  Windows 11 , 64 bit Build 26100 (10.0.26100.7019)
Time: Wed Nov  5 16:35:07 2025 E. Africa Standard Time elapsed time: 30.869213 seconds (0d 0h 0m 30s)

---------------  T H R E A D  ---------------

Current thread (0x000001e99ff0a800):  JavaThread "C2 CompilerThread1" daemon [_thread_in_native, id=16160, stack(0x0000002395b00000,0x0000002395c00000) (1024K)]


Current CompileTask:
C2:30869 3989       4       org.lombokweb.asm.ClassReader::readMethod (1070 bytes)

Stack: [0x0000002395b00000,0x0000002395c00000]
Native frames: (J=compiled Java code, j=interpreted, Vv=VM code, C=native code)
V  [jvm.dll+0x6d2449]
V  [jvm.dll+0x8ae341]
V  [jvm.dll+0x8b08be]
V  [jvm.dll+0x8b0fa3]
V  [jvm.dll+0x280c96]
V  [jvm.dll+0xc581d]
V  [jvm.dll+0xc5d53]
V  [jvm.dll+0x3b919c]
V  [jvm.dll+0x1e1213]
V  [jvm.dll+0x249022]
V  [jvm.dll+0x2484af]
V  [jvm.dll+0x1c89ee]
V  [jvm.dll+0x257d4d]
V  [jvm.dll+0x2562ea]
V  [jvm.dll+0x3f2d16]
V  [jvm.dll+0x857e6b]
V  [jvm.dll+0x6d0b0d]
C  [ucrtbase.dll+0x37b0]
C  [KERNEL32.DLL+0x2e8d7]
C  [ntdll.dll+0x8c53c]


---------------  P R O C E S S  ---------------

Threads class SMR info:
_java_thread_list=0x000001e9a186fd40, length=25, elements={
0x000001e94179d0a0, 0x000001e94170ecb0, 0x000001e941711610, 0x000001e941714de0,
0x000001e941715a30, 0x000001e941718990, 0x000001e9417193e0, 0x000001e94171a210,
0x000001e9417338e0, 0x000001e99ab4acf0, 0x000001e99adc7f80, 0x000001e99f79d330,
0x000001e94174c8f0, 0x000001e99f173e60, 0x000001e99f468fb0, 0x000001e99fd3ac10,
0x000001e99f200800, 0x000001e99faafb10, 0x000001e99faae0d0, 0x000001e99faae760,
0x000001e99fab0830, 0x000001e99ff0a800, 0x000001e99f907b00, 0x000001e99fab0ec0,
0x000001e99faaedf0
}

Java Threads: ( => current thread )
  0x000001e94179d0a0 JavaThread "main"                              [_thread_blocked, id=10164, stack(0x0000002393b00000,0x0000002393c00000) (1024K)]
  0x000001e94170ecb0 JavaThread "Reference Handler"          daemon [_thread_blocked, id=14452, stack(0x0000002393f00000,0x0000002394000000) (1024K)]
  0x000001e941711610 JavaThread "Finalizer"                  daemon [_thread_blocked, id=19492, stack(0x0000002394000000,0x0000002394100000) (1024K)]
  0x000001e941714de0 JavaThread "Signal Dispatcher"          daemon [_thread_blocked, id=20080, stack(0x0000002394100000,0x0000002394200000) (1024K)]
  0x000001e941715a30 JavaThread "Attach Listener"            daemon [_thread_blocked, id=13132, stack(0x0000002394200000,0x0000002394300000) (1024K)]
  0x000001e941718990 JavaThread "Service Thread"             daemon [_thread_blocked, id=12868, stack(0x0000002394300000,0x0000002394400000) (1024K)]
  0x000001e9417193e0 JavaThread "Monitor Deflation Thread"   daemon [_thread_blocked, id=21004, stack(0x0000002394400000,0x0000002394500000) (1024K)]
  0x000001e94171a210 JavaThread "C2 CompilerThread0"         daemon [_thread_in_native, id=16980, stack(0x0000002394500000,0x0000002394600000) (1024K)]
  0x000001e9417338e0 JavaThread "C1 CompilerThread0"         daemon [_thread_in_native, id=1144, stack(0x0000002394600000,0x0000002394700000) (1024K)]
  0x000001e99ab4acf0 JavaThread "Common-Cleaner"             daemon [_thread_blocked, id=1020, stack(0x0000002394700000,0x0000002394800000) (1024K)]
  0x000001e99adc7f80 JavaThread "Notification Thread"        daemon [_thread_blocked, id=19672, stack(0x0000002394a00000,0x0000002394b00000) (1024K)]
  0x000001e99f79d330 JavaThread "Active Thread: Equinox Container: 0f627717-95c0-48fd-b91a-743ff0cdf438"        [_thread_blocked, id=6092, stack(0x0000002395200000,0x0000002395300000) (1024K)]
  0x000001e94174c8f0 JavaThread "Refresh Thread: Equinox Container: 0f627717-95c0-48fd-b91a-743ff0cdf438" daemon [_thread_blocked, id=9140, stack(0x0000002394900000,0x0000002394a00000) (1024K)]
  0x000001e99f173e60 JavaThread "Framework Event Dispatcher: Equinox Container: 0f627717-95c0-48fd-b91a-743ff0cdf438" daemon [_thread_blocked, id=15084, stack(0x0000002395300000,0x0000002395400000) (1024K)]
  0x000001e99f468fb0 JavaThread "Start Level: Equinox Container: 0f627717-95c0-48fd-b91a-743ff0cdf438" daemon [_thread_in_vm, id=17056, stack(0x0000002395400000,0x0000002395500000) (1024K)]
  0x000001e99fd3ac10 JavaThread "Bundle File Closer"         daemon [_thread_blocked, id=4068, stack(0x0000002395600000,0x0000002395700000) (1024K)]
  0x000001e99f200800 JavaThread "SCR Component Actor"        daemon [_thread_blocked, id=8888, stack(0x0000002395500000,0x0000002395600000) (1024K)]
  0x000001e99faafb10 JavaThread "Worker-JM"                         [_thread_blocked, id=9084, stack(0x0000002395800000,0x0000002395900000) (1024K)]
  0x000001e99faae0d0 JavaThread "JNA Cleaner"                daemon [_thread_blocked, id=7776, stack(0x0000002395700000,0x0000002395800000) (1024K)]
  0x000001e99faae760 JavaThread "Worker-0: Repository registry initialization"        [_thread_in_vm, id=10192, stack(0x0000002395900000,0x0000002395a00000) (1024K)]
  0x000001e99fab0830 JavaThread "Worker-1"                          [_thread_blocked, id=11528, stack(0x0000002395a00000,0x0000002395b00000) (1024K)]
=>0x000001e99ff0a800 JavaThread "C2 CompilerThread1"         daemon [_thread_in_native, id=16160, stack(0x0000002395b00000,0x0000002395c00000) (1024K)]
  0x000001e99f907b00 JavaThread "C2 CompilerThread2"         daemon [_thread_in_native, id=17588, stack(0x0000002395c00000,0x0000002395d00000) (1024K)]
  0x000001e99fab0ec0 JavaThread "Java indexing"              daemon [_thread_blocked, id=12640, stack(0x0000002395d00000,0x0000002395e00000) (1024K)]
  0x000001e99faaedf0 JavaThread "Worker-2"                          [_thread_blocked, id=14928, stack(0x0000002395e00000,0x0000002395f00000) (1024K)]
Total: 25

Other Threads:
  0x000001e94185e820 VMThread "VM Thread"                           [id=18948, stack(0x0000002393e00000,0x0000002393f00000) (1024K)]
  0x000001e94162ca00 WatcherThread "VM Periodic Task Thread"        [id=13256, stack(0x0000002393d00000,0x0000002393e00000) (1024K)]
  0x000001e9417ba7c0 WorkerThread "GC Thread#0"                     [id=8164, stack(0x0000002393c00000,0x0000002393d00000) (1024K)]
  0x000001e99f0be230 WorkerThread "GC Thread#1"                     [id=1284, stack(0x0000002394b00000,0x0000002394c00000) (1024K)]
  0x000001e99ade29a0 WorkerThread "GC Thread#2"                     [id=10788, stack(0x0000002394c00000,0x0000002394d00000) (1024K)]
  0x000001e99ade2d40 WorkerThread "GC Thread#3"                     [id=9888, stack(0x0000002394d00000,0x0000002394e00000) (1024K)]
  0x000001e99ade30e0 WorkerThread "GC Thread#4"                     [id=12016, stack(0x0000002394e00000,0x0000002394f00000) (1024K)]
  0x000001e99ade3480 WorkerThread "GC Thread#5"                     [id=1904, stack(0x0000002394f00000,0x0000002395000000) (1024K)]
  0x000001e99ade3820 WorkerThread "GC Thread#6"                     [id=15880, stack(0x0000002395000000,0x0000002395100000) (1024K)]
  0x000001e99adf2f90 WorkerThread "GC Thread#7"                     [id=1880, stack(0x0000002395100000,0x0000002395200000) (1024K)]
Total: 10

Threads with active compile tasks:
C2 CompilerThread0  30897 4295       4       java.util.TreeMap::putIfAbsent (8 bytes)
C1 CompilerThread0  30897 4302       3       java.util.ServiceLoader$ModuleServicesLookupIterator::iteratorFor (191 bytes)
C2 CompilerThread1  30897 3989       4       org.lombokweb.asm.ClassReader::readMethod (1070 bytes)
C2 CompilerThread2  30897 4294       4       java.util.TreeMap::fixAfterInsertion (267 bytes)
Total: 4

VM state: not at safepoint (normal execution)

VM Mutex/Monitor currently owned by a thread:  ([mutex/lock_event])
[0x00007ffee03c54d8] Compile_lock - owner thread: 0x0000000000000000

Heap address: 0x0000000080000000, size: 2048 MB, Compressed Oops mode: 32-bit

CDS archive(s) mapped at: [0x000001e959000000-0x000001e959ba0000-0x000001e959ba0000), size 12189696, SharedBaseAddress: 0x000001e959000000, ArchiveRelocationMode: 1.
Compressed class space mapped at: 0x000001e95a000000-0x000001e99a000000, reserved size: 1073741824
Narrow klass base: 0x000001e959000000, Narrow klass shift: 0, Narrow klass range: 0x100000000

GC Precious Log:
 CardTable entry size: 512
 CPUs: 8 total, 8 available
 Memory: 7555M
 Large Page Support: Disabled
 NUMA Support: Disabled
 Compressed Oops: Enabled (32-bit)
 Alignments: Space 512K, Generation 512K, Heap 2M
 Heap Min Capacity: 100M
 Heap Initial Capacity: 100M
 Heap Max Capacity: 2G
 Pre-touch: Disabled
 Parallel Workers: 8

Heap:
 PSYoungGen      total 24576K, used 12623K [0x00000000d5580000, 0x00000000d7400000, 0x0000000100000000)
  eden space 23040K, 48% used [0x00000000d5580000,0x00000000d6054ee0,0x00000000d6c00000)
  from space 1536K, 99% used [0x00000000d7200000,0x00000000d737eda0,0x00000000d7380000)
  to   space 4096K, 0% used [0x00000000d6c00000,0x00000000d6c00000,0x00000000d7000000)
 ParOldGen       total 68608K, used 14565K [0x0000000080000000, 0x0000000084300000, 0x00000000d5580000)
  object space 68608K, 21% used [0x0000000080000000,0x0000000080e394b8,0x0000000084300000)
 Metaspace       used 29657K, committed 30656K, reserved 1114112K
  class space    used 2946K, committed 3328K, reserved 1048576K

Card table byte_map: [0x000001e941140000,0x000001e941550000] _byte_map_base: 0x000001e940d40000

Marking Bits: (ParMarkBitMap*) 0x00007ffee03ca340
 Begin Bits: [0x000001e953c40000, 0x000001e955c40000)
 End Bits:   [0x000001e955c40000, 0x000001e957c40000)

Polling page: 0x000001e93f570000

Metaspace:

Usage:
  Non-class:     26.09 MB used.
      Class:      2.88 MB used.
       Both:     28.96 MB used.

Virtual space:
  Non-class space:       64.00 MB reserved,      26.69 MB ( 42%) committed,  1 nodes.
      Class space:        1.00 GB reserved,       3.25 MB ( <1%) committed,  1 nodes.
             Both:        1.06 GB reserved,      29.94 MB (  3%) committed. 

Chunk freelists:
   Non-Class:  4.39 MB
       Class:  12.75 MB
        Both:  17.14 MB

MaxMetaspaceSize: unlimited
CompressedClassSpaceSize: 1.00 GB
Initial GC threshold: 21.00 MB
Current GC threshold: 35.00 MB
CDS: on
 - commit_granule_bytes: 65536.
 - commit_granule_words: 8192.
 - virtual_space_node_default_size: 8388608.
 - enlarge_chunks_in_place: 1.
 - use_allocation_guard: 0.


Internal statistics:

num_allocs_failed_limit: 3.
num_arena_births: 832.
num_arena_deaths: 14.
num_vsnodes_births: 2.
num_vsnodes_deaths: 0.
num_space_committed: 479.
num_space_uncommitted: 0.
num_chunks_returned_to_freelist: 17.
num_chunks_taken_from_freelist: 2060.
num_chunk_merges: 9.
num_chunk_splits: 1302.
num_chunks_enlarged: 768.
num_inconsistent_stats: 0.

CodeHeap 'non-profiled nmethods': size=120000Kb used=2073Kb max_used=2073Kb free=117926Kb
 bounds [0x000001e94c460000, 0x000001e94c6d0000, 0x000001e953990000]
CodeHeap 'profiled nmethods': size=120000Kb used=8763Kb max_used=8763Kb free=111237Kb
 bounds [0x000001e944990000, 0x000001e945220000, 0x000001e94bec0000]
CodeHeap 'non-nmethods': size=5760Kb used=1340Kb max_used=1373Kb free=4419Kb
 bounds [0x000001e94bec0000, 0x000001e94c130000, 0x000001e94c460000]
CodeCache: size=245760Kb, used=12176Kb, max_used=12209Kb, free=233582Kb
 total_blobs=4927, nmethods=4294, adapters=539, full_count=0
Compilation: enabled, stopped_count=0, restarted_count=0

Compilation events (20 events):
Event: 29.856 Thread 0x000001e9417338e0 4266   !   3       sun.nio.cs.ext.AbstractCharsetProvider::charset (84 bytes)
Event: 29.856 Thread 0x000001e9417338e0 nmethod 4266 0x000001e945207b90 code [0x000001e945207da0, 0x000001e9452083c0]
Event: 29.857 Thread 0x000001e9417338e0 4267       3       java.util.List::of (4 bytes)
Event: 29.857 Thread 0x000001e9417338e0 nmethod 4267 0x000001e945208710 code [0x000001e9452088a0, 0x000001e945208998]
Event: 29.858 Thread 0x000001e9417338e0 4268       3       java.util.TreeMap::clear (21 bytes)
Event: 29.858 Thread 0x000001e9417338e0 nmethod 4268 0x000001e945208a10 code [0x000001e945208ba0, 0x000001e945208cd8]
Event: 29.859 Thread 0x000001e9417338e0 4270       3       jdk.internal.jimage.ImageBufferCache$2::compare (13 bytes)
Event: 29.861 Thread 0x000001e9417338e0 nmethod 4270 0x000001e945208d90 code [0x000001e945208fc0, 0x000001e9452099a8]
Event: 29.861 Thread 0x000001e9417338e0 4273       3       java.util.TreeMap::getEntry (77 bytes)
Event: 29.861 Thread 0x000001e9417338e0 nmethod 4273 0x000001e945209c10 code [0x000001e945209e20, 0x000001e94520a480]
Event: 29.861 Thread 0x000001e9417338e0 4271       3       jdk.internal.jimage.ImageBufferCache$2::compare (12 bytes)
Event: 29.862 Thread 0x000001e9417338e0 nmethod 4271 0x000001e94520a690 code [0x000001e94520a8a0, 0x000001e94520b000]
Event: 29.862 Thread 0x000001e9417338e0 4272       3       java.lang.reflect.Constructor::setConstructorAccessor (20 bytes)
Event: 29.862 Thread 0x000001e9417338e0 nmethod 4272 0x000001e94520b210 code [0x000001e94520b3c0, 0x000001e94520b600]
Event: 29.864 Thread 0x000001e94171a210 nmethod 4261 0x000001e94c662490 code [0x000001e94c662620, 0x000001e94c662a30]
Event: 29.864 Thread 0x000001e94171a210 4269       4       java.util.TreeMap::put (221 bytes)
Event: 29.864 Thread 0x000001e99f907b00 nmethod 4262 0x000001e94c662c10 code [0x000001e94c662dc0, 0x000001e94c6632f8]
Event: 29.864 Thread 0x000001e99f907b00 4263       4       java.lang.String$CaseInsensitiveComparator::compare (68 bytes)
Event: 29.866 Thread 0x000001e9417338e0 4274       3       java.nio.charset.Charset::checkName (157 bytes)
Event: 29.867 Thread 0x000001e9417338e0 nmethod 4274 0x000001e94520b710 code [0x000001e94520b9a0, 0x000001e94520c638]

GC Heap History (20 events):
Event: 7.937 GC heap before
{Heap before GC invocations=2 (full 0):
 PSYoungGen      total 29696K, used 28903K [0x00000000d5580000, 0x00000000d7680000, 0x0000000100000000)
  eden space 25600K, 100% used [0x00000000d5580000,0x00000000d6e80000,0x00000000d6e80000)
  from space 4096K, 80% used [0x00000000d6e80000,0x00000000d71b9e98,0x00000000d7280000)
  to   space 4096K, 0% used [0x00000000d7280000,0x00000000d7280000,0x00000000d7680000)
 ParOldGen       total 68608K, used 16K [0x0000000080000000, 0x0000000084300000, 0x00000000d5580000)
  object space 68608K, 0% used [0x0000000080000000,0x0000000080004000,0x0000000084300000)
 Metaspace       used 8004K, committed 8320K, reserved 1114112K
  class space    used 838K, committed 960K, reserved 1048576K
}
Event: 7.943 GC heap after
{Heap after GC invocations=2 (full 0):
 PSYoungGen      total 29696K, used 4070K [0x00000000d5580000, 0x00000000d7680000, 0x0000000100000000)
  eden space 25600K, 0% used [0x00000000d5580000,0x00000000d5580000,0x00000000d6e80000)
  from space 4096K, 99% used [0x00000000d7280000,0x00000000d7679800,0x00000000d7680000)
  to   space 4096K, 0% used [0x00000000d6e80000,0x00000000d6e80000,0x00000000d7280000)
 ParOldGen       total 68608K, used 1725K [0x0000000080000000, 0x0000000084300000, 0x00000000d5580000)
  object space 68608K, 2% used [0x0000000080000000,0x00000000801af720,0x0000000084300000)
 Metaspace       used 8004K, committed 8320K, reserved 1114112K
  class space    used 838K, committed 960K, reserved 1048576K
}
Event: 11.488 GC heap before
{Heap before GC invocations=3 (full 0):
 PSYoungGen      total 29696K, used 29584K [0x00000000d5580000, 0x00000000d7680000, 0x0000000100000000)
  eden space 25600K, 99% used [0x00000000d5580000,0x00000000d6e6a8d0,0x00000000d6e80000)
  from space 4096K, 99% used [0x00000000d7280000,0x00000000d7679800,0x00000000d7680000)
  to   space 4096K, 0% used [0x00000000d6e80000,0x00000000d6e80000,0x00000000d7280000)
 ParOldGen       total 68608K, used 1725K [0x0000000080000000, 0x0000000084300000, 0x00000000d5580000)
  object space 68608K, 2% used [0x0000000080000000,0x00000000801af720,0x0000000084300000)
 Metaspace       used 9414K, committed 9728K, reserved 1114112K
  class space    used 1006K, committed 1152K, reserved 1048576K
}
Event: 11.496 GC heap after
{Heap after GC invocations=3 (full 0):
 PSYoungGen      total 29696K, used 4093K [0x00000000d5580000, 0x00000000d7680000, 0x0000000100000000)
  eden space 25600K, 0% used [0x00000000d5580000,0x00000000d5580000,0x00000000d6e80000)
  from space 4096K, 99% used [0x00000000d6e80000,0x00000000d727f648,0x00000000d7280000)
  to   space 4096K, 0% used [0x00000000d7280000,0x00000000d7280000,0x00000000d7680000)
 ParOldGen       total 68608K, used 4786K [0x0000000080000000, 0x0000000084300000, 0x00000000d5580000)
  object space 68608K, 6% used [0x0000000080000000,0x00000000804ac880,0x0000000084300000)
 Metaspace       used 9414K, committed 9728K, reserved 1114112K
  class space    used 1006K, committed 1152K, reserved 1048576K
}
Event: 26.199 GC heap before
{Heap before GC invocations=4 (full 0):
 PSYoungGen      total 29696K, used 29693K [0x00000000d5580000, 0x00000000d7680000, 0x0000000100000000)
  eden space 25600K, 100% used [0x00000000d5580000,0x00000000d6e80000,0x00000000d6e80000)
  from space 4096K, 99% used [0x00000000d6e80000,0x00000000d727f648,0x00000000d7280000)
  to   space 4096K, 0% used [0x00000000d7280000,0x00000000d7280000,0x00000000d7680000)
 ParOldGen       total 68608K, used 4786K [0x0000000080000000, 0x0000000084300000, 0x00000000d5580000)
  object space 68608K, 6% used [0x0000000080000000,0x00000000804ac880,0x0000000084300000)
 Metaspace       used 12123K, committed 12544K, reserved 1114112K
  class space    used 1293K, committed 1472K, reserved 1048576K
}
Event: 26.207 GC heap after
{Heap after GC invocations=4 (full 0):
 PSYoungGen      total 29696K, used 4081K [0x00000000d5580000, 0x00000000d7680000, 0x0000000100000000)
  eden space 25600K, 0% used [0x00000000d5580000,0x00000000d5580000,0x00000000d6e80000)
  from space 4096K, 99% used [0x00000000d7280000,0x00000000d767c408,0x00000000d7680000)
  to   space 4096K, 0% used [0x00000000d6e80000,0x00000000d6e80000,0x00000000d7280000)
 ParOldGen       total 68608K, used 6162K [0x0000000080000000, 0x0000000084300000, 0x00000000d5580000)
  object space 68608K, 8% used [0x0000000080000000,0x0000000080604b78,0x0000000084300000)
 Metaspace       used 12123K, committed 12544K, reserved 1114112K
  class space    used 1293K, committed 1472K, reserved 1048576K
}
Event: 27.055 GC heap before
{Heap before GC invocations=5 (full 0):
 PSYoungGen      total 29696K, used 29681K [0x00000000d5580000, 0x00000000d7680000, 0x0000000100000000)
  eden space 25600K, 100% used [0x00000000d5580000,0x00000000d6e80000,0x00000000d6e80000)
  from space 4096K, 99% used [0x00000000d7280000,0x00000000d767c408,0x00000000d7680000)
  to   space 4096K, 0% used [0x00000000d6e80000,0x00000000d6e80000,0x00000000d7280000)
 ParOldGen       total 68608K, used 6162K [0x0000000080000000, 0x0000000084300000, 0x00000000d5580000)
  object space 68608K, 8% used [0x0000000080000000,0x0000000080604b78,0x0000000084300000)
 Metaspace       used 16038K, committed 16640K, reserved 1114112K
  class space    used 1669K, committed 1920K, reserved 1048576K
}
Event: 27.061 GC heap after
{Heap after GC invocations=5 (full 0):
 PSYoungGen      total 29184K, used 4090K [0x00000000d5580000, 0x00000000d7a00000, 0x0000000100000000)
  eden space 25088K, 0% used [0x00000000d5580000,0x00000000d5580000,0x00000000d6e00000)
  from space 4096K, 99% used [0x00000000d6e80000,0x00000000d727ea38,0x00000000d7280000)
  to   space 6144K, 0% used [0x00000000d7400000,0x00000000d7400000,0x00000000d7a00000)
 ParOldGen       total 68608K, used 7795K [0x0000000080000000, 0x0000000084300000, 0x00000000d5580000)
  object space 68608K, 11% used [0x0000000080000000,0x000000008079cf60,0x0000000084300000)
 Metaspace       used 16038K, committed 16640K, reserved 1114112K
  class space    used 1669K, committed 1920K, reserved 1048576K
}
Event: 28.722 GC heap before
{Heap before GC invocations=6 (full 0):
 PSYoungGen      total 29184K, used 29178K [0x00000000d5580000, 0x00000000d7a00000, 0x0000000100000000)
  eden space 25088K, 100% used [0x00000000d5580000,0x00000000d6e00000,0x00000000d6e00000)
  from space 4096K, 99% used [0x00000000d6e80000,0x00000000d727ea38,0x00000000d7280000)
  to   space 6144K, 0% used [0x00000000d7400000,0x00000000d7400000,0x00000000d7a00000)
 ParOldGen       total 68608K, used 7795K [0x0000000080000000, 0x0000000084300000, 0x00000000d5580000)
  object space 68608K, 11% used [0x0000000080000000,0x000000008079cf60,0x0000000084300000)
 Metaspace       used 18886K, committed 19648K, reserved 1114112K
  class space    used 2000K, committed 2304K, reserved 1048576K
}
Event: 28.728 GC heap after
{Heap after GC invocations=6 (full 0):
 PSYoungGen      total 29184K, used 4423K [0x00000000d5580000, 0x00000000d7880000, 0x0000000100000000)
  eden space 24576K, 0% used [0x00000000d5580000,0x00000000d5580000,0x00000000d6d80000)
  from space 4608K, 95% used [0x00000000d7400000,0x00000000d7851d38,0x00000000d7880000)
  to   space 5120K, 0% used [0x00000000d6e80000,0x00000000d6e80000,0x00000000d7380000)
 ParOldGen       total 68608K, used 7803K [0x0000000080000000, 0x0000000084300000, 0x00000000d5580000)
  object space 68608K, 11% used [0x0000000080000000,0x000000008079ef60,0x0000000084300000)
 Metaspace       used 18886K, committed 19648K, reserved 1114112K
  class space    used 2000K, committed 2304K, reserved 1048576K
}
Event: 29.003 GC heap before
{Heap before GC invocations=7 (full 0):
 PSYoungGen      total 29184K, used 21455K [0x00000000d5580000, 0x00000000d7880000, 0x0000000100000000)
  eden space 24576K, 69% used [0x00000000d5580000,0x00000000d66222c0,0x00000000d6d80000)
  from space 4608K, 95% used [0x00000000d7400000,0x00000000d7851d38,0x00000000d7880000)
  to   space 5120K, 0% used [0x00000000d6e80000,0x00000000d6e80000,0x00000000d7380000)
 ParOldGen       total 68608K, used 7803K [0x0000000080000000, 0x0000000084300000, 0x00000000d5580000)
  object space 68608K, 11% used [0x0000000080000000,0x000000008079ef60,0x0000000084300000)
 Metaspace       used 20559K, committed 21504K, reserved 1114112K
  class space    used 2212K, committed 2560K, reserved 1048576K
}
Event: 29.007 GC heap after
{Heap after GC invocations=7 (full 0):
 PSYoungGen      total 29184K, used 4119K [0x00000000d5580000, 0x00000000d7680000, 0x0000000100000000)
  eden space 24576K, 0% used [0x00000000d5580000,0x00000000d5580000,0x00000000d6d80000)
  from space 4608K, 89% used [0x00000000d6e80000,0x00000000d7285e18,0x00000000d7300000)
  to   space 3584K, 0% used [0x00000000d7300000,0x00000000d7300000,0x00000000d7680000)
 ParOldGen       total 68608K, used 9266K [0x0000000080000000, 0x0000000084300000, 0x00000000d5580000)
  object space 68608K, 13% used [0x0000000080000000,0x000000008090c810,0x0000000084300000)
 Metaspace       used 20559K, committed 21504K, reserved 1114112K
  class space    used 2212K, committed 2560K, reserved 1048576K
}
Event: 29.007 GC heap before
{Heap before GC invocations=8 (full 1):
 PSYoungGen      total 29184K, used 4119K [0x00000000d5580000, 0x00000000d7680000, 0x0000000100000000)
  eden space 24576K, 0% used [0x00000000d5580000,0x00000000d5580000,0x00000000d6d80000)
  from space 4608K, 89% used [0x00000000d6e80000,0x00000000d7285e18,0x00000000d7300000)
  to   space 3584K, 0% used [0x00000000d7300000,0x00000000d7300000,0x00000000d7680000)
 ParOldGen       total 68608K, used 9266K [0x0000000080000000, 0x0000000084300000, 0x00000000d5580000)
  object space 68608K, 13% used [0x0000000080000000,0x000000008090c810,0x0000000084300000)
 Metaspace       used 20559K, committed 21504K, reserved 1114112K
  class space    used 2212K, committed 2560K, reserved 1048576K
}
Event: 29.036 GC heap after
{Heap after GC invocations=8 (full 1):
 PSYoungGen      total 29184K, used 0K [0x00000000d5580000, 0x00000000d7680000, 0x0000000100000000)
  eden space 24576K, 0% used [0x00000000d5580000,0x00000000d5580000,0x00000000d6d80000)
  from space 4608K, 0% used [0x00000000d6e80000,0x00000000d6e80000,0x00000000d7300000)
  to   space 3584K, 0% used [0x00000000d7300000,0x00000000d7300000,0x00000000d7680000)
 ParOldGen       total 68608K, used 12788K [0x0000000080000000, 0x0000000084300000, 0x00000000d5580000)
  object space 68608K, 18% used [0x0000000080000000,0x0000000080c7d058,0x0000000084300000)
 Metaspace       used 20546K, committed 21504K, reserved 1114112K
  class space    used 2208K, committed 2560K, reserved 1048576K
}
Event: 29.213 GC heap before
{Heap before GC invocations=9 (full 1):
 PSYoungGen      total 29184K, used 24397K [0x00000000d5580000, 0x00000000d7680000, 0x0000000100000000)
  eden space 24576K, 99% used [0x00000000d5580000,0x00000000d6d53728,0x00000000d6d80000)
  from space 4608K, 0% used [0x00000000d6e80000,0x00000000d6e80000,0x00000000d7300000)
  to   space 3584K, 0% used [0x00000000d7300000,0x00000000d7300000,0x00000000d7680000)
 ParOldGen       total 68608K, used 12788K [0x0000000080000000, 0x0000000084300000, 0x00000000d5580000)
  object space 68608K, 18% used [0x0000000080000000,0x0000000080c7d058,0x0000000084300000)
 Metaspace       used 22663K, committed 23616K, reserved 1114112K
  class space    used 2387K, committed 2752K, reserved 1048576K
}
Event: 29.214 GC heap after
{Heap after GC invocations=9 (full 1):
 PSYoungGen      total 25600K, used 1233K [0x00000000d5580000, 0x00000000d7480000, 0x0000000100000000)
  eden space 24064K, 0% used [0x00000000d5580000,0x00000000d5580000,0x00000000d6d00000)
  from space 1536K, 80% used [0x00000000d7300000,0x00000000d7434750,0x00000000d7480000)
  to   space 2560K, 0% used [0x00000000d6f80000,0x00000000d6f80000,0x00000000d7200000)
 ParOldGen       total 68608K, used 12796K [0x0000000080000000, 0x0000000084300000, 0x00000000d5580000)
  object space 68608K, 18% used [0x0000000080000000,0x0000000080c7f058,0x0000000084300000)
 Metaspace       used 22663K, committed 23616K, reserved 1114112K
  class space    used 2387K, committed 2752K, reserved 1048576K
}
Event: 29.377 GC heap before
{Heap before GC invocations=10 (full 1):
 PSYoungGen      total 25600K, used 25297K [0x00000000d5580000, 0x00000000d7480000, 0x0000000100000000)
  eden space 24064K, 100% used [0x00000000d5580000,0x00000000d6d00000,0x00000000d6d00000)
  from space 1536K, 80% used [0x00000000d7300000,0x00000000d7434750,0x00000000d7480000)
  to   space 2560K, 0% used [0x00000000d6f80000,0x00000000d6f80000,0x00000000d7200000)
 ParOldGen       total 68608K, used 12796K [0x0000000080000000, 0x0000000084300000, 0x00000000d5580000)
  object space 68608K, 18% used [0x0000000080000000,0x0000000080c7f058,0x0000000084300000)
 Metaspace       used 26397K, committed 27328K, reserved 1114112K
  class space    used 2655K, committed 3008K, reserved 1048576K
}
Event: 29.378 GC heap after
{Heap after GC invocations=10 (full 1):
 PSYoungGen      total 26112K, used 1189K [0x00000000d5580000, 0x00000000d7380000, 0x0000000100000000)
  eden space 23552K, 0% used [0x00000000d5580000,0x00000000d5580000,0x00000000d6c80000)
  from space 2560K, 46% used [0x00000000d6f80000,0x00000000d70a94d8,0x00000000d7200000)
  to   space 1536K, 0% used [0x00000000d7200000,0x00000000d7200000,0x00000000d7380000)
 ParOldGen       total 68608K, used 12796K [0x0000000080000000, 0x0000000084300000, 0x00000000d5580000)
  object space 68608K, 18% used [0x0000000080000000,0x0000000080c7f058,0x0000000084300000)
 Metaspace       used 26397K, committed 27328K, reserved 1114112K
  class space    used 2655K, committed 3008K, reserved 1048576K
}
Event: 29.624 GC heap before
{Heap before GC invocations=11 (full 1):
 PSYoungGen      total 26112K, used 24741K [0x00000000d5580000, 0x00000000d7380000, 0x0000000100000000)
  eden space 23552K, 100% used [0x00000000d5580000,0x00000000d6c80000,0x00000000d6c80000)
  from space 2560K, 46% used [0x00000000d6f80000,0x00000000d70a94d8,0x00000000d7200000)
  to   space 1536K, 0% used [0x00000000d7200000,0x00000000d7200000,0x00000000d7380000)
 ParOldGen       total 68608K, used 12796K [0x0000000080000000, 0x0000000084300000, 0x00000000d5580000)
  object space 68608K, 18% used [0x0000000080000000,0x0000000080c7f058,0x0000000084300000)
 Metaspace       used 27879K, committed 28800K, reserved 1114112K
  class space    used 2764K, committed 3136K, reserved 1048576K
}
Event: 29.627 GC heap after
{Heap after GC invocations=11 (full 1):
 PSYoungGen      total 24576K, used 1531K [0x00000000d5580000, 0x00000000d7400000, 0x0000000100000000)
  eden space 23040K, 0% used [0x00000000d5580000,0x00000000d5580000,0x00000000d6c00000)
  from space 1536K, 99% used [0x00000000d7200000,0x00000000d737eda0,0x00000000d7380000)
  to   space 4096K, 0% used [0x00000000d6c00000,0x00000000d6c00000,0x00000000d7000000)
 ParOldGen       total 68608K, used 14565K [0x0000000080000000, 0x0000000084300000, 0x00000000d5580000)
  object space 68608K, 21% used [0x0000000080000000,0x0000000080e394b8,0x0000000084300000)
 Metaspace       used 27879K, committed 28800K, reserved 1114112K
  class space    used 2764K, committed 3136K, reserved 1048576K
}

Dll operation events (10 events):
Event: 0.026 Loaded shared library c:\Users\Dorian\.vscode\extensions\redhat.java-1.47.0-win32-x64\jre\21.0.8-win32-x86_64\bin\java.dll
Event: 0.157 Loaded shared library c:\Users\Dorian\.vscode\extensions\redhat.java-1.47.0-win32-x64\jre\21.0.8-win32-x86_64\bin\zip.dll
Event: 0.195 Loaded shared library C:\Users\Dorian\.vscode\extensions\redhat.java-1.47.0-win32-x64\jre\21.0.8-win32-x86_64\bin\instrument.dll
Event: 0.201 Loaded shared library C:\Users\Dorian\.vscode\extensions\redhat.java-1.47.0-win32-x64\jre\21.0.8-win32-x86_64\bin\net.dll
Event: 0.205 Loaded shared library C:\Users\Dorian\.vscode\extensions\redhat.java-1.47.0-win32-x64\jre\21.0.8-win32-x86_64\bin\nio.dll
Event: 0.209 Loaded shared library C:\Users\Dorian\.vscode\extensions\redhat.java-1.47.0-win32-x64\jre\21.0.8-win32-x86_64\bin\zip.dll
Event: 0.234 Loaded shared library C:\Users\Dorian\.vscode\extensions\redhat.java-1.47.0-win32-x64\jre\21.0.8-win32-x86_64\bin\jimage.dll
Event: 0.389 Loaded shared library c:\Users\Dorian\.vscode\extensions\redhat.java-1.47.0-win32-x64\jre\21.0.8-win32-x86_64\bin\verify.dll
Event: 8.081 Loaded shared library C:\Users\Dorian\AppData\Roaming\Code\User\globalStorage\redhat.java\1.47.0\config_win\org.eclipse.equinox.launcher\org.eclipse.equinox.launcher.win32.win32.x86_64_1.2.1400.v20250801-0854\eclipse_11916.dll
Event: 27.198 Loaded shared library C:\Users\Dorian\AppData\Local\Temp\jna-2052793295\jna15514948211287100449.dll

Deoptimization events (20 events):
Event: 29.438 Thread 0x000001e99f468fb0 DEOPT PACKING pc=0x000001e944f55c3e sp=0x00000023954f9420
Event: 29.438 Thread 0x000001e99f468fb0 DEOPT UNPACKING pc=0x000001e94bf14242 sp=0x00000023954f8960 mode 0
Event: 29.480 Thread 0x000001e99f468fb0 DEOPT PACKING pc=0x000001e944acd1b9 sp=0x00000023954f4370
Event: 29.480 Thread 0x000001e99f468fb0 DEOPT UNPACKING pc=0x000001e94bf14242 sp=0x00000023954f3870 mode 0
Event: 29.602 Thread 0x000001e99f468fb0 Uncommon trap: trap_request=0xffffff45 fr.pc=0x000001e94c63b024 relative=0x0000000000000184
Event: 29.602 Thread 0x000001e99f468fb0 Uncommon trap: reason=unstable_if action=reinterpret pc=0x000001e94c63b024 method=jdk.internal.util.ArraysSupport.mismatch([C[CI)I @ 4 c2
Event: 29.602 Thread 0x000001e99f468fb0 DEOPT PACKING pc=0x000001e94c63b024 sp=0x00000023954f9270
Event: 29.602 Thread 0x000001e99f468fb0 DEOPT UNPACKING pc=0x000001e94bf13aa2 sp=0x00000023954f91a8 mode 2
Event: 29.685 Thread 0x000001e99f468fb0 Uncommon trap: trap_request=0xffffffc6 fr.pc=0x000001e94c51d650 relative=0x0000000000000a70
Event: 29.685 Thread 0x000001e99f468fb0 Uncommon trap: reason=bimorphic_or_optimized_type_check action=maybe_recompile pc=0x000001e94c51d650 method=java.util.HashMap.putVal(ILjava/lang/Object;Ljava/lang/Object;ZZ)Ljava/lang/Object; @ 56 c2
Event: 29.685 Thread 0x000001e99f468fb0 DEOPT PACKING pc=0x000001e94c51d650 sp=0x00000023954fd890
Event: 29.685 Thread 0x000001e99f468fb0 DEOPT UNPACKING pc=0x000001e94bf13aa2 sp=0x00000023954fd7f8 mode 2
Event: 29.685 Thread 0x000001e99f468fb0 Uncommon trap: trap_request=0xffffffc6 fr.pc=0x000001e94c51d650 relative=0x0000000000000a70
Event: 29.685 Thread 0x000001e99f468fb0 Uncommon trap: reason=bimorphic_or_optimized_type_check action=maybe_recompile pc=0x000001e94c51d650 method=java.util.HashMap.putVal(ILjava/lang/Object;Ljava/lang/Object;ZZ)Ljava/lang/Object; @ 56 c2
Event: 29.685 Thread 0x000001e99f468fb0 DEOPT PACKING pc=0x000001e94c51d650 sp=0x00000023954fd890
Event: 29.685 Thread 0x000001e99f468fb0 DEOPT UNPACKING pc=0x000001e94bf13aa2 sp=0x00000023954fd7f8 mode 2
Event: 29.685 Thread 0x000001e99f468fb0 Uncommon trap: trap_request=0xffffffc6 fr.pc=0x000001e94c51d650 relative=0x0000000000000a70
Event: 29.685 Thread 0x000001e99f468fb0 Uncommon trap: reason=bimorphic_or_optimized_type_check action=maybe_recompile pc=0x000001e94c51d650 method=java.util.HashMap.putVal(ILjava/lang/Object;Ljava/lang/Object;ZZ)Ljava/lang/Object; @ 56 c2
Event: 29.685 Thread 0x000001e99f468fb0 DEOPT PACKING pc=0x000001e94c51d650 sp=0x00000023954fd890
Event: 29.685 Thread 0x000001e99f468fb0 DEOPT UNPACKING pc=0x000001e94bf13aa2 sp=0x00000023954fd7f8 mode 2

Classes loaded (20 events):
Event: 29.840 Loading class com/sun/org/apache/xml/internal/serializer/EncodingInfo
Event: 29.840 Loading class com/sun/org/apache/xml/internal/serializer/EncodingInfo done
Event: 29.840 Loading class com/sun/org/apache/xml/internal/serializer/ToStream$CharacterBuffer
Event: 29.840 Loading class com/sun/org/apache/xml/internal/serializer/ToStream$CharacterBuffer done
Event: 29.841 Loading class com/sun/org/apache/xml/internal/serializer/Encodings
Event: 29.841 Loading class com/sun/org/apache/xml/internal/serializer/Encodings done
Event: 29.841 Loading class com/sun/org/apache/xml/internal/serializer/Encodings$EncodingInfos
Event: 29.842 Loading class com/sun/org/apache/xml/internal/serializer/Encodings$EncodingInfos done
Event: 29.843 Loading class java/nio/charset/Charset$ExtendedProviderHolder
Event: 29.843 Loading class java/nio/charset/Charset$ExtendedProviderHolder done
Event: 29.843 Loading class java/nio/charset/Charset$ExtendedProviderHolder$1
Event: 29.844 Loading class java/nio/charset/Charset$ExtendedProviderHolder$1 done
Event: 29.853 Loading class java/nio/charset/Charset$ThreadTrackHolder
Event: 29.853 Loading class java/nio/charset/Charset$ThreadTrackHolder done
Event: 29.853 Loading class java/nio/charset/Charset$2
Event: 29.853 Loading class java/nio/charset/Charset$2 done
Event: 29.853 Loading class java/nio/charset/Charset$1
Event: 29.853 Loading class java/nio/charset/Charset$1 done
Event: 29.866 Loading class sun/nio/cs/ISO_8859_13
Event: 29.867 Loading class sun/nio/cs/ISO_8859_13 done

Classes unloaded (7 events):
Event: 29.012 Thread 0x000001e94185e820 Unloading class 0x000001e95a1acc00 'java/lang/invoke/LambdaForm$MH+0x000001e95a1acc00'
Event: 29.012 Thread 0x000001e94185e820 Unloading class 0x000001e95a1ac800 'java/lang/invoke/LambdaForm$MH+0x000001e95a1ac800'
Event: 29.012 Thread 0x000001e94185e820 Unloading class 0x000001e95a1ac400 'java/lang/invoke/LambdaForm$MH+0x000001e95a1ac400'
Event: 29.012 Thread 0x000001e94185e820 Unloading class 0x000001e95a1ac000 'java/lang/invoke/LambdaForm$MH+0x000001e95a1ac000'
Event: 29.012 Thread 0x000001e94185e820 Unloading class 0x000001e95a1abc00 'java/lang/invoke/LambdaForm$BMH+0x000001e95a1abc00'
Event: 29.012 Thread 0x000001e94185e820 Unloading class 0x000001e95a1ab800 'java/lang/invoke/LambdaForm$DMH+0x000001e95a1ab800'
Event: 29.012 Thread 0x000001e94185e820 Unloading class 0x000001e95a1aa400 'java/lang/invoke/LambdaForm$DMH+0x000001e95a1aa400'

Classes redefined (0 events):
No events

Internal exceptions (20 events):
Event: 28.968 Thread 0x000001e99f468fb0 Exception <a 'java/lang/NoSuchMethodError'{0x00000000d6383188}: 'int java.lang.invoke.DirectMethodHandle$Holder.invokeStaticInit(java.lang.Object, float, float)'> (0x00000000d6383188) 
thrown [s\src\hotspot\share\interpreter\linkResolver.cpp, line 773]
Event: 28.968 Thread 0x000001e99f468fb0 Exception <a 'java/lang/NoSuchMethodError'{0x00000000d638ab38}: 'int java.lang.invoke.DirectMethodHandle$Holder.invokeStaticInit(java.lang.Object, double, double)'> (0x00000000d638ab38) 
thrown [s\src\hotspot\share\interpreter\linkResolver.cpp, line 773]
Event: 28.969 Thread 0x000001e99f468fb0 Exception <a 'java/lang/NoSuchMethodError'{0x00000000d638ff50}: 'int java.lang.invoke.DirectMethodHandle$Holder.invokeStatic(java.lang.Object, long)'> (0x00000000d638ff50) 
thrown [s\src\hotspot\share\interpreter\linkResolver.cpp, line 773]
Event: 28.970 Thread 0x000001e99f468fb0 Exception <a 'java/lang/NoSuchMethodError'{0x00000000d63aef18}: 'int java.lang.invoke.Invokers$Holder.linkToTargetMethod(java.lang.Object, java.lang.Object)'> (0x00000000d63aef18) 
thrown [s\src\hotspot\share\interpreter\linkResolver.cpp, line 773]
Event: 28.981 Thread 0x000001e99f468fb0 Exception <a 'java/lang/NoSuchMethodError'{0x00000000d644ae40}: 'java.lang.Object java.lang.invoke.Invokers$Holder.invoke_MT(java.lang.Object, java.lang.Object, java.lang.Object, java.lang.Object, java.lang.Object, java.lang.Object, java.lang.Object, java.lang.Object, java.lang.Object, java.lang.Object, java.lang.Object)'> (0x00000000d644ae40) 
thrown [s\src\hotspot\share\interpreter\linkResolver.cpp, line 773]
Event: 28.988 Thread 0x000001e99f468fb0 Exception <a 'java/lang/NoSuchMethodError'{0x00000000d64d7ae0}: 'java.lang.Object java.lang.invoke.Invokers$Holder.invoke_MT(java.lang.Object, java.lang.Object, java.lang.Object, java.lang.Object, java.lang.Object, java.lang.Object, java.lang.Object, java.lang.Object, java.lang.Object, java.lang.Object)'> (0x00000000d64d7ae0) 
thrown [s\src\hotspot\share\interpreter\linkResolver.cpp, line 773]
Event: 28.997 Thread 0x000001e99f468fb0 Exception <a 'java/lang/NoSuchMethodError'{0x00000000d656d490}: 'java.lang.Object java.lang.invoke.DirectMethodHandle$Holder.newInvokeSpecial(java.lang.Object, java.lang.Object, java.lang.Object, java.lang.Object, java.lang.Object, java.lang.Object, java.lang.Object)'> (0x00000000d656d490) 
thrown [s\src\hotspot\share\interpreter\linkResolver.cpp, line 773]
Event: 29.038 Thread 0x000001e99f468fb0 Exception <a 'java/lang/NoSuchMethodError'{0x00000000d558ae78}: 'java.lang.Object java.lang.invoke.Invokers$Holder.invoker(java.lang.Object, java.lang.Object, java.lang.Object, java.lang.Object, java.lang.Object, java.lang.Object, java.lang.Object, java.lang.Object, java.lang.Object, java.lang.Object, java.lang.Object, java.lang.Object, java.lang.Object)'> (0x00000000d558ae78) 
thrown [s\src\hotspot\share\interpreter\linkResolver.cpp, line 773]
Event: 29.038 Thread 0x000001e99f468fb0 Exception <a 'java/lang/NoSuchMethodError'{0x00000000d5595310}: 'java.lang.Object java.lang.invoke.DelegatingMethodHandle$Holder.delegate(java.lang.Object, java.lang.Object, java.lang.Object, java.lang.Object, java.lang.Object, java.lang.Object, java.lang.Object, java.lang.Object, java.lang.Object, java.lang.Object, java.lang.Object, java.lang.Object, java.lang.Object)'> (0x00000000d5595310) 
thrown [s\src\hotspot\share\interpreter\linkResolver.cpp, line 773]
Event: 29.044 Thread 0x000001e99f468fb0 Exception <a 'java/lang/NoSuchMethodError'{0x00000000d5613568}: static Lorg/eclipse/m2e/core/internal/lifecyclemapping/model/PluginExecutionMetadata;.<clinit>()V> (0x00000000d5613568) 
thrown [s\src\hotspot\share\prims\jni.cpp, line 1111]
Event: 29.049 Thread 0x000001e99f468fb0 Exception <a 'java/lang/NoSuchMethodError'{0x00000000d5677d08}: static Lorg/eclipse/m2e/core/internal/lifecyclemapping/model/PluginExecutionFilter;.<clinit>()V> (0x00000000d5677d08) 
thrown [s\src\hotspot\share\prims\jni.cpp, line 1111]
Event: 29.053 Thread 0x000001e99f468fb0 Exception <a 'java/lang/NoSuchMethodError'{0x00000000d56a7488}: static Lorg/eclipse/m2e/core/internal/project/registry/MavenProjectFacade$MavenProjectConfiguration;.<clinit>()V> (0x00000000d56a7488) 
thrown [s\src\hotspot\share\prims\jni.cpp, line 1111]
Event: 29.108 Thread 0x000001e99f468fb0 Exception <a 'java/lang/NoSuchMethodError'{0x00000000d5b4fa58}: 'double java.lang.invoke.DirectMethodHandle$Holder.invokeStatic(java.lang.Object, java.lang.Object)'> (0x00000000d5b4fa58) 
thrown [s\src\hotspot\share\interpreter\linkResolver.cpp, line 773]
Event: 29.108 Thread 0x000001e99f468fb0 Exception <a 'java/lang/NoSuchMethodError'{0x00000000d5b53118}: 'double java.lang.invoke.DirectMethodHandle$Holder.invokeStaticInit(java.lang.Object, java.lang.Object)'> (0x00000000d5b53118) 
thrown [s\src\hotspot\share\interpreter\linkResolver.cpp, line 773]
Event: 29.324 Thread 0x000001e99f468fb0 Implicit null exception at 0x000001e94c629f75 to 0x000001e94c62a068
Event: 29.413 Thread 0x000001e99f468fb0 Exception <a 'java/lang/NoSuchMethodError'{0x00000000d6137530}: 'java.lang.Object java.lang.invoke.DirectMethodHandle$Holder.newInvokeSpecial(java.lang.Object, int, java.lang.Object, java.lang.Object)'> (0x00000000d6137530) 
thrown [s\src\hotspot\share\interpreter\linkResolver.cpp, line 773]
Event: 29.595 Thread 0x000001e99f468fb0 Exception <a 'java/lang/ClassNotFoundException'{0x00000000d6b4e140}: com/sun/org/apache/xerces/internal/impl/msg/spi/DOMMessagesProvider> (0x00000000d6b4e140) 
thrown [s\src\hotspot\share\classfile\systemDictionary.cpp, line 312]
Event: 29.596 Thread 0x000001e99f468fb0 Exception <a 'java/lang/ClassNotFoundException'{0x00000000d6b5f8a8}: com/sun/org/apache/xerces/internal/impl/msg/spi/XMLSerializerMessagesProvider> (0x00000000d6b5f8a8) 
thrown [s\src\hotspot\share\classfile\systemDictionary.cpp, line 312]
Event: 29.597 Thread 0x000001e99f468fb0 Exception <a 'java/lang/ClassNotFoundException'{0x00000000d6b6cbc8}: com/sun/org/apache/xerces/internal/impl/msg/spi/XMLMessagesProvider> (0x00000000d6b6cbc8) 
thrown [s\src\hotspot\share\classfile\systemDictionary.cpp, line 312]
Event: 29.838 Thread 0x000001e99f468fb0 Exception <a 'java/lang/ClassNotFoundException'{0x00000000d5c205f8}: com/sun/org/apache/xml/internal/serializer/spi/XMLEntitiesProvider> (0x00000000d5c205f8) 
thrown [s\src\hotspot\share\classfile\systemDictionary.cpp, line 312]

ZGC Phase Switch (0 events):
No events

VM Operations (20 events):
Event: 27.497 Executing VM operation: HandshakeAllThreads (Deoptimize) done
Event: 27.510 Executing VM operation: HandshakeAllThreads (Deoptimize)
Event: 27.510 Executing VM operation: HandshakeAllThreads (Deoptimize) done
Event: 28.510 Executing VM operation: Cleanup
Event: 28.607 Executing VM operation: Cleanup done
Event: 28.722 Executing VM operation: ParallelGCFailedAllocation (Allocation Failure)
Event: 28.728 Executing VM operation: ParallelGCFailedAllocation (Allocation Failure) done
Event: 28.958 Executing VM operation: HandshakeAllThreads (Deoptimize)
Event: 28.958 Executing VM operation: HandshakeAllThreads (Deoptimize) done
Event: 29.003 Executing VM operation: CollectForMetadataAllocation (Metadata GC Threshold)
Event: 29.036 Executing VM operation: CollectForMetadataAllocation (Metadata GC Threshold) done
Event: 29.213 Executing VM operation: ParallelGCFailedAllocation (Allocation Failure)
Event: 29.214 Executing VM operation: ParallelGCFailedAllocation (Allocation Failure) done
Event: 29.377 Executing VM operation: ParallelGCFailedAllocation (Allocation Failure)
Event: 29.378 Executing VM operation: ParallelGCFailedAllocation (Allocation Failure) done
Event: 29.624 Executing VM operation: ParallelGCFailedAllocation (Allocation Failure)
Event: 29.627 Executing VM operation: ParallelGCFailedAllocation (Allocation Failure) done
Event: 29.684 Executing VM operation: HandshakeAllThreads (Deoptimize)
Event: 29.684 Executing VM operation: HandshakeAllThreads (Deoptimize) done
Event: 30.684 Executing VM operation: Cleanup

Memory protections (0 events):
No events

Nmethod flushes (0 events):
No events

Events (20 events):
Event: 8.084 Thread 0x000001e94179d0a0 Thread added: 0x000001e99f468fb0
Event: 8.285 Thread 0x000001e9417338e0 Thread added: 0x000001e99f6d3170
Event: 8.290 Thread 0x000001e9417338e0 Thread added: 0x000001e99f6d4020
Event: 8.866 Thread 0x000001e99f6d4020 Thread exited: 0x000001e99f6d4020
Event: 8.866 Thread 0x000001e99f6d3170 Thread exited: 0x000001e99f6d3170
Event: 11.469 Thread 0x000001e9417338e0 Thread added: 0x000001e99f23ad40
Event: 11.700 Thread 0x000001e99f468fb0 Thread added: 0x000001e99fd3ac10
Event: 12.240 Thread 0x000001e99f23ad40 Thread exited: 0x000001e99f23ad40
Event: 25.958 Thread 0x000001e99f468fb0 Thread added: 0x000001e99f200800
Event: 26.183 Thread 0x000001e9417338e0 Thread added: 0x000001e99f438800
Event: 26.183 Thread 0x000001e9417338e0 Thread added: 0x000001e99f0b2f70
Event: 26.345 Thread 0x000001e99f0b2f70 Thread exited: 0x000001e99f0b2f70
Event: 26.623 Thread 0x000001e99f468fb0 Thread added: 0x000001e99faafb10
Event: 26.644 Thread 0x000001e99f438800 Thread exited: 0x000001e99f438800
Event: 27.225 Thread 0x000001e99f468fb0 Thread added: 0x000001e99faae0d0
Event: 27.277 Thread 0x000001e99f468fb0 Thread added: 0x000001e99faae760
Event: 27.312 Thread 0x000001e99f468fb0 Thread added: 0x000001e99fab0830
Event: 27.439 Thread 0x000001e9417338e0 Thread added: 0x000001e99ff0a800
Event: 29.171 Thread 0x000001e9417338e0 Thread added: 0x000001e99f907b00
Event: 29.628 Thread 0x000001e99f468fb0 Thread added: 0x000001e99fab0ec0


Dynamic libraries:
0x00007ff65b1c0000 - 0x00007ff65b1ce000 	c:\Users\Dorian\.vscode\extensions\redhat.java-1.47.0-win32-x64\jre\21.0.8-win32-x86_64\bin\java.exe
0x00007fff5cf80000 - 0x00007fff5d1e8000 	C:\WINDOWS\SYSTEM32\ntdll.dll
0x00007fff5b000000 - 0x00007fff5b0c9000 	C:\WINDOWS\System32\KERNEL32.DLL
0x00007fff5a920000 - 0x00007fff5ad18000 	C:\WINDOWS\System32\KERNELBASE.dll
0x00007fff5a3d0000 - 0x00007fff5a51b000 	C:\WINDOWS\System32\ucrtbase.dll
0x00007fff47f70000 - 0x00007fff47f88000 	c:\Users\Dorian\.vscode\extensions\redhat.java-1.47.0-win32-x64\jre\21.0.8-win32-x86_64\bin\jli.dll
0x00007fff5cc70000 - 0x00007fff5ce37000 	C:\WINDOWS\System32\USER32.dll
0x00007fff5a0d0000 - 0x00007fff5a0f7000 	C:\WINDOWS\System32\win32u.dll
0x00007fff5c200000 - 0x00007fff5c22b000 	C:\WINDOWS\System32\GDI32.dll
0x00007fff44c10000 - 0x00007fff44c2e000 	c:\Users\Dorian\.vscode\extensions\redhat.java-1.47.0-win32-x64\jre\21.0.8-win32-x86_64\bin\VCRUNTIME140.dll
0x00007fff5a7f0000 - 0x00007fff5a91c000 	C:\WINDOWS\System32\gdi32full.dll
0x00007fff5a270000 - 0x00007fff5a313000 	C:\WINDOWS\System32\msvcp_win.dll
0x00007fff436f0000 - 0x00007fff43984000 	C:\WINDOWS\WinSxS\amd64_microsoft.windows.common-controls_6595b64144ccf1df_6.0.26100.7019_none_3e06ffa0e335b8a8\COMCTL32.dll
0x00007fff5c990000 - 0x00007fff5ca39000 	C:\WINDOWS\System32\msvcrt.dll
0x00007fff5afc0000 - 0x00007fff5aff1000 	C:\WINDOWS\System32\IMM32.DLL
0x00007fff50080000 - 0x00007fff5008c000 	c:\Users\Dorian\.vscode\extensions\redhat.java-1.47.0-win32-x64\jre\21.0.8-win32-x86_64\bin\vcruntime140_1.dll
0x00007fff26a90000 - 0x00007fff26b1d000 	c:\Users\Dorian\.vscode\extensions\redhat.java-1.47.0-win32-x64\jre\21.0.8-win32-x86_64\bin\msvcp140.dll
0x00007ffedf710000 - 0x00007ffee04a7000 	c:\Users\Dorian\.vscode\extensions\redhat.java-1.47.0-win32-x64\jre\21.0.8-win32-x86_64\bin\server\jvm.dll
0x00007fff5cb00000 - 0x00007fff5cbb4000 	C:\WINDOWS\System32\ADVAPI32.dll
0x00007fff5ca40000 - 0x00007fff5cae6000 	C:\WINDOWS\System32\sechost.dll
0x00007fff5beb0000 - 0x00007fff5bfc8000 	C:\WINDOWS\System32\RPCRT4.dll
0x00007fff5ad20000 - 0x00007fff5ad94000 	C:\WINDOWS\System32\WS2_32.dll
0x00007fff59f50000 - 0x00007fff59fae000 	C:\WINDOWS\SYSTEM32\POWRPROF.dll
0x00007fff439a0000 - 0x00007fff439d5000 	C:\WINDOWS\SYSTEM32\WINMM.dll
0x00007fff48ba0000 - 0x00007fff48bab000 	C:\WINDOWS\SYSTEM32\VERSION.dll
0x00007fff59f30000 - 0x00007fff59f44000 	C:\WINDOWS\SYSTEM32\UMPDC.dll
0x00007fff58e90000 - 0x00007fff58eab000 	C:\WINDOWS\SYSTEM32\kernel.appcore.dll
0x00007fff50050000 - 0x00007fff5005a000 	c:\Users\Dorian\.vscode\extensions\redhat.java-1.47.0-win32-x64\jre\21.0.8-win32-x86_64\bin\jimage.dll
0x00007fff57a00000 - 0x00007fff57c42000 	C:\WINDOWS\SYSTEM32\DBGHELP.DLL
0x00007fff5b1c0000 - 0x00007fff5b54b000 	C:\WINDOWS\System32\combase.dll
0x00007fff5bdb0000 - 0x00007fff5be87000 	C:\WINDOWS\System32\OLEAUT32.dll
0x00007fff41f80000 - 0x00007fff41fbc000 	C:\WINDOWS\SYSTEM32\dbgcore.DLL
0x00007fff5a320000 - 0x00007fff5a3c5000 	C:\WINDOWS\System32\bcryptPrimitives.dll
0x00007fff4dd20000 - 0x00007fff4dd2f000 	c:\Users\Dorian\.vscode\extensions\redhat.java-1.47.0-win32-x64\jre\21.0.8-win32-x86_64\bin\instrument.dll
0x00007fff37180000 - 0x00007fff3719f000 	c:\Users\Dorian\.vscode\extensions\redhat.java-1.47.0-win32-x64\jre\21.0.8-win32-x86_64\bin\java.dll
0x00007fff5c230000 - 0x00007fff5c981000 	C:\WINDOWS\System32\SHELL32.dll
0x00007fff5a100000 - 0x00007fff5a26b000 	C:\WINDOWS\System32\wintypes.dll
0x00007fff57d30000 - 0x00007fff5858d000 	C:\WINDOWS\SYSTEM32\windows.storage.dll
0x00007fff5ce40000 - 0x00007fff5cf32000 	C:\WINDOWS\System32\SHCORE.dll
0x00007fff5b150000 - 0x00007fff5b1b7000 	C:\WINDOWS\System32\shlwapi.dll
0x00007fff59ff0000 - 0x00007fff5a019000 	C:\WINDOWS\SYSTEM32\profapi.dll
0x00007fff48910000 - 0x00007fff48928000 	c:\Users\Dorian\.vscode\extensions\redhat.java-1.47.0-win32-x64\jre\21.0.8-win32-x86_64\bin\zip.dll
0x00007fff4b090000 - 0x00007fff4b0a0000 	C:\Users\Dorian\.vscode\extensions\redhat.java-1.47.0-win32-x64\jre\21.0.8-win32-x86_64\bin\net.dll
0x00007fff4de50000 - 0x00007fff4df78000 	C:\WINDOWS\SYSTEM32\WINHTTP.dll
0x00007fff59400000 - 0x00007fff5946b000 	C:\WINDOWS\system32\mswsock.dll
0x00007fff37000000 - 0x00007fff37016000 	C:\Users\Dorian\.vscode\extensions\redhat.java-1.47.0-win32-x64\jre\21.0.8-win32-x86_64\bin\nio.dll
0x00007fff4acd0000 - 0x00007fff4ace0000 	c:\Users\Dorian\.vscode\extensions\redhat.java-1.47.0-win32-x64\jre\21.0.8-win32-x86_64\bin\verify.dll
0x00007fff2da40000 - 0x00007fff2da84000 	C:\Users\Dorian\AppData\Roaming\Code\User\globalStorage\redhat.java\1.47.0\config_win\org.eclipse.equinox.launcher\org.eclipse.equinox.launcher.win32.win32.x86_64_1.2.1400.v20250801-0854\eclipse_11916.dll
0x00007fff5c060000 - 0x00007fff5c1f7000 	C:\WINDOWS\System32\ole32.dll
0x00007fff596c0000 - 0x00007fff596db000 	C:\WINDOWS\SYSTEM32\CRYPTSP.dll
0x00007fff58df0000 - 0x00007fff58e2a000 	C:\WINDOWS\system32\rsaenh.dll
0x00007fff594b0000 - 0x00007fff594db000 	C:\WINDOWS\SYSTEM32\USERENV.dll
0x00007fff59fc0000 - 0x00007fff59fea000 	C:\WINDOWS\SYSTEM32\bcrypt.dll
0x00007fff596e0000 - 0x00007fff596ec000 	C:\WINDOWS\SYSTEM32\CRYPTBASE.dll
0x00007fff588a0000 - 0x00007fff588d4000 	C:\WINDOWS\SYSTEM32\IPHLPAPI.DLL
0x00007fff5caf0000 - 0x00007fff5cafa000 	C:\WINDOWS\System32\NSI.dll
0x00007fff269c0000 - 0x00007fff26a09000 	C:\Users\Dorian\AppData\Local\Temp\jna-2052793295\jna15514948211287100449.dll
0x00007fff5adb0000 - 0x00007fff5adb8000 	C:\WINDOWS\System32\PSAPI.DLL

JVMTI agents:
c:\Users\Dorian\.vscode\extensions\redhat.java-1.47.0-win32-x64\lombok\lombok-1.18.39-4050.jar path:c:\Users\Dorian\.vscode\extensions\redhat.java-1.47.0-win32-x64\jre\21.0.8-win32-x86_64\bin\instrument.dll, loaded, initialized, instrumentlib options:none

dbghelp: loaded successfully - version: 4.0.5 - missing functions: none
symbol engine: initialized successfully - sym options: 0x614 - pdb path: .;c:\Users\Dorian\.vscode\extensions\redhat.java-1.47.0-win32-x64\jre\21.0.8-win32-x86_64\bin;C:\WINDOWS\SYSTEM32;C:\WINDOWS\WinSxS\amd64_microsoft.windows.common-controls_6595b64144ccf1df_6.0.26100.7019_none_3e06ffa0e335b8a8;c:\Users\Dorian\.vscode\extensions\redhat.java-1.47.0-win32-x64\jre\21.0.8-win32-x86_64\bin\server;C:\Users\Dorian\AppData\Roaming\Code\User\globalStorage\redhat.java\1.47.0\config_win\org.eclipse.equinox.launcher\org.eclipse.equinox.launcher.win32.win32.x86_64_1.2.1400.v20250801-0854;C:\Users\Dorian\AppData\Local\Temp\jna-2052793295

VM Arguments:
jvm_args: --add-modules=ALL-SYSTEM --add-opens=java.base/java.util=ALL-UNNAMED --add-opens=java.base/java.lang=ALL-UNNAMED --add-opens=java.base/sun.nio.fs=ALL-UNNAMED -Declipse.application=org.eclipse.jdt.ls.core.id1 -Dosgi.bundles.defaultStartLevel=4 -Declipse.product=org.eclipse.jdt.ls.core.product -Djava.import.generatesMetadataFilesAtProjectRoot=false -DDetectVMInstallationsJob.disabled=true -Dfile.encoding=utf8 -XX:+UseParallelGC -XX:GCTimeRatio=4 -XX:AdaptiveSizePolicyWeight=90 -Dsun.zip.disableMemoryMapping=true -Xmx2G -Xms100m -Xlog:disable -javaagent:c:\Users\Dorian\.vscode\extensions\redhat.java-1.47.0-win32-x64\lombok\lombok-1.18.39-4050.jar -XX:+HeapDumpOnOutOfMemoryError -XX:HeapDumpPath=c:\Users\Dorian\AppData\Roaming\Code\User\workspaceStorage\2e54c20b31e2f00811d0ee3cb5a815c0\redhat.java -Daether.dependencyCollector.impl=bf 
java_command: c:\Users\Dorian\.vscode\extensions\redhat.java-1.47.0-win32-x64\server\plugins\org.eclipse.equinox.launcher_1.7.100.v20251014-1222.jar -configuration c:\Users\Dorian\AppData\Roaming\Code\User\globalStorage\redhat.java\1.47.0\config_win -data c:\Users\Dorian\AppData\Roaming\Code\User\workspaceStorage\2e54c20b31e2f00811d0ee3cb5a815c0\redhat.java\jdt_ws --pipe=\\.\pipe\lsp-bbcca5fb36ccf876ce056e2facc09813-sock
java_class_path (initial): c:\Users\Dorian\.vscode\extensions\redhat.java-1.47.0-win32-x64\server\plugins\org.eclipse.equinox.launcher_1.7.100.v20251014-1222.jar
Launcher Type: SUN_STANDARD

[Global flags]
    uintx AdaptiveSizePolicyWeight                 = 90                                        {product} {command line}
     intx CICompilerCount                          = 4                                         {product} {ergonomic}
    uintx GCTimeRatio                              = 4                                         {product} {command line}
     bool HeapDumpOnOutOfMemoryError               = true                                   {manageable} {command line}
    ccstr HeapDumpPath                             = c:\Users\Dorian\AppData\Roaming\Code\User\workspaceStorage\2e54c20b31e2f00811d0ee3cb5a815c0\redhat.java         {manageable} {command line}
   size_t InitialHeapSize                          = 104857600                                 {product} {command line}
   size_t MaxHeapSize                              = 2147483648                                {product} {command line}
   size_t MaxNewSize                               = 715653120                                 {product} {ergonomic}
   size_t MinHeapDeltaBytes                        = 524288                                    {product} {ergonomic}
   size_t MinHeapSize                              = 104857600                                 {product} {command line}
   size_t NewSize                                  = 34603008                                  {product} {ergonomic}
    uintx NonNMethodCodeHeapSize                   = 5839372                                {pd product} {ergonomic}
    uintx NonProfiledCodeHeapSize                  = 122909434                              {pd product} {ergonomic}
   size_t OldSize                                  = 70254592                                  {product} {ergonomic}
    uintx ProfiledCodeHeapSize                     = 122909434                              {pd product} {ergonomic}
    uintx ReservedCodeCacheSize                    = 251658240                              {pd product} {ergonomic}
     bool SegmentedCodeCache                       = true                                      {product} {ergonomic}
   size_t SoftMaxHeapSize                          = 2147483648                             {manageable} {ergonomic}
     bool UseCompressedOops                        = true                           {product lp64_product} {ergonomic}
     bool UseLargePagesIndividualAllocation        = false                                  {pd product} {ergonomic}
     bool UseParallelGC                            = true                                      {product} {command line}

Logging:
Log output configuration:
 #0: stdout all=off uptime,level,tags foldmultilines=false
 #1: stderr all=off uptime,level,tags foldmultilines=false

Environment Variables:
JAVA_HOME=C:\Program Files\Java\jdk-1.8
PATH=C:\Program Files (x86)\Common Files\Oracle\Java\java8path;C:\Program Files (x86)\Common Files\Oracle\Java\javapath;C:\WINDOWS\system32;C:\WINDOWS;C:\WINDOWS\System32\Wbem;C:\WINDOWS\System32\WindowsPowerShell\v1.0\;C:\WINDOWS\System32\OpenSSH\;C:\Program Files\Microsoft SQL Server\Client SDK\ODBC\170\Tools\Binn\;C:\Program Files (x86)\Microsoft SQL Server\150\Tools\Binn\;C:\Program Files\Microsoft SQL Server\150\Tools\Binn\;C:\Program Files\Microsoft SQL Server\150\DTS\Binn\;C:\Program Files\Azure Data Studio\bin;C:\Program Files\Microsoft SQL Server\120\Tools\Binn\;C:\Program Files\Microsoft SQL Server\130\Tools\Binn\;C:\Program Files (x86)\QuickTime\QTSystem\;C:\Program Files\Git\cmd;C:\Program Files\dotnet\;C:\Program Files\nodejs\;C:\ProgramData\chocolatey\bin;C:\Users\Dorian\AppData\Local\Microsoft\WindowsApps;C:\Program Files\Azure Data Studio\bin;C:\Program Files\MySQL\MySQL Server 5.7\bin;C:\Program Files\apache-maven-3.9.9\bin;C:\Program Files\Java\jdk-1.8\bin;;D:\IntelliJ IDEA Community Edition 2025.1.1.1\bin;;C:\Users\Dorian\.dotnet\tools;C:\Users\Dorian\AppData\Local\Programs\Microsoft VS Code\bin;C:\Users\Dorian\AppData\Roaming\npm
USERNAME=Dorian
OS=Windows_NT
PROCESSOR_IDENTIFIER=Intel64 Family 6 Model 142 Stepping 10, GenuineIntel
TMP=C:\Users\Dorian\AppData\Local\Temp
TEMP=C:\Users\Dorian\AppData\Local\Temp




Periodic native trim disabled

---------------  S Y S T E M  ---------------

OS:
 Windows 11 , 64 bit Build 26100 (10.0.26100.7019)
OS uptime: 4 days 12:24 hours

CPU: total 8 (initial active 8) (4 cores per cpu, 2 threads per core) family 6 model 142 stepping 10 microcode 0xf6, cx8, cmov, fxsr, ht, mmx, 3dnowpref, sse, sse2, sse3, ssse3, sse4.1, sse4.2, popcnt, lzcnt, tsc, tscinvbit, avx, avx2, aes, erms, clmul, bmi1, bmi2, adx, fma, vzeroupper, clflush, clflushopt, rdtscp, f16c
Processor Information for the first 8 processors :
  Max Mhz: 1992, Current Mhz: 1792, Mhz Limit: 1792

Memory: 4k page, system-wide physical 7555M (638M free)
TotalPageFile size 11651M (AvailPageFile size 6M)
current process WorkingSet (physical memory assigned to process): 168M, peak: 168M
current process commit charge ("private bytes"): 298M, peak: 299M

vm_info: OpenJDK 64-Bit Server VM (21.0.8+9-LTS) for windows-amd64 JRE (21.0.8+9-LTS), built on 2025-07-15T00:00:00Z by "admin" with MS VC++ 17.7 (VS2022)

END.
