#
# There is insufficient memory for the Java Runtime Environment to continue.
# Native memory allocation (malloc) failed to allocate 2217392 bytes for Chunk::new
# Possible reasons:
#   The system is out of physical RAM or swap space
#   The process is running with CompressedOops enabled, and the Java Heap may be blocking the growth of the native heap
# Possible solutions:
#   Reduce memory load on the system
#   Increase physical memory or swap space
#   Check if swap backing store is full
#   Decrease Java heap size (-Xmx/-Xms)
#   Decrease number of Java threads
#   Decrease Java thread stack sizes (-Xss)
#   Set larger code cache with -XX:ReservedCodeCacheSize=
#   JVM is running with Unscaled Compressed Oops mode in which the Java heap is
#     placed in the first 4GB address space. The Java Heap base address is the
#     maximum limit for the native heap growth. Please use -XX:HeapBaseMinAddress
#     to set the Java Heap base and to place the Java Heap above 4GB virtual address.
# This output file may be truncated or incomplete.
#
#  Out of Memory Error (allocation.cpp:389), pid=19500, tid=0x00000000000033b4
#
# JRE version: Java(TM) SE Runtime Environment (8.0_431) (build 1.8.0_431-b10)
# Java VM: Java HotSpot(TM) 64-Bit Server VM (25.431-b10 mixed mode windows-amd64 compressed oops)
# Failed to write core dump. Minidumps are not enabled by default on client versions of Windows
#

---------------  T H R E A D  ---------------

Current thread (0x000002b6c7562800):  JavaThread "C2 CompilerThread2" daemon [_thread_in_native, id=13236, stack(0x000000f119600000,0x000000f119700000)]

Stack: [0x000000f119600000,0x000000f119700000]
Native frames: (J=compiled Java code, j=interpreted, Vv=VM code, C=native code)
V  [jvm.dll+0x34ba89]
V  [jvm.dll+0x288e12]
V  [jvm.dll+0x2899e0]
V  [jvm.dll+0x27dc65]
V  [jvm.dll+0xd9d8c]
V  [jvm.dll+0xda71c]
V  [jvm.dll+0x4952bc]
V  [jvm.dll+0x458a02]
V  [jvm.dll+0x461b0f]
V  [jvm.dll+0x460f02]
V  [jvm.dll+0x44abac]
V  [jvm.dll+0xaf385]
V  [jvm.dll+0xada9f]
V  [jvm.dll+0x24e539]
V  [jvm.dll+0x2a595c]
C  [ucrtbase.dll+0x37b0]
C  [KERNEL32.DLL+0x2e8d7]
C  [ntdll.dll+0x3c34c]


Current CompileTask:
C2:   4669 1883       4       java.net.URLClassLoader$1::run (5 bytes)


---------------  P R O C E S S  ---------------

Java Threads: ( => current thread )
  0x000002b6c8920800 JavaThread "Service Thread" daemon [_thread_blocked, id=8532, stack(0x000000f119800000,0x000000f119900000)]
  0x000002b6c7563800 JavaThread "C1 CompilerThread3" daemon [_thread_blocked, id=23384, stack(0x000000f119700000,0x000000f119800000)]
=>0x000002b6c7562800 JavaThread "C2 CompilerThread2" daemon [_thread_in_native, id=13236, stack(0x000000f119600000,0x000000f119700000)]
  0x000002b6c755d800 JavaThread "C2 CompilerThread1" daemon [_thread_in_native, id=18160, stack(0x000000f119500000,0x000000f119600000)]
  0x000002b6c7558000 JavaThread "C2 CompilerThread0" daemon [_thread_blocked, id=19484, stack(0x000000f119400000,0x000000f119500000)]
  0x000002b6c7554800 JavaThread "Attach Listener" daemon [_thread_blocked, id=11148, stack(0x000000f119300000,0x000000f119400000)]
  0x000002b6c7553800 JavaThread "Signal Dispatcher" daemon [_thread_blocked, id=21992, stack(0x000000f119200000,0x000000f119300000)]
  0x000002b6c752b000 JavaThread "Finalizer" daemon [_thread_blocked, id=8584, stack(0x000000f119100000,0x000000f119200000)]
  0x000002b6c751c800 JavaThread "Reference Handler" daemon [_thread_blocked, id=6272, stack(0x000000f119000000,0x000000f119100000)]
  0x000002b6b0ce9000 JavaThread "main" [_thread_in_vm, id=21636, stack(0x000000f118600000,0x000000f118700000)]

Other Threads:
  0x000002b6b276e800 VMThread [stack: 0x000000f118f00000,0x000000f119000000] [id=17276]
  0x000002b6c75cd800 WatcherThread [stack: 0x000000f119900000,0x000000f119a00000] [id=2988]

VM state:not at safepoint (normal execution)

VM Mutex/Monitor currently owned by a thread:  ([mutex/lock_event])
[0x000002b6b0ce6980] AdapterHandlerLibrary_lock - owner thread: 0x000002b6b0ce9000

heap address: 0x0000000089e00000, size: 1890 MB, Compressed Oops mode: 32-bit
Narrow klass base: 0x0000000000000000, Narrow klass shift: 3
Compressed class space size: 1073741824 Address: 0x0000000100000000

Heap:
 PSYoungGen      total 35840K, used 29071K [0x00000000d8a00000, 0x00000000dd000000, 0x0000000100000000)
  eden space 30720K, 78% used [0x00000000d8a00000,0x00000000da167ef8,0x00000000da800000)
  from space 5120K, 99% used [0x00000000da800000,0x00000000dacfc0b8,0x00000000dad00000)
  to   space 5120K, 0% used [0x00000000dcb00000,0x00000000dcb00000,0x00000000dd000000)
 ParOldGen       total 81920K, used 5236K [0x0000000089e00000, 0x000000008ee00000, 0x00000000d8a00000)
  object space 81920K, 6% used [0x0000000089e00000,0x000000008a31d018,0x000000008ee00000)
 Metaspace       used 19760K, capacity 20426K, committed 20608K, reserved 1067008K
  class space    used 2498K, capacity 2686K, committed 2688K, reserved 1048576K

Card table byte_map: [0x000002b6c1c20000,0x000002b6c1fe0000] byte_map_base: 0x000002b6c17d1000

Marking Bits: (ParMarkBitMap*) 0x00007ffa06070200
 Begin Bits: [0x000002b6c2260000, 0x000002b6c3fe8000)
 End Bits:   [0x000002b6c3fe8000, 0x000002b6c5d70000)

Polling page: 0x000002b6b0df0000

CodeCache: size=245760Kb used=8133Kb max_used=8144Kb free=237626Kb
 bounds [0x000002b6b2860000, 0x000002b6b3060000, 0x000002b6c1860000]
 total_blobs=2866 nmethods=2474 adapters=303
 compilation: enabled

Compilation events (10 events):
Event: 3.585 Thread 0x000002b6c7563800 nmethod 2454 0x000002b6b303fb10 code [0x000002b6b303fca0, 0x000002b6b3040100]
Event: 3.585 Thread 0x000002b6c7563800 2455       3       org.apache.maven.model.merge.ModelMerger::mergePlugin_ArtifactId (41 bytes)
Event: 3.586 Thread 0x000002b6c7563800 nmethod 2455 0x000002b6b3040290 code [0x000002b6b3040420, 0x000002b6b3040880]
Event: 3.586 Thread 0x000002b6c7563800 2462       3       org.codehaus.plexus.interpolation.util.ValueSourceUtils::trimPrefix (88 bytes)
Event: 3.587 Thread 0x000002b6c7563800 nmethod 2462 0x000002b6b3040a10 code [0x000002b6b3040be0, 0x000002b6b3041520]
Event: 3.587 Thread 0x000002b6c7563800 2456       3       org.apache.maven.model.merge.ModelMerger::mergePlugin_Version (41 bytes)
Event: 3.589 Thread 0x000002b6c7563800 nmethod 2456 0x000002b6b3041890 code [0x000002b6b3041a20, 0x000002b6b3041e80]
Event: 3.589 Thread 0x000002b6c7563800 2457       3       org.apache.maven.model.merge.ModelMerger::mergePlugin_Extensions (43 bytes)
Event: 3.591 Thread 0x000002b6c7563800 nmethod 2457 0x000002b6b3042010 code [0x000002b6b30421a0, 0x000002b6b3042620]
Event: 3.591 Thread 0x000002b6c7563800 2465       3       org.apache.maven.model.interpolation.StringVisitorModelInterpolator$ModelVisitor::visit (117 bytes)

GC Heap History (6 events):
Event: 1.307 GC heap before
{Heap before GC invocations=1 (full 0):
 PSYoungGen      total 35840K, used 30720K [0x00000000d8a00000, 0x00000000db200000, 0x0000000100000000)
  eden space 30720K, 100% used [0x00000000d8a00000,0x00000000da800000,0x00000000da800000)
  from space 5120K, 0% used [0x00000000dad00000,0x00000000dad00000,0x00000000db200000)
  to   space 5120K, 0% used [0x00000000da800000,0x00000000da800000,0x00000000dad00000)
 ParOldGen       total 81920K, used 0K [0x0000000089e00000, 0x000000008ee00000, 0x00000000d8a00000)
  object space 81920K, 0% used [0x0000000089e00000,0x0000000089e00000,0x000000008ee00000)
 Metaspace       used 10173K, capacity 10478K, committed 10624K, reserved 1058816K
  class space    used 1260K, capacity 1369K, committed 1408K, reserved 1048576K
Event: 1.316 GC heap after
Heap after GC invocations=1 (full 0):
 PSYoungGen      total 35840K, used 5095K [0x00000000d8a00000, 0x00000000db200000, 0x0000000100000000)
  eden space 30720K, 0% used [0x00000000d8a00000,0x00000000d8a00000,0x00000000da800000)
  from space 5120K, 99% used [0x00000000da800000,0x00000000dacf9ee0,0x00000000dad00000)
  to   space 5120K, 0% used [0x00000000dad00000,0x00000000dad00000,0x00000000db200000)
 ParOldGen       total 81920K, used 649K [0x0000000089e00000, 0x000000008ee00000, 0x00000000d8a00000)
  object space 81920K, 0% used [0x0000000089e00000,0x0000000089ea2680,0x000000008ee00000)
 Metaspace       used 10173K, capacity 10478K, committed 10624K, reserved 1058816K
  class space    used 1260K, capacity 1369K, committed 1408K, reserved 1048576K
}
Event: 1.837 GC heap before
{Heap before GC invocations=2 (full 0):
 PSYoungGen      total 35840K, used 35815K [0x00000000d8a00000, 0x00000000db200000, 0x0000000100000000)
  eden space 30720K, 100% used [0x00000000d8a00000,0x00000000da800000,0x00000000da800000)
  from space 5120K, 99% used [0x00000000da800000,0x00000000dacf9ee0,0x00000000dad00000)
  to   space 5120K, 0% used [0x00000000dad00000,0x00000000dad00000,0x00000000db200000)
 ParOldGen       total 81920K, used 649K [0x0000000089e00000, 0x000000008ee00000, 0x00000000d8a00000)
  object space 81920K, 0% used [0x0000000089e00000,0x0000000089ea2680,0x000000008ee00000)
 Metaspace       used 12577K, capacity 12890K, committed 13056K, reserved 1060864K
  class space    used 1550K, capacity 1668K, committed 1792K, reserved 1048576K
Event: 1.847 GC heap after
Heap after GC invocations=2 (full 0):
 PSYoungGen      total 35840K, used 5097K [0x00000000d8a00000, 0x00000000dd000000, 0x0000000100000000)
  eden space 30720K, 0% used [0x00000000d8a00000,0x00000000d8a00000,0x00000000da800000)
  from space 5120K, 99% used [0x00000000dad00000,0x00000000db1fa588,0x00000000db200000)
  to   space 5120K, 0% used [0x00000000da800000,0x00000000da800000,0x00000000dad00000)
 ParOldGen       total 81920K, used 2341K [0x0000000089e00000, 0x000000008ee00000, 0x00000000d8a00000)
  object space 81920K, 2% used [0x0000000089e00000,0x000000008a049788,0x000000008ee00000)
 Metaspace       used 12577K, capacity 12890K, committed 13056K, reserved 1060864K
  class space    used 1550K, capacity 1668K, committed 1792K, reserved 1048576K
}
Event: 2.653 GC heap before
{Heap before GC invocations=3 (full 0):
 PSYoungGen      total 35840K, used 35817K [0x00000000d8a00000, 0x00000000dd000000, 0x0000000100000000)
  eden space 30720K, 100% used [0x00000000d8a00000,0x00000000da800000,0x00000000da800000)
  from space 5120K, 99% used [0x00000000dad00000,0x00000000db1fa588,0x00000000db200000)
  to   space 5120K, 0% used [0x00000000da800000,0x00000000da800000,0x00000000dad00000)
 ParOldGen       total 81920K, used 2341K [0x0000000089e00000, 0x000000008ee00000, 0x00000000d8a00000)
  object space 81920K, 2% used [0x0000000089e00000,0x000000008a049788,0x000000008ee00000)
 Metaspace       used 16429K, capacity 16864K, committed 16896K, reserved 1064960K
  class space    used 2086K, capacity 2274K, committed 2304K, reserved 1048576K
Event: 2.664 GC heap after
Heap after GC invocations=3 (full 0):
 PSYoungGen      total 35840K, used 5104K [0x00000000d8a00000, 0x00000000dd000000, 0x0000000100000000)
  eden space 30720K, 0% used [0x00000000d8a00000,0x00000000d8a00000,0x00000000da800000)
  from space 5120K, 99% used [0x00000000da800000,0x00000000dacfc0b8,0x00000000dad00000)
  to   space 5120K, 0% used [0x00000000dcb00000,0x00000000dcb00000,0x00000000dd000000)
 ParOldGen       total 81920K, used 5236K [0x0000000089e00000, 0x000000008ee00000, 0x00000000d8a00000)
  object space 81920K, 6% used [0x0000000089e00000,0x000000008a31d018,0x000000008ee00000)
 Metaspace       used 16429K, capacity 16864K, committed 16896K, reserved 1064960K
  class space    used 2086K, capacity 2274K, committed 2304K, reserved 1048576K
}

Deoptimization events (10 events):
Event: 3.141 Thread 0x000002b6b0ce9000 Uncommon trap: reason=unstable_if action=reinterpret pc=0x000002b6b29e4c24 method=java.lang.String.replace(CC)Ljava/lang/String; @ 2
Event: 3.162 Thread 0x000002b6b0ce9000 Uncommon trap: reason=bimorphic action=maybe_recompile pc=0x000002b6b2c77d90 method=java.util.HashMap.putVal(ILjava/lang/Object;Ljava/lang/Object;ZZ)Ljava/lang/Object; @ 203
Event: 3.168 Thread 0x000002b6b0ce9000 Uncommon trap: reason=bimorphic action=maybe_recompile pc=0x000002b6b2c77d90 method=java.util.HashMap.putVal(ILjava/lang/Object;Ljava/lang/Object;ZZ)Ljava/lang/Object; @ 203
Event: 3.172 Thread 0x000002b6b0ce9000 Uncommon trap: reason=unstable_if action=reinterpret pc=0x000002b6b2bc703c method=org.codehaus.plexus.util.xml.pull.MXParser.nextImpl()I @ 241
Event: 3.243 Thread 0x000002b6b0ce9000 Uncommon trap: reason=unstable_if action=reinterpret pc=0x000002b6b2a188c8 method=java.lang.String.startsWith(Ljava/lang/String;I)Z @ 25
Event: 3.332 Thread 0x000002b6b0ce9000 Uncommon trap: reason=unstable_if action=reinterpret pc=0x000002b6b2b9d154 method=sun.nio.cs.UTF_8$Decoder.decodeArrayLoop(Ljava/nio/ByteBuffer;Ljava/nio/CharBuffer;)Ljava/nio/charset/CoderResult; @ 84
Event: 3.365 Thread 0x000002b6b0ce9000 Uncommon trap: reason=bimorphic action=maybe_recompile pc=0x000002b6b2c77d90 method=java.util.HashMap.putVal(ILjava/lang/Object;Ljava/lang/Object;ZZ)Ljava/lang/Object; @ 203
Event: 3.369 Thread 0x000002b6b0ce9000 Uncommon trap: reason=bimorphic action=maybe_recompile pc=0x000002b6b2c77d90 method=java.util.HashMap.putVal(ILjava/lang/Object;Ljava/lang/Object;ZZ)Ljava/lang/Object; @ 203
Event: 3.369 Thread 0x000002b6b0ce9000 Uncommon trap: reason=bimorphic action=maybe_recompile pc=0x000002b6b2c71514 method=java.util.HashMap.putVal(ILjava/lang/Object;Ljava/lang/Object;ZZ)Ljava/lang/Object; @ 203
Event: 3.575 Thread 0x000002b6b0ce9000 Uncommon trap: reason=null_check action=make_not_entrant pc=0x000002b6b30340a4 method=org.apache.maven.model.io.xpp3.MavenXpp3Reader.checkFieldWithDuplicate(Lorg/codehaus/plexus/util/xml/pull/XmlPullParser;Ljava/lang/String;Ljava/lang/String;Ljava/util/Se

Classes redefined (0 events):
No events

Internal exceptions (10 events):
Event: 0.752 Thread 0x000002b6b0ce9000 Exception <a 'java/lang/NoSuchMethodError': java.lang.Object.lambda$identity$2(Ljava/lang/Object;)Ljava/lang/Object;> (0x00000000d94828e0) thrown at [C:\jenkins\workspace\8-2-build-windows-x64-cygwin-sans-NAS\jdk8u431\1359\hotspot\src\share\vm\interpreter
Event: 0.761 Thread 0x000002b6b0ce9000 Exception <a 'java/lang/NoSuchMethodError': java.lang.Object.lambda$andThen$1(Ljava/util/function/Function;Ljava/lang/Object;)Ljava/lang/Object;> (0x00000000d94a6150) thrown at [C:\jenkins\workspace\8-2-build-windows-x64-cygwin-sans-NAS\jdk8u431\1359\hots
Event: 1.133 Thread 0x000002b6b0ce9000 Exception <a 'java/lang/NoSuchMethodError': java.lang.Object.lambda$comparing$77a9974f$1(Ljava/util/function/Function;Ljava/lang/Object;Ljava/lang/Object;)I> (0x00000000da039b48) thrown at [C:\jenkins\workspace\8-2-build-windows-x64-cygwin-sans-NAS\jdk8u4
Event: 1.136 Thread 0x000002b6b0ce9000 Exception <a 'java/lang/NoSuchMethodError': java.lang.Object.lambda$comparing$ea9a8b3a$1(Ljava/util/Comparator;Ljava/util/function/Function;Ljava/lang/Object;Ljava/lang/Object;)I> (0x00000000da04f568) thrown at [C:\jenkins\workspace\8-2-build-windows-x64-
Event: 1.137 Thread 0x000002b6b0ce9000 Exception <a 'java/lang/NoSuchMethodError': java.lang.Object.lambda$thenComparing$36697e65$1(Ljava/util/Comparator;Ljava/lang/Object;Ljava/lang/Object;)I> (0x00000000da0573c8) thrown at [C:\jenkins\workspace\8-2-build-windows-x64-cygwin-sans-NAS\jdk8u431\
Event: 1.253 Thread 0x000002b6b0ce9000 Exception <a 'java/lang/NoClassDefFoundError': javax/enterprise/inject/Typed> (0x00000000da4d0af8) thrown at [C:\jenkins\workspace\8-2-build-windows-x64-cygwin-sans-NAS\jdk8u431\1359\hotspot\src\share\vm\classfile\systemDictionary.cpp, line 202]
Event: 2.308 Thread 0x000002b6b0ce9000 Implicit null exception at 0x000002b6b2c04f0c to 0x000002b6b2c050d1
Event: 2.736 Thread 0x000002b6b0ce9000 Exception <a 'java/lang/NoClassDefFoundError': com/google/inject/servlet/ServletModuleTargetVisitor> (0x00000000d8c2aa50) thrown at [C:\jenkins\workspace\8-2-build-windows-x64-cygwin-sans-NAS\jdk8u431\1359\hotspot\src\share\vm\classfile\systemDictionary.c
Event: 2.736 Thread 0x000002b6b0ce9000 Exception <a 'java/lang/NoClassDefFoundError'> (0x00000000d8c2aa50) thrown at [C:\jenkins\workspace\8-2-build-windows-x64-cygwin-sans-NAS\jdk8u431\1359\hotspot\src\share\vm\prims\jvm.cpp, line 1517]
Event: 3.575 Thread 0x000002b6b0ce9000 Implicit null exception at 0x000002b6b3032cf2 to 0x000002b6b303408d

Events (10 events):
Event: 3.575 Thread 0x000002b6b0ce9000 DEOPT PACKING pc=0x000002b6b30340a4 sp=0x000000f1186fc960
Event: 3.575 Thread 0x000002b6b0ce9000 DEOPT UNPACKING pc=0x000002b6b28a58c3 sp=0x000000f1186fc940 mode 2
Event: 3.576 Thread 0x000002b6b0ce9000 DEOPT PACKING pc=0x000002b6b2fdf23b sp=0x000000f1186fc160
Event: 3.576 Thread 0x000002b6b0ce9000 DEOPT UNPACKING pc=0x000002b6b28a7918 sp=0x000000f1186fbf60 mode 0
Event: 3.576 loading class org/apache/maven/model/Exclusion
Event: 3.576 loading class org/apache/maven/model/Exclusion done
Event: 3.582 loading class org/apache/maven/model/merge/ModelMerger$NotifierKeyComputer
Event: 3.582 loading class org/apache/maven/model/merge/ModelMerger$NotifierKeyComputer done
Event: 3.595 loading class org/eclipse/aether/internal/impl/collect/DefaultDependencyGraphTransformationContext
Event: 3.595 loading class org/eclipse/aether/internal/impl/collect/DefaultDependencyGraphTransformationContext done


Dynamic libraries:
0x00007ff62aaf0000 - 0x00007ff62ab3f000 	C:\Program Files\Java\jdk-1.8\bin\javaw.exe
0x00007ffa96fe0000 - 0x00007ffa97245000 	C:\WINDOWS\SYSTEM32\ntdll.dll
0x00007ffa96080000 - 0x00007ffa96149000 	C:\WINDOWS\System32\KERNEL32.DLL
0x00007ffa944c0000 - 0x00007ffa948a8000 	C:\WINDOWS\System32\KERNELBASE.dll
0x00007ffa95090000 - 0x00007ffa95143000 	C:\WINDOWS\System32\ADVAPI32.dll
0x00007ffa94d80000 - 0x00007ffa94e29000 	C:\WINDOWS\System32\msvcrt.dll
0x00007ffa95f20000 - 0x00007ffa95fc6000 	C:\WINDOWS\System32\sechost.dll
0x00007ffa96c10000 - 0x00007ffa96d25000 	C:\WINDOWS\System32\RPCRT4.dll
0x00007ffa95c10000 - 0x00007ffa95dda000 	C:\WINDOWS\System32\USER32.dll
0x00007ffa942b0000 - 0x00007ffa942d7000 	C:\WINDOWS\System32\win32u.dll
0x00007ffa96300000 - 0x00007ffa9632b000 	C:\WINDOWS\System32\GDI32.dll
0x00007ffa94a00000 - 0x00007ffa94b37000 	C:\WINDOWS\System32\gdi32full.dll
0x00007ffa94370000 - 0x00007ffa94413000 	C:\WINDOWS\System32\msvcp_win.dll
0x00007ffa948b0000 - 0x00007ffa949fb000 	C:\WINDOWS\System32\ucrtbase.dll
0x00007ffa5dd90000 - 0x00007ffa5e02a000 	C:\WINDOWS\WinSxS\amd64_microsoft.windows.common-controls_6595b64144ccf1df_6.0.26100.4202_none_3e0698d4e335f517\COMCTL32.dll
0x00007ffa95510000 - 0x00007ffa95540000 	C:\WINDOWS\System32\IMM32.DLL
0x00007ffa88dc0000 - 0x00007ffa88ddb000 	C:\Program Files\Java\jdk-1.8\jre\bin\vcruntime140.dll
0x00007ffa85f80000 - 0x00007ffa85f8c000 	C:\Program Files\Java\jdk-1.8\jre\bin\vcruntime140_1.dll
0x00007ffa27b20000 - 0x00007ffa27bae000 	C:\Program Files\Java\jdk-1.8\jre\bin\msvcp140.dll
0x00007ffa05840000 - 0x00007ffa060ea000 	C:\Program Files\Java\jdk-1.8\jre\bin\server\jvm.dll
0x00007ffa95f10000 - 0x00007ffa95f18000 	C:\WINDOWS\System32\PSAPI.DLL
0x00007ffa7c2e0000 - 0x00007ffa7c315000 	C:\WINDOWS\SYSTEM32\WINMM.dll
0x00007ffa79080000 - 0x00007ffa7908a000 	C:\WINDOWS\SYSTEM32\WSOCK32.dll
0x00007ffa892c0000 - 0x00007ffa892cb000 	C:\WINDOWS\SYSTEM32\VERSION.dll
0x00007ffa95010000 - 0x00007ffa95084000 	C:\WINDOWS\System32\WS2_32.dll
0x00007ffa93010000 - 0x00007ffa9302b000 	C:\WINDOWS\SYSTEM32\kernel.appcore.dll
0x00007ffa846b0000 - 0x00007ffa846c0000 	C:\Program Files\Java\jdk-1.8\jre\bin\verify.dll
0x00007ffa5f440000 - 0x00007ffa5f46b000 	C:\Program Files\Java\jdk-1.8\jre\bin\java.dll
0x00007ffa6e5c0000 - 0x00007ffa6e5d8000 	C:\Program Files\Java\jdk-1.8\jre\bin\zip.dll
0x00007ffa963c0000 - 0x00007ffa96b02000 	C:\WINDOWS\System32\SHELL32.dll
0x00007ffa94130000 - 0x00007ffa942a4000 	C:\WINDOWS\System32\wintypes.dll
0x00007ffa95150000 - 0x00007ffa954d5000 	C:\WINDOWS\System32\combase.dll
0x00007ffa91df0000 - 0x00007ffa92647000 	C:\WINDOWS\SYSTEM32\windows.storage.dll
0x00007ffa95e10000 - 0x00007ffa95f01000 	C:\WINDOWS\System32\SHCORE.dll
0x00007ffa94e30000 - 0x00007ffa94e9a000 	C:\WINDOWS\System32\shlwapi.dll
0x00007ffa94040000 - 0x00007ffa9406f000 	C:\WINDOWS\SYSTEM32\profapi.dll
0x00007ffa6cd70000 - 0x00007ffa6cd8c000 	C:\Program Files\Java\jdk-1.8\jre\bin\net.dll
0x00007ffa93580000 - 0x00007ffa935ea000 	C:\WINDOWS\system32\mswsock.dll
0x00007ffa67580000 - 0x00007ffa67593000 	C:\Program Files\Java\jdk-1.8\jre\bin\nio.dll
0x00007ffa5d170000 - 0x00007ffa5d194000 	C:\Users\Dorian\AppData\Local\Temp\jansi-2.4.1-6bebb0a569a23995-jansi.dll
0x00007ffa91ac0000 - 0x00007ffa91d01000 	C:\WINDOWS\SYSTEM32\dbghelp.dll
0x00007ffa961a0000 - 0x00007ffa96281000 	C:\WINDOWS\System32\OLEAUT32.dll
0x00007ffa94420000 - 0x00007ffa944b9000 	C:\WINDOWS\System32\bcryptPrimitives.dll

VM Arguments:
jvm_args: -Dmaven.home=EMBEDDED -Dclassworlds.conf=C:\Users\Dorian\eclipse-workspace\.metadata\.plugins\org.eclipse.m2e.launching\launches\m2conf14374163063693924902.tmp -Dmaven.multiModuleProjectDirectory=C:\Users\Dorian\eclipse-workspace\ATLdeliveryNote -Dm2e.build.project.data.socket.port=63601 -Dfile.encoding=UTF-8 -Dstdout.encoding=UTF-8 -Dstderr.encoding=UTF-8 
java_command: org.codehaus.plexus.classworlds.launcher.Launcher -B -Dstyle.color=always clean
java_class_path (initial): C:\Users\Dorian\.p2\pool\plugins\org.eclipse.m2e.maven.runtime_3.9.900.20240824-1409\jars\plexus-classworlds-2.8.0.jar
Launcher Type: SUN_STANDARD

Environment Variables:
JAVA_HOME=C:\Program Files\Java\jdk-1.8
PATH=C:/Users/Dorian/.p2/pool/plugins/org.eclipse.justj.openjdk.hotspot.jre.full.win32.x86_64_23.0.2.v20250131-0604/jre/bin/server;C:/Users/Dorian/.p2/pool/plugins/org.eclipse.justj.openjdk.hotspot.jre.full.win32.x86_64_23.0.2.v20250131-0604/jre/bin;C:\Program Files (x86)\Common Files\Oracle\Java\java8path;C:\Program Files (x86)\Common Files\Oracle\Java\javapath;C:\WINDOWS\system32;C:\WINDOWS;C:\WINDOWS\System32\Wbem;C:\WINDOWS\System32\WindowsPowerShell\v1.0\;C:\WINDOWS\System32\OpenSSH\;C:\Program Files\Microsoft SQL Server\Client SDK\ODBC\170\Tools\Binn\;C:\Program Files (x86)\Microsoft SQL Server\150\Tools\Binn\;C:\Program Files\Microsoft SQL Server\150\Tools\Binn\;C:\Program Files\Microsoft SQL Server\150\DTS\Binn\;C:\Program Files\Azure Data Studio\bin;C:\Program Files\Microsoft SQL Server\120\Tools\Binn\;C:\Program Files\Microsoft SQL Server\130\Tools\Binn\;C:\Program Files (x86)\QuickTime\QTSystem\;C:\Program Files\Git\cmd;C:\Users\Dorian\AppData\Local\Microsoft\WindowsApps;C:\Users\Dorian\AppData\Local\Programs\Microsoft VS Code\bin;C:\Program Files\Azure Data Studio\bin;C:\Program Files\MySQL\MySQL Server 5.7\bin;C:\Program Files\apache-maven-3.9.9\bin;C:\Program Files\Java\jdk-1.8\bin;;D:\IntelliJ IDEA Community Edition 2025.1.1.1\bin;;C:\Users\Dorian\Desktop;
USERNAME=Dorian
OS=Windows_NT
PROCESSOR_IDENTIFIER=Intel64 Family 6 Model 142 Stepping 10, GenuineIntel



---------------  S Y S T E M  ---------------

OS: Windows 11 , 64 bit Build 26100 (10.0.26100.4202)

CPU:total 8 (initial active 8) (4 cores per cpu, 2 threads per core) family 6 model 142 stepping 10, cmov, cx8, fxsr, mmx, sse, sse2, sse3, ssse3, sse4.1, sse4.2, popcnt, avx, avx2, aes, clmul, erms, 3dnowpref, lzcnt, ht, tsc, tscinvbit, bmi1, bmi2, adx

Memory: 4k page, physical 7736536k(1082124k free), swap 11930840k(53324k free)

vm_info: Java HotSpot(TM) 64-Bit Server VM (25.431-b10) for windows-amd64 JRE (1.8.0_431-b10), built on Sep 30 2024 08:11:54 by "java_re" with MS VC++ 17.6 (VS2022)

time: Fri Jun 13 12:53:22 2025
timezone: E. Africa Standard Time
elapsed time: 4.680708 seconds (0d 0h 0m 4s)

