#
# There is insufficient memory for the Java Runtime Environment to continue.
# Native memory allocation (malloc) failed to allocate 2610256 bytes for Chunk::new
# Possible reasons:
#   The system is out of physical RAM or swap space
#   The process is running with CompressedOops enabled, and the Java Heap may be blocking the growth of the native heap
# Possible solutions:
#   Reduce memory load on the system
#   Increase physical memory or swap space
#   Check if swap backing store is full
#   Decrease Java heap size (-Xmx/-Xms)
#   Decrease number of Java threads
#   Decrease Java thread stack sizes (-Xss)
#   Set larger code cache with -XX:ReservedCodeCacheSize=
#   JVM is running with Unscaled Compressed Oops mode in which the Java heap is
#     placed in the first 4GB address space. The Java Heap base address is the
#     maximum limit for the native heap growth. Please use -XX:HeapBaseMinAddress
#     to set the Java Heap base and to place the Java Heap above 4GB virtual address.
# This output file may be truncated or incomplete.
#
#  Out of Memory Error (allocation.cpp:389), pid=13296, tid=0x00000000000013f4
#
# JRE version: Java(TM) SE Runtime Environment (8.0_431) (build 1.8.0_431-b10)
# Java VM: Java HotSpot(TM) 64-Bit Server VM (25.431-b10 mixed mode windows-amd64 compressed oops)
# Failed to write core dump. Minidumps are not enabled by default on client versions of Windows
#

---------------  T H R E A D  ---------------

Current thread (0x000002f113f59800):  JavaThread "C2 CompilerThread2" daemon [_thread_in_native, id=5108, stack(0x000000f59d400000,0x000000f59d500000)]

Stack: [0x000000f59d400000,0x000000f59d500000]
Native frames: (J=compiled Java code, j=interpreted, Vv=VM code, C=native code)
V  [jvm.dll+0x34ba89]
V  [jvm.dll+0x288e12]
V  [jvm.dll+0x2899e0]
V  [jvm.dll+0x27dc65]
V  [jvm.dll+0xd9d8c]
V  [jvm.dll+0xda71c]
V  [jvm.dll+0x49526d]
V  [jvm.dll+0x458855]
V  [jvm.dll+0x461b0f]
V  [jvm.dll+0x460f02]
V  [jvm.dll+0x44abac]
V  [jvm.dll+0xaf385]
V  [jvm.dll+0xada9f]
V  [jvm.dll+0x24e539]
V  [jvm.dll+0x2a595c]
C  [ucrtbase.dll+0x37b0]
C  [KERNEL32.DLL+0x2e8d7]
C  [ntdll.dll+0x3c34c]


Current CompileTask:
C2:   5109 1906       4       java.net.URLClassLoader$1::run (5 bytes)


---------------  P R O C E S S  ---------------

Java Threads: ( => current thread )
  0x000002f115330800 JavaThread "Service Thread" daemon [_thread_blocked, id=18920, stack(0x000000f59d600000,0x000000f59d700000)]
  0x000002f113f5c000 JavaThread "C1 CompilerThread3" daemon [_thread_blocked, id=21604, stack(0x000000f59d500000,0x000000f59d600000)]
=>0x000002f113f59800 JavaThread "C2 CompilerThread2" daemon [_thread_in_native, id=5108, stack(0x000000f59d400000,0x000000f59d500000)]
  0x000002f113f4d000 JavaThread "C2 CompilerThread1" daemon [_thread_blocked, id=4868, stack(0x000000f59d300000,0x000000f59d400000)]
  0x000002f113f47000 JavaThread "C2 CompilerThread0" daemon [_thread_blocked, id=12524, stack(0x000000f59d200000,0x000000f59d300000)]
  0x000002f113f45800 JavaThread "Attach Listener" daemon [_thread_blocked, id=5028, stack(0x000000f59d100000,0x000000f59d200000)]
  0x000002f113f44800 JavaThread "Signal Dispatcher" daemon [_thread_blocked, id=13876, stack(0x000000f59d000000,0x000000f59d100000)]
  0x000002f113f1b000 JavaThread "Finalizer" daemon [_thread_blocked, id=14704, stack(0x000000f59cf00000,0x000000f59d000000)]
  0x000002f113f0b800 JavaThread "Reference Handler" daemon [_thread_blocked, id=11768, stack(0x000000f59ce00000,0x000000f59cf00000)]
  0x000002f17d68b000 JavaThread "main" [_thread_in_vm, id=20844, stack(0x000000f59c400000,0x000000f59c500000)]

Other Threads:
  0x000002f113ee1800 VMThread [stack: 0x000000f59cd00000,0x000000f59ce00000] [id=17864]
  0x000002f113fbe800 WatcherThread [stack: 0x000000f59d700000,0x000000f59d800000] [id=23440]

VM state:not at safepoint (normal execution)

VM Mutex/Monitor currently owned by a thread: None

heap address: 0x0000000089e00000, size: 1890 MB, Compressed Oops mode: 32-bit
Narrow klass base: 0x0000000000000000, Narrow klass shift: 3
Compressed class space size: 1073741824 Address: 0x0000000100000000

Heap:
 PSYoungGen      total 35840K, used 19872K [0x00000000d8a00000, 0x00000000dd000000, 0x0000000100000000)
  eden space 30720K, 48% used [0x00000000d8a00000,0x00000000d986c170,0x00000000da800000)
  from space 5120K, 99% used [0x00000000da800000,0x00000000dacfc098,0x00000000dad00000)
  to   space 5120K, 0% used [0x00000000dcb00000,0x00000000dcb00000,0x00000000dd000000)
 ParOldGen       total 81920K, used 4903K [0x0000000089e00000, 0x000000008ee00000, 0x00000000d8a00000)
  object space 81920K, 5% used [0x0000000089e00000,0x000000008a2c9f88,0x000000008ee00000)
 Metaspace       used 18887K, capacity 19416K, committed 19584K, reserved 1067008K
  class space    used 2398K, capacity 2578K, committed 2688K, reserved 1048576K

Card table byte_map: [0x000002f17f430000,0x000002f17f7f0000] byte_map_base: 0x000002f17efe1000

Marking Bits: (ParMarkBitMap*) 0x00007ffd64830200
 Begin Bits: [0x000002f10f000000, 0x000002f110d88000)
 End Bits:   [0x000002f110d88000, 0x000002f112b10000)

Polling page: 0x000002f17d890000

CodeCache: size=245760Kb used=7239Kb max_used=7239Kb free=238520Kb
 bounds [0x000002f100000000, 0x000002f100720000, 0x000002f10f000000]
 total_blobs=2618 nmethods=2227 adapters=302
 compilation: enabled

Compilation events (10 events):
Event: 3.024 Thread 0x000002f113f5c000 2192       3       java.lang.Class$MethodArray::addIfNotPresent (47 bytes)
Event: 3.024 Thread 0x000002f113f5c000 nmethod 2192 0x000002f100704950 code [0x000002f100704ae0, 0x000002f100704ee0]
Event: 3.024 Thread 0x000002f113f47000 2193       4       java.lang.reflect.Method::equals (69 bytes)
Event: 3.024 Thread 0x000002f113f5c000 2194       3       java.lang.String::replace (127 bytes)
Event: 3.025 Thread 0x000002f113f4d000 2195       4       java.lang.String::indexOf (25 bytes)
Event: 4.025 Thread 0x000002f113f5c000 nmethod 2194 0x000002f100705090 code [0x000002f100705240, 0x000002f1007058f8]
Event: 4.025 Thread 0x000002f113f47000 nmethod 2193 0x000002f100708990 code [0x000002f100708ae0, 0x000002f100708be8]
Event: 4.026 Thread 0x000002f113f4d000 nmethod 2195 0x000002f100708d10 code [0x000002f100708e60, 0x000002f100708f28]
Event: 4.028 Thread 0x000002f113f5c000 2197       1       org.eclipse.aether.repository.RemoteRepository::getId (5 bytes)
Event: 4.028 Thread 0x000002f113f5c000 nmethod 2197 0x000002f1007086d0 code [0x000002f100708820, 0x000002f100708938]

GC Heap History (6 events):
Event: 0.859 GC heap before
{Heap before GC invocations=1 (full 0):
 PSYoungGen      total 35840K, used 30720K [0x00000000d8a00000, 0x00000000db200000, 0x0000000100000000)
  eden space 30720K, 100% used [0x00000000d8a00000,0x00000000da800000,0x00000000da800000)
  from space 5120K, 0% used [0x00000000dad00000,0x00000000dad00000,0x00000000db200000)
  to   space 5120K, 0% used [0x00000000da800000,0x00000000da800000,0x00000000dad00000)
 ParOldGen       total 81920K, used 0K [0x0000000089e00000, 0x000000008ee00000, 0x00000000d8a00000)
  object space 81920K, 0% used [0x0000000089e00000,0x0000000089e00000,0x000000008ee00000)
 Metaspace       used 10171K, capacity 10478K, committed 10624K, reserved 1058816K
  class space    used 1260K, capacity 1369K, committed 1408K, reserved 1048576K
Event: 0.866 GC heap after
Heap after GC invocations=1 (full 0):
 PSYoungGen      total 35840K, used 5109K [0x00000000d8a00000, 0x00000000db200000, 0x0000000100000000)
  eden space 30720K, 0% used [0x00000000d8a00000,0x00000000d8a00000,0x00000000da800000)
  from space 5120K, 99% used [0x00000000da800000,0x00000000dacfd638,0x00000000dad00000)
  to   space 5120K, 0% used [0x00000000dad00000,0x00000000dad00000,0x00000000db200000)
 ParOldGen       total 81920K, used 542K [0x0000000089e00000, 0x000000008ee00000, 0x00000000d8a00000)
  object space 81920K, 0% used [0x0000000089e00000,0x0000000089e87ab8,0x000000008ee00000)
 Metaspace       used 10171K, capacity 10478K, committed 10624K, reserved 1058816K
  class space    used 1260K, capacity 1369K, committed 1408K, reserved 1048576K
}
Event: 1.191 GC heap before
{Heap before GC invocations=2 (full 0):
 PSYoungGen      total 35840K, used 35829K [0x00000000d8a00000, 0x00000000db200000, 0x0000000100000000)
  eden space 30720K, 100% used [0x00000000d8a00000,0x00000000da800000,0x00000000da800000)
  from space 5120K, 99% used [0x00000000da800000,0x00000000dacfd638,0x00000000dad00000)
  to   space 5120K, 0% used [0x00000000dad00000,0x00000000dad00000,0x00000000db200000)
 ParOldGen       total 81920K, used 542K [0x0000000089e00000, 0x000000008ee00000, 0x00000000d8a00000)
  object space 81920K, 0% used [0x0000000089e00000,0x0000000089e87ab8,0x000000008ee00000)
 Metaspace       used 12484K, capacity 12758K, committed 13056K, reserved 1060864K
  class space    used 1546K, capacity 1668K, committed 1792K, reserved 1048576K
Event: 1.197 GC heap after
Heap after GC invocations=2 (full 0):
 PSYoungGen      total 35840K, used 5088K [0x00000000d8a00000, 0x00000000dd000000, 0x0000000100000000)
  eden space 30720K, 0% used [0x00000000d8a00000,0x00000000d8a00000,0x00000000da800000)
  from space 5120K, 99% used [0x00000000dad00000,0x00000000db1f8330,0x00000000db200000)
  to   space 5120K, 0% used [0x00000000da800000,0x00000000da800000,0x00000000dad00000)
 ParOldGen       total 81920K, used 2030K [0x0000000089e00000, 0x000000008ee00000, 0x00000000d8a00000)
  object space 81920K, 2% used [0x0000000089e00000,0x0000000089ffb838,0x000000008ee00000)
 Metaspace       used 12484K, capacity 12758K, committed 13056K, reserved 1060864K
  class space    used 1546K, capacity 1668K, committed 1792K, reserved 1048576K
}
Event: 1.652 GC heap before
{Heap before GC invocations=3 (full 0):
 PSYoungGen      total 35840K, used 35808K [0x00000000d8a00000, 0x00000000dd000000, 0x0000000100000000)
  eden space 30720K, 100% used [0x00000000d8a00000,0x00000000da800000,0x00000000da800000)
  from space 5120K, 99% used [0x00000000dad00000,0x00000000db1f8330,0x00000000db200000)
  to   space 5120K, 0% used [0x00000000da800000,0x00000000da800000,0x00000000dad00000)
 ParOldGen       total 81920K, used 2030K [0x0000000089e00000, 0x000000008ee00000, 0x00000000d8a00000)
  object space 81920K, 2% used [0x0000000089e00000,0x0000000089ffb838,0x000000008ee00000)
 Metaspace       used 16383K, capacity 16768K, committed 16896K, reserved 1064960K
  class space    used 2083K, capacity 2242K, committed 2304K, reserved 1048576K
Event: 1.658 GC heap after
Heap after GC invocations=3 (full 0):
 PSYoungGen      total 35840K, used 5104K [0x00000000d8a00000, 0x00000000dd000000, 0x0000000100000000)
  eden space 30720K, 0% used [0x00000000d8a00000,0x00000000d8a00000,0x00000000da800000)
  from space 5120K, 99% used [0x00000000da800000,0x00000000dacfc098,0x00000000dad00000)
  to   space 5120K, 0% used [0x00000000dcb00000,0x00000000dcb00000,0x00000000dd000000)
 ParOldGen       total 81920K, used 4903K [0x0000000089e00000, 0x000000008ee00000, 0x00000000d8a00000)
  object space 81920K, 5% used [0x0000000089e00000,0x000000008a2c9f88,0x000000008ee00000)
 Metaspace       used 16383K, capacity 16768K, committed 16896K, reserved 1064960K
  class space    used 2083K, capacity 2242K, committed 2304K, reserved 1048576K
}

Deoptimization events (10 events):
Event: 1.573 Thread 0x000002f17d68b000 Uncommon trap: reason=array_check action=maybe_recompile pc=0x000002f100541b0c method=java.util.stream.Nodes$FixedNodeBuilder.accept(Ljava/lang/Object;)V @ 28
Event: 1.665 Thread 0x000002f17d68b000 Uncommon trap: reason=bimorphic action=maybe_recompile pc=0x000002f10041954c method=java.util.HashMap.putVal(ILjava/lang/Object;Ljava/lang/Object;ZZ)Ljava/lang/Object; @ 203
Event: 1.665 Thread 0x000002f17d68b000 Uncommon trap: reason=bimorphic action=maybe_recompile pc=0x000002f10041954c method=java.util.HashMap.putVal(ILjava/lang/Object;Ljava/lang/Object;ZZ)Ljava/lang/Object; @ 203
Event: 1.665 Thread 0x000002f17d68b000 Uncommon trap: reason=bimorphic action=maybe_recompile pc=0x000002f10041954c method=java.util.HashMap.putVal(ILjava/lang/Object;Ljava/lang/Object;ZZ)Ljava/lang/Object; @ 203
Event: 1.665 Thread 0x000002f17d68b000 Uncommon trap: reason=bimorphic action=maybe_recompile pc=0x000002f10041954c method=java.util.HashMap.putVal(ILjava/lang/Object;Ljava/lang/Object;ZZ)Ljava/lang/Object; @ 203
Event: 1.665 Thread 0x000002f17d68b000 Uncommon trap: reason=bimorphic action=maybe_recompile pc=0x000002f100420118 method=java.util.HashMap.putVal(ILjava/lang/Object;Ljava/lang/Object;ZZ)Ljava/lang/Object; @ 203
Event: 1.841 Thread 0x000002f17d68b000 Uncommon trap: reason=unstable_if action=reinterpret pc=0x000002f100690f24 method=org.eclipse.sisu.inject.InjectorBindings.isAssignableFrom(Lcom/google/inject/TypeLiteral;Lcom/google/inject/Binding;)Z @ 15
Event: 1.862 Thread 0x000002f17d68b000 Uncommon trap: reason=unstable_if action=reinterpret pc=0x000002f100346850 method=sun.nio.cs.StreamDecoder.implRead([CII)I @ 36
Event: 1.863 Thread 0x000002f17d68b000 Uncommon trap: reason=unloaded action=reinterpret pc=0x000002f10032d394 method=org.codehaus.plexus.util.xml.pull.MXParser.more()C @ 22
Event: 3.024 Thread 0x000002f17d68b000 Uncommon trap: reason=unstable_if action=reinterpret pc=0x000002f10018dc24 method=java.lang.String.replace(CC)Ljava/lang/String; @ 2

Classes redefined (0 events):
No events

Internal exceptions (10 events):
Event: 0.529 Thread 0x000002f17d68b000 Exception <a 'java/lang/NullPointerException'> (0x00000000d9342d60) thrown at [C:\jenkins\workspace\8-2-build-windows-x64-cygwin-sans-NAS\jdk8u431\1359\hotspot\src\share\vm\interpreter\linkResolver.cpp, line 1185]
Event: 0.562 Thread 0x000002f17d68b000 Exception <a 'java/lang/NoSuchMethodError': java.lang.Object.lambda$identity$2(Ljava/lang/Object;)Ljava/lang/Object;> (0x00000000d9485fa8) thrown at [C:\jenkins\workspace\8-2-build-windows-x64-cygwin-sans-NAS\jdk8u431\1359\hotspot\src\share\vm\interpreter
Event: 0.567 Thread 0x000002f17d68b000 Exception <a 'java/lang/NoSuchMethodError': java.lang.Object.lambda$andThen$1(Ljava/util/function/Function;Ljava/lang/Object;)Ljava/lang/Object;> (0x00000000d94a9818) thrown at [C:\jenkins\workspace\8-2-build-windows-x64-cygwin-sans-NAS\jdk8u431\1359\hots
Event: 0.757 Thread 0x000002f17d68b000 Exception <a 'java/lang/NoSuchMethodError': java.lang.Object.lambda$comparing$77a9974f$1(Ljava/util/function/Function;Ljava/lang/Object;Ljava/lang/Object;)I> (0x00000000da03b960) thrown at [C:\jenkins\workspace\8-2-build-windows-x64-cygwin-sans-NAS\jdk8u4
Event: 0.759 Thread 0x000002f17d68b000 Exception <a 'java/lang/NoSuchMethodError': java.lang.Object.lambda$comparing$ea9a8b3a$1(Ljava/util/Comparator;Ljava/util/function/Function;Ljava/lang/Object;Ljava/lang/Object;)I> (0x00000000da051348) thrown at [C:\jenkins\workspace\8-2-build-windows-x64-
Event: 0.759 Thread 0x000002f17d68b000 Exception <a 'java/lang/NoSuchMethodError': java.lang.Object.lambda$thenComparing$36697e65$1(Ljava/util/Comparator;Ljava/lang/Object;Ljava/lang/Object;)I> (0x00000000da0591a8) thrown at [C:\jenkins\workspace\8-2-build-windows-x64-cygwin-sans-NAS\jdk8u431\
Event: 0.822 Thread 0x000002f17d68b000 Exception <a 'java/lang/NoClassDefFoundError': javax/enterprise/inject/Typed> (0x00000000da4d1430) thrown at [C:\jenkins\workspace\8-2-build-windows-x64-cygwin-sans-NAS\jdk8u431\1359\hotspot\src\share\vm\classfile\systemDictionary.cpp, line 202]
Event: 1.501 Thread 0x000002f17d68b000 Implicit null exception at 0x000002f1003aab0c to 0x000002f1003aacd1
Event: 1.692 Thread 0x000002f17d68b000 Exception <a 'java/lang/NoClassDefFoundError': com/google/inject/servlet/ServletModuleTargetVisitor> (0x00000000d8cceec0) thrown at [C:\jenkins\workspace\8-2-build-windows-x64-cygwin-sans-NAS\jdk8u431\1359\hotspot\src\share\vm\classfile\systemDictionary.c
Event: 1.692 Thread 0x000002f17d68b000 Exception <a 'java/lang/NoClassDefFoundError'> (0x00000000d8cceec0) thrown at [C:\jenkins\workspace\8-2-build-windows-x64-cygwin-sans-NAS\jdk8u431\1359\hotspot\src\share\vm\prims\jvm.cpp, line 1517]

Events (10 events):
Event: 4.027 loading class java/util/stream/IntPipeline$Head done
Event: 4.027 loading class java/util/function/IntConsumer
Event: 4.028 loading class java/util/function/IntConsumer done
Event: 4.028 loading class org/apache/maven/artifact/versioning/DefaultArtifactVersion
Event: 4.028 loading class org/apache/maven/artifact/versioning/DefaultArtifactVersion done
Event: 4.030 loading class org/apache/maven/artifact/versioning/ComparableVersion
Event: 4.030 loading class org/apache/maven/artifact/versioning/ComparableVersion done
Event: 4.030 loading class org/apache/maven/artifact/versioning/ComparableVersion$Item
Event: 4.030 loading class org/apache/maven/artifact/versioning/ComparableVersion$Item done
Event: 4.141 Executing VM operation: EnableBiasedLocking


Dynamic libraries:
0x00007ff7dfb60000 - 0x00007ff7dfbaf000 	C:\Program Files\Java\jdk-1.8\bin\javaw.exe
0x00007ffe023a0000 - 0x00007ffe02605000 	C:\WINDOWS\SYSTEM32\ntdll.dll
0x00007ffe00740000 - 0x00007ffe00809000 	C:\WINDOWS\System32\KERNEL32.DLL
0x00007ffdffd50000 - 0x00007ffe00138000 	C:\WINDOWS\System32\KERNELBASE.dll
0x00007ffe00510000 - 0x00007ffe005c3000 	C:\WINDOWS\System32\ADVAPI32.dll
0x00007ffe00270000 - 0x00007ffe00319000 	C:\WINDOWS\System32\msvcrt.dll
0x00007ffe005d0000 - 0x00007ffe00676000 	C:\WINDOWS\System32\sechost.dll
0x00007ffe00140000 - 0x00007ffe00255000 	C:\WINDOWS\System32\RPCRT4.dll
0x00007ffe00320000 - 0x00007ffe004ea000 	C:\WINDOWS\System32\USER32.dll
0x00007ffdffc60000 - 0x00007ffdffc87000 	C:\WINDOWS\System32\win32u.dll
0x00007ffe00680000 - 0x00007ffe006ab000 	C:\WINDOWS\System32\GDI32.dll
0x00007ffdff900000 - 0x00007ffdffa37000 	C:\WINDOWS\System32\gdi32full.dll
0x00007ffdff4f0000 - 0x00007ffdff593000 	C:\WINDOWS\System32\msvcp_win.dll
0x00007ffdff5a0000 - 0x00007ffdff6eb000 	C:\WINDOWS\System32\ucrtbase.dll
0x00007ffdfe680000 - 0x00007ffdfe91a000 	C:\WINDOWS\WinSxS\amd64_microsoft.windows.common-controls_6595b64144ccf1df_6.0.26100.4202_none_3e0698d4e335f517\COMCTL32.dll
0x00007ffe00e80000 - 0x00007ffe00eb0000 	C:\WINDOWS\System32\IMM32.DLL
0x00007ffdde9b0000 - 0x00007ffdde9cb000 	C:\Program Files\Java\jdk-1.8\jre\bin\vcruntime140.dll
0x00007ffde5d50000 - 0x00007ffde5d5c000 	C:\Program Files\Java\jdk-1.8\jre\bin\vcruntime140_1.dll
0x00007ffd8dd10000 - 0x00007ffd8dd9e000 	C:\Program Files\Java\jdk-1.8\jre\bin\msvcp140.dll
0x00007ffd64000000 - 0x00007ffd648aa000 	C:\Program Files\Java\jdk-1.8\jre\bin\server\jvm.dll
0x00007ffe00730000 - 0x00007ffe00738000 	C:\WINDOWS\System32\PSAPI.DLL
0x00007ffdecce0000 - 0x00007ffdecceb000 	C:\WINDOWS\SYSTEM32\VERSION.dll
0x00007ffde7db0000 - 0x00007ffde7de5000 	C:\WINDOWS\SYSTEM32\WINMM.dll
0x00007ffddf410000 - 0x00007ffddf41a000 	C:\WINDOWS\SYSTEM32\WSOCK32.dll
0x00007ffe006b0000 - 0x00007ffe00724000 	C:\WINDOWS\System32\WS2_32.dll
0x00007ffdfda80000 - 0x00007ffdfda9b000 	C:\WINDOWS\SYSTEM32\kernel.appcore.dll
0x00007ffde5340000 - 0x00007ffde5350000 	C:\Program Files\Java\jdk-1.8\jre\bin\verify.dll
0x00007ffdde920000 - 0x00007ffdde94b000 	C:\Program Files\Java\jdk-1.8\jre\bin\java.dll
0x00007ffdde970000 - 0x00007ffdde988000 	C:\Program Files\Java\jdk-1.8\jre\bin\zip.dll
0x00007ffe016d0000 - 0x00007ffe01e12000 	C:\WINDOWS\System32\SHELL32.dll
0x00007ffdff6f0000 - 0x00007ffdff864000 	C:\WINDOWS\System32\wintypes.dll
0x00007ffe01340000 - 0x00007ffe016c5000 	C:\WINDOWS\System32\combase.dll
0x00007ffdfc710000 - 0x00007ffdfcf68000 	C:\WINDOWS\SYSTEM32\windows.storage.dll
0x00007ffe00a60000 - 0x00007ffe00b51000 	C:\WINDOWS\System32\SHCORE.dll
0x00007ffe00b60000 - 0x00007ffe00bca000 	C:\WINDOWS\System32\shlwapi.dll
0x00007ffdff400000 - 0x00007ffdff42f000 	C:\WINDOWS\SYSTEM32\profapi.dll
0x00007ffdde7e0000 - 0x00007ffdde7fc000 	C:\Program Files\Java\jdk-1.8\jre\bin\net.dll
0x00007ffdfe150000 - 0x00007ffdfe1ba000 	C:\WINDOWS\system32\mswsock.dll
0x00007ffdde7c0000 - 0x00007ffdde7d3000 	C:\Program Files\Java\jdk-1.8\jre\bin\nio.dll
0x00007ffde97b0000 - 0x00007ffde97d4000 	C:\Users\Dorian\AppData\Local\Temp\jansi-2.4.1-88413f6f854d16cd-jansi.dll
0x00007ffdfede0000 - 0x00007ffdff021000 	C:\WINDOWS\SYSTEM32\dbghelp.dll
0x00007ffe00970000 - 0x00007ffe00a51000 	C:\WINDOWS\System32\OLEAUT32.dll
0x00007ffdffbc0000 - 0x00007ffdffc59000 	C:\WINDOWS\System32\bcryptPrimitives.dll

VM Arguments:
jvm_args: -Dmaven.home=EMBEDDED -Dclassworlds.conf=C:\Users\Dorian\eclipse-workspace\.metadata\.plugins\org.eclipse.m2e.launching\launches\m2conf6552359056648501855.tmp -Dmaven.multiModuleProjectDirectory=C:\Users\Dorian\eclipse-workspace\ATLdeliveryNote -Dm2e.build.project.data.socket.port=53269 -Dfile.encoding=UTF-8 -Dstdout.encoding=UTF-8 -Dstderr.encoding=UTF-8 
java_command: org.codehaus.plexus.classworlds.launcher.Launcher -B -Dstyle.color=always install
java_class_path (initial): C:\Users\Dorian\.p2\pool\plugins\org.eclipse.m2e.maven.runtime_3.9.900.20240824-1409\jars\plexus-classworlds-2.8.0.jar
Launcher Type: SUN_STANDARD

Environment Variables:
JAVA_HOME=C:\Program Files\Java\jdk-1.8
PATH=C:/Users/Dorian/.p2/pool/plugins/org.eclipse.justj.openjdk.hotspot.jre.full.win32.x86_64_23.0.2.v20250131-0604/jre/bin/server;C:/Users/Dorian/.p2/pool/plugins/org.eclipse.justj.openjdk.hotspot.jre.full.win32.x86_64_23.0.2.v20250131-0604/jre/bin;C:\Program Files (x86)\Common Files\Oracle\Java\java8path;C:\Program Files (x86)\Common Files\Oracle\Java\javapath;C:\WINDOWS\system32;C:\WINDOWS;C:\WINDOWS\System32\Wbem;C:\WINDOWS\System32\WindowsPowerShell\v1.0\;C:\WINDOWS\System32\OpenSSH\;C:\Program Files\Microsoft SQL Server\Client SDK\ODBC\170\Tools\Binn\;C:\Program Files (x86)\Microsoft SQL Server\150\Tools\Binn\;C:\Program Files\Microsoft SQL Server\150\Tools\Binn\;C:\Program Files\Microsoft SQL Server\150\DTS\Binn\;C:\Program Files\Azure Data Studio\bin;C:\Program Files\Microsoft SQL Server\120\Tools\Binn\;C:\Program Files\Microsoft SQL Server\130\Tools\Binn\;C:\Program Files (x86)\QuickTime\QTSystem\;C:\Program Files\Git\cmd;C:\Users\Dorian\AppData\Local\Microsoft\WindowsApps;C:\Users\Dorian\AppData\Local\Programs\Microsoft VS Code\bin;C:\Program Files\Azure Data Studio\bin;C:\Program Files\MySQL\MySQL Server 5.7\bin;C:\Program Files\apache-maven-3.9.9\bin;C:\Program Files\Java\jdk-1.8\bin;;D:\IntelliJ IDEA Community Edition 2025.1.1.1\bin;;C:\Users\Dorian\Desktop;
USERNAME=Dorian
OS=Windows_NT
PROCESSOR_IDENTIFIER=Intel64 Family 6 Model 142 Stepping 10, GenuineIntel



---------------  S Y S T E M  ---------------

OS: Windows 11 , 64 bit Build 26100 (10.0.26100.4202)

CPU:total 8 (initial active 8) (4 cores per cpu, 2 threads per core) family 6 model 142 stepping 10, cmov, cx8, fxsr, mmx, sse, sse2, sse3, ssse3, sse4.1, sse4.2, popcnt, avx, avx2, aes, clmul, erms, 3dnowpref, lzcnt, ht, tsc, tscinvbit, bmi1, bmi2, adx

Memory: 4k page, physical 7736536k(512508k free), swap 11930840k(3452k free)

vm_info: Java HotSpot(TM) 64-Bit Server VM (25.431-b10) for windows-amd64 JRE (1.8.0_431-b10), built on Sep 30 2024 08:11:54 by "java_re" with MS VC++ 17.6 (VS2022)

time: Fri Jun 20 12:51:42 2025
timezone: E. Africa Standard Time
elapsed time: 5.116461 seconds (0d 0h 0m 5s)

